<?xml version="1.0" encoding="UTF-8"?>
<testsuite xmlns:xsi="http://www.w3.org/2001/XMLSchema-instance" xsi:noNamespaceSchemaLocation="https://maven.apache.org/surefire/maven-surefire-plugin/xsd/surefire-test-report.xsd" name="TestSuite" time="224.028" tests="5" errors="0" skipped="0" failures="4">
  <properties>
    <property name="gopherProxySet" value="false"/>
    <property name="awt.toolkit" value="sun.lwawt.macosx.LWCToolkit"/>
    <property name="java.specification.version" value="11"/>
    <property name="sun.cpu.isalist" value=""/>
    <property name="sun.jnu.encoding" value="UTF-8"/>
    <property name="java.class.path" value="/Users/dori/Downloads/zoobaAutomation-master/target/test-classes:/Users/dori/Downloads/zoobaAutomation-master/target/classes:/Users/dori/.m2/repository/io/appium/java-client/8.5.0/java-client-8.5.0.jar:/Users/dori/.m2/repository/org/seleniumhq/selenium/selenium-api/4.13.0/selenium-api-4.13.0.jar:/Users/dori/.m2/repository/org/seleniumhq/selenium/selenium-remote-driver/4.13.0/selenium-remote-driver-4.13.0.jar:/Users/dori/.m2/repository/io/netty/netty-buffer/4.1.96.Final/netty-buffer-4.1.96.Final.jar:/Users/dori/.m2/repository/io/netty/netty-codec-http/4.1.96.Final/netty-codec-http-4.1.96.Final.jar:/Users/dori/.m2/repository/io/netty/netty-codec/4.1.96.Final/netty-codec-4.1.96.Final.jar:/Users/dori/.m2/repository/io/netty/netty-handler/4.1.96.Final/netty-handler-4.1.96.Final.jar:/Users/dori/.m2/repository/io/netty/netty-common/4.1.96.Final/netty-common-4.1.96.Final.jar:/Users/dori/.m2/repository/io/netty/netty-transport-classes-epoll/4.1.96.Final/netty-transport-classes-epoll-4.1.96.Final.jar:/Users/dori/.m2/repository/io/netty/netty-transport-classes-kqueue/4.1.96.Final/netty-transport-classes-kqueue-4.1.96.Final.jar:/Users/dori/.m2/repository/io/netty/netty-transport-native-epoll/4.1.96.Final/netty-transport-native-epoll-4.1.96.Final.jar:/Users/dori/.m2/repository/io/netty/netty-transport-native-kqueue/4.1.96.Final/netty-transport-native-kqueue-4.1.96.Final.jar:/Users/dori/.m2/repository/io/netty/netty-transport-native-unix-common/4.1.96.Final/netty-transport-native-unix-common-4.1.96.Final.jar:/Users/dori/.m2/repository/io/netty/netty-transport/4.1.96.Final/netty-transport-4.1.96.Final.jar:/Users/dori/.m2/repository/io/netty/netty-resolver/4.1.96.Final/netty-resolver-4.1.96.Final.jar:/Users/dori/.m2/repository/io/opentelemetry/opentelemetry-api/1.28.0/opentelemetry-api-1.28.0.jar:/Users/dori/.m2/repository/io/opentelemetry/opentelemetry-context/1.28.0/opentelemetry-context-1.28.0.jar:/Users/dori/.m2/repository/io/opentelemetry/opentelemetry-exporter-logging/1.28.0/opentelemetry-exporter-logging-1.28.0.jar:/Users/dori/.m2/repository/io/opentelemetry/opentelemetry-sdk-metrics/1.28.0/opentelemetry-sdk-metrics-1.28.0.jar:/Users/dori/.m2/repository/io/opentelemetry/opentelemetry-extension-incubator/1.28.0-alpha/opentelemetry-extension-incubator-1.28.0-alpha.jar:/Users/dori/.m2/repository/io/opentelemetry/opentelemetry-sdk-logs/1.28.0/opentelemetry-sdk-logs-1.28.0.jar:/Users/dori/.m2/repository/io/opentelemetry/opentelemetry-sdk-common/1.28.0/opentelemetry-sdk-common-1.28.0.jar:/Users/dori/.m2/repository/io/opentelemetry/opentelemetry-sdk-extension-autoconfigure-spi/1.28.0/opentelemetry-sdk-extension-autoconfigure-spi-1.28.0.jar:/Users/dori/.m2/repository/io/opentelemetry/opentelemetry-sdk-extension-autoconfigure/1.28.0/opentelemetry-sdk-extension-autoconfigure-1.28.0.jar:/Users/dori/.m2/repository/io/opentelemetry/opentelemetry-api-events/1.28.0-alpha/opentelemetry-api-events-1.28.0-alpha.jar:/Users/dori/.m2/repository/io/opentelemetry/opentelemetry-sdk-trace/1.28.0/opentelemetry-sdk-trace-1.28.0.jar:/Users/dori/.m2/repository/io/opentelemetry/opentelemetry-sdk/1.28.0/opentelemetry-sdk-1.28.0.jar:/Users/dori/.m2/repository/io/opentelemetry/opentelemetry-semconv/1.28.0-alpha/opentelemetry-semconv-1.28.0-alpha.jar:/Users/dori/.m2/repository/org/asynchttpclient/async-http-client/2.12.3/async-http-client-2.12.3.jar:/Users/dori/.m2/repository/org/asynchttpclient/async-http-client-netty-utils/2.12.3/async-http-client-netty-utils-2.12.3.jar:/Users/dori/.m2/repository/io/netty/netty-codec-socks/4.1.60.Final/netty-codec-socks-4.1.60.Final.jar:/Users/dori/.m2/repository/io/netty/netty-handler-proxy/4.1.60.Final/netty-handler-proxy-4.1.60.Final.jar:/Users/dori/.m2/repository/io/netty/netty-transport-native-epoll/4.1.60.Final/netty-transport-native-epoll-4.1.60.Final-linux-x86_64.jar:/Users/dori/.m2/repository/io/netty/netty-transport-native-kqueue/4.1.60.Final/netty-transport-native-kqueue-4.1.60.Final-osx-x86_64.jar:/Users/dori/.m2/repository/org/reactivestreams/reactive-streams/1.0.3/reactive-streams-1.0.3.jar:/Users/dori/.m2/repository/com/typesafe/netty/netty-reactive-streams/2.0.4/netty-reactive-streams-2.0.4.jar:/Users/dori/.m2/repository/com/sun/activation/jakarta.activation/1.2.2/jakarta.activation-1.2.2.jar:/Users/dori/.m2/repository/org/seleniumhq/selenium/selenium-http/4.13.0/selenium-http-4.13.0.jar:/Users/dori/.m2/repository/dev/failsafe/failsafe/3.3.2/failsafe-3.3.2.jar:/Users/dori/.m2/repository/org/seleniumhq/selenium/selenium-manager/4.13.0/selenium-manager-4.13.0.jar:/Users/dori/.m2/repository/org/seleniumhq/selenium/selenium-os/4.13.0/selenium-os-4.13.0.jar:/Users/dori/.m2/repository/org/apache/commons/commons-exec/1.3/commons-exec-1.3.jar:/Users/dori/.m2/repository/com/google/code/gson/gson/2.10.1/gson-2.10.1.jar:/Users/dori/.m2/repository/cglib/cglib/3.3.0/cglib-3.3.0.jar:/Users/dori/.m2/repository/org/ow2/asm/asm/7.1/asm-7.1.jar:/Users/dori/.m2/repository/commons-validator/commons-validator/1.7/commons-validator-1.7.jar:/Users/dori/.m2/repository/commons-beanutils/commons-beanutils/1.9.4/commons-beanutils-1.9.4.jar:/Users/dori/.m2/repository/commons-digester/commons-digester/2.1/commons-digester-2.1.jar:/Users/dori/.m2/repository/commons-logging/commons-logging/1.2/commons-logging-1.2.jar:/Users/dori/.m2/repository/commons-collections/commons-collections/3.2.2/commons-collections-3.2.2.jar:/Users/dori/.m2/repository/org/apache/commons/commons-lang3/3.12.0/commons-lang3-3.12.0.jar:/Users/dori/.m2/repository/org/slf4j/slf4j-api/2.0.7/slf4j-api-2.0.7.jar:/Users/dori/.m2/repository/org/testng/testng/7.7.0/testng-7.7.0.jar:/Users/dori/.m2/repository/com/beust/jcommander/1.82/jcommander-1.82.jar:/Users/dori/.m2/repository/org/webjars/jquery/3.6.1/jquery-3.6.1.jar:/Users/dori/.m2/repository/org/seleniumhq/selenium/selenium-support/4.9.1/selenium-support-4.9.1.jar:/Users/dori/.m2/repository/com/google/auto/service/auto-service-annotations/1.0.1/auto-service-annotations-1.0.1.jar:/Users/dori/.m2/repository/com/google/auto/service/auto-service/1.0.1/auto-service-1.0.1.jar:/Users/dori/.m2/repository/com/google/auto/auto-common/1.2/auto-common-1.2.jar:/Users/dori/.m2/repository/com/google/guava/guava/31.1-jre/guava-31.1-jre.jar:/Users/dori/.m2/repository/com/google/guava/failureaccess/1.0.1/failureaccess-1.0.1.jar:/Users/dori/.m2/repository/com/google/guava/listenablefuture/9999.0-empty-to-avoid-conflict-with-guava/listenablefuture-9999.0-empty-to-avoid-conflict-with-guava.jar:/Users/dori/.m2/repository/com/google/code/findbugs/jsr305/3.0.2/jsr305-3.0.2.jar:/Users/dori/.m2/repository/org/checkerframework/checker-qual/3.12.0/checker-qual-3.12.0.jar:/Users/dori/.m2/repository/com/google/errorprone/error_prone_annotations/2.11.0/error_prone_annotations-2.11.0.jar:/Users/dori/.m2/repository/com/google/j2objc/j2objc-annotations/1.3/j2objc-annotations-1.3.jar:/Users/dori/.m2/repository/net/bytebuddy/byte-buddy/1.14.4/byte-buddy-1.14.4.jar:/Users/dori/.m2/repository/org/seleniumhq/selenium/selenium-json/4.9.1/selenium-json-4.9.1.jar:/Users/dori/.m2/repository/com/fasterxml/jackson/core/jackson-databind/2.14.1/jackson-databind-2.14.1.jar:/Users/dori/.m2/repository/com/fasterxml/jackson/core/jackson-annotations/2.14.1/jackson-annotations-2.14.1.jar:/Users/dori/.m2/repository/com/fasterxml/jackson/core/jackson-core/2.14.1/jackson-core-2.14.1.jar:/Users/dori/.m2/repository/commons-io/commons-io/2.11.0/commons-io-2.11.0.jar:/Users/dori/.m2/repository/com/aventstack/extentreports/4.1.3/extentreports-4.1.3.jar:/Users/dori/.m2/repository/org/freemarker/freemarker/2.3.29/freemarker-2.3.29.jar:/Users/dori/.m2/repository/org/apache/httpcomponents/httpclient/4.5.2/httpclient-4.5.2.jar:/Users/dori/.m2/repository/org/apache/httpcomponents/httpcore/4.4.4/httpcore-4.4.4.jar:/Users/dori/.m2/repository/commons-codec/commons-codec/1.9/commons-codec-1.9.jar:/Users/dori/.m2/repository/org/apache/httpcomponents/httpmime/4.5.2/httpmime-4.5.2.jar:/Users/dori/.m2/repository/org/mongodb/mongodb-driver/3.12.0/mongodb-driver-3.12.0.jar:/Users/dori/.m2/repository/org/mongodb/mongodb-driver-core/3.12.0/mongodb-driver-core-3.12.0.jar:/Users/dori/.m2/repository/org/mongodb/bson/3.12.0/bson-3.12.0.jar:/Users/dori/.m2/repository/junit/junit/4.13.2/junit-4.13.2.jar:/Users/dori/.m2/repository/org/hamcrest/hamcrest-core/1.3/hamcrest-core-1.3.jar:/Users/dori/.m2/repository/org/jetbrains/annotations/24.0.1/annotations-24.0.1.jar:"/>
    <property name="java.vm.vendor" value="Amazon.com Inc."/>
    <property name="sun.arch.data.model" value="64"/>
    <property name="java.vendor.url" value="https://aws.amazon.com/corretto/"/>
    <property name="user.timezone" value=""/>
    <property name="java.vm.specification.version" value="11"/>
    <property name="os.name" value="Mac OS X"/>
    <property name="sun.java.launcher" value="SUN_STANDARD"/>
    <property name="user.country" value="TR"/>
    <property name="sun.boot.library.path" value="/Users/dori/Library/Java/JavaVirtualMachines/corretto-11.0.17/Contents/Home/lib"/>
    <property name="sun.java.command" value="/Users/dori/Downloads/zoobaAutomation-master/target/surefire/surefirebooter651302364717459415.jar /Users/dori/Downloads/zoobaAutomation-master/target/surefire 2023-10-09T20-00-15_880-jvmRun1 surefire11740459984852991754tmp surefire_05472263408820990926tmp"/>
    <property name="http.nonProxyHosts" value="local|*.local|169.254/16|*.169.254/16"/>
    <property name="jdk.debug" value="release"/>
    <property name="surefire.test.class.path" value="/Users/dori/Downloads/zoobaAutomation-master/target/test-classes:/Users/dori/Downloads/zoobaAutomation-master/target/classes:/Users/dori/.m2/repository/io/appium/java-client/8.5.0/java-client-8.5.0.jar:/Users/dori/.m2/repository/org/seleniumhq/selenium/selenium-api/4.13.0/selenium-api-4.13.0.jar:/Users/dori/.m2/repository/org/seleniumhq/selenium/selenium-remote-driver/4.13.0/selenium-remote-driver-4.13.0.jar:/Users/dori/.m2/repository/io/netty/netty-buffer/4.1.96.Final/netty-buffer-4.1.96.Final.jar:/Users/dori/.m2/repository/io/netty/netty-codec-http/4.1.96.Final/netty-codec-http-4.1.96.Final.jar:/Users/dori/.m2/repository/io/netty/netty-codec/4.1.96.Final/netty-codec-4.1.96.Final.jar:/Users/dori/.m2/repository/io/netty/netty-handler/4.1.96.Final/netty-handler-4.1.96.Final.jar:/Users/dori/.m2/repository/io/netty/netty-common/4.1.96.Final/netty-common-4.1.96.Final.jar:/Users/dori/.m2/repository/io/netty/netty-transport-classes-epoll/4.1.96.Final/netty-transport-classes-epoll-4.1.96.Final.jar:/Users/dori/.m2/repository/io/netty/netty-transport-classes-kqueue/4.1.96.Final/netty-transport-classes-kqueue-4.1.96.Final.jar:/Users/dori/.m2/repository/io/netty/netty-transport-native-epoll/4.1.96.Final/netty-transport-native-epoll-4.1.96.Final.jar:/Users/dori/.m2/repository/io/netty/netty-transport-native-kqueue/4.1.96.Final/netty-transport-native-kqueue-4.1.96.Final.jar:/Users/dori/.m2/repository/io/netty/netty-transport-native-unix-common/4.1.96.Final/netty-transport-native-unix-common-4.1.96.Final.jar:/Users/dori/.m2/repository/io/netty/netty-transport/4.1.96.Final/netty-transport-4.1.96.Final.jar:/Users/dori/.m2/repository/io/netty/netty-resolver/4.1.96.Final/netty-resolver-4.1.96.Final.jar:/Users/dori/.m2/repository/io/opentelemetry/opentelemetry-api/1.28.0/opentelemetry-api-1.28.0.jar:/Users/dori/.m2/repository/io/opentelemetry/opentelemetry-context/1.28.0/opentelemetry-context-1.28.0.jar:/Users/dori/.m2/repository/io/opentelemetry/opentelemetry-exporter-logging/1.28.0/opentelemetry-exporter-logging-1.28.0.jar:/Users/dori/.m2/repository/io/opentelemetry/opentelemetry-sdk-metrics/1.28.0/opentelemetry-sdk-metrics-1.28.0.jar:/Users/dori/.m2/repository/io/opentelemetry/opentelemetry-extension-incubator/1.28.0-alpha/opentelemetry-extension-incubator-1.28.0-alpha.jar:/Users/dori/.m2/repository/io/opentelemetry/opentelemetry-sdk-logs/1.28.0/opentelemetry-sdk-logs-1.28.0.jar:/Users/dori/.m2/repository/io/opentelemetry/opentelemetry-sdk-common/1.28.0/opentelemetry-sdk-common-1.28.0.jar:/Users/dori/.m2/repository/io/opentelemetry/opentelemetry-sdk-extension-autoconfigure-spi/1.28.0/opentelemetry-sdk-extension-autoconfigure-spi-1.28.0.jar:/Users/dori/.m2/repository/io/opentelemetry/opentelemetry-sdk-extension-autoconfigure/1.28.0/opentelemetry-sdk-extension-autoconfigure-1.28.0.jar:/Users/dori/.m2/repository/io/opentelemetry/opentelemetry-api-events/1.28.0-alpha/opentelemetry-api-events-1.28.0-alpha.jar:/Users/dori/.m2/repository/io/opentelemetry/opentelemetry-sdk-trace/1.28.0/opentelemetry-sdk-trace-1.28.0.jar:/Users/dori/.m2/repository/io/opentelemetry/opentelemetry-sdk/1.28.0/opentelemetry-sdk-1.28.0.jar:/Users/dori/.m2/repository/io/opentelemetry/opentelemetry-semconv/1.28.0-alpha/opentelemetry-semconv-1.28.0-alpha.jar:/Users/dori/.m2/repository/org/asynchttpclient/async-http-client/2.12.3/async-http-client-2.12.3.jar:/Users/dori/.m2/repository/org/asynchttpclient/async-http-client-netty-utils/2.12.3/async-http-client-netty-utils-2.12.3.jar:/Users/dori/.m2/repository/io/netty/netty-codec-socks/4.1.60.Final/netty-codec-socks-4.1.60.Final.jar:/Users/dori/.m2/repository/io/netty/netty-handler-proxy/4.1.60.Final/netty-handler-proxy-4.1.60.Final.jar:/Users/dori/.m2/repository/io/netty/netty-transport-native-epoll/4.1.60.Final/netty-transport-native-epoll-4.1.60.Final-linux-x86_64.jar:/Users/dori/.m2/repository/io/netty/netty-transport-native-kqueue/4.1.60.Final/netty-transport-native-kqueue-4.1.60.Final-osx-x86_64.jar:/Users/dori/.m2/repository/org/reactivestreams/reactive-streams/1.0.3/reactive-streams-1.0.3.jar:/Users/dori/.m2/repository/com/typesafe/netty/netty-reactive-streams/2.0.4/netty-reactive-streams-2.0.4.jar:/Users/dori/.m2/repository/com/sun/activation/jakarta.activation/1.2.2/jakarta.activation-1.2.2.jar:/Users/dori/.m2/repository/org/seleniumhq/selenium/selenium-http/4.13.0/selenium-http-4.13.0.jar:/Users/dori/.m2/repository/dev/failsafe/failsafe/3.3.2/failsafe-3.3.2.jar:/Users/dori/.m2/repository/org/seleniumhq/selenium/selenium-manager/4.13.0/selenium-manager-4.13.0.jar:/Users/dori/.m2/repository/org/seleniumhq/selenium/selenium-os/4.13.0/selenium-os-4.13.0.jar:/Users/dori/.m2/repository/org/apache/commons/commons-exec/1.3/commons-exec-1.3.jar:/Users/dori/.m2/repository/com/google/code/gson/gson/2.10.1/gson-2.10.1.jar:/Users/dori/.m2/repository/cglib/cglib/3.3.0/cglib-3.3.0.jar:/Users/dori/.m2/repository/org/ow2/asm/asm/7.1/asm-7.1.jar:/Users/dori/.m2/repository/commons-validator/commons-validator/1.7/commons-validator-1.7.jar:/Users/dori/.m2/repository/commons-beanutils/commons-beanutils/1.9.4/commons-beanutils-1.9.4.jar:/Users/dori/.m2/repository/commons-digester/commons-digester/2.1/commons-digester-2.1.jar:/Users/dori/.m2/repository/commons-logging/commons-logging/1.2/commons-logging-1.2.jar:/Users/dori/.m2/repository/commons-collections/commons-collections/3.2.2/commons-collections-3.2.2.jar:/Users/dori/.m2/repository/org/apache/commons/commons-lang3/3.12.0/commons-lang3-3.12.0.jar:/Users/dori/.m2/repository/org/slf4j/slf4j-api/2.0.7/slf4j-api-2.0.7.jar:/Users/dori/.m2/repository/org/testng/testng/7.7.0/testng-7.7.0.jar:/Users/dori/.m2/repository/com/beust/jcommander/1.82/jcommander-1.82.jar:/Users/dori/.m2/repository/org/webjars/jquery/3.6.1/jquery-3.6.1.jar:/Users/dori/.m2/repository/org/seleniumhq/selenium/selenium-support/4.9.1/selenium-support-4.9.1.jar:/Users/dori/.m2/repository/com/google/auto/service/auto-service-annotations/1.0.1/auto-service-annotations-1.0.1.jar:/Users/dori/.m2/repository/com/google/auto/service/auto-service/1.0.1/auto-service-1.0.1.jar:/Users/dori/.m2/repository/com/google/auto/auto-common/1.2/auto-common-1.2.jar:/Users/dori/.m2/repository/com/google/guava/guava/31.1-jre/guava-31.1-jre.jar:/Users/dori/.m2/repository/com/google/guava/failureaccess/1.0.1/failureaccess-1.0.1.jar:/Users/dori/.m2/repository/com/google/guava/listenablefuture/9999.0-empty-to-avoid-conflict-with-guava/listenablefuture-9999.0-empty-to-avoid-conflict-with-guava.jar:/Users/dori/.m2/repository/com/google/code/findbugs/jsr305/3.0.2/jsr305-3.0.2.jar:/Users/dori/.m2/repository/org/checkerframework/checker-qual/3.12.0/checker-qual-3.12.0.jar:/Users/dori/.m2/repository/com/google/errorprone/error_prone_annotations/2.11.0/error_prone_annotations-2.11.0.jar:/Users/dori/.m2/repository/com/google/j2objc/j2objc-annotations/1.3/j2objc-annotations-1.3.jar:/Users/dori/.m2/repository/net/bytebuddy/byte-buddy/1.14.4/byte-buddy-1.14.4.jar:/Users/dori/.m2/repository/org/seleniumhq/selenium/selenium-json/4.9.1/selenium-json-4.9.1.jar:/Users/dori/.m2/repository/com/fasterxml/jackson/core/jackson-databind/2.14.1/jackson-databind-2.14.1.jar:/Users/dori/.m2/repository/com/fasterxml/jackson/core/jackson-annotations/2.14.1/jackson-annotations-2.14.1.jar:/Users/dori/.m2/repository/com/fasterxml/jackson/core/jackson-core/2.14.1/jackson-core-2.14.1.jar:/Users/dori/.m2/repository/commons-io/commons-io/2.11.0/commons-io-2.11.0.jar:/Users/dori/.m2/repository/com/aventstack/extentreports/4.1.3/extentreports-4.1.3.jar:/Users/dori/.m2/repository/org/freemarker/freemarker/2.3.29/freemarker-2.3.29.jar:/Users/dori/.m2/repository/org/apache/httpcomponents/httpclient/4.5.2/httpclient-4.5.2.jar:/Users/dori/.m2/repository/org/apache/httpcomponents/httpcore/4.4.4/httpcore-4.4.4.jar:/Users/dori/.m2/repository/commons-codec/commons-codec/1.9/commons-codec-1.9.jar:/Users/dori/.m2/repository/org/apache/httpcomponents/httpmime/4.5.2/httpmime-4.5.2.jar:/Users/dori/.m2/repository/org/mongodb/mongodb-driver/3.12.0/mongodb-driver-3.12.0.jar:/Users/dori/.m2/repository/org/mongodb/mongodb-driver-core/3.12.0/mongodb-driver-core-3.12.0.jar:/Users/dori/.m2/repository/org/mongodb/bson/3.12.0/bson-3.12.0.jar:/Users/dori/.m2/repository/junit/junit/4.13.2/junit-4.13.2.jar:/Users/dori/.m2/repository/org/hamcrest/hamcrest-core/1.3/hamcrest-core-1.3.jar:/Users/dori/.m2/repository/org/jetbrains/annotations/24.0.1/annotations-24.0.1.jar:"/>
    <property name="sun.cpu.endian" value="little"/>
    <property name="user.home" value="/Users/dori"/>
    <property name="user.language" value="en"/>
    <property name="java.specification.vendor" value="Oracle Corporation"/>
    <property name="java.version.date" value="2022-10-18"/>
    <property name="java.home" value="/Users/dori/Library/Java/JavaVirtualMachines/corretto-11.0.17/Contents/Home"/>
    <property name="file.separator" value="/"/>
    <property name="basedir" value="/Users/dori/Downloads/zoobaAutomation-master"/>
    <property name="java.vm.compressedOopsMode" value="Zero based"/>
    <property name="line.separator" value="&#10;"/>
    <property name="java.specification.name" value="Java Platform API Specification"/>
    <property name="java.vm.specification.vendor" value="Oracle Corporation"/>
    <property name="java.awt.graphicsenv" value="sun.awt.CGraphicsEnvironment"/>
    <property name="surefire.real.class.path" value="/Users/dori/Downloads/zoobaAutomation-master/target/surefire/surefirebooter651302364717459415.jar"/>
    <property name="sun.management.compiler" value="HotSpot 64-Bit Tiered Compilers"/>
    <property name="ftp.nonProxyHosts" value="local|*.local|169.254/16|*.169.254/16"/>
    <property name="java.runtime.version" value="11.0.17+8-LTS"/>
    <property name="user.name" value="dori"/>
    <property name="path.separator" value=":"/>
    <property name="os.version" value="13.2.1"/>
    <property name="java.runtime.name" value="OpenJDK Runtime Environment"/>
    <property name="file.encoding" value="UTF-8"/>
    <property name="java.vm.name" value="OpenJDK 64-Bit Server VM"/>
    <property name="java.vendor.version" value="Corretto-11.0.17.8.1"/>
    <property name="localRepository" value="/Users/dori/.m2/repository"/>
    <property name="java.vendor.url.bug" value="https://github.com/corretto/corretto-11/issues/"/>
    <property name="java.io.tmpdir" value="/var/folders/71/0kncpk3n3bgdhny35f1tqnhm0000gn/T/"/>
    <property name="idea.version" value="2022.1.3"/>
    <property name="java.version" value="11.0.17"/>
    <property name="user.dir" value="/Users/dori/Downloads/zoobaAutomation-master"/>
    <property name="os.arch" value="x86_64"/>
    <property name="java.vm.specification.name" value="Java Virtual Machine Specification"/>
    <property name="java.awt.printerjob" value="sun.lwawt.macosx.CPrinterJob"/>
    <property name="sun.os.patch.level" value="unknown"/>
    <property name="java.library.path" value="/Users/dori/Library/Java/Extensions:/Library/Java/Extensions:/Network/Library/Java/Extensions:/System/Library/Java/Extensions:/usr/lib/java:."/>
    <property name="java.vm.info" value="mixed mode"/>
    <property name="java.vendor" value="Amazon.com Inc."/>
    <property name="java.vm.version" value="11.0.17+8-LTS"/>
    <property name="sun.io.unicode.encoding" value="UnicodeBig"/>
    <property name="java.class.version" value="55.0"/>
    <property name="socksNonProxyHosts" value="local|*.local|169.254/16|*.169.254/16"/>
  </properties>
  <testcase name="registerWithGoogle" classname="org.RegressionTests.RegisterTests" time="28.005">
    <failure message="Expected condition failed: waiting for value to contain &quot;Next&quot;. (tried for 5 second(s) with 500 milliseconds interval)" type="org.openqa.selenium.TimeoutException">org.openqa.selenium.TimeoutException: Expected condition failed: waiting for value to contain "Next". (tried for 5 second(s) with 500 milliseconds interval)
	at org.RegressionTests.RegisterTests.registerWithGoogle(RegisterTests.java:60)
Caused by: org.openqa.selenium.NoSuchElementException: 
An element could not be located on the page using the given search parameters.
For documentation on this error, please visit: https://www.selenium.dev/documentation/webdriver/troubleshooting/errors#no-such-element-exception
Build info: version: '4.13.0', revision: 'ba948ece5b*'
System info: os.name: 'Mac OS X', os.arch: 'x86_64', os.version: '13.2.1', java.version: '11.0.17'
Driver info: io.appium.java_client.android.AndroidDriver
Command: [875603d9-c963-4be3-b1ff-1e2296f8f20d, findElement {using=xpath, value=//android.widget.Button[@text='Next']}]
Capabilities {appium:app: /Users/dori/Downloads/zooba..., appium:appPackage: com.leanscale.dcafood.zooba..., appium:autoGrantPermissions: true, appium:automationName: UIAutomator2, appium:chromeOptions: {w3c: false}, appium:chromedriverExecutable: /Users/dori/Downloads/zooba..., appium:databaseEnabled: false, appium:desired: {app: /Users/dori/Downloads/zooba..., autoGrantPermissions: true, automationName: UIAutomator2, chromeOptions: {w3c: false}, chromedriverExecutable: /Users/dori/Downloads/zooba..., deviceName: PlayStore, platformName: ANDROID}, appium:deviceApiLevel: 33, appium:deviceManufacturer: Google, appium:deviceModel: sdk_gphone64_arm64, appium:deviceName: emulator-5554, appium:deviceScreenDensity: 440, appium:deviceScreenSize: 1080x2280, appium:deviceUDID: emulator-5554, appium:javascriptEnabled: true, appium:locationContextEnabled: false, appium:networkConnectionEnabled: true, appium:pixelRatio: 2.75, appium:platformVersion: 13, appium:statBarHeight: 66, appium:takesScreenshot: true, appium:viewportRect: {height: 2148, left: 0, top: 66, width: 1080}, appium:warnings: {}, appium:webStorageEnabled: false, platformName: ANDROID}
Session ID: 875603d9-c963-4be3-b1ff-1e2296f8f20d
	at org.RegressionTests.RegisterTests.registerWithGoogle(RegisterTests.java:60)
</failure>
    <system-out><![CDATA[null
&amp#27;[35m[Appium]&amp#27;[39m Welcome to Appium v2.0.1
&amp#27;[35m[Appium]&amp#27;[39m Non-default server args:
&amp#27;[35m[Appium]&amp#27;[39m { port: &amp#27;[33m4724&amp#27;[39m }
&amp#27;[35m[Appium]&amp#27;[39m Attempting to load driver uiautomator2...
[debug] &amp#27;[35m[Appium]&amp#27;[39m Requiring driver at /Users/dori/.appium/node_modules/appium-uiautomator2-driver
[Appium] Appium REST http interface listener started on http://0.0.0.0:4724
[Appium] You can provide the following URLS in your client code to connect to this server:
[Appium] 	http://127.0.0.1:4724/ (only accessible from the same host)
[Appium] 	http://192.168.1.103:4724/
[Appium] Available drivers:
[Appium]   - uiautomator2@2.29.11 (automationName 'UiAutomator2')
[Appium] No plugins have been installed. Use the "appium plugin" command to install the one(s) you want to use.
&amp#27;[38;5;0m[HTTP]&amp#27;[0m &amp#27;[37m-->&amp#27;[39m &amp#27;[37mGET&amp#27;[39m &amp#27;[37m/status&amp#27;[39m
&amp#27;[38;5;0m[HTTP]&amp#27;[0m {}
[debug] &amp#27;[38;5;16m[AppiumDriver@cf1a]&amp#27;[0m Calling AppiumDriver.getStatus() with args: []
[debug] &amp#27;[38;5;16m[AppiumDriver@cf1a]&amp#27;[0m Responding to client with driver.getStatus() result: {"build":{"version":"2.0.1"}}
&amp#27;[38;5;0m[HTTP]&amp#27;[0m <-- GET /status 200 15 ms - 39
&amp#27;[38;5;0m[HTTP]&amp#27;[0m 
[debug] &amp#27;[38;5;0m[HTTP]&amp#27;[0m Request idempotency key: f27f15ba-101e-4f2b-b10a-2fecdd0f213a
&amp#27;[38;5;0m[HTTP]&amp#27;[0m &amp#27;[37m-->&amp#27;[39m &amp#27;[37mPOST&amp#27;[39m &amp#27;[37m/session&amp#27;[39m
&amp#27;[38;5;0m[HTTP]&amp#27;[0m {"capabilities":{"firstMatch":[{}],"alwaysMatch":{"appium:app":"/Users/dori/Downloads/zoobaAutomation-master//src//main//java//org//zoobaApp//Resources//zooba.apk","appium:autoGrantPermissions":true,"appium:automationName":"UIAutomator2","appium:chromeOptions":{"w3c":false},"appium:chromedriverExecutable":"/Users/dori/Downloads/zoobaAutomation-master//src//main//java//org//zoobaApp//TestUtils//Drivers//ChromeDriver//chromedriver.exe","appium:deviceName":"PlayStore","platformName":"ANDROID"}}}
[debug] &amp#27;[38;5;16m[AppiumDriver@cf1a]&amp#27;[0m Calling AppiumDriver.createSession() with args: [null,null,{"firstMatch":[{}],"alwaysMatch":{"appium:app":"/Users/dori/Downloads/zoobaAutomation-master//src//main//java//org//zoobaApp//Resources//zooba.apk","appium:autoGrantPermissions":true,"appium:automationName":"UIAutomator2","appium:chromeOptions":{"w3c":false},"appium:chromedriverExecutable":"/Users/dori/Downloads/zoobaAutomation-master//src//main//java//org//zoobaApp//TestUtils//Drivers//ChromeDriver//chromedriver.exe","appium:deviceName":"PlayStore","platformName":"ANDROID"}}]
[debug] &amp#27;[38;5;16m[AppiumDriver@cf1a]&amp#27;[0m Event 'newSessionRequested' logged at 1696870821781 (20:00:21 GMT+0300 (GMT+03:00))
[Appium] Attempting to find matching driver for automationName 'UIAutomator2' and platformName 'ANDROID'
[Appium] The 'uiautomator2' driver was installed and matched caps.
[Appium] Will require it at /Users/dori/.appium/node_modules/appium-uiautomator2-driver
[debug] [Appium] Requiring driver at /Users/dori/.appium/node_modules/appium-uiautomator2-driver
&amp#27;[38;5;16m[AppiumDriver@cf1a]&amp#27;[0m Appium v2.0.1 creating new AndroidUiautomator2Driver (v2.29.11) session
&amp#27;[38;5;16m[AppiumDriver@cf1a]&amp#27;[0m Checking BaseDriver versions for Appium and AndroidUiautomator2Driver
&amp#27;[38;5;16m[AppiumDriver@cf1a]&amp#27;[0m Appium's BaseDriver version is 9.3.16
&amp#27;[38;5;16m[AppiumDriver@cf1a]&amp#27;[0m AndroidUiautomator2Driver's BaseDriver version is 9.3.16
[debug] &amp#27;[38;5;32m[AndroidUiautomator2Driver@d31a]&amp#27;[0m Creating session with W3C capabilities: {
[debug] &amp#27;[38;5;32m[AndroidUiautomator2Driver@d31a]&amp#27;[0m   "alwaysMatch": {
[debug] &amp#27;[38;5;32m[AndroidUiautomator2Driver@d31a]&amp#27;[0m     "platformName": "ANDROID",
[debug] &amp#27;[38;5;32m[AndroidUiautomator2Driver@d31a]&amp#27;[0m     "appium:app": "/Users/dori/Downloads/zoobaAutomation-master//src//main//java//org//zoobaApp//Resources//zooba.apk",
[debug] &amp#27;[38;5;32m[AndroidUiautomator2Driver@d31a]&amp#27;[0m     "appium:autoGrantPermissions": true,
[debug] &amp#27;[38;5;32m[AndroidUiautomator2Driver@d31a]&amp#27;[0m     "appium:automationName": "UIAutomator2",
[debug] &amp#27;[38;5;32m[AndroidUiautomator2Driver@d31a]&amp#27;[0m     "appium:chromeOptions": {
[debug] &amp#27;[38;5;32m[AndroidUiautomator2Driver@d31a]&amp#27;[0m       "w3c": false
[debug] &amp#27;[38;5;32m[AndroidUiautomator2Driver@d31a]&amp#27;[0m     },
[debug] &amp#27;[38;5;32m[AndroidUiautomator2Driver@d31a]&amp#27;[0m     "appium:chromedriverExecutable": "/Users/dori/Downloads/zoobaAutomation-master//src//main//java//org//zoobaApp//TestUtils//Drivers//ChromeDriver//chromedriver.exe",
[debug] &amp#27;[38;5;32m[AndroidUiautomator2Driver@d31a]&amp#27;[0m     "appium:deviceName": "PlayStore"
[debug] &amp#27;[38;5;32m[AndroidUiautomator2Driver@d31a]&amp#27;[0m   },
[debug] &amp#27;[38;5;32m[AndroidUiautomator2Driver@d31a]&amp#27;[0m   "firstMatch": [
[debug] &amp#27;[38;5;32m[AndroidUiautomator2Driver@d31a]&amp#27;[0m     {}
[debug] &amp#27;[38;5;32m[AndroidUiautomator2Driver@d31a]&amp#27;[0m   ]
[debug] &amp#27;[38;5;32m[AndroidUiautomator2Driver@d31a]&amp#27;[0m }
&amp#27;[38;5;32m[AndroidUiautomator2Driver@d31a]&amp#27;[0m The following capabilities were provided, but are not recognized by Appium:
&amp#27;[38;5;32m[AndroidUiautomator2Driver@d31a]&amp#27;[0m   deviceName
&amp#27;[38;5;32m[AndroidUiautomator2Driver@d31a (875603d9)]&amp#27;[0m Session created with session id: 875603d9-c963-4be3-b1ff-1e2296f8f20d
&amp#27;[38;5;48m[BaseDriver]&amp#27;[0m Using local app '/Users/dori/Downloads/zoobaAutomation-master//src//main//java//org//zoobaApp//Resources//zooba.apk'
[debug] &amp#27;[38;5;32m[AndroidUiautomator2Driver@d31a (875603d9)]&amp#27;[0m Checking whether app is actually present
&amp#27;[38;5;64m[ADB]&amp#27;[0m Found 4 'build-tools' folders under '/Users/dori/Library/Android/sdk' (newest first):
&amp#27;[38;5;64m[ADB]&amp#27;[0m     /Users/dori/Library/Android/sdk/build-tools/33.0.1
&amp#27;[38;5;64m[ADB]&amp#27;[0m     /Users/dori/Library/Android/sdk/build-tools/33.0.0
&amp#27;[38;5;64m[ADB]&amp#27;[0m     /Users/dori/Library/Android/sdk/build-tools/30.0.3
&amp#27;[38;5;64m[ADB]&amp#27;[0m     /Users/dori/Library/Android/sdk/build-tools/30.0.2
&amp#27;[38;5;64m[ADB]&amp#27;[0m Using 'adb' from '/Users/dori/Library/Android/sdk/platform-tools/adb'
[debug] &amp#27;[38;5;64m[ADB]&amp#27;[0m Running '/Users/dori/Library/Android/sdk/platform-tools/adb -P 5037 start-server'
&amp#27;[38;5;80m[AndroidDriver]&amp#27;[0m Retrieving device list
[debug] &amp#27;[38;5;64m[ADB]&amp#27;[0m Trying to find connected Android devices
[debug] &amp#27;[38;5;64m[ADB]&amp#27;[0m Getting connected devices
[debug] &amp#27;[38;5;64m[ADB]&amp#27;[0m Connected devices: [{"udid":"emulator-5554","state":"device"}]
&amp#27;[38;5;80m[AndroidDriver]&amp#27;[0m Using device: emulator-5554
&amp#27;[38;5;64m[ADB]&amp#27;[0m Using 'adb' from '/Users/dori/Library/Android/sdk/platform-tools/adb'
[debug] &amp#27;[38;5;64m[ADB]&amp#27;[0m Running '/Users/dori/Library/Android/sdk/platform-tools/adb -P 5037 start-server'
[debug] &amp#27;[38;5;64m[ADB]&amp#27;[0m Setting device id to emulator-5554
[debug] &amp#27;[38;5;64m[ADB]&amp#27;[0m Running '/Users/dori/Library/Android/sdk/platform-tools/adb -P 5037 -s emulator-5554 shell getprop ro.build.version.sdk'
[debug] &amp#27;[38;5;64m[ADB]&amp#27;[0m Current device property 'ro.build.version.sdk': 33
&amp#27;[38;5;64m[ADB]&amp#27;[0m Getting device platform version
[debug] &amp#27;[38;5;64m[ADB]&amp#27;[0m Running '/Users/dori/Library/Android/sdk/platform-tools/adb -P 5037 -s emulator-5554 shell getprop ro.build.version.release'
[debug] &amp#27;[38;5;64m[ADB]&amp#27;[0m Current device property 'ro.build.version.release': 13
[debug] &amp#27;[38;5;64m[ADB]&amp#27;[0m Device API level: 33
&amp#27;[38;5;32m[AndroidUiautomator2Driver@d31a (875603d9)]&amp#27;[0m Relaxing hidden api policy
[debug] &amp#27;[38;5;64m[ADB]&amp#27;[0m Running '/Users/dori/Library/Android/sdk/platform-tools/adb -P 5037 -s emulator-5554 shell 'settings put global hidden_api_policy_pre_p_apps 1;settings put global hidden_api_policy_p_apps 1;settings put global hidden_api_policy 1''
[debug] &amp#27;[38;5;80m[AndroidDriver]&amp#27;[0m Parsing package and activity from app manifest
&amp#27;[38;5;64m[ADB]&amp#27;[0m Package name: 'com.leanscale.dcafood.zoobaegypt.beta'
&amp#27;[38;5;64m[ADB]&amp#27;[0m Main activity name: 'com.leanscale.dca.sdk.feature.account.splash.SplashActivity'
[debug] &amp#27;[38;5;80m[AndroidDriver]&amp#27;[0m Parsed package and activity are: com.leanscale.dcafood.zoobaegypt.beta/com.leanscale.dca.sdk.feature.account.splash.SplashActivity
[debug] &amp#27;[38;5;64m[ADB]&amp#27;[0m Running '/Users/dori/Library/Android/sdk/platform-tools/adb -P 5037 -s emulator-5554 wait-for-device'
[debug] &amp#27;[38;5;64m[ADB]&amp#27;[0m Running '/Users/dori/Library/Android/sdk/platform-tools/adb -P 5037 -s emulator-5554 shell echo ping'
[debug] &amp#27;[38;5;80m[AndroidDriver]&amp#27;[0m Pushing settings apk to device...
[debug] &amp#27;[38;5;64m[ADB]&amp#27;[0m Getting package info for 'io.appium.settings'
[debug] &amp#27;[38;5;64m[ADB]&amp#27;[0m Running '/Users/dori/Library/Android/sdk/platform-tools/adb -P 5037 -s emulator-5554 shell dumpsys package io.appium.settings'
[debug] &amp#27;[38;5;64m[ADB]&amp#27;[0m The version name of the installed 'io.appium.settings' is greater or equal to the application version name ('5.1.2' >= '5.1.2')
[debug] &amp#27;[38;5;64m[ADB]&amp#27;[0m There is no need to install/upgrade '/Users/dori/.appium/node_modules/appium-uiautomator2-driver/node_modules/io.appium.settings/apks/settings_apk-debug.apk'
[debug] &amp#27;[38;5;64m[ADB]&amp#27;[0m Getting IDs of all 'io.appium.settings' processes
[debug] &amp#27;[38;5;64m[ADB]&amp#27;[0m Running '/Users/dori/Library/Android/sdk/platform-tools/adb -P 5037 -s emulator-5554 shell 'pgrep --help; echo $?''
[debug] &amp#27;[38;5;64m[ADB]&amp#27;[0m Running '/Users/dori/Library/Android/sdk/platform-tools/adb -P 5037 -s emulator-5554 shell pgrep -f \(\[\[:blank:\]\]\|\^\)io\.appium\.settings\(\[\[:blank:\]\]\|\$\)'
[debug] &amp#27;[38;5;80m[AndroidDriver]&amp#27;[0m io.appium.settings is already running. There is no need to reset its permissions.
[debug] &amp#27;[38;5;96m[Logcat]&amp#27;[0m Starting logs capture with command: /Users/dori/Library/Android/sdk/platform-tools/adb -P 5037 -s emulator-5554 logcat -v threadtime
[debug] &amp#27;[38;5;32m[AndroidUiautomator2Driver@d31a (875603d9)]&amp#27;[0m Forwarding UiAutomator2 Server port 6790 to local port 8200
[debug] &amp#27;[38;5;64m[ADB]&amp#27;[0m Forwarding system: 8200 to device: 6790
[debug] &amp#27;[38;5;64m[ADB]&amp#27;[0m Running '/Users/dori/Library/Android/sdk/platform-tools/adb -P 5037 -s emulator-5554 forward tcp:8200 tcp:6790'
[debug] &amp#27;[38;5;64m[ADB]&amp#27;[0m Checking app cert for /Users/dori/.appium/node_modules/appium-uiautomator2-driver/node_modules/appium-uiautomator2-server/apks/appium-uiautomator2-server-v5.12.6.apk
[debug] &amp#27;[38;5;64m[ADB]&amp#27;[0m Checking app cert for /Users/dori/.appium/node_modules/appium-uiautomator2-driver/node_modules/appium-uiautomator2-server/apks/appium-uiautomator2-server-debug-androidTest.apk
&amp#27;[38;5;64m[ADB]&amp#27;[0m Using 'apksigner.jar' from '/Users/dori/Library/Android/sdk/build-tools/33.0.1/lib/apksigner.jar'
[debug] &amp#27;[38;5;64m[ADB]&amp#27;[0m Starting apksigner: /Library/Java/JavaVirtualMachines/jdk-17.0.1.jdk/Contents/Home/bin/java -Xmx1024M -Xss1m -jar /Users/dori/Library/Android/sdk/build-tools/33.0.1/lib/apksigner.jar verify --print-certs /Users/dori/.appium/node_modules/appium-uiautomator2-driver/node_modules/appium-uiautomator2-server/apks/appium-uiautomator2-server-debug-androidTest.apk
[debug] &amp#27;[38;5;64m[ADB]&amp#27;[0m Starting apksigner: /Library/Java/JavaVirtualMachines/jdk-17.0.1.jdk/Contents/Home/bin/java -Xmx1024M -Xss1m -jar /Users/dori/Library/Android/sdk/build-tools/33.0.1/lib/apksigner.jar verify --print-certs /Users/dori/.appium/node_modules/appium-uiautomator2-driver/node_modules/appium-uiautomator2-server/apks/appium-uiautomator2-server-v5.12.6.apk
[debug] &amp#27;[38;5;64m[ADB]&amp#27;[0m apksigner stdout: Signer #1 certificate DN: EMAILADDRESS=android@android.com, CN=Android, OU=Android, O=Android, L=Mountain View, ST=California, C=US
[debug] &amp#27;[38;5;64m[ADB]&amp#27;[0m Signer #1 certificate SHA-256 digest: a40da80a59d170caa950cf15c18c454d47a39b26989d8b640ecd745ba71bf5dc
[debug] &amp#27;[38;5;64m[ADB]&amp#27;[0m Signer #1 certificate SHA-1 digest: 61ed377e85d386a8dfee6b864bd85b0bfaa5af81
[debug] &amp#27;[38;5;64m[ADB]&amp#27;[0m Signer #1 certificate MD5 digest: e89b158e4bcf988ebd09eb83f5378e87
[debug] &amp#27;[38;5;64m[ADB]&amp#27;[0m 
[debug] &amp#27;[38;5;64m[ADB]&amp#27;[0m sha256 hash did match for 'appium-uiautomator2-server-debug-androidTest.apk'
&amp#27;[38;5;64m[ADB]&amp#27;[0m '/Users/dori/.appium/node_modules/appium-uiautomator2-driver/node_modules/appium-uiautomator2-server/apks/appium-uiautomator2-server-debug-androidTest.apk' is signed with the default certificate
[debug] &amp#27;[38;5;64m[ADB]&amp#27;[0m Getting install status for io.appium.uiautomator2.server.test
[debug] &amp#27;[38;5;64m[ADB]&amp#27;[0m Running '/Users/dori/Library/Android/sdk/platform-tools/adb -P 5037 -s emulator-5554 shell pm path io.appium.uiautomator2.server.test'
[debug] &amp#27;[38;5;64m[ADB]&amp#27;[0m 'io.appium.uiautomator2.server.test' is installed
[debug] &amp#27;[38;5;64m[ADB]&amp#27;[0m apksigner stdout: Signer #1 certificate DN: EMAILADDRESS=android@android.com, CN=Android, OU=Android, O=Android, L=Mountain View, ST=California, C=US
[debug] &amp#27;[38;5;64m[ADB]&amp#27;[0m Signer #1 certificate SHA-256 digest: a40da80a59d170caa950cf15c18c454d47a39b26989d8b640ecd745ba71bf5dc
[debug] &amp#27;[38;5;64m[ADB]&amp#27;[0m Signer #1 certificate SHA-1 digest: 61ed377e85d386a8dfee6b864bd85b0bfaa5af81
[debug] &amp#27;[38;5;64m[ADB]&amp#27;[0m Signer #1 certificate MD5 digest: e89b158e4bcf988ebd09eb83f5378e87
[debug] &amp#27;[38;5;64m[ADB]&amp#27;[0m 
[debug] &amp#27;[38;5;64m[ADB]&amp#27;[0m sha256 hash did match for 'appium-uiautomator2-server-v5.12.6.apk'
&amp#27;[38;5;64m[ADB]&amp#27;[0m '/Users/dori/.appium/node_modules/appium-uiautomator2-driver/node_modules/appium-uiautomator2-server/apks/appium-uiautomator2-server-v5.12.6.apk' is signed with the default certificate
[debug] &amp#27;[38;5;64m[ADB]&amp#27;[0m Getting package info for 'io.appium.uiautomator2.server'
[debug] &amp#27;[38;5;64m[ADB]&amp#27;[0m Running '/Users/dori/Library/Android/sdk/platform-tools/adb -P 5037 -s emulator-5554 shell dumpsys package io.appium.uiautomator2.server'
[debug] &amp#27;[38;5;64m[ADB]&amp#27;[0m The version name of the installed 'io.appium.uiautomator2.server' is greater or equal to the application version name ('5.12.6' >= '5.12.6')
[debug] &amp#27;[38;5;32m[AndroidUiautomator2Driver@d31a (875603d9)]&amp#27;[0m Server packages status: [{"wasSigned":true,"installState":"sameVersionInstalled","appPath":"/Users/dori/.appium/node_modules/appium-uiautomator2-driver/node_modules/appium-uiautomator2-server/apks/appium-uiautomator2-server-v5.12.6.apk","appId":"io.appium.uiautomator2.server"},{"wasSigned":true,"installState":"sameVersionInstalled","appPath":"/Users/dori/.appium/node_modules/appium-uiautomator2-driver/node_modules/appium-uiautomator2-server/apks/appium-uiautomator2-server-debug-androidTest.apk","appId":"io.appium.uiautomator2.server.test"}]
&amp#27;[38;5;32m[AndroidUiautomator2Driver@d31a (875603d9)]&amp#27;[0m Server packages are not going to be (re)installed
[debug] &amp#27;[38;5;32m[AndroidUiautomator2Driver@d31a (875603d9)]&amp#27;[0m Waiting up to 30000ms for services to be available
[debug] &amp#27;[38;5;64m[ADB]&amp#27;[0m Running '/Users/dori/Library/Android/sdk/platform-tools/adb -P 5037 -s emulator-5554 shell pm list instrumentation'
[debug] &amp#27;[38;5;32m[AndroidUiautomator2Driver@d31a (875603d9)]&amp#27;[0m Instrumentation target 'io.appium.uiautomator2.server.test/androidx.test.runner.AndroidJUnitRunner' is available
&amp#27;[38;5;64m[ADB]&amp#27;[0m Adding packages ["io.appium.settings","io.appium.uiautomator2.server","io.appium.uiautomator2.server.test"] to Doze whitelist
[debug] &amp#27;[38;5;64m[ADB]&amp#27;[0m Got the following command chunks to execute: [["dumpsys","deviceidle","whitelist","+io.appium.settings",";","dumpsys","deviceidle","whitelist","+io.appium.uiautomator2.server",";","dumpsys","deviceidle","whitelist","+io.appium.uiautomator2.server.test",";"]]
[debug] &amp#27;[38;5;64m[ADB]&amp#27;[0m Running '/Users/dori/Library/Android/sdk/platform-tools/adb -P 5037 -s emulator-5554 shell dumpsys deviceidle whitelist +io.appium.settings ; dumpsys deviceidle whitelist +io.appium.uiautomator2.server ; dumpsys deviceidle whitelist +io.appium.uiautomator2.server.test ;'
[debug] &amp#27;[38;5;64m[ADB]&amp#27;[0m Checking app cert for /Users/dori/Downloads/zoobaAutomation-master//src//main//java//org//zoobaApp//Resources//zooba.apk
[debug] &amp#27;[38;5;64m[ADB]&amp#27;[0m Starting apksigner: /Library/Java/JavaVirtualMachines/jdk-17.0.1.jdk/Contents/Home/bin/java -Xmx1024M -Xss1m -jar /Users/dori/Library/Android/sdk/build-tools/33.0.1/lib/apksigner.jar verify --print-certs /Users/dori/Downloads/zoobaAutomation-master//src//main//java//org//zoobaApp//Resources//zooba.apk
[debug] &amp#27;[38;5;64m[ADB]&amp#27;[0m apksigner stdout: Signer #1 certificate DN: CN=LS, OU=Dca, O=Lean Scale, L=Dubai
[debug] &amp#27;[38;5;64m[ADB]&amp#27;[0m Signer #1 certificate SHA-256 digest: af749546a40a56eb0dc542ad066783e965123ba42c1f656ca955f96836e14fe1
[debug] &amp#27;[38;5;64m[ADB]&amp#27;[0m Signer #1 certificate SHA-1 digest: b8a6736986df073159c6ac72afaeac817996a4bb
[debug] &amp#27;[38;5;64m[ADB]&amp#27;[0m Signer #1 certificate MD5 digest: 27f59e7ab839774b20294cff12e07312
[debug] &amp#27;[38;5;64m[ADB]&amp#27;[0m 
&amp#27;[38;5;64m[ADB]&amp#27;[0m '/Users/dori/Downloads/zoobaAutomation-master//src//main//java//org//zoobaApp//Resources//zooba.apk' is signed with a non-default certificate
[debug] &amp#27;[38;5;64m[ADB]&amp#27;[0m Getting package info for 'com.leanscale.dcafood.zoobaegypt.beta'
[debug] &amp#27;[38;5;64m[ADB]&amp#27;[0m Running '/Users/dori/Library/Android/sdk/platform-tools/adb -P 5037 -s emulator-5554 shell dumpsys package com.leanscale.dcafood.zoobaegypt.beta'
[debug] &amp#27;[38;5;64m[ADB]&amp#27;[0m The version name of the installed 'com.leanscale.dcafood.zoobaegypt.beta' is greater or equal to the application version name ('1.2.0' >= '1.2.0')
[debug] &amp#27;[38;5;64m[ADB]&amp#27;[0m There is no need to install/upgrade '/Users/dori/Downloads/zoobaAutomation-master//src//main//java//org//zoobaApp//Resources//zooba.apk'
&amp#27;[38;5;80m[AndroidDriver]&amp#27;[0m Performing fast reset on 'com.leanscale.dcafood.zoobaegypt.beta'
[debug] &amp#27;[38;5;64m[ADB]&amp#27;[0m Getting install status for com.leanscale.dcafood.zoobaegypt.beta
[debug] &amp#27;[38;5;64m[ADB]&amp#27;[0m Running '/Users/dori/Library/Android/sdk/platform-tools/adb -P 5037 -s emulator-5554 shell pm path com.leanscale.dcafood.zoobaegypt.beta'
[debug] &amp#27;[38;5;64m[ADB]&amp#27;[0m 'com.leanscale.dcafood.zoobaegypt.beta' is installed
[debug] &amp#27;[38;5;64m[ADB]&amp#27;[0m Running '/Users/dori/Library/Android/sdk/platform-tools/adb -P 5037 -s emulator-5554 shell am force-stop com.leanscale.dcafood.zoobaegypt.beta'
[debug] &amp#27;[38;5;64m[ADB]&amp#27;[0m Running '/Users/dori/Library/Android/sdk/platform-tools/adb -P 5037 -s emulator-5554 shell pm clear com.leanscale.dcafood.zoobaegypt.beta'
[debug] &amp#27;[38;5;64m[ADB]&amp#27;[0m Running '/Users/dori/Library/Android/sdk/platform-tools/adb -P 5037 -s emulator-5554 shell dumpsys package com.leanscale.dcafood.zoobaegypt.beta'
[debug] &amp#27;[38;5;64m[ADB]&amp#27;[0m Retrieving requested permissions
[debug] &amp#27;[38;5;64m[ADB]&amp#27;[0m Retrieved 14 permissions from requested group
[debug] &amp#27;[38;5;64m[ADB]&amp#27;[0m Retrieving granted permissions
[debug] &amp#27;[38;5;64m[ADB]&amp#27;[0m Retrieved 10 permissions from install,runtime groups
[debug] &amp#27;[38;5;64m[ADB]&amp#27;[0m Granting permissions ["android.permission.POST_NOTIFICATIONS","android.permission.ACCESS_COARSE_LOCATION","android.permission.CAMERA","android.permission.ACCESS_FINE_LOCATION"] to 'com.leanscale.dcafood.zoobaegypt.beta'
[debug] &amp#27;[38;5;64m[ADB]&amp#27;[0m Got the following command chunks to execute: [["pm","grant","com.leanscale.dcafood.zoobaegypt.beta","android.permission.POST_NOTIFICATIONS",";","pm","grant","com.leanscale.dcafood.zoobaegypt.beta","android.permission.ACCESS_COARSE_LOCATION",";","pm","grant","com.leanscale.dcafood.zoobaegypt.beta","android.permission.CAMERA",";","pm","grant","com.leanscale.dcafood.zoobaegypt.beta","android.permission.ACCESS_FINE_LOCATION",";"]]
[debug] &amp#27;[38;5;64m[ADB]&amp#27;[0m Running '/Users/dori/Library/Android/sdk/platform-tools/adb -P 5037 -s emulator-5554 shell pm grant com.leanscale.dcafood.zoobaegypt.beta android.permission.POST_NOTIFICATIONS ; pm grant com.leanscale.dcafood.zoobaegypt.beta android.permission.ACCESS_COARSE_LOCATION ; pm grant com.leanscale.dcafood.zoobaegypt.beta android.permission.CAMERA ; pm grant com.leanscale.dcafood.zoobaegypt.beta android.permission.ACCESS_FINE_LOCATION ;'
[debug] &amp#27;[38;5;80m[AndroidDriver]&amp#27;[0m Performed fast reset on the installed 'com.leanscale.dcafood.zoobaegypt.beta' application (stop and clear)
[debug] &amp#27;[38;5;32m[AndroidUiautomator2Driver@d31a (875603d9)]&amp#27;[0m Performing shallow cleanup of automation leftovers
[debug] &amp#27;[38;5;32m[AndroidUiautomator2Driver@d31a (875603d9)]&amp#27;[0m No obsolete sessions have been detected (socket hang up)
[debug] &amp#27;[38;5;64m[ADB]&amp#27;[0m Running '/Users/dori/Library/Android/sdk/platform-tools/adb -P 5037 -s emulator-5554 shell am force-stop io.appium.uiautomator2.server.test'
&amp#27;[38;5;32m[AndroidUiautomator2Driver@d31a (875603d9)]&amp#27;[0m Starting UIAutomator2 server 5.12.6
&amp#27;[38;5;32m[AndroidUiautomator2Driver@d31a (875603d9)]&amp#27;[0m Using UIAutomator2 server from '/Users/dori/.appium/node_modules/appium-uiautomator2-driver/node_modules/appium-uiautomator2-server/apks/appium-uiautomator2-server-v5.12.6.apk' and test from '/Users/dori/.appium/node_modules/appium-uiautomator2-driver/node_modules/appium-uiautomator2-server/apks/appium-uiautomator2-server-debug-androidTest.apk'
&amp#27;[38;5;32m[AndroidUiautomator2Driver@d31a (875603d9)]&amp#27;[0m Waiting up to 30000ms for UiAutomator2 to be online...
[debug] &amp#27;[38;5;64m[ADB]&amp#27;[0m Creating ADB subprocess with args: ["-P","5037","-s","emulator-5554","shell","am","instrument","-w","-e","disableAnalytics",true,"io.appium.uiautomator2.server.test/androidx.test.runner.AndroidJUnitRunner"]
[debug] &amp#27;[38;5;32m[AndroidUiautomator2Driver@d31a (875603d9)]&amp#27;[0m Matched '/status' to command name 'getStatus'
[debug] &amp#27;[38;5;32m[AndroidUiautomator2Driver@d31a (875603d9)]&amp#27;[0m Proxying [GET /status] to [GET http://127.0.0.1:8200/status] with no body
&amp#27;[38;5;32m[AndroidUiautomator2Driver@d31a (875603d9)]&amp#27;[0m socket hang up
[debug] &amp#27;[38;5;112m[Instrumentation]&amp#27;[0m io.appium.uiautomator2.server.test.AppiumUiAutomator2Server:
[debug] &amp#27;[38;5;32m[AndroidUiautomator2Driver@d31a (875603d9)]&amp#27;[0m Matched '/status' to command name 'getStatus'
[debug] &amp#27;[38;5;32m[AndroidUiautomator2Driver@d31a (875603d9)]&amp#27;[0m Proxying [GET /status] to [GET http://127.0.0.1:8200/status] with no body
&amp#27;[38;5;32m[AndroidUiautomator2Driver@d31a (875603d9)]&amp#27;[0m socket hang up
[debug] &amp#27;[38;5;32m[AndroidUiautomator2Driver@d31a (875603d9)]&amp#27;[0m Matched '/status' to command name 'getStatus'
[debug] &amp#27;[38;5;32m[AndroidUiautomator2Driver@d31a (875603d9)]&amp#27;[0m Proxying [GET /status] to [GET http://127.0.0.1:8200/status] with no body
[debug] &amp#27;[38;5;32m[AndroidUiautomator2Driver@d31a (875603d9)]&amp#27;[0m Got response with status 200: {"sessionId":"None","value":{"message":"UiAutomator2 Server is ready to accept commands","ready":true}}
[debug] &amp#27;[38;5;32m[AndroidUiautomator2Driver@d31a (875603d9)]&amp#27;[0m The initialization of the instrumentation process took 2110ms
[debug] &amp#27;[38;5;32m[AndroidUiautomator2Driver@d31a (875603d9)]&amp#27;[0m Matched '/session' to command name 'createSession'
[debug] &amp#27;[38;5;32m[AndroidUiautomator2Driver@d31a (875603d9)]&amp#27;[0m Proxying [POST /session] to [POST http://127.0.0.1:8200/session] with body: {"capabilities":{"firstMatch":[{"platform":"LINUX","webStorageEnabled":false,"takesScreenshot":true,"javascriptEnabled":true,"databaseEnabled":false,"networkConnectionEnabled":true,"locationContextEnabled":false,"warnings":{},"desired":{"platformName":"ANDROID","app":"/Users/dori/Downloads/zoobaAutomation-master//src//main//java//org//zoobaApp//Resources//zooba.apk","autoGrantPermissions":true,"automationName":"UIAutomator2","chromeOptions":{"w3c":false},"chromedriverExecutable":"/Users/dori/Downloads/zoobaAutomation-master//src//main//java//org//zoobaApp//TestUtils//Drivers//ChromeDriver//chromedriver.exe","deviceName":"PlayStore"},"platformName":"ANDROID","app":"/Users/dori/Downloads/zoobaAutomation-master//src//main//java//org//zoobaApp//Resources//zooba.apk","autoGrantPermissions":true,"automationName":"UIAutomator2","chromeOptions":{"w3c":false},"chromedriverExecutable":"/Users/dori/Downloads/zoobaAutomation-master//src//main//java//org//zoobaApp//TestUtils//Drivers//ChromeDriver//chromedriver.exe","d...
[debug] &amp#27;[38;5;32m[AndroidUiautomator2Driver@d31a (875603d9)]&amp#27;[0m Got response with status 200: {"sessionId":"e3a29cb9-2bec-47c4-894c-84d6b3d1bd91","value":{"capabilities":{"firstMatch":[{"platform":"LINUX","webStorageEnabled":false,"takesScreenshot":true,"javascriptEnabled":true,"databaseEnabled":false,"networkConnectionEnabled":true,"locationContextEnabled":false,"warnings":{},"desired":{"platformName":"ANDROID","app":"/Users/dori/Downloads/zoobaAutomation-master//src//main//java//org//zoobaApp//Resources//zooba.apk","autoGrantPermissions":true,"automationName":"UIAutomator2","chromeOptions":{"w3c":false},"chromedriverExecutable":"/Users/dori/Downloads/zoobaAutomation-master//src//main//java//org//zoobaApp//TestUtils//Drivers//ChromeDriver//chromedriver.exe","deviceName":"PlayStore"},"platformName":"ANDROID","app":"/Users/dori/Downloads/zoobaAutomation-master//src//main//java//org//zoobaApp//Resources//zooba.apk","autoGrantPermissions":true,"automationName":"UIAutomator2","chromeOptions":{"w3c":false},"chromedriverExecutable":"/Users/dori/Downloads/zoobaAutomation-master//src//main//java//org//zoob...
&amp#27;[38;5;32m[AndroidUiautomator2Driver@d31a (875603d9)]&amp#27;[0m Determined the downstream protocol as 'W3C'
[debug] &amp#27;[38;5;32m[AndroidUiautomator2Driver@d31a (875603d9)]&amp#27;[0m Proxying [GET /appium/device/info] to [GET http://127.0.0.1:8200/session/e3a29cb9-2bec-47c4-894c-84d6b3d1bd91/appium/device/info] with no body
[debug] &amp#27;[38;5;32m[AndroidUiautomator2Driver@d31a (875603d9)]&amp#27;[0m Got response with status 200: {"sessionId":"e3a29cb9-2bec-47c4-894c-84d6b3d1bd91","value":{"androidId":"eec1320f1000e146","apiVersion":"33","bluetooth":{"state":"ON"},"brand":"google","carrierName":"T-Mobile","displayDensity":440,"locale":"en_US","manufacturer":"Google","model":"sdk_gphone64_arm64","networks":[{"capabilities":{"SSID":null,"linkDownBandwidthKbps":4300,"linkUpstreamBandwidthKbps":1800,"networkCapabilities":"NET_CAPABILITY_MMS,NET_CAPABILITY_SUPL,NET_CAPABILITY_DUN,NET_CAPABILITY_FOTA,NET_CAPABILITY_IMS,NET_CAPABILITY_CBS,NET_CAPABILITY_INTERNET,NET_CAPABILITY_NOT_RESTRICTED,NET_CAPABILITY_TRUSTED,NET_CAPABILITY_NOT_VPN,NET_CAPABILITY_VALIDATED,NET_CAPABILITY_NOT_ROAMING,NET_CAPABILITY_NOT_CONGESTED,NET_CAPABILITY_NOT_SUSPENDED","signalStrength":-2147483648,"transportTypes":"TRANSPORT_CELLULAR"},"detailedState":"CONNECTED","extraInfo":"epc.tmobile.com","isAvailable":true,"isConnected":true,"isFailover":false,"isRoaming":false,"state":"CONNECTED","subtype":10,"subtypeName":"HSPA","type":0,"typeName":"MOBILE"},{"capabilitie...
[debug] &amp#27;[38;5;64m[ADB]&amp#27;[0m Running '/Users/dori/Library/Android/sdk/platform-tools/adb -P 5037 -s emulator-5554 shell dumpsys window'
&amp#27;[38;5;80m[AndroidDriver]&amp#27;[0m Screen already unlocked, doing nothing
&amp#27;[38;5;32m[AndroidUiautomator2Driver@d31a (875603d9)]&amp#27;[0m Starting 'com.leanscale.dcafood.zoobaegypt.beta/com.leanscale.dca.sdk.feature.account.splash.SplashActivity and waiting for 'com.leanscale.dcafood.zoobaegypt.beta/com.leanscale.dca.sdk.feature.account.splash.SplashActivity'
[debug] &amp#27;[38;5;64m[ADB]&amp#27;[0m Running '/Users/dori/Library/Android/sdk/platform-tools/adb -P 5037 -s emulator-5554 shell am start -W -n com.leanscale.dcafood.zoobaegypt.beta/com.leanscale.dca.sdk.feature.account.splash.SplashActivity -S -a android.intent.action.MAIN -c android.intent.category.LAUNCHER -f 0x10200000'
[debug] &amp#27;[38;5;64m[ADB]&amp#27;[0m Waiting up to 20000ms for activity matching pkg: 'com.leanscale.dcafood.zoobaegypt.beta' and activity: 'com.leanscale.dca.sdk.feature.account.splash.SplashActivity' to be focused
[debug] &amp#27;[38;5;64m[ADB]&amp#27;[0m Possible activities, to be checked: 'com.leanscale.dca.sdk.feature.account.splash.SplashActivity', 'com.leanscale.dcafood.zoobaegypt.beta.com.leanscale.dca.sdk.feature.account.splash.SplashActivity'
[debug] &amp#27;[38;5;64m[ADB]&amp#27;[0m Getting focused package and activity
[debug] &amp#27;[38;5;64m[ADB]&amp#27;[0m Running '/Users/dori/Library/Android/sdk/platform-tools/adb -P 5037 -s emulator-5554 shell dumpsys window displays'
[debug] &amp#27;[38;5;64m[ADB]&amp#27;[0m Found package: 'com.leanscale.dcafood.zoobaegypt.beta' and fully qualified activity name : 'com.leanscale.dca.sdk.feature.account.splash.SplashActivity'
[debug] &amp#27;[38;5;32m[AndroidUiautomator2Driver@d31a (875603d9)]&amp#27;[0m Proxying [GET /appium/device/pixel_ratio] to [GET http://127.0.0.1:8200/session/e3a29cb9-2bec-47c4-894c-84d6b3d1bd91/appium/device/pixel_ratio] with no body
[debug] &amp#27;[38;5;32m[AndroidUiautomator2Driver@d31a (875603d9)]&amp#27;[0m Got response with status 200: {"sessionId":"e3a29cb9-2bec-47c4-894c-84d6b3d1bd91","value":2.75}
[debug] &amp#27;[38;5;32m[AndroidUiautomator2Driver@d31a (875603d9)]&amp#27;[0m Matched '/appium/device/system_bars' to command name 'getSystemBars'
[debug] &amp#27;[38;5;32m[AndroidUiautomator2Driver@d31a (875603d9)]&amp#27;[0m Proxying [GET /appium/device/system_bars] to [GET http://127.0.0.1:8200/session/e3a29cb9-2bec-47c4-894c-84d6b3d1bd91/appium/device/system_bars] with no body
[debug] &amp#27;[38;5;32m[AndroidUiautomator2Driver@d31a (875603d9)]&amp#27;[0m Got response with status 200: {"sessionId":"e3a29cb9-2bec-47c4-894c-84d6b3d1bd91","value":{"statusBar":66}}
[debug] &amp#27;[38;5;32m[AndroidUiautomator2Driver@d31a (875603d9)]&amp#27;[0m Matched '/window/current/size' to command name 'getWindowSize'
[debug] &amp#27;[38;5;32m[AndroidUiautomator2Driver@d31a (875603d9)]&amp#27;[0m Proxying [GET /window/current/size] to [GET http://127.0.0.1:8200/session/e3a29cb9-2bec-47c4-894c-84d6b3d1bd91/window/current/size] with no body
[debug] &amp#27;[38;5;32m[AndroidUiautomator2Driver@d31a (875603d9)]&amp#27;[0m Got response with status 200: {"sessionId":"e3a29cb9-2bec-47c4-894c-84d6b3d1bd91","value":{"height":2214,"width":1080}}
&amp#27;[38;5;16m[AppiumDriver@cf1a]&amp#27;[0m New AndroidUiautomator2Driver session created successfully, session 875603d9-c963-4be3-b1ff-1e2296f8f20d added to master session list
[debug] &amp#27;[38;5;16m[AppiumDriver@cf1a]&amp#27;[0m Event 'newSessionStarted' logged at 1696870828131 (20:00:28 GMT+0300 (GMT+03:00))
[debug] &amp#27;[38;5;32m[AndroidUiautomator2Driver@d31a (875603d9)]&amp#27;[0m Cached the protocol value 'W3C' for the new session 875603d9-c963-4be3-b1ff-1e2296f8f20d
[debug] &amp#27;[38;5;32m[AndroidUiautomator2Driver@d31a (875603d9)]&amp#27;[0m Responding to client with driver.createSession() result: {"capabilities":{"platform":"LINUX","webStorageEnabled":false,"takesScreenshot":true,"javascriptEnabled":true,"databaseEnabled":false,"networkConnectionEnabled":true,"locationContextEnabled":false,"warnings":{},"desired":{"platformName":"ANDROID","app":"/Users/dori/Downloads/zoobaAutomation-master//src//main//java//org//zoobaApp//Resources//zooba.apk","autoGrantPermissions":true,"automationName":"UIAutomator2","chromeOptions":{"w3c":false},"chromedriverExecutable":"/Users/dori/Downloads/zoobaAutomation-master//src//main//java//org//zoobaApp//TestUtils//Drivers//ChromeDriver//chromedriver.exe","deviceName":"PlayStore"},"platformName":"ANDROID","app":"/Users/dori/Downloads/zoobaAutomation-master//src//main//java//org//zoobaApp//Resources//zooba.apk","autoGrantPermissions":true,"automationName":"UIAutomator2","chromeOptions":{"w3c":false},"chromedriverExecutable":"/Users/dori/Downloads/zoobaAutomation-master//src//main//java//org//zoobaApp//TestUtils//Drivers//ChromeDriver//chromedriver.exe","deviceName":"emu...
&amp#27;[38;5;0m[HTTP]&amp#27;[0m <-- POST /session 200 6361 ms - 1441
&amp#27;[38;5;0m[HTTP]&amp#27;[0m 
&amp#27;[38;5;0m[HTTP]&amp#27;[0m &amp#27;[37m-->&amp#27;[39m &amp#27;[37mPOST&amp#27;[39m &amp#27;[37m/session/875603d9-c963-4be3-b1ff-1e2296f8f20d/timeouts&amp#27;[39m
&amp#27;[38;5;0m[HTTP]&amp#27;[0m {"implicit":10000}
[debug] &amp#27;[38;5;32m[AndroidUiautomator2Driver@d31a (875603d9)]&amp#27;[0m Calling AppiumDriver.timeouts() with args: [null,null,null,null,10000,"875603d9-c963-4be3-b1ff-1e2296f8f20d"]
[debug] &amp#27;[38;5;32m[AndroidUiautomator2Driver@d31a (875603d9)]&amp#27;[0m W3C timeout argument: {"implicit":10000}}
[debug] &amp#27;[38;5;32m[AndroidUiautomator2Driver@d31a (875603d9)]&amp#27;[0m Set implicit wait to 10000ms
[debug] &amp#27;[38;5;32m[AndroidUiautomator2Driver@d31a (875603d9)]&amp#27;[0m Responding to client with driver.timeouts() result: null
&amp#27;[38;5;0m[HTTP]&amp#27;[0m <-- POST /session/875603d9-c963-4be3-b1ff-1e2296f8f20d/timeouts 200 5 ms - 14
&amp#27;[38;5;0m[HTTP]&amp#27;[0m 
&amp#27;[38;5;0m[HTTP]&amp#27;[0m &amp#27;[37m-->&amp#27;[39m &amp#27;[37mPOST&amp#27;[39m &amp#27;[37m/session/875603d9-c963-4be3-b1ff-1e2296f8f20d/element&amp#27;[39m
&amp#27;[38;5;0m[HTTP]&amp#27;[0m {"using":"id","value":"com.leanscale.dcafood.zoobaegypt.beta:id/buttonLater"}
[debug] &amp#27;[38;5;32m[AndroidUiautomator2Driver@d31a (875603d9)]&amp#27;[0m Calling AppiumDriver.findElement() with args: ["id","com.leanscale.dcafood.zoobaegypt.beta:id/buttonLater","875603d9-c963-4be3-b1ff-1e2296f8f20d"]
[debug] &amp#27;[38;5;32m[AndroidUiautomator2Driver@d31a (875603d9)]&amp#27;[0m Valid locator strategies for this request: xpath, id, class name, accessibility id, css selector, -android uiautomator
[debug] &amp#27;[38;5;32m[AndroidUiautomator2Driver@d31a (875603d9)]&amp#27;[0m Waiting up to 10000 ms for condition
[debug] &amp#27;[38;5;32m[AndroidUiautomator2Driver@d31a (875603d9)]&amp#27;[0m Matched '/element' to command name 'findElement'
[debug] &amp#27;[38;5;32m[AndroidUiautomator2Driver@d31a (875603d9)]&amp#27;[0m Proxying [POST /element] to [POST http://127.0.0.1:8200/session/e3a29cb9-2bec-47c4-894c-84d6b3d1bd91/element] with body: {"strategy":"id","selector":"com.leanscale.dcafood.zoobaegypt.beta:id/buttonLater","context":"","multiple":false}
&amp#27;[38;5;32m[AndroidUiautomator2Driver@d31a (875603d9)]&amp#27;[0m Got response with status 404: {"sessionId":"e3a29cb9-2bec-47c4-894c-84d6b3d1bd91","value":{"error":"no such element","message":"An element could not be located on the page using the given search parameters","stacktrace":"io.appium.uiautomator2.common.exceptions.ElementNotFoundException: An element could not be located on the page using the given search parameters\n\tat io.appium.uiautomator2.handler.FindElement.safeHandle(FindElement.java:63)\n\tat io.appium.uiautomator2.handler.request.SafeRequestHandler.handle(SafeRequestHandler.java:59)\n\tat io.appium.uiautomator2.server.AppiumServlet.handleRequest(AppiumServlet.java:277)\n\tat io.appium.uiautomator2.server.AppiumServlet.handleHttpRequest(AppiumServlet.java:271)\n\tat io.appium.uiautomator2.http.ServerHandler.channelRead(ServerHandler.java:77)\n\tat io.netty.channel.AbstractChannelHandlerContext.invokeChannelRead(AbstractChannelHandlerContext.java:366)\n\tat io.netty.channel.AbstractChannelHandlerContext.invokeChannelRead(AbstractChannelHandlerContext.java:352)\n\tat io.netty.chann...
[debug] &amp#27;[38;5;128m[W3C]&amp#27;[0m Matched W3C error code 'no such element' to NoSuchElementError
[debug] &amp#27;[38;5;32m[AndroidUiautomator2Driver@d31a (875603d9)]&amp#27;[0m Waited for 28 ms so far
[debug] &amp#27;[38;5;32m[AndroidUiautomator2Driver@d31a (875603d9)]&amp#27;[0m Matched '/element' to command name 'findElement'
[debug] &amp#27;[38;5;32m[AndroidUiautomator2Driver@d31a (875603d9)]&amp#27;[0m Proxying [POST /element] to [POST http://127.0.0.1:8200/session/e3a29cb9-2bec-47c4-894c-84d6b3d1bd91/element] with body: {"strategy":"id","selector":"com.leanscale.dcafood.zoobaegypt.beta:id/buttonLater","context":"","multiple":false}
&amp#27;[38;5;32m[AndroidUiautomator2Driver@d31a (875603d9)]&amp#27;[0m Got response with status 404: {"sessionId":"e3a29cb9-2bec-47c4-894c-84d6b3d1bd91","value":{"error":"no such element","message":"An element could not be located on the page using the given search parameters","stacktrace":"io.appium.uiautomator2.common.exceptions.ElementNotFoundException: An element could not be located on the page using the given search parameters\n\tat io.appium.uiautomator2.handler.FindElement.safeHandle(FindElement.java:63)\n\tat io.appium.uiautomator2.handler.request.SafeRequestHandler.handle(SafeRequestHandler.java:59)\n\tat io.appium.uiautomator2.server.AppiumServlet.handleRequest(AppiumServlet.java:277)\n\tat io.appium.uiautomator2.server.AppiumServlet.handleHttpRequest(AppiumServlet.java:271)\n\tat io.appium.uiautomator2.http.ServerHandler.channelRead(ServerHandler.java:77)\n\tat io.netty.channel.AbstractChannelHandlerContext.invokeChannelRead(AbstractChannelHandlerContext.java:366)\n\tat io.netty.channel.AbstractChannelHandlerContext.invokeChannelRead(AbstractChannelHandlerContext.java:352)\n\tat io.netty.chann...
[debug] &amp#27;[38;5;128m[W3C]&amp#27;[0m Matched W3C error code 'no such element' to NoSuchElementError
[debug] &amp#27;[38;5;32m[AndroidUiautomator2Driver@d31a (875603d9)]&amp#27;[0m Waited for 555 ms so far
[debug] &amp#27;[38;5;32m[AndroidUiautomator2Driver@d31a (875603d9)]&amp#27;[0m Matched '/element' to command name 'findElement'
[debug] &amp#27;[38;5;32m[AndroidUiautomator2Driver@d31a (875603d9)]&amp#27;[0m Proxying [POST /element] to [POST http://127.0.0.1:8200/session/e3a29cb9-2bec-47c4-894c-84d6b3d1bd91/element] with body: {"strategy":"id","selector":"com.leanscale.dcafood.zoobaegypt.beta:id/buttonLater","context":"","multiple":false}
[debug] &amp#27;[38;5;32m[AndroidUiautomator2Driver@d31a (875603d9)]&amp#27;[0m Got response with status 200: {"sessionId":"e3a29cb9-2bec-47c4-894c-84d6b3d1bd91","value":{"ELEMENT":"00000000-0000-0090-ffff-ffff00000013","element-6066-11e4-a52e-4f735466cecf":"00000000-0000-0090-ffff-ffff00000013"}}
[debug] &amp#27;[38;5;32m[AndroidUiautomator2Driver@d31a (875603d9)]&amp#27;[0m Responding to client with driver.findElement() result: {"element-6066-11e4-a52e-4f735466cecf":"00000000-0000-0090-ffff-ffff00000013","ELEMENT":"00000000-0000-0090-ffff-ffff00000013"}
&amp#27;[38;5;0m[HTTP]&amp#27;[0m <-- POST /session/875603d9-c963-4be3-b1ff-1e2296f8f20d/element 200 1262 ms - 137
&amp#27;[38;5;0m[HTTP]&amp#27;[0m 
&amp#27;[38;5;0m[HTTP]&amp#27;[0m &amp#27;[37m-->&amp#27;[39m &amp#27;[37mPOST&amp#27;[39m &amp#27;[37m/session/875603d9-c963-4be3-b1ff-1e2296f8f20d/element/00000000-0000-0090-ffff-ffff00000013/click&amp#27;[39m
&amp#27;[38;5;0m[HTTP]&amp#27;[0m {"id":"00000000-0000-0090-ffff-ffff00000013"}
[debug] &amp#27;[38;5;32m[AndroidUiautomator2Driver@d31a (875603d9)]&amp#27;[0m Calling AppiumDriver.click() with args: ["00000000-0000-0090-ffff-ffff00000013","875603d9-c963-4be3-b1ff-1e2296f8f20d"]
[debug] &amp#27;[38;5;32m[AndroidUiautomator2Driver@d31a (875603d9)]&amp#27;[0m Matched '/element/00000000-0000-0090-ffff-ffff00000013/click' to command name 'click'
[debug] &amp#27;[38;5;32m[AndroidUiautomator2Driver@d31a (875603d9)]&amp#27;[0m Proxying [POST /element/00000000-0000-0090-ffff-ffff00000013/click] to [POST http://127.0.0.1:8200/session/e3a29cb9-2bec-47c4-894c-84d6b3d1bd91/element/00000000-0000-0090-ffff-ffff00000013/click] with body: {"element":"00000000-0000-0090-ffff-ffff00000013"}
[debug] &amp#27;[38;5;32m[AndroidUiautomator2Driver@d31a (875603d9)]&amp#27;[0m Got response with status 200: {"sessionId":"e3a29cb9-2bec-47c4-894c-84d6b3d1bd91","value":null}
[debug] &amp#27;[38;5;32m[AndroidUiautomator2Driver@d31a (875603d9)]&amp#27;[0m Responding to client with driver.click() result: null
&amp#27;[38;5;0m[HTTP]&amp#27;[0m <-- POST /session/875603d9-c963-4be3-b1ff-1e2296f8f20d/element/00000000-0000-0090-ffff-ffff00000013/click 200 51 ms - 14
&amp#27;[38;5;0m[HTTP]&amp#27;[0m 
&amp#27;[38;5;0m[HTTP]&amp#27;[0m &amp#27;[37m-->&amp#27;[39m &amp#27;[37mPOST&amp#27;[39m &amp#27;[37m/session/875603d9-c963-4be3-b1ff-1e2296f8f20d/element&amp#27;[39m
&amp#27;[38;5;0m[HTTP]&amp#27;[0m {"using":"id","value":"com.leanscale.dcafood.zoobaegypt.beta:id/buttonLogin"}
[debug] &amp#27;[38;5;32m[AndroidUiautomator2Driver@d31a (875603d9)]&amp#27;[0m Calling AppiumDriver.findElement() with args: ["id","com.leanscale.dcafood.zoobaegypt.beta:id/buttonLogin","875603d9-c963-4be3-b1ff-1e2296f8f20d"]
[debug] &amp#27;[38;5;32m[AndroidUiautomator2Driver@d31a (875603d9)]&amp#27;[0m Valid locator strategies for this request: xpath, id, class name, accessibility id, css selector, -android uiautomator
[debug] &amp#27;[38;5;32m[AndroidUiautomator2Driver@d31a (875603d9)]&amp#27;[0m Waiting up to 10000 ms for condition
[debug] &amp#27;[38;5;32m[AndroidUiautomator2Driver@d31a (875603d9)]&amp#27;[0m Matched '/element' to command name 'findElement'
[debug] &amp#27;[38;5;32m[AndroidUiautomator2Driver@d31a (875603d9)]&amp#27;[0m Proxying [POST /element] to [POST http://127.0.0.1:8200/session/e3a29cb9-2bec-47c4-894c-84d6b3d1bd91/element] with body: {"strategy":"id","selector":"com.leanscale.dcafood.zoobaegypt.beta:id/buttonLogin","context":"","multiple":false}
&amp#27;[38;5;32m[AndroidUiautomator2Driver@d31a (875603d9)]&amp#27;[0m Got response with status 404: {"sessionId":"e3a29cb9-2bec-47c4-894c-84d6b3d1bd91","value":{"error":"no such element","message":"An element could not be located on the page using the given search parameters","stacktrace":"io.appium.uiautomator2.common.exceptions.ElementNotFoundException: An element could not be located on the page using the given search parameters\n\tat io.appium.uiautomator2.handler.FindElement.safeHandle(FindElement.java:63)\n\tat io.appium.uiautomator2.handler.request.SafeRequestHandler.handle(SafeRequestHandler.java:59)\n\tat io.appium.uiautomator2.server.AppiumServlet.handleRequest(AppiumServlet.java:277)\n\tat io.appium.uiautomator2.server.AppiumServlet.handleHttpRequest(AppiumServlet.java:271)\n\tat io.appium.uiautomator2.http.ServerHandler.channelRead(ServerHandler.java:77)\n\tat io.netty.channel.AbstractChannelHandlerContext.invokeChannelRead(AbstractChannelHandlerContext.java:366)\n\tat io.netty.channel.AbstractChannelHandlerContext.invokeChannelRead(AbstractChannelHandlerContext.java:352)\n\tat io.netty.chann...
[debug] &amp#27;[38;5;128m[W3C]&amp#27;[0m Matched W3C error code 'no such element' to NoSuchElementError
[debug] &amp#27;[38;5;32m[AndroidUiautomator2Driver@d31a (875603d9)]&amp#27;[0m Waited for 299 ms so far
[debug] &amp#27;[38;5;32m[AndroidUiautomator2Driver@d31a (875603d9)]&amp#27;[0m Matched '/element' to command name 'findElement'
[debug] &amp#27;[38;5;32m[AndroidUiautomator2Driver@d31a (875603d9)]&amp#27;[0m Proxying [POST /element] to [POST http://127.0.0.1:8200/session/e3a29cb9-2bec-47c4-894c-84d6b3d1bd91/element] with body: {"strategy":"id","selector":"com.leanscale.dcafood.zoobaegypt.beta:id/buttonLogin","context":"","multiple":false}
[debug] &amp#27;[38;5;32m[AndroidUiautomator2Driver@d31a (875603d9)]&amp#27;[0m Got response with status 200: {"sessionId":"e3a29cb9-2bec-47c4-894c-84d6b3d1bd91","value":{"ELEMENT":"00000000-0000-0091-ffff-ffff00000032","element-6066-11e4-a52e-4f735466cecf":"00000000-0000-0091-ffff-ffff00000032"}}
[debug] &amp#27;[38;5;32m[AndroidUiautomator2Driver@d31a (875603d9)]&amp#27;[0m Responding to client with driver.findElement() result: {"element-6066-11e4-a52e-4f735466cecf":"00000000-0000-0091-ffff-ffff00000032","ELEMENT":"00000000-0000-0091-ffff-ffff00000032"}
&amp#27;[38;5;0m[HTTP]&amp#27;[0m <-- POST /session/875603d9-c963-4be3-b1ff-1e2296f8f20d/element 200 1342 ms - 137
&amp#27;[38;5;0m[HTTP]&amp#27;[0m 
&amp#27;[38;5;0m[HTTP]&amp#27;[0m &amp#27;[37m-->&amp#27;[39m &amp#27;[37mPOST&amp#27;[39m &amp#27;[37m/session/875603d9-c963-4be3-b1ff-1e2296f8f20d/element/00000000-0000-0091-ffff-ffff00000032/click&amp#27;[39m
&amp#27;[38;5;0m[HTTP]&amp#27;[0m {"id":"00000000-0000-0091-ffff-ffff00000032"}
[debug] &amp#27;[38;5;32m[AndroidUiautomator2Driver@d31a (875603d9)]&amp#27;[0m Calling AppiumDriver.click() with args: ["00000000-0000-0091-ffff-ffff00000032","875603d9-c963-4be3-b1ff-1e2296f8f20d"]
[debug] &amp#27;[38;5;32m[AndroidUiautomator2Driver@d31a (875603d9)]&amp#27;[0m Matched '/element/00000000-0000-0091-ffff-ffff00000032/click' to command name 'click'
[debug] &amp#27;[38;5;32m[AndroidUiautomator2Driver@d31a (875603d9)]&amp#27;[0m Proxying [POST /element/00000000-0000-0091-ffff-ffff00000032/click] to [POST http://127.0.0.1:8200/session/e3a29cb9-2bec-47c4-894c-84d6b3d1bd91/element/00000000-0000-0091-ffff-ffff00000032/click] with body: {"element":"00000000-0000-0091-ffff-ffff00000032"}
[debug] &amp#27;[38;5;32m[AndroidUiautomator2Driver@d31a (875603d9)]&amp#27;[0m Got response with status 200: {"sessionId":"e3a29cb9-2bec-47c4-894c-84d6b3d1bd91","value":null}
[debug] &amp#27;[38;5;32m[AndroidUiautomator2Driver@d31a (875603d9)]&amp#27;[0m Responding to client with driver.click() result: null
&amp#27;[38;5;0m[HTTP]&amp#27;[0m <-- POST /session/875603d9-c963-4be3-b1ff-1e2296f8f20d/element/00000000-0000-0091-ffff-ffff00000032/click 200 85 ms - 14
&amp#27;[38;5;0m[HTTP]&amp#27;[0m 
&amp#27;[38;5;0m[HTTP]&amp#27;[0m &amp#27;[37m-->&amp#27;[39m &amp#27;[37mPOST&amp#27;[39m &amp#27;[37m/session/875603d9-c963-4be3-b1ff-1e2296f8f20d/element&amp#27;[39m
&amp#27;[38;5;0m[HTTP]&amp#27;[0m {"using":"xpath","value":"//android.widget.TextView[@text='Sign up']"}
[debug] &amp#27;[38;5;32m[AndroidUiautomator2Driver@d31a (875603d9)]&amp#27;[0m Calling AppiumDriver.findElement() with args: ["xpath","//android.widget.TextView[@text='Sign up']","875603d9-c963-4be3-b1ff-1e2296f8f20d"]
[debug] &amp#27;[38;5;32m[AndroidUiautomator2Driver@d31a (875603d9)]&amp#27;[0m Valid locator strategies for this request: xpath, id, class name, accessibility id, css selector, -android uiautomator
[debug] &amp#27;[38;5;32m[AndroidUiautomator2Driver@d31a (875603d9)]&amp#27;[0m Waiting up to 10000 ms for condition
[debug] &amp#27;[38;5;32m[AndroidUiautomator2Driver@d31a (875603d9)]&amp#27;[0m Matched '/element' to command name 'findElement'
[debug] &amp#27;[38;5;32m[AndroidUiautomator2Driver@d31a (875603d9)]&amp#27;[0m Proxying [POST /element] to [POST http://127.0.0.1:8200/session/e3a29cb9-2bec-47c4-894c-84d6b3d1bd91/element] with body: {"strategy":"xpath","selector":"//android.widget.TextView[@text='Sign up']","context":"","multiple":false}
[debug] &amp#27;[38;5;32m[AndroidUiautomator2Driver@d31a (875603d9)]&amp#27;[0m Got response with status 200: {"sessionId":"e3a29cb9-2bec-47c4-894c-84d6b3d1bd91","value":{"ELEMENT":"00000000-0000-0093-ffff-ffff0000005e","element-6066-11e4-a52e-4f735466cecf":"00000000-0000-0093-ffff-ffff0000005e"}}
[debug] &amp#27;[38;5;32m[AndroidUiautomator2Driver@d31a (875603d9)]&amp#27;[0m Responding to client with driver.findElement() result: {"element-6066-11e4-a52e-4f735466cecf":"00000000-0000-0093-ffff-ffff0000005e","ELEMENT":"00000000-0000-0093-ffff-ffff0000005e"}
&amp#27;[38;5;0m[HTTP]&amp#27;[0m <-- POST /session/875603d9-c963-4be3-b1ff-1e2296f8f20d/element 200 1572 ms - 137
&amp#27;[38;5;0m[HTTP]&amp#27;[0m 
&amp#27;[38;5;0m[HTTP]&amp#27;[0m &amp#27;[37m-->&amp#27;[39m &amp#27;[37mPOST&amp#27;[39m &amp#27;[37m/session/875603d9-c963-4be3-b1ff-1e2296f8f20d/element/00000000-0000-0093-ffff-ffff0000005e/click&amp#27;[39m
&amp#27;[38;5;0m[HTTP]&amp#27;[0m {"id":"00000000-0000-0093-ffff-ffff0000005e"}
[debug] &amp#27;[38;5;32m[AndroidUiautomator2Driver@d31a (875603d9)]&amp#27;[0m Calling AppiumDriver.click() with args: ["00000000-0000-0093-ffff-ffff0000005e","875603d9-c963-4be3-b1ff-1e2296f8f20d"]
[debug] &amp#27;[38;5;32m[AndroidUiautomator2Driver@d31a (875603d9)]&amp#27;[0m Matched '/element/00000000-0000-0093-ffff-ffff0000005e/click' to command name 'click'
[debug] &amp#27;[38;5;32m[AndroidUiautomator2Driver@d31a (875603d9)]&amp#27;[0m Proxying [POST /element/00000000-0000-0093-ffff-ffff0000005e/click] to [POST http://127.0.0.1:8200/session/e3a29cb9-2bec-47c4-894c-84d6b3d1bd91/element/00000000-0000-0093-ffff-ffff0000005e/click] with body: {"element":"00000000-0000-0093-ffff-ffff0000005e"}
[debug] &amp#27;[38;5;32m[AndroidUiautomator2Driver@d31a (875603d9)]&amp#27;[0m Got response with status 200: {"sessionId":"e3a29cb9-2bec-47c4-894c-84d6b3d1bd91","value":null}
[debug] &amp#27;[38;5;32m[AndroidUiautomator2Driver@d31a (875603d9)]&amp#27;[0m Responding to client with driver.click() result: null
&amp#27;[38;5;0m[HTTP]&amp#27;[0m <-- POST /session/875603d9-c963-4be3-b1ff-1e2296f8f20d/element/00000000-0000-0093-ffff-ffff0000005e/click 200 594 ms - 14
&amp#27;[38;5;0m[HTTP]&amp#27;[0m 
&amp#27;[38;5;0m[HTTP]&amp#27;[0m &amp#27;[37m-->&amp#27;[39m &amp#27;[37mPOST&amp#27;[39m &amp#27;[37m/session/875603d9-c963-4be3-b1ff-1e2296f8f20d/element&amp#27;[39m
&amp#27;[38;5;0m[HTTP]&amp#27;[0m {"using":"id","value":"com.leanscale.dcafood.zoobaegypt.beta:id/imageButtonGoogle"}
[debug] &amp#27;[38;5;32m[AndroidUiautomator2Driver@d31a (875603d9)]&amp#27;[0m Calling AppiumDriver.findElement() with args: ["id","com.leanscale.dcafood.zoobaegypt.beta:id/imageButtonGoogle","875603d9-c963-4be3-b1ff-1e2296f8f20d"]
[debug] &amp#27;[38;5;32m[AndroidUiautomator2Driver@d31a (875603d9)]&amp#27;[0m Valid locator strategies for this request: xpath, id, class name, accessibility id, css selector, -android uiautomator
[debug] &amp#27;[38;5;32m[AndroidUiautomator2Driver@d31a (875603d9)]&amp#27;[0m Waiting up to 10000 ms for condition
[debug] &amp#27;[38;5;32m[AndroidUiautomator2Driver@d31a (875603d9)]&amp#27;[0m Matched '/element' to command name 'findElement'
[debug] &amp#27;[38;5;32m[AndroidUiautomator2Driver@d31a (875603d9)]&amp#27;[0m Proxying [POST /element] to [POST http://127.0.0.1:8200/session/e3a29cb9-2bec-47c4-894c-84d6b3d1bd91/element] with body: {"strategy":"id","selector":"com.leanscale.dcafood.zoobaegypt.beta:id/imageButtonGoogle","context":"","multiple":false}
[debug] &amp#27;[38;5;32m[AndroidUiautomator2Driver@d31a (875603d9)]&amp#27;[0m Got response with status 200: {"sessionId":"e3a29cb9-2bec-47c4-894c-84d6b3d1bd91","value":{"ELEMENT":"00000000-0000-0093-ffff-ffff0000009e","element-6066-11e4-a52e-4f735466cecf":"00000000-0000-0093-ffff-ffff0000009e"}}
[debug] &amp#27;[38;5;32m[AndroidUiautomator2Driver@d31a (875603d9)]&amp#27;[0m Responding to client with driver.findElement() result: {"element-6066-11e4-a52e-4f735466cecf":"00000000-0000-0093-ffff-ffff0000009e","ELEMENT":"00000000-0000-0093-ffff-ffff0000009e"}
&amp#27;[38;5;0m[HTTP]&amp#27;[0m <-- POST /session/875603d9-c963-4be3-b1ff-1e2296f8f20d/element 200 112 ms - 137
&amp#27;[38;5;0m[HTTP]&amp#27;[0m 
&amp#27;[38;5;0m[HTTP]&amp#27;[0m &amp#27;[37m-->&amp#27;[39m &amp#27;[37mPOST&amp#27;[39m &amp#27;[37m/session/875603d9-c963-4be3-b1ff-1e2296f8f20d/element/00000000-0000-0093-ffff-ffff0000009e/click&amp#27;[39m
&amp#27;[38;5;0m[HTTP]&amp#27;[0m {"id":"00000000-0000-0093-ffff-ffff0000009e"}
[debug] &amp#27;[38;5;32m[AndroidUiautomator2Driver@d31a (875603d9)]&amp#27;[0m Calling AppiumDriver.click() with args: ["00000000-0000-0093-ffff-ffff0000009e","875603d9-c963-4be3-b1ff-1e2296f8f20d"]
[debug] &amp#27;[38;5;32m[AndroidUiautomator2Driver@d31a (875603d9)]&amp#27;[0m Matched '/element/00000000-0000-0093-ffff-ffff0000009e/click' to command name 'click'
[debug] &amp#27;[38;5;32m[AndroidUiautomator2Driver@d31a (875603d9)]&amp#27;[0m Proxying [POST /element/00000000-0000-0093-ffff-ffff0000009e/click] to [POST http://127.0.0.1:8200/session/e3a29cb9-2bec-47c4-894c-84d6b3d1bd91/element/00000000-0000-0093-ffff-ffff0000009e/click] with body: {"element":"00000000-0000-0093-ffff-ffff0000009e"}
[debug] &amp#27;[38;5;32m[AndroidUiautomator2Driver@d31a (875603d9)]&amp#27;[0m Got response with status 200: {"sessionId":"e3a29cb9-2bec-47c4-894c-84d6b3d1bd91","value":null}
[debug] &amp#27;[38;5;32m[AndroidUiautomator2Driver@d31a (875603d9)]&amp#27;[0m Responding to client with driver.click() result: null
&amp#27;[38;5;0m[HTTP]&amp#27;[0m <-- POST /session/875603d9-c963-4be3-b1ff-1e2296f8f20d/element/00000000-0000-0093-ffff-ffff0000009e/click 200 499 ms - 14
&amp#27;[38;5;0m[HTTP]&amp#27;[0m 
&amp#27;[38;5;0m[HTTP]&amp#27;[0m &amp#27;[37m-->&amp#27;[39m &amp#27;[37mPOST&amp#27;[39m &amp#27;[37m/session/875603d9-c963-4be3-b1ff-1e2296f8f20d/elements&amp#27;[39m
&amp#27;[38;5;0m[HTTP]&amp#27;[0m {"using":"id","value":"com.google.android.gms:id/account_display_name"}
[debug] &amp#27;[38;5;32m[AndroidUiautomator2Driver@d31a (875603d9)]&amp#27;[0m Calling AppiumDriver.findElements() with args: ["id","com.google.android.gms:id/account_display_name","875603d9-c963-4be3-b1ff-1e2296f8f20d"]
[debug] &amp#27;[38;5;32m[AndroidUiautomator2Driver@d31a (875603d9)]&amp#27;[0m Valid locator strategies for this request: xpath, id, class name, accessibility id, css selector, -android uiautomator
[debug] &amp#27;[38;5;32m[AndroidUiautomator2Driver@d31a (875603d9)]&amp#27;[0m Waiting up to 10000 ms for condition
[debug] &amp#27;[38;5;32m[AndroidUiautomator2Driver@d31a (875603d9)]&amp#27;[0m Matched '/elements' to command name 'findElements'
[debug] &amp#27;[38;5;32m[AndroidUiautomator2Driver@d31a (875603d9)]&amp#27;[0m Proxying [POST /elements] to [POST http://127.0.0.1:8200/session/e3a29cb9-2bec-47c4-894c-84d6b3d1bd91/elements] with body: {"strategy":"id","selector":"com.google.android.gms:id/account_display_name","context":"","multiple":true}
[debug] &amp#27;[38;5;32m[AndroidUiautomator2Driver@d31a (875603d9)]&amp#27;[0m Got response with status 200: {"sessionId":"e3a29cb9-2bec-47c4-894c-84d6b3d1bd91","value":[]}
[debug] &amp#27;[38;5;32m[AndroidUiautomator2Driver@d31a (875603d9)]&amp#27;[0m Waited for 143 ms so far
[debug] &amp#27;[38;5;32m[AndroidUiautomator2Driver@d31a (875603d9)]&amp#27;[0m Matched '/elements' to command name 'findElements'
[debug] &amp#27;[38;5;32m[AndroidUiautomator2Driver@d31a (875603d9)]&amp#27;[0m Proxying [POST /elements] to [POST http://127.0.0.1:8200/session/e3a29cb9-2bec-47c4-894c-84d6b3d1bd91/elements] with body: {"strategy":"id","selector":"com.google.android.gms:id/account_display_name","context":"","multiple":true}
[debug] &amp#27;[38;5;32m[AndroidUiautomator2Driver@d31a (875603d9)]&amp#27;[0m Got response with status 200: {"sessionId":"e3a29cb9-2bec-47c4-894c-84d6b3d1bd91","value":[]}
[debug] &amp#27;[38;5;32m[AndroidUiautomator2Driver@d31a (875603d9)]&amp#27;[0m Waited for 2337 ms so far
[debug] &amp#27;[38;5;32m[AndroidUiautomator2Driver@d31a (875603d9)]&amp#27;[0m Matched '/elements' to command name 'findElements'
[debug] &amp#27;[38;5;32m[AndroidUiautomator2Driver@d31a (875603d9)]&amp#27;[0m Proxying [POST /elements] to [POST http://127.0.0.1:8200/session/e3a29cb9-2bec-47c4-894c-84d6b3d1bd91/elements] with body: {"strategy":"id","selector":"com.google.android.gms:id/account_display_name","context":"","multiple":true}
[debug] &amp#27;[38;5;32m[AndroidUiautomator2Driver@d31a (875603d9)]&amp#27;[0m Got response with status 200: {"sessionId":"e3a29cb9-2bec-47c4-894c-84d6b3d1bd91","value":[]}
[debug] &amp#27;[38;5;32m[AndroidUiautomator2Driver@d31a (875603d9)]&amp#27;[0m Waited for 2919 ms so far
[debug] &amp#27;[38;5;32m[AndroidUiautomator2Driver@d31a (875603d9)]&amp#27;[0m Matched '/elements' to command name 'findElements'
[debug] &amp#27;[38;5;32m[AndroidUiautomator2Driver@d31a (875603d9)]&amp#27;[0m Proxying [POST /elements] to [POST http://127.0.0.1:8200/session/e3a29cb9-2bec-47c4-894c-84d6b3d1bd91/elements] with body: {"strategy":"id","selector":"com.google.android.gms:id/account_display_name","context":"","multiple":true}
[debug] &amp#27;[38;5;32m[AndroidUiautomator2Driver@d31a (875603d9)]&amp#27;[0m Got response with status 200: {"sessionId":"e3a29cb9-2bec-47c4-894c-84d6b3d1bd91","value":[]}
[debug] &amp#27;[38;5;32m[AndroidUiautomator2Driver@d31a (875603d9)]&amp#27;[0m Waited for 3501 ms so far
[debug] &amp#27;[38;5;32m[AndroidUiautomator2Driver@d31a (875603d9)]&amp#27;[0m Matched '/elements' to command name 'findElements'
[debug] &amp#27;[38;5;32m[AndroidUiautomator2Driver@d31a (875603d9)]&amp#27;[0m Proxying [POST /elements] to [POST http://127.0.0.1:8200/session/e3a29cb9-2bec-47c4-894c-84d6b3d1bd91/elements] with body: {"strategy":"id","selector":"com.google.android.gms:id/account_display_name","context":"","multiple":true}
[debug] &amp#27;[38;5;32m[AndroidUiautomator2Driver@d31a (875603d9)]&amp#27;[0m Got response with status 200: {"sessionId":"e3a29cb9-2bec-47c4-894c-84d6b3d1bd91","value":[]}
[debug] &amp#27;[38;5;32m[AndroidUiautomator2Driver@d31a (875603d9)]&amp#27;[0m Waited for 4077 ms so far
[debug] &amp#27;[38;5;32m[AndroidUiautomator2Driver@d31a (875603d9)]&amp#27;[0m Matched '/elements' to command name 'findElements'
[debug] &amp#27;[38;5;32m[AndroidUiautomator2Driver@d31a (875603d9)]&amp#27;[0m Proxying [POST /elements] to [POST http://127.0.0.1:8200/session/e3a29cb9-2bec-47c4-894c-84d6b3d1bd91/elements] with body: {"strategy":"id","selector":"com.google.android.gms:id/account_display_name","context":"","multiple":true}
[debug] &amp#27;[38;5;32m[AndroidUiautomator2Driver@d31a (875603d9)]&amp#27;[0m Got response with status 200: {"sessionId":"e3a29cb9-2bec-47c4-894c-84d6b3d1bd91","value":[]}
[debug] &amp#27;[38;5;32m[AndroidUiautomator2Driver@d31a (875603d9)]&amp#27;[0m Waited for 4625 ms so far
[debug] &amp#27;[38;5;32m[AndroidUiautomator2Driver@d31a (875603d9)]&amp#27;[0m Matched '/elements' to command name 'findElements'
[debug] &amp#27;[38;5;32m[AndroidUiautomator2Driver@d31a (875603d9)]&amp#27;[0m Proxying [POST /elements] to [POST http://127.0.0.1:8200/session/e3a29cb9-2bec-47c4-894c-84d6b3d1bd91/elements] with body: {"strategy":"id","selector":"com.google.android.gms:id/account_display_name","context":"","multiple":true}
[debug] &amp#27;[38;5;32m[AndroidUiautomator2Driver@d31a (875603d9)]&amp#27;[0m Got response with status 200: {"sessionId":"e3a29cb9-2bec-47c4-894c-84d6b3d1bd91","value":[]}
[debug] &amp#27;[38;5;32m[AndroidUiautomator2Driver@d31a (875603d9)]&amp#27;[0m Waited for 5171 ms so far
[debug] &amp#27;[38;5;32m[AndroidUiautomator2Driver@d31a (875603d9)]&amp#27;[0m Matched '/elements' to command name 'findElements'
[debug] &amp#27;[38;5;32m[AndroidUiautomator2Driver@d31a (875603d9)]&amp#27;[0m Proxying [POST /elements] to [POST http://127.0.0.1:8200/session/e3a29cb9-2bec-47c4-894c-84d6b3d1bd91/elements] with body: {"strategy":"id","selector":"com.google.android.gms:id/account_display_name","context":"","multiple":true}
[debug] &amp#27;[38;5;32m[AndroidUiautomator2Driver@d31a (875603d9)]&amp#27;[0m Got response with status 200: {"sessionId":"e3a29cb9-2bec-47c4-894c-84d6b3d1bd91","value":[]}
[debug] &amp#27;[38;5;32m[AndroidUiautomator2Driver@d31a (875603d9)]&amp#27;[0m Waited for 5733 ms so far
[debug] &amp#27;[38;5;32m[AndroidUiautomator2Driver@d31a (875603d9)]&amp#27;[0m Matched '/elements' to command name 'findElements'
[debug] &amp#27;[38;5;32m[AndroidUiautomator2Driver@d31a (875603d9)]&amp#27;[0m Proxying [POST /elements] to [POST http://127.0.0.1:8200/session/e3a29cb9-2bec-47c4-894c-84d6b3d1bd91/elements] with body: {"strategy":"id","selector":"com.google.android.gms:id/account_display_name","context":"","multiple":true}
[debug] &amp#27;[38;5;32m[AndroidUiautomator2Driver@d31a (875603d9)]&amp#27;[0m Got response with status 200: {"sessionId":"e3a29cb9-2bec-47c4-894c-84d6b3d1bd91","value":[]}
[debug] &amp#27;[38;5;32m[AndroidUiautomator2Driver@d31a (875603d9)]&amp#27;[0m Waited for 6304 ms so far
[debug] &amp#27;[38;5;32m[AndroidUiautomator2Driver@d31a (875603d9)]&amp#27;[0m Matched '/elements' to command name 'findElements'
[debug] &amp#27;[38;5;32m[AndroidUiautomator2Driver@d31a (875603d9)]&amp#27;[0m Proxying [POST /elements] to [POST http://127.0.0.1:8200/session/e3a29cb9-2bec-47c4-894c-84d6b3d1bd91/elements] with body: {"strategy":"id","selector":"com.google.android.gms:id/account_display_name","context":"","multiple":true}
[debug] &amp#27;[38;5;32m[AndroidUiautomator2Driver@d31a (875603d9)]&amp#27;[0m Got response with status 200: {"sessionId":"e3a29cb9-2bec-47c4-894c-84d6b3d1bd91","value":[]}
[debug] &amp#27;[38;5;32m[AndroidUiautomator2Driver@d31a (875603d9)]&amp#27;[0m Waited for 6882 ms so far
[debug] &amp#27;[38;5;32m[AndroidUiautomator2Driver@d31a (875603d9)]&amp#27;[0m Matched '/elements' to command name 'findElements'
[debug] &amp#27;[38;5;32m[AndroidUiautomator2Driver@d31a (875603d9)]&amp#27;[0m Proxying [POST /elements] to [POST http://127.0.0.1:8200/session/e3a29cb9-2bec-47c4-894c-84d6b3d1bd91/elements] with body: {"strategy":"id","selector":"com.google.android.gms:id/account_display_name","context":"","multiple":true}
[debug] &amp#27;[38;5;32m[AndroidUiautomator2Driver@d31a (875603d9)]&amp#27;[0m Got response with status 200: {"sessionId":"e3a29cb9-2bec-47c4-894c-84d6b3d1bd91","value":[]}
[debug] &amp#27;[38;5;32m[AndroidUiautomator2Driver@d31a (875603d9)]&amp#27;[0m Waited for 7427 ms so far
[debug] &amp#27;[38;5;32m[AndroidUiautomator2Driver@d31a (875603d9)]&amp#27;[0m Matched '/elements' to command name 'findElements'
[debug] &amp#27;[38;5;32m[AndroidUiautomator2Driver@d31a (875603d9)]&amp#27;[0m Proxying [POST /elements] to [POST http://127.0.0.1:8200/session/e3a29cb9-2bec-47c4-894c-84d6b3d1bd91/elements] with body: {"strategy":"id","selector":"com.google.android.gms:id/account_display_name","context":"","multiple":true}
[debug] &amp#27;[38;5;32m[AndroidUiautomator2Driver@d31a (875603d9)]&amp#27;[0m Got response with status 200: {"sessionId":"e3a29cb9-2bec-47c4-894c-84d6b3d1bd91","value":[]}
[debug] &amp#27;[38;5;32m[AndroidUiautomator2Driver@d31a (875603d9)]&amp#27;[0m Waited for 8006 ms so far
[debug] &amp#27;[38;5;32m[AndroidUiautomator2Driver@d31a (875603d9)]&amp#27;[0m Matched '/elements' to command name 'findElements'
[debug] &amp#27;[38;5;32m[AndroidUiautomator2Driver@d31a (875603d9)]&amp#27;[0m Proxying [POST /elements] to [POST http://127.0.0.1:8200/session/e3a29cb9-2bec-47c4-894c-84d6b3d1bd91/elements] with body: {"strategy":"id","selector":"com.google.android.gms:id/account_display_name","context":"","multiple":true}
[debug] &amp#27;[38;5;32m[AndroidUiautomator2Driver@d31a (875603d9)]&amp#27;[0m Got response with status 200: {"sessionId":"e3a29cb9-2bec-47c4-894c-84d6b3d1bd91","value":[]}
[debug] &amp#27;[38;5;32m[AndroidUiautomator2Driver@d31a (875603d9)]&amp#27;[0m Waited for 8576 ms so far
[debug] &amp#27;[38;5;32m[AndroidUiautomator2Driver@d31a (875603d9)]&amp#27;[0m Matched '/elements' to command name 'findElements'
[debug] &amp#27;[38;5;32m[AndroidUiautomator2Driver@d31a (875603d9)]&amp#27;[0m Proxying [POST /elements] to [POST http://127.0.0.1:8200/session/e3a29cb9-2bec-47c4-894c-84d6b3d1bd91/elements] with body: {"strategy":"id","selector":"com.google.android.gms:id/account_display_name","context":"","multiple":true}
[debug] &amp#27;[38;5;32m[AndroidUiautomator2Driver@d31a (875603d9)]&amp#27;[0m Got response with status 200: {"sessionId":"e3a29cb9-2bec-47c4-894c-84d6b3d1bd91","value":[]}
[debug] &amp#27;[38;5;32m[AndroidUiautomator2Driver@d31a (875603d9)]&amp#27;[0m Waited for 9149 ms so far
[debug] &amp#27;[38;5;32m[AndroidUiautomator2Driver@d31a (875603d9)]&amp#27;[0m Matched '/elements' to command name 'findElements'
[debug] &amp#27;[38;5;32m[AndroidUiautomator2Driver@d31a (875603d9)]&amp#27;[0m Proxying [POST /elements] to [POST http://127.0.0.1:8200/session/e3a29cb9-2bec-47c4-894c-84d6b3d1bd91/elements] with body: {"strategy":"id","selector":"com.google.android.gms:id/account_display_name","context":"","multiple":true}
[debug] &amp#27;[38;5;32m[AndroidUiautomator2Driver@d31a (875603d9)]&amp#27;[0m Got response with status 200: {"sessionId":"e3a29cb9-2bec-47c4-894c-84d6b3d1bd91","value":[]}
[debug] &amp#27;[38;5;32m[AndroidUiautomator2Driver@d31a (875603d9)]&amp#27;[0m Waited for 9720 ms so far
[debug] &amp#27;[38;5;32m[AndroidUiautomator2Driver@d31a (875603d9)]&amp#27;[0m Matched '/elements' to command name 'findElements'
[debug] &amp#27;[38;5;32m[AndroidUiautomator2Driver@d31a (875603d9)]&amp#27;[0m Proxying [POST /elements] to [POST http://127.0.0.1:8200/session/e3a29cb9-2bec-47c4-894c-84d6b3d1bd91/elements] with body: {"strategy":"id","selector":"com.google.android.gms:id/account_display_name","context":"","multiple":true}
[debug] &amp#27;[38;5;32m[AndroidUiautomator2Driver@d31a (875603d9)]&amp#27;[0m Got response with status 200: {"sessionId":"e3a29cb9-2bec-47c4-894c-84d6b3d1bd91","value":[]}
[debug] &amp#27;[38;5;32m[AndroidUiautomator2Driver@d31a (875603d9)]&amp#27;[0m Responding to client with driver.findElements() result: []
&amp#27;[38;5;0m[HTTP]&amp#27;[0m <-- POST /session/875603d9-c963-4be3-b1ff-1e2296f8f20d/elements 200 10096 ms - 12
&amp#27;[38;5;0m[HTTP]&amp#27;[0m 
&amp#27;[38;5;0m[HTTP]&amp#27;[0m &amp#27;[37m-->&amp#27;[39m &amp#27;[37mPOST&amp#27;[39m &amp#27;[37m/session/875603d9-c963-4be3-b1ff-1e2296f8f20d/element&amp#27;[39m
&amp#27;[38;5;0m[HTTP]&amp#27;[0m {"using":"xpath","value":"//android.widget.Button[@text='Next']"}
[debug] &amp#27;[38;5;32m[AndroidUiautomator2Driver@d31a (875603d9)]&amp#27;[0m Calling AppiumDriver.findElement() with args: ["xpath","//android.widget.Button[@text='Next']","875603d9-c963-4be3-b1ff-1e2296f8f20d"]
[debug] &amp#27;[38;5;32m[AndroidUiautomator2Driver@d31a (875603d9)]&amp#27;[0m Valid locator strategies for this request: xpath, id, class name, accessibility id, css selector, -android uiautomator
[debug] &amp#27;[38;5;32m[AndroidUiautomator2Driver@d31a (875603d9)]&amp#27;[0m Waiting up to 10000 ms for condition
[debug] &amp#27;[38;5;32m[AndroidUiautomator2Driver@d31a (875603d9)]&amp#27;[0m Matched '/element' to command name 'findElement'
[debug] &amp#27;[38;5;32m[AndroidUiautomator2Driver@d31a (875603d9)]&amp#27;[0m Proxying [POST /element] to [POST http://127.0.0.1:8200/session/e3a29cb9-2bec-47c4-894c-84d6b3d1bd91/element] with body: {"strategy":"xpath","selector":"//android.widget.Button[@text='Next']","context":"","multiple":false}
&amp#27;[38;5;32m[AndroidUiautomator2Driver@d31a (875603d9)]&amp#27;[0m Got response with status 404: {"sessionId":"e3a29cb9-2bec-47c4-894c-84d6b3d1bd91","value":{"error":"no such element","message":"An element could not be located on the page using the given search parameters","stacktrace":"io.appium.uiautomator2.common.exceptions.ElementNotFoundException: An element could not be located on the page using the given search parameters\n\tat io.appium.uiautomator2.utils.ElementLocationHelpers.findElement(ElementLocationHelpers.java:156)\n\tat io.appium.uiautomator2.handler.FindElement.safeHandle(FindElement.java:60)\n\tat io.appium.uiautomator2.handler.request.SafeRequestHandler.handle(SafeRequestHandler.java:59)\n\tat io.appium.uiautomator2.server.AppiumServlet.handleRequest(AppiumServlet.java:277)\n\tat io.appium.uiautomator2.server.AppiumServlet.handleHttpRequest(AppiumServlet.java:271)\n\tat io.appium.uiautomator2.http.ServerHandler.channelRead(ServerHandler.java:77)\n\tat io.netty.channel.AbstractChannelHandlerContext.invokeChannelRead(AbstractChannelHandlerContext.java:366)\n\tat io.netty.channel.Abstr...
[debug] &amp#27;[38;5;128m[W3C]&amp#27;[0m Matched W3C error code 'no such element' to NoSuchElementError
[debug] &amp#27;[38;5;32m[AndroidUiautomator2Driver@d31a (875603d9)]&amp#27;[0m Waited for 106 ms so far
[debug] &amp#27;[38;5;32m[AndroidUiautomator2Driver@d31a (875603d9)]&amp#27;[0m Matched '/element' to command name 'findElement'
[debug] &amp#27;[38;5;32m[AndroidUiautomator2Driver@d31a (875603d9)]&amp#27;[0m Proxying [POST /element] to [POST http://127.0.0.1:8200/session/e3a29cb9-2bec-47c4-894c-84d6b3d1bd91/element] with body: {"strategy":"xpath","selector":"//android.widget.Button[@text='Next']","context":"","multiple":false}
&amp#27;[38;5;32m[AndroidUiautomator2Driver@d31a (875603d9)]&amp#27;[0m Got response with status 404: {"sessionId":"e3a29cb9-2bec-47c4-894c-84d6b3d1bd91","value":{"error":"no such element","message":"An element could not be located on the page using the given search parameters","stacktrace":"io.appium.uiautomator2.common.exceptions.ElementNotFoundException: An element could not be located on the page using the given search parameters\n\tat io.appium.uiautomator2.utils.ElementLocationHelpers.findElement(ElementLocationHelpers.java:156)\n\tat io.appium.uiautomator2.handler.FindElement.safeHandle(FindElement.java:60)\n\tat io.appium.uiautomator2.handler.request.SafeRequestHandler.handle(SafeRequestHandler.java:59)\n\tat io.appium.uiautomator2.server.AppiumServlet.handleRequest(AppiumServlet.java:277)\n\tat io.appium.uiautomator2.server.AppiumServlet.handleHttpRequest(AppiumServlet.java:271)\n\tat io.appium.uiautomator2.http.ServerHandler.channelRead(ServerHandler.java:77)\n\tat io.netty.channel.AbstractChannelHandlerContext.invokeChannelRead(AbstractChannelHandlerContext.java:366)\n\tat io.netty.channel.Abstr...
[debug] &amp#27;[38;5;128m[W3C]&amp#27;[0m Matched W3C error code 'no such element' to NoSuchElementError
[debug] &amp#27;[38;5;32m[AndroidUiautomator2Driver@d31a (875603d9)]&amp#27;[0m Waited for 713 ms so far
[debug] &amp#27;[38;5;32m[AndroidUiautomator2Driver@d31a (875603d9)]&amp#27;[0m Matched '/element' to command name 'findElement'
[debug] &amp#27;[38;5;32m[AndroidUiautomator2Driver@d31a (875603d9)]&amp#27;[0m Proxying [POST /element] to [POST http://127.0.0.1:8200/session/e3a29cb9-2bec-47c4-894c-84d6b3d1bd91/element] with body: {"strategy":"xpath","selector":"//android.widget.Button[@text='Next']","context":"","multiple":false}
&amp#27;[38;5;32m[AndroidUiautomator2Driver@d31a (875603d9)]&amp#27;[0m Got response with status 404: {"sessionId":"e3a29cb9-2bec-47c4-894c-84d6b3d1bd91","value":{"error":"no such element","message":"An element could not be located on the page using the given search parameters","stacktrace":"io.appium.uiautomator2.common.exceptions.ElementNotFoundException: An element could not be located on the page using the given search parameters\n\tat io.appium.uiautomator2.utils.ElementLocationHelpers.findElement(ElementLocationHelpers.java:156)\n\tat io.appium.uiautomator2.handler.FindElement.safeHandle(FindElement.java:60)\n\tat io.appium.uiautomator2.handler.request.SafeRequestHandler.handle(SafeRequestHandler.java:59)\n\tat io.appium.uiautomator2.server.AppiumServlet.handleRequest(AppiumServlet.java:277)\n\tat io.appium.uiautomator2.server.AppiumServlet.handleHttpRequest(AppiumServlet.java:271)\n\tat io.appium.uiautomator2.http.ServerHandler.channelRead(ServerHandler.java:77)\n\tat io.netty.channel.AbstractChannelHandlerContext.invokeChannelRead(AbstractChannelHandlerContext.java:366)\n\tat io.netty.channel.Abstr...
[debug] &amp#27;[38;5;128m[W3C]&amp#27;[0m Matched W3C error code 'no such element' to NoSuchElementError
[debug] &amp#27;[38;5;32m[AndroidUiautomator2Driver@d31a (875603d9)]&amp#27;[0m Waited for 1328 ms so far
[debug] &amp#27;[38;5;32m[AndroidUiautomator2Driver@d31a (875603d9)]&amp#27;[0m Matched '/element' to command name 'findElement'
[debug] &amp#27;[38;5;32m[AndroidUiautomator2Driver@d31a (875603d9)]&amp#27;[0m Proxying [POST /element] to [POST http://127.0.0.1:8200/session/e3a29cb9-2bec-47c4-894c-84d6b3d1bd91/element] with body: {"strategy":"xpath","selector":"//android.widget.Button[@text='Next']","context":"","multiple":false}
&amp#27;[38;5;32m[AndroidUiautomator2Driver@d31a (875603d9)]&amp#27;[0m Got response with status 404: {"sessionId":"e3a29cb9-2bec-47c4-894c-84d6b3d1bd91","value":{"error":"no such element","message":"An element could not be located on the page using the given search parameters","stacktrace":"io.appium.uiautomator2.common.exceptions.ElementNotFoundException: An element could not be located on the page using the given search parameters\n\tat io.appium.uiautomator2.utils.ElementLocationHelpers.findElement(ElementLocationHelpers.java:156)\n\tat io.appium.uiautomator2.handler.FindElement.safeHandle(FindElement.java:60)\n\tat io.appium.uiautomator2.handler.request.SafeRequestHandler.handle(SafeRequestHandler.java:59)\n\tat io.appium.uiautomator2.server.AppiumServlet.handleRequest(AppiumServlet.java:277)\n\tat io.appium.uiautomator2.server.AppiumServlet.handleHttpRequest(AppiumServlet.java:271)\n\tat io.appium.uiautomator2.http.ServerHandler.channelRead(ServerHandler.java:77)\n\tat io.netty.channel.AbstractChannelHandlerContext.invokeChannelRead(AbstractChannelHandlerContext.java:366)\n\tat io.netty.channel.Abstr...
[debug] &amp#27;[38;5;128m[W3C]&amp#27;[0m Matched W3C error code 'no such element' to NoSuchElementError
[debug] &amp#27;[38;5;32m[AndroidUiautomator2Driver@d31a (875603d9)]&amp#27;[0m Waited for 1932 ms so far
[debug] &amp#27;[38;5;32m[AndroidUiautomator2Driver@d31a (875603d9)]&amp#27;[0m Matched '/element' to command name 'findElement'
[debug] &amp#27;[38;5;32m[AndroidUiautomator2Driver@d31a (875603d9)]&amp#27;[0m Proxying [POST /element] to [POST http://127.0.0.1:8200/session/e3a29cb9-2bec-47c4-894c-84d6b3d1bd91/element] with body: {"strategy":"xpath","selector":"//android.widget.Button[@text='Next']","context":"","multiple":false}
&amp#27;[38;5;32m[AndroidUiautomator2Driver@d31a (875603d9)]&amp#27;[0m Got response with status 404: {"sessionId":"e3a29cb9-2bec-47c4-894c-84d6b3d1bd91","value":{"error":"no such element","message":"An element could not be located on the page using the given search parameters","stacktrace":"io.appium.uiautomator2.common.exceptions.ElementNotFoundException: An element could not be located on the page using the given search parameters\n\tat io.appium.uiautomator2.utils.ElementLocationHelpers.findElement(ElementLocationHelpers.java:156)\n\tat io.appium.uiautomator2.handler.FindElement.safeHandle(FindElement.java:60)\n\tat io.appium.uiautomator2.handler.request.SafeRequestHandler.handle(SafeRequestHandler.java:59)\n\tat io.appium.uiautomator2.server.AppiumServlet.handleRequest(AppiumServlet.java:277)\n\tat io.appium.uiautomator2.server.AppiumServlet.handleHttpRequest(AppiumServlet.java:271)\n\tat io.appium.uiautomator2.http.ServerHandler.channelRead(ServerHandler.java:77)\n\tat io.netty.channel.AbstractChannelHandlerContext.invokeChannelRead(AbstractChannelHandlerContext.java:366)\n\tat io.netty.channel.Abstr...
[debug] &amp#27;[38;5;128m[W3C]&amp#27;[0m Matched W3C error code 'no such element' to NoSuchElementError
[debug] &amp#27;[38;5;32m[AndroidUiautomator2Driver@d31a (875603d9)]&amp#27;[0m Waited for 2531 ms so far
[debug] &amp#27;[38;5;32m[AndroidUiautomator2Driver@d31a (875603d9)]&amp#27;[0m Matched '/element' to command name 'findElement'
[debug] &amp#27;[38;5;32m[AndroidUiautomator2Driver@d31a (875603d9)]&amp#27;[0m Proxying [POST /element] to [POST http://127.0.0.1:8200/session/e3a29cb9-2bec-47c4-894c-84d6b3d1bd91/element] with body: {"strategy":"xpath","selector":"//android.widget.Button[@text='Next']","context":"","multiple":false}
&amp#27;[38;5;32m[AndroidUiautomator2Driver@d31a (875603d9)]&amp#27;[0m Got response with status 404: {"sessionId":"e3a29cb9-2bec-47c4-894c-84d6b3d1bd91","value":{"error":"no such element","message":"An element could not be located on the page using the given search parameters","stacktrace":"io.appium.uiautomator2.common.exceptions.ElementNotFoundException: An element could not be located on the page using the given search parameters\n\tat io.appium.uiautomator2.utils.ElementLocationHelpers.findElement(ElementLocationHelpers.java:156)\n\tat io.appium.uiautomator2.handler.FindElement.safeHandle(FindElement.java:60)\n\tat io.appium.uiautomator2.handler.request.SafeRequestHandler.handle(SafeRequestHandler.java:59)\n\tat io.appium.uiautomator2.server.AppiumServlet.handleRequest(AppiumServlet.java:277)\n\tat io.appium.uiautomator2.server.AppiumServlet.handleHttpRequest(AppiumServlet.java:271)\n\tat io.appium.uiautomator2.http.ServerHandler.channelRead(ServerHandler.java:77)\n\tat io.netty.channel.AbstractChannelHandlerContext.invokeChannelRead(AbstractChannelHandlerContext.java:366)\n\tat io.netty.channel.Abstr...
[debug] &amp#27;[38;5;128m[W3C]&amp#27;[0m Matched W3C error code 'no such element' to NoSuchElementError
[debug] &amp#27;[38;5;32m[AndroidUiautomator2Driver@d31a (875603d9)]&amp#27;[0m Waited for 3160 ms so far
[debug] &amp#27;[38;5;32m[AndroidUiautomator2Driver@d31a (875603d9)]&amp#27;[0m Matched '/element' to command name 'findElement'
[debug] &amp#27;[38;5;32m[AndroidUiautomator2Driver@d31a (875603d9)]&amp#27;[0m Proxying [POST /element] to [POST http://127.0.0.1:8200/session/e3a29cb9-2bec-47c4-894c-84d6b3d1bd91/element] with body: {"strategy":"xpath","selector":"//android.widget.Button[@text='Next']","context":"","multiple":false}
&amp#27;[38;5;32m[AndroidUiautomator2Driver@d31a (875603d9)]&amp#27;[0m Got response with status 404: {"sessionId":"e3a29cb9-2bec-47c4-894c-84d6b3d1bd91","value":{"error":"no such element","message":"An element could not be located on the page using the given search parameters","stacktrace":"io.appium.uiautomator2.common.exceptions.ElementNotFoundException: An element could not be located on the page using the given search parameters\n\tat io.appium.uiautomator2.utils.ElementLocationHelpers.findElement(ElementLocationHelpers.java:156)\n\tat io.appium.uiautomator2.handler.FindElement.safeHandle(FindElement.java:60)\n\tat io.appium.uiautomator2.handler.request.SafeRequestHandler.handle(SafeRequestHandler.java:59)\n\tat io.appium.uiautomator2.server.AppiumServlet.handleRequest(AppiumServlet.java:277)\n\tat io.appium.uiautomator2.server.AppiumServlet.handleHttpRequest(AppiumServlet.java:271)\n\tat io.appium.uiautomator2.http.ServerHandler.channelRead(ServerHandler.java:77)\n\tat io.netty.channel.AbstractChannelHandlerContext.invokeChannelRead(AbstractChannelHandlerContext.java:366)\n\tat io.netty.channel.Abstr...
[debug] &amp#27;[38;5;128m[W3C]&amp#27;[0m Matched W3C error code 'no such element' to NoSuchElementError
[debug] &amp#27;[38;5;32m[AndroidUiautomator2Driver@d31a (875603d9)]&amp#27;[0m Waited for 3780 ms so far
[debug] &amp#27;[38;5;32m[AndroidUiautomator2Driver@d31a (875603d9)]&amp#27;[0m Matched '/element' to command name 'findElement'
[debug] &amp#27;[38;5;32m[AndroidUiautomator2Driver@d31a (875603d9)]&amp#27;[0m Proxying [POST /element] to [POST http://127.0.0.1:8200/session/e3a29cb9-2bec-47c4-894c-84d6b3d1bd91/element] with body: {"strategy":"xpath","selector":"//android.widget.Button[@text='Next']","context":"","multiple":false}
&amp#27;[38;5;32m[AndroidUiautomator2Driver@d31a (875603d9)]&amp#27;[0m Got response with status 404: {"sessionId":"e3a29cb9-2bec-47c4-894c-84d6b3d1bd91","value":{"error":"no such element","message":"An element could not be located on the page using the given search parameters","stacktrace":"io.appium.uiautomator2.common.exceptions.ElementNotFoundException: An element could not be located on the page using the given search parameters\n\tat io.appium.uiautomator2.utils.ElementLocationHelpers.findElement(ElementLocationHelpers.java:156)\n\tat io.appium.uiautomator2.handler.FindElement.safeHandle(FindElement.java:60)\n\tat io.appium.uiautomator2.handler.request.SafeRequestHandler.handle(SafeRequestHandler.java:59)\n\tat io.appium.uiautomator2.server.AppiumServlet.handleRequest(AppiumServlet.java:277)\n\tat io.appium.uiautomator2.server.AppiumServlet.handleHttpRequest(AppiumServlet.java:271)\n\tat io.appium.uiautomator2.http.ServerHandler.channelRead(ServerHandler.java:77)\n\tat io.netty.channel.AbstractChannelHandlerContext.invokeChannelRead(AbstractChannelHandlerContext.java:366)\n\tat io.netty.channel.Abstr...
[debug] &amp#27;[38;5;128m[W3C]&amp#27;[0m Matched W3C error code 'no such element' to NoSuchElementError
[debug] &amp#27;[38;5;32m[AndroidUiautomator2Driver@d31a (875603d9)]&amp#27;[0m Waited for 4376 ms so far
[debug] &amp#27;[38;5;32m[AndroidUiautomator2Driver@d31a (875603d9)]&amp#27;[0m Matched '/element' to command name 'findElement'
[debug] &amp#27;[38;5;32m[AndroidUiautomator2Driver@d31a (875603d9)]&amp#27;[0m Proxying [POST /element] to [POST http://127.0.0.1:8200/session/e3a29cb9-2bec-47c4-894c-84d6b3d1bd91/element] with body: {"strategy":"xpath","selector":"//android.widget.Button[@text='Next']","context":"","multiple":false}
&amp#27;[38;5;32m[AndroidUiautomator2Driver@d31a (875603d9)]&amp#27;[0m Got response with status 404: {"sessionId":"e3a29cb9-2bec-47c4-894c-84d6b3d1bd91","value":{"error":"no such element","message":"An element could not be located on the page using the given search parameters","stacktrace":"io.appium.uiautomator2.common.exceptions.ElementNotFoundException: An element could not be located on the page using the given search parameters\n\tat io.appium.uiautomator2.utils.ElementLocationHelpers.findElement(ElementLocationHelpers.java:156)\n\tat io.appium.uiautomator2.handler.FindElement.safeHandle(FindElement.java:60)\n\tat io.appium.uiautomator2.handler.request.SafeRequestHandler.handle(SafeRequestHandler.java:59)\n\tat io.appium.uiautomator2.server.AppiumServlet.handleRequest(AppiumServlet.java:277)\n\tat io.appium.uiautomator2.server.AppiumServlet.handleHttpRequest(AppiumServlet.java:271)\n\tat io.appium.uiautomator2.http.ServerHandler.channelRead(ServerHandler.java:77)\n\tat io.netty.channel.AbstractChannelHandlerContext.invokeChannelRead(AbstractChannelHandlerContext.java:366)\n\tat io.netty.channel.Abstr...
[debug] &amp#27;[38;5;128m[W3C]&amp#27;[0m Matched W3C error code 'no such element' to NoSuchElementError
[debug] &amp#27;[38;5;32m[AndroidUiautomator2Driver@d31a (875603d9)]&amp#27;[0m Waited for 4978 ms so far
[debug] &amp#27;[38;5;32m[AndroidUiautomator2Driver@d31a (875603d9)]&amp#27;[0m Matched '/element' to command name 'findElement'
[debug] &amp#27;[38;5;32m[AndroidUiautomator2Driver@d31a (875603d9)]&amp#27;[0m Proxying [POST /element] to [POST http://127.0.0.1:8200/session/e3a29cb9-2bec-47c4-894c-84d6b3d1bd91/element] with body: {"strategy":"xpath","selector":"//android.widget.Button[@text='Next']","context":"","multiple":false}
&amp#27;[38;5;32m[AndroidUiautomator2Driver@d31a (875603d9)]&amp#27;[0m Got response with status 404: {"sessionId":"e3a29cb9-2bec-47c4-894c-84d6b3d1bd91","value":{"error":"no such element","message":"An element could not be located on the page using the given search parameters","stacktrace":"io.appium.uiautomator2.common.exceptions.ElementNotFoundException: An element could not be located on the page using the given search parameters\n\tat io.appium.uiautomator2.utils.ElementLocationHelpers.findElement(ElementLocationHelpers.java:156)\n\tat io.appium.uiautomator2.handler.FindElement.safeHandle(FindElement.java:60)\n\tat io.appium.uiautomator2.handler.request.SafeRequestHandler.handle(SafeRequestHandler.java:59)\n\tat io.appium.uiautomator2.server.AppiumServlet.handleRequest(AppiumServlet.java:277)\n\tat io.appium.uiautomator2.server.AppiumServlet.handleHttpRequest(AppiumServlet.java:271)\n\tat io.appium.uiautomator2.http.ServerHandler.channelRead(ServerHandler.java:77)\n\tat io.netty.channel.AbstractChannelHandlerContext.invokeChannelRead(AbstractChannelHandlerContext.java:366)\n\tat io.netty.channel.Abstr...
[debug] &amp#27;[38;5;128m[W3C]&amp#27;[0m Matched W3C error code 'no such element' to NoSuchElementError
[debug] &amp#27;[38;5;32m[AndroidUiautomator2Driver@d31a (875603d9)]&amp#27;[0m Waited for 5560 ms so far
[debug] &amp#27;[38;5;32m[AndroidUiautomator2Driver@d31a (875603d9)]&amp#27;[0m Matched '/element' to command name 'findElement'
[debug] &amp#27;[38;5;32m[AndroidUiautomator2Driver@d31a (875603d9)]&amp#27;[0m Proxying [POST /element] to [POST http://127.0.0.1:8200/session/e3a29cb9-2bec-47c4-894c-84d6b3d1bd91/element] with body: {"strategy":"xpath","selector":"//android.widget.Button[@text='Next']","context":"","multiple":false}
&amp#27;[38;5;32m[AndroidUiautomator2Driver@d31a (875603d9)]&amp#27;[0m Got response with status 404: {"sessionId":"e3a29cb9-2bec-47c4-894c-84d6b3d1bd91","value":{"error":"no such element","message":"An element could not be located on the page using the given search parameters","stacktrace":"io.appium.uiautomator2.common.exceptions.ElementNotFoundException: An element could not be located on the page using the given search parameters\n\tat io.appium.uiautomator2.utils.ElementLocationHelpers.findElement(ElementLocationHelpers.java:156)\n\tat io.appium.uiautomator2.handler.FindElement.safeHandle(FindElement.java:60)\n\tat io.appium.uiautomator2.handler.request.SafeRequestHandler.handle(SafeRequestHandler.java:59)\n\tat io.appium.uiautomator2.server.AppiumServlet.handleRequest(AppiumServlet.java:277)\n\tat io.appium.uiautomator2.server.AppiumServlet.handleHttpRequest(AppiumServlet.java:271)\n\tat io.appium.uiautomator2.http.ServerHandler.channelRead(ServerHandler.java:77)\n\tat io.netty.channel.AbstractChannelHandlerContext.invokeChannelRead(AbstractChannelHandlerContext.java:366)\n\tat io.netty.channel.Abstr...
[debug] &amp#27;[38;5;128m[W3C]&amp#27;[0m Matched W3C error code 'no such element' to NoSuchElementError
[debug] &amp#27;[38;5;32m[AndroidUiautomator2Driver@d31a (875603d9)]&amp#27;[0m Waited for 6157 ms so far
[debug] &amp#27;[38;5;32m[AndroidUiautomator2Driver@d31a (875603d9)]&amp#27;[0m Matched '/element' to command name 'findElement'
[debug] &amp#27;[38;5;32m[AndroidUiautomator2Driver@d31a (875603d9)]&amp#27;[0m Proxying [POST /element] to [POST http://127.0.0.1:8200/session/e3a29cb9-2bec-47c4-894c-84d6b3d1bd91/element] with body: {"strategy":"xpath","selector":"//android.widget.Button[@text='Next']","context":"","multiple":false}
&amp#27;[38;5;32m[AndroidUiautomator2Driver@d31a (875603d9)]&amp#27;[0m Got response with status 404: {"sessionId":"e3a29cb9-2bec-47c4-894c-84d6b3d1bd91","value":{"error":"no such element","message":"An element could not be located on the page using the given search parameters","stacktrace":"io.appium.uiautomator2.common.exceptions.ElementNotFoundException: An element could not be located on the page using the given search parameters\n\tat io.appium.uiautomator2.utils.ElementLocationHelpers.findElement(ElementLocationHelpers.java:156)\n\tat io.appium.uiautomator2.handler.FindElement.safeHandle(FindElement.java:60)\n\tat io.appium.uiautomator2.handler.request.SafeRequestHandler.handle(SafeRequestHandler.java:59)\n\tat io.appium.uiautomator2.server.AppiumServlet.handleRequest(AppiumServlet.java:277)\n\tat io.appium.uiautomator2.server.AppiumServlet.handleHttpRequest(AppiumServlet.java:271)\n\tat io.appium.uiautomator2.http.ServerHandler.channelRead(ServerHandler.java:77)\n\tat io.netty.channel.AbstractChannelHandlerContext.invokeChannelRead(AbstractChannelHandlerContext.java:366)\n\tat io.netty.channel.Abstr...
[debug] &amp#27;[38;5;128m[W3C]&amp#27;[0m Matched W3C error code 'no such element' to NoSuchElementError
[debug] &amp#27;[38;5;32m[AndroidUiautomator2Driver@d31a (875603d9)]&amp#27;[0m Waited for 6755 ms so far
[debug] &amp#27;[38;5;32m[AndroidUiautomator2Driver@d31a (875603d9)]&amp#27;[0m Matched '/element' to command name 'findElement'
[debug] &amp#27;[38;5;32m[AndroidUiautomator2Driver@d31a (875603d9)]&amp#27;[0m Proxying [POST /element] to [POST http://127.0.0.1:8200/session/e3a29cb9-2bec-47c4-894c-84d6b3d1bd91/element] with body: {"strategy":"xpath","selector":"//android.widget.Button[@text='Next']","context":"","multiple":false}
&amp#27;[38;5;32m[AndroidUiautomator2Driver@d31a (875603d9)]&amp#27;[0m Got response with status 404: {"sessionId":"e3a29cb9-2bec-47c4-894c-84d6b3d1bd91","value":{"error":"no such element","message":"An element could not be located on the page using the given search parameters","stacktrace":"io.appium.uiautomator2.common.exceptions.ElementNotFoundException: An element could not be located on the page using the given search parameters\n\tat io.appium.uiautomator2.utils.ElementLocationHelpers.findElement(ElementLocationHelpers.java:156)\n\tat io.appium.uiautomator2.handler.FindElement.safeHandle(FindElement.java:60)\n\tat io.appium.uiautomator2.handler.request.SafeRequestHandler.handle(SafeRequestHandler.java:59)\n\tat io.appium.uiautomator2.server.AppiumServlet.handleRequest(AppiumServlet.java:277)\n\tat io.appium.uiautomator2.server.AppiumServlet.handleHttpRequest(AppiumServlet.java:271)\n\tat io.appium.uiautomator2.http.ServerHandler.channelRead(ServerHandler.java:77)\n\tat io.netty.channel.AbstractChannelHandlerContext.invokeChannelRead(AbstractChannelHandlerContext.java:366)\n\tat io.netty.channel.Abstr...
[debug] &amp#27;[38;5;128m[W3C]&amp#27;[0m Matched W3C error code 'no such element' to NoSuchElementError
[debug] &amp#27;[38;5;32m[AndroidUiautomator2Driver@d31a (875603d9)]&amp#27;[0m Waited for 7344 ms so far
[debug] &amp#27;[38;5;32m[AndroidUiautomator2Driver@d31a (875603d9)]&amp#27;[0m Matched '/element' to command name 'findElement'
[debug] &amp#27;[38;5;32m[AndroidUiautomator2Driver@d31a (875603d9)]&amp#27;[0m Proxying [POST /element] to [POST http://127.0.0.1:8200/session/e3a29cb9-2bec-47c4-894c-84d6b3d1bd91/element] with body: {"strategy":"xpath","selector":"//android.widget.Button[@text='Next']","context":"","multiple":false}
&amp#27;[38;5;32m[AndroidUiautomator2Driver@d31a (875603d9)]&amp#27;[0m Got response with status 404: {"sessionId":"e3a29cb9-2bec-47c4-894c-84d6b3d1bd91","value":{"error":"no such element","message":"An element could not be located on the page using the given search parameters","stacktrace":"io.appium.uiautomator2.common.exceptions.ElementNotFoundException: An element could not be located on the page using the given search parameters\n\tat io.appium.uiautomator2.utils.ElementLocationHelpers.findElement(ElementLocationHelpers.java:156)\n\tat io.appium.uiautomator2.handler.FindElement.safeHandle(FindElement.java:60)\n\tat io.appium.uiautomator2.handler.request.SafeRequestHandler.handle(SafeRequestHandler.java:59)\n\tat io.appium.uiautomator2.server.AppiumServlet.handleRequest(AppiumServlet.java:277)\n\tat io.appium.uiautomator2.server.AppiumServlet.handleHttpRequest(AppiumServlet.java:271)\n\tat io.appium.uiautomator2.http.ServerHandler.channelRead(ServerHandler.java:77)\n\tat io.netty.channel.AbstractChannelHandlerContext.invokeChannelRead(AbstractChannelHandlerContext.java:366)\n\tat io.netty.channel.Abstr...
[debug] &amp#27;[38;5;128m[W3C]&amp#27;[0m Matched W3C error code 'no such element' to NoSuchElementError
[debug] &amp#27;[38;5;32m[AndroidUiautomator2Driver@d31a (875603d9)]&amp#27;[0m Waited for 7956 ms so far
[debug] &amp#27;[38;5;32m[AndroidUiautomator2Driver@d31a (875603d9)]&amp#27;[0m Matched '/element' to command name 'findElement'
[debug] &amp#27;[38;5;32m[AndroidUiautomator2Driver@d31a (875603d9)]&amp#27;[0m Proxying [POST /element] to [POST http://127.0.0.1:8200/session/e3a29cb9-2bec-47c4-894c-84d6b3d1bd91/element] with body: {"strategy":"xpath","selector":"//android.widget.Button[@text='Next']","context":"","multiple":false}
&amp#27;[38;5;32m[AndroidUiautomator2Driver@d31a (875603d9)]&amp#27;[0m Got response with status 404: {"sessionId":"e3a29cb9-2bec-47c4-894c-84d6b3d1bd91","value":{"error":"no such element","message":"An element could not be located on the page using the given search parameters","stacktrace":"io.appium.uiautomator2.common.exceptions.ElementNotFoundException: An element could not be located on the page using the given search parameters\n\tat io.appium.uiautomator2.utils.ElementLocationHelpers.findElement(ElementLocationHelpers.java:156)\n\tat io.appium.uiautomator2.handler.FindElement.safeHandle(FindElement.java:60)\n\tat io.appium.uiautomator2.handler.request.SafeRequestHandler.handle(SafeRequestHandler.java:59)\n\tat io.appium.uiautomator2.server.AppiumServlet.handleRequest(AppiumServlet.java:277)\n\tat io.appium.uiautomator2.server.AppiumServlet.handleHttpRequest(AppiumServlet.java:271)\n\tat io.appium.uiautomator2.http.ServerHandler.channelRead(ServerHandler.java:77)\n\tat io.netty.channel.AbstractChannelHandlerContext.invokeChannelRead(AbstractChannelHandlerContext.java:366)\n\tat io.netty.channel.Abstr...
[debug] &amp#27;[38;5;128m[W3C]&amp#27;[0m Matched W3C error code 'no such element' to NoSuchElementError
[debug] &amp#27;[38;5;32m[AndroidUiautomator2Driver@d31a (875603d9)]&amp#27;[0m Waited for 8568 ms so far
[debug] &amp#27;[38;5;32m[AndroidUiautomator2Driver@d31a (875603d9)]&amp#27;[0m Matched '/element' to command name 'findElement'
[debug] &amp#27;[38;5;32m[AndroidUiautomator2Driver@d31a (875603d9)]&amp#27;[0m Proxying [POST /element] to [POST http://127.0.0.1:8200/session/e3a29cb9-2bec-47c4-894c-84d6b3d1bd91/element] with body: {"strategy":"xpath","selector":"//android.widget.Button[@text='Next']","context":"","multiple":false}
&amp#27;[38;5;32m[AndroidUiautomator2Driver@d31a (875603d9)]&amp#27;[0m Got response with status 404: {"sessionId":"e3a29cb9-2bec-47c4-894c-84d6b3d1bd91","value":{"error":"no such element","message":"An element could not be located on the page using the given search parameters","stacktrace":"io.appium.uiautomator2.common.exceptions.ElementNotFoundException: An element could not be located on the page using the given search parameters\n\tat io.appium.uiautomator2.utils.ElementLocationHelpers.findElement(ElementLocationHelpers.java:156)\n\tat io.appium.uiautomator2.handler.FindElement.safeHandle(FindElement.java:60)\n\tat io.appium.uiautomator2.handler.request.SafeRequestHandler.handle(SafeRequestHandler.java:59)\n\tat io.appium.uiautomator2.server.AppiumServlet.handleRequest(AppiumServlet.java:277)\n\tat io.appium.uiautomator2.server.AppiumServlet.handleHttpRequest(AppiumServlet.java:271)\n\tat io.appium.uiautomator2.http.ServerHandler.channelRead(ServerHandler.java:77)\n\tat io.netty.channel.AbstractChannelHandlerContext.invokeChannelRead(AbstractChannelHandlerContext.java:366)\n\tat io.netty.channel.Abstr...
[debug] &amp#27;[38;5;128m[W3C]&amp#27;[0m Matched W3C error code 'no such element' to NoSuchElementError
[debug] &amp#27;[38;5;32m[AndroidUiautomator2Driver@d31a (875603d9)]&amp#27;[0m Waited for 9179 ms so far
[debug] &amp#27;[38;5;32m[AndroidUiautomator2Driver@d31a (875603d9)]&amp#27;[0m Matched '/element' to command name 'findElement'
[debug] &amp#27;[38;5;32m[AndroidUiautomator2Driver@d31a (875603d9)]&amp#27;[0m Proxying [POST /element] to [POST http://127.0.0.1:8200/session/e3a29cb9-2bec-47c4-894c-84d6b3d1bd91/element] with body: {"strategy":"xpath","selector":"//android.widget.Button[@text='Next']","context":"","multiple":false}
&amp#27;[38;5;32m[AndroidUiautomator2Driver@d31a (875603d9)]&amp#27;[0m Got response with status 404: {"sessionId":"e3a29cb9-2bec-47c4-894c-84d6b3d1bd91","value":{"error":"no such element","message":"An element could not be located on the page using the given search parameters","stacktrace":"io.appium.uiautomator2.common.exceptions.ElementNotFoundException: An element could not be located on the page using the given search parameters\n\tat io.appium.uiautomator2.utils.ElementLocationHelpers.findElement(ElementLocationHelpers.java:156)\n\tat io.appium.uiautomator2.handler.FindElement.safeHandle(FindElement.java:60)\n\tat io.appium.uiautomator2.handler.request.SafeRequestHandler.handle(SafeRequestHandler.java:59)\n\tat io.appium.uiautomator2.server.AppiumServlet.handleRequest(AppiumServlet.java:277)\n\tat io.appium.uiautomator2.server.AppiumServlet.handleHttpRequest(AppiumServlet.java:271)\n\tat io.appium.uiautomator2.http.ServerHandler.channelRead(ServerHandler.java:77)\n\tat io.netty.channel.AbstractChannelHandlerContext.invokeChannelRead(AbstractChannelHandlerContext.java:366)\n\tat io.netty.channel.Abstr...
[debug] &amp#27;[38;5;128m[W3C]&amp#27;[0m Matched W3C error code 'no such element' to NoSuchElementError
[debug] &amp#27;[38;5;32m[AndroidUiautomator2Driver@d31a (875603d9)]&amp#27;[0m Waited for 9774 ms so far
[debug] &amp#27;[38;5;32m[AndroidUiautomator2Driver@d31a (875603d9)]&amp#27;[0m Matched '/element' to command name 'findElement'
[debug] &amp#27;[38;5;32m[AndroidUiautomator2Driver@d31a (875603d9)]&amp#27;[0m Proxying [POST /element] to [POST http://127.0.0.1:8200/session/e3a29cb9-2bec-47c4-894c-84d6b3d1bd91/element] with body: {"strategy":"xpath","selector":"//android.widget.Button[@text='Next']","context":"","multiple":false}
&amp#27;[38;5;32m[AndroidUiautomator2Driver@d31a (875603d9)]&amp#27;[0m Got response with status 404: {"sessionId":"e3a29cb9-2bec-47c4-894c-84d6b3d1bd91","value":{"error":"no such element","message":"An element could not be located on the page using the given search parameters","stacktrace":"io.appium.uiautomator2.common.exceptions.ElementNotFoundException: An element could not be located on the page using the given search parameters\n\tat io.appium.uiautomator2.utils.ElementLocationHelpers.findElement(ElementLocationHelpers.java:156)\n\tat io.appium.uiautomator2.handler.FindElement.safeHandle(FindElement.java:60)\n\tat io.appium.uiautomator2.handler.request.SafeRequestHandler.handle(SafeRequestHandler.java:59)\n\tat io.appium.uiautomator2.server.AppiumServlet.handleRequest(AppiumServlet.java:277)\n\tat io.appium.uiautomator2.server.AppiumServlet.handleHttpRequest(AppiumServlet.java:271)\n\tat io.appium.uiautomator2.http.ServerHandler.channelRead(ServerHandler.java:77)\n\tat io.netty.channel.AbstractChannelHandlerContext.invokeChannelRead(AbstractChannelHandlerContext.java:366)\n\tat io.netty.channel.Abstr...
[debug] &amp#27;[38;5;128m[W3C]&amp#27;[0m Matched W3C error code 'no such element' to NoSuchElementError
[debug] &amp#27;[38;5;32m[AndroidUiautomator2Driver@d31a (875603d9)]&amp#27;[0m Encountered internal error running command: NoSuchElementError: An element could not be located on the page using the given search parameters.
[debug] &amp#27;[38;5;32m[AndroidUiautomator2Driver@d31a (875603d9)]&amp#27;[0m     at AndroidUiautomator2Driver.findElOrEls (/Users/dori/.appium/node_modules/appium-uiautomator2-driver/node_modules/appium-android-driver/lib/commands/find.js:75:11)
[debug] &amp#27;[38;5;32m[AndroidUiautomator2Driver@d31a (875603d9)]&amp#27;[0m     at runMicrotasks (<anonymous>)
[debug] &amp#27;[38;5;32m[AndroidUiautomator2Driver@d31a (875603d9)]&amp#27;[0m     at processTicksAndRejections (node:internal/process/task_queues:96:5)
[debug] &amp#27;[38;5;32m[AndroidUiautomator2Driver@d31a (875603d9)]&amp#27;[0m     at AndroidUiautomator2Driver.findElOrElsWithProcessing (/usr/local/lib/node_modules/appium/node_modules/@appium/base-driver/lib/basedriver/commands/find.ts:60:12)
[debug] &amp#27;[38;5;32m[AndroidUiautomator2Driver@d31a (875603d9)]&amp#27;[0m     at AndroidUiautomator2Driver.findElement (/usr/local/lib/node_modules/appium/node_modules/@appium/base-driver/lib/basedriver/commands/find.ts:75:12)
&amp#27;[38;5;0m[HTTP]&amp#27;[0m <-- POST /session/875603d9-c963-4be3-b1ff-1e2296f8f20d/element 404 10124 ms - 845
&amp#27;[38;5;0m[HTTP]&amp#27;[0m 
]]></system-out>
    <system-err><![CDATA[SLF4J: No SLF4J providers were found.
SLF4J: Defaulting to no-operation (NOP) logger implementation
SLF4J: See https://www.slf4j.org/codes.html#noProviders for further details.
]]></system-err>
  </testcase>
  <testcase name="registerWithMobileNumber" classname="org.RegressionTests.RegisterTests" time="51.57">
    <failure message="An element could not be located on the page using the given search parameters.&#10;For documentation on this error, please visit: https://www.selenium.dev/documentation/webdriver/troubleshooting/errors#no-such-element-exception&#10;Build info: version: &apos;4.13.0&apos;, revision: &apos;ba948ece5b*&apos;&#10;System info: os.name: &apos;Mac OS X&apos;, os.arch: &apos;x86_64&apos;, os.version: &apos;13.2.1&apos;, java.version: &apos;11.0.17&apos;&#10;Driver info: io.appium.java_client.android.AndroidDriver&#10;Command: [e534f12e-89fc-43e4-9f11-e386023563ad, findElement {using=id, value=com.leanscale.dcafood.zoobaegypt.beta:id/buttonVerify}]&#10;Capabilities {appium:app: /Users/dori/Downloads/zooba..., appium:appPackage: com.leanscale.dcafood.zooba..., appium:autoGrantPermissions: true, appium:automationName: UIAutomator2, appium:chromeOptions: {w3c: false}, appium:chromedriverExecutable: /Users/dori/Downloads/zooba..., appium:databaseEnabled: false, appium:desired: {app: /Users/dori/Downloads/zooba..., autoGrantPermissions: true, automationName: UIAutomator2, chromeOptions: {w3c: false}, chromedriverExecutable: /Users/dori/Downloads/zooba..., deviceName: PlayStore, platformName: ANDROID}, appium:deviceApiLevel: 33, appium:deviceManufacturer: Google, appium:deviceModel: sdk_gphone64_arm64, appium:deviceName: emulator-5554, appium:deviceScreenDensity: 440, appium:deviceScreenSize: 1080x2280, appium:deviceUDID: emulator-5554, appium:javascriptEnabled: true, appium:locationContextEnabled: false, appium:networkConnectionEnabled: true, appium:pixelRatio: 2.75, appium:platformVersion: 13, appium:statBarHeight: 66, appium:takesScreenshot: true, appium:viewportRect: {height: 2148, left: 0, top: 66, width: 1080}, appium:warnings: {}, appium:webStorageEnabled: false, platformName: ANDROID}&#10;Session ID: e534f12e-89fc-43e4-9f11-e386023563ad" type="org.openqa.selenium.NoSuchElementException">org.openqa.selenium.NoSuchElementException: 
An element could not be located on the page using the given search parameters.
For documentation on this error, please visit: https://www.selenium.dev/documentation/webdriver/troubleshooting/errors#no-such-element-exception
Build info: version: '4.13.0', revision: 'ba948ece5b*'
System info: os.name: 'Mac OS X', os.arch: 'x86_64', os.version: '13.2.1', java.version: '11.0.17'
Driver info: io.appium.java_client.android.AndroidDriver
Command: [e534f12e-89fc-43e4-9f11-e386023563ad, findElement {using=id, value=com.leanscale.dcafood.zoobaegypt.beta:id/buttonVerify}]
Capabilities {appium:app: /Users/dori/Downloads/zooba..., appium:appPackage: com.leanscale.dcafood.zooba..., appium:autoGrantPermissions: true, appium:automationName: UIAutomator2, appium:chromeOptions: {w3c: false}, appium:chromedriverExecutable: /Users/dori/Downloads/zooba..., appium:databaseEnabled: false, appium:desired: {app: /Users/dori/Downloads/zooba..., autoGrantPermissions: true, automationName: UIAutomator2, chromeOptions: {w3c: false}, chromedriverExecutable: /Users/dori/Downloads/zooba..., deviceName: PlayStore, platformName: ANDROID}, appium:deviceApiLevel: 33, appium:deviceManufacturer: Google, appium:deviceModel: sdk_gphone64_arm64, appium:deviceName: emulator-5554, appium:deviceScreenDensity: 440, appium:deviceScreenSize: 1080x2280, appium:deviceUDID: emulator-5554, appium:javascriptEnabled: true, appium:locationContextEnabled: false, appium:networkConnectionEnabled: true, appium:pixelRatio: 2.75, appium:platformVersion: 13, appium:statBarHeight: 66, appium:takesScreenshot: true, appium:viewportRect: {height: 2148, left: 0, top: 66, width: 1080}, appium:warnings: {}, appium:webStorageEnabled: false, platformName: ANDROID}
Session ID: e534f12e-89fc-43e4-9f11-e386023563ad
	at org.RegressionTests.RegisterTests.registerWithMobileNumber(RegisterTests.java:37)
</failure>
    <system-out><![CDATA[&amp#27;[38;5;0m[HTTP]&amp#27;[0m &amp#27;[37m-->&amp#27;[39m &amp#27;[37mDELETE&amp#27;[39m &amp#27;[37m/session/875603d9-c963-4be3-b1ff-1e2296f8f20d&amp#27;[39m
&amp#27;[38;5;0m[HTTP]&amp#27;[0m {}
[debug] &amp#27;[38;5;32m[AndroidUiautomator2Driver@d31a (875603d9)]&amp#27;[0m Calling AppiumDriver.deleteSession() with args: ["875603d9-c963-4be3-b1ff-1e2296f8f20d"]
[debug] &amp#27;[38;5;16m[AppiumDriver@cf1a]&amp#27;[0m Event 'quitSessionRequested' logged at 1696870856449 (20:00:56 GMT+0300 (GMT+03:00))
&amp#27;[38;5;16m[AppiumDriver@cf1a]&amp#27;[0m Removing session 875603d9-c963-4be3-b1ff-1e2296f8f20d from our master session list
[debug] &amp#27;[38;5;32m[AndroidUiautomator2Driver@d31a (875603d9)]&amp#27;[0m Deleting UiAutomator2 session
[debug] &amp#27;[38;5;32m[AndroidUiautomator2Driver@d31a (875603d9)]&amp#27;[0m Deleting UiAutomator2 server session
[debug] &amp#27;[38;5;32m[AndroidUiautomator2Driver@d31a (875603d9)]&amp#27;[0m Matched '/' to command name 'deleteSession'
[debug] &amp#27;[38;5;32m[AndroidUiautomator2Driver@d31a (875603d9)]&amp#27;[0m Proxying [DELETE /] to [DELETE http://127.0.0.1:8200/session/e3a29cb9-2bec-47c4-894c-84d6b3d1bd91] with no body
[debug] &amp#27;[38;5;32m[AndroidUiautomator2Driver@d31a (875603d9)]&amp#27;[0m Got response with status 200: {"sessionId":"e3a29cb9-2bec-47c4-894c-84d6b3d1bd91","value":null}
[debug] &amp#27;[38;5;64m[ADB]&amp#27;[0m Running '/Users/dori/Library/Android/sdk/platform-tools/adb -P 5037 -s emulator-5554 shell dumpsys activity services io.appium.settings/.recorder.RecorderService'
[debug] &amp#27;[38;5;64m[ADB]&amp#27;[0m Running '/Users/dori/Library/Android/sdk/platform-tools/adb -P 5037 -s emulator-5554 shell am force-stop com.leanscale.dcafood.zoobaegypt.beta'
[debug] &amp#27;[38;5;112m[Instrumentation]&amp#27;[0m .
[debug] &amp#27;[38;5;96m[Logcat]&amp#27;[0m Stopping logcat capture
[debug] &amp#27;[38;5;64m[ADB]&amp#27;[0m Removing forwarded port socket connection: 8200 
[debug] &amp#27;[38;5;64m[ADB]&amp#27;[0m Running '/Users/dori/Library/Android/sdk/platform-tools/adb -P 5037 -s emulator-5554 forward --remove tcp:8200'
&amp#27;[38;5;32m[AndroidUiautomator2Driver@d31a (875603d9)]&amp#27;[0m Restoring hidden api policy to the device default configuration
[debug] &amp#27;[38;5;64m[ADB]&amp#27;[0m Running '/Users/dori/Library/Android/sdk/platform-tools/adb -P 5037 -s emulator-5554 shell 'settings delete global hidden_api_policy_pre_p_apps;settings delete global hidden_api_policy_p_apps;settings delete global hidden_api_policy''
[debug] &amp#27;[38;5;112m[Instrumentation]&amp#27;[0m Time: 31.077
[debug] &amp#27;[38;5;112m[Instrumentation]&amp#27;[0m 
[debug] &amp#27;[38;5;112m[Instrumentation]&amp#27;[0m OK (1 test)
[debug] &amp#27;[38;5;112m[Instrumentation]&amp#27;[0m The process has exited with code 0
[debug] &amp#27;[38;5;16m[AppiumDriver@cf1a]&amp#27;[0m Event 'quitSessionFinished' logged at 1696870856771 (20:00:56 GMT+0300 (GMT+03:00))
[debug] &amp#27;[38;5;16m[AppiumDriver@cf1a]&amp#27;[0m Received response: null
[debug] &amp#27;[38;5;16m[AppiumDriver@cf1a]&amp#27;[0m But deleting session, so not returning
[debug] &amp#27;[38;5;16m[AppiumDriver@cf1a]&amp#27;[0m Responding to client with driver.deleteSession() result: null
&amp#27;[38;5;0m[HTTP]&amp#27;[0m <-- DELETE /session/875603d9-c963-4be3-b1ff-1e2296f8f20d 200 323 ms - 14
&amp#27;[38;5;0m[HTTP]&amp#27;[0m 
null
&amp#27;[35m[Appium]&amp#27;[39m Welcome to Appium v2.0.1
&amp#27;[35m[Appium]&amp#27;[39m Non-default server args:
&amp#27;[35m[Appium]&amp#27;[39m { port: &amp#27;[33m4724&amp#27;[39m }
&amp#27;[35m[Appium]&amp#27;[39m Attempting to load driver uiautomator2...
[debug] &amp#27;[35m[Appium]&amp#27;[39m Requiring driver at /Users/dori/.appium/node_modules/appium-uiautomator2-driver
[Appium] Appium REST http interface listener started on http://0.0.0.0:4724
[Appium] You can provide the following URLS in your client code to connect to this server:
[Appium] 	http://127.0.0.1:4724/ (only accessible from the same host)
[Appium] 	http://192.168.1.103:4724/
[Appium] Available drivers:
[Appium]   - uiautomator2@2.29.11 (automationName 'UiAutomator2')
[Appium] No plugins have been installed. Use the "appium plugin" command to install the one(s) you want to use.
&amp#27;[38;5;0m[HTTP]&amp#27;[0m &amp#27;[37m-->&amp#27;[39m &amp#27;[37mGET&amp#27;[39m &amp#27;[37m/status&amp#27;[39m
&amp#27;[38;5;0m[HTTP]&amp#27;[0m {}
[debug] &amp#27;[38;5;16m[AppiumDriver@ca5b]&amp#27;[0m Calling AppiumDriver.getStatus() with args: []
[debug] &amp#27;[38;5;16m[AppiumDriver@ca5b]&amp#27;[0m Responding to client with driver.getStatus() result: {"build":{"version":"2.0.1"}}
&amp#27;[38;5;0m[HTTP]&amp#27;[0m <-- GET /status 200 9 ms - 39
&amp#27;[38;5;0m[HTTP]&amp#27;[0m 
[debug] &amp#27;[38;5;0m[HTTP]&amp#27;[0m Request idempotency key: b53ac7f4-258b-410c-a132-ffd5bc75168e
&amp#27;[38;5;0m[HTTP]&amp#27;[0m &amp#27;[37m-->&amp#27;[39m &amp#27;[37mPOST&amp#27;[39m &amp#27;[37m/session&amp#27;[39m
&amp#27;[38;5;0m[HTTP]&amp#27;[0m {"capabilities":{"firstMatch":[{}],"alwaysMatch":{"appium:app":"/Users/dori/Downloads/zoobaAutomation-master//src//main//java//org//zoobaApp//Resources//zooba.apk","appium:autoGrantPermissions":true,"appium:automationName":"UIAutomator2","appium:chromeOptions":{"w3c":false},"appium:chromedriverExecutable":"/Users/dori/Downloads/zoobaAutomation-master//src//main//java//org//zoobaApp//TestUtils//Drivers//ChromeDriver//chromedriver.exe","appium:deviceName":"PlayStore","platformName":"ANDROID"}}}
[debug] &amp#27;[38;5;16m[AppiumDriver@ca5b]&amp#27;[0m Calling AppiumDriver.createSession() with args: [null,null,{"firstMatch":[{}],"alwaysMatch":{"appium:app":"/Users/dori/Downloads/zoobaAutomation-master//src//main//java//org//zoobaApp//Resources//zooba.apk","appium:autoGrantPermissions":true,"appium:automationName":"UIAutomator2","appium:chromeOptions":{"w3c":false},"appium:chromedriverExecutable":"/Users/dori/Downloads/zoobaAutomation-master//src//main//java//org//zoobaApp//TestUtils//Drivers//ChromeDriver//chromedriver.exe","appium:deviceName":"PlayStore","platformName":"ANDROID"}}]
[debug] &amp#27;[38;5;16m[AppiumDriver@ca5b]&amp#27;[0m Event 'newSessionRequested' logged at 1696870863385 (20:01:03 GMT+0300 (GMT+03:00))
[Appium] Attempting to find matching driver for automationName 'UIAutomator2' and platformName 'ANDROID'
[Appium] The 'uiautomator2' driver was installed and matched caps.
[Appium] Will require it at /Users/dori/.appium/node_modules/appium-uiautomator2-driver
[debug] [Appium] Requiring driver at /Users/dori/.appium/node_modules/appium-uiautomator2-driver
&amp#27;[38;5;16m[AppiumDriver@ca5b]&amp#27;[0m Appium v2.0.1 creating new AndroidUiautomator2Driver (v2.29.11) session
&amp#27;[38;5;16m[AppiumDriver@ca5b]&amp#27;[0m Checking BaseDriver versions for Appium and AndroidUiautomator2Driver
&amp#27;[38;5;16m[AppiumDriver@ca5b]&amp#27;[0m Appium's BaseDriver version is 9.3.16
&amp#27;[38;5;16m[AppiumDriver@ca5b]&amp#27;[0m AndroidUiautomator2Driver's BaseDriver version is 9.3.16
[debug] &amp#27;[38;5;32m[AndroidUiautomator2Driver@1900]&amp#27;[0m Creating session with W3C capabilities: {
[debug] &amp#27;[38;5;32m[AndroidUiautomator2Driver@1900]&amp#27;[0m   "alwaysMatch": {
[debug] &amp#27;[38;5;32m[AndroidUiautomator2Driver@1900]&amp#27;[0m     "platformName": "ANDROID",
[debug] &amp#27;[38;5;32m[AndroidUiautomator2Driver@1900]&amp#27;[0m     "appium:app": "/Users/dori/Downloads/zoobaAutomation-master//src//main//java//org//zoobaApp//Resources//zooba.apk",
[debug] &amp#27;[38;5;32m[AndroidUiautomator2Driver@1900]&amp#27;[0m     "appium:autoGrantPermissions": true,
[debug] &amp#27;[38;5;32m[AndroidUiautomator2Driver@1900]&amp#27;[0m     "appium:automationName": "UIAutomator2",
[debug] &amp#27;[38;5;32m[AndroidUiautomator2Driver@1900]&amp#27;[0m     "appium:chromeOptions": {
[debug] &amp#27;[38;5;32m[AndroidUiautomator2Driver@1900]&amp#27;[0m       "w3c": false
[debug] &amp#27;[38;5;32m[AndroidUiautomator2Driver@1900]&amp#27;[0m     },
[debug] &amp#27;[38;5;32m[AndroidUiautomator2Driver@1900]&amp#27;[0m     "appium:chromedriverExecutable": "/Users/dori/Downloads/zoobaAutomation-master//src//main//java//org//zoobaApp//TestUtils//Drivers//ChromeDriver//chromedriver.exe",
[debug] &amp#27;[38;5;32m[AndroidUiautomator2Driver@1900]&amp#27;[0m     "appium:deviceName": "PlayStore"
[debug] &amp#27;[38;5;32m[AndroidUiautomator2Driver@1900]&amp#27;[0m   },
[debug] &amp#27;[38;5;32m[AndroidUiautomator2Driver@1900]&amp#27;[0m   "firstMatch": [
[debug] &amp#27;[38;5;32m[AndroidUiautomator2Driver@1900]&amp#27;[0m     {}
[debug] &amp#27;[38;5;32m[AndroidUiautomator2Driver@1900]&amp#27;[0m   ]
[debug] &amp#27;[38;5;32m[AndroidUiautomator2Driver@1900]&amp#27;[0m }
&amp#27;[38;5;32m[AndroidUiautomator2Driver@1900]&amp#27;[0m The following capabilities were provided, but are not recognized by Appium:
&amp#27;[38;5;32m[AndroidUiautomator2Driver@1900]&amp#27;[0m   deviceName
&amp#27;[38;5;32m[AndroidUiautomator2Driver@1900 (e534f12e)]&amp#27;[0m Session created with session id: e534f12e-89fc-43e4-9f11-e386023563ad
&amp#27;[38;5;48m[BaseDriver]&amp#27;[0m Using local app '/Users/dori/Downloads/zoobaAutomation-master//src//main//java//org//zoobaApp//Resources//zooba.apk'
[debug] &amp#27;[38;5;32m[AndroidUiautomator2Driver@1900 (e534f12e)]&amp#27;[0m Checking whether app is actually present
&amp#27;[38;5;64m[ADB]&amp#27;[0m Found 4 'build-tools' folders under '/Users/dori/Library/Android/sdk' (newest first):
&amp#27;[38;5;64m[ADB]&amp#27;[0m     /Users/dori/Library/Android/sdk/build-tools/33.0.1
&amp#27;[38;5;64m[ADB]&amp#27;[0m     /Users/dori/Library/Android/sdk/build-tools/33.0.0
&amp#27;[38;5;64m[ADB]&amp#27;[0m     /Users/dori/Library/Android/sdk/build-tools/30.0.3
&amp#27;[38;5;64m[ADB]&amp#27;[0m     /Users/dori/Library/Android/sdk/build-tools/30.0.2
&amp#27;[38;5;64m[ADB]&amp#27;[0m Using 'adb' from '/Users/dori/Library/Android/sdk/platform-tools/adb'
[debug] &amp#27;[38;5;64m[ADB]&amp#27;[0m Running '/Users/dori/Library/Android/sdk/platform-tools/adb -P 5037 start-server'
&amp#27;[38;5;80m[AndroidDriver]&amp#27;[0m Retrieving device list
[debug] &amp#27;[38;5;64m[ADB]&amp#27;[0m Trying to find connected Android devices
[debug] &amp#27;[38;5;64m[ADB]&amp#27;[0m Getting connected devices
[debug] &amp#27;[38;5;64m[ADB]&amp#27;[0m Connected devices: [{"udid":"emulator-5554","state":"device"}]
&amp#27;[38;5;80m[AndroidDriver]&amp#27;[0m Using device: emulator-5554
&amp#27;[38;5;64m[ADB]&amp#27;[0m Using 'adb' from '/Users/dori/Library/Android/sdk/platform-tools/adb'
[debug] &amp#27;[38;5;64m[ADB]&amp#27;[0m Running '/Users/dori/Library/Android/sdk/platform-tools/adb -P 5037 start-server'
[debug] &amp#27;[38;5;64m[ADB]&amp#27;[0m Setting device id to emulator-5554
[debug] &amp#27;[38;5;64m[ADB]&amp#27;[0m Running '/Users/dori/Library/Android/sdk/platform-tools/adb -P 5037 -s emulator-5554 shell getprop ro.build.version.sdk'
[debug] &amp#27;[38;5;64m[ADB]&amp#27;[0m Current device property 'ro.build.version.sdk': 33
&amp#27;[38;5;64m[ADB]&amp#27;[0m Getting device platform version
[debug] &amp#27;[38;5;64m[ADB]&amp#27;[0m Running '/Users/dori/Library/Android/sdk/platform-tools/adb -P 5037 -s emulator-5554 shell getprop ro.build.version.release'
[debug] &amp#27;[38;5;64m[ADB]&amp#27;[0m Current device property 'ro.build.version.release': 13
[debug] &amp#27;[38;5;64m[ADB]&amp#27;[0m Device API level: 33
&amp#27;[38;5;32m[AndroidUiautomator2Driver@1900 (e534f12e)]&amp#27;[0m Relaxing hidden api policy
[debug] &amp#27;[38;5;64m[ADB]&amp#27;[0m Running '/Users/dori/Library/Android/sdk/platform-tools/adb -P 5037 -s emulator-5554 shell 'settings put global hidden_api_policy_pre_p_apps 1;settings put global hidden_api_policy_p_apps 1;settings put global hidden_api_policy 1''
[debug] &amp#27;[38;5;80m[AndroidDriver]&amp#27;[0m Parsing package and activity from app manifest
&amp#27;[38;5;64m[ADB]&amp#27;[0m Package name: 'com.leanscale.dcafood.zoobaegypt.beta'
&amp#27;[38;5;64m[ADB]&amp#27;[0m Main activity name: 'com.leanscale.dca.sdk.feature.account.splash.SplashActivity'
[debug] &amp#27;[38;5;80m[AndroidDriver]&amp#27;[0m Parsed package and activity are: com.leanscale.dcafood.zoobaegypt.beta/com.leanscale.dca.sdk.feature.account.splash.SplashActivity
[debug] &amp#27;[38;5;64m[ADB]&amp#27;[0m Running '/Users/dori/Library/Android/sdk/platform-tools/adb -P 5037 -s emulator-5554 wait-for-device'
[debug] &amp#27;[38;5;64m[ADB]&amp#27;[0m Running '/Users/dori/Library/Android/sdk/platform-tools/adb -P 5037 -s emulator-5554 shell echo ping'
[debug] &amp#27;[38;5;80m[AndroidDriver]&amp#27;[0m Pushing settings apk to device...
[debug] &amp#27;[38;5;64m[ADB]&amp#27;[0m Getting package info for 'io.appium.settings'
[debug] &amp#27;[38;5;64m[ADB]&amp#27;[0m Running '/Users/dori/Library/Android/sdk/platform-tools/adb -P 5037 -s emulator-5554 shell dumpsys package io.appium.settings'
[debug] &amp#27;[38;5;64m[ADB]&amp#27;[0m The version name of the installed 'io.appium.settings' is greater or equal to the application version name ('5.1.2' >= '5.1.2')
[debug] &amp#27;[38;5;64m[ADB]&amp#27;[0m There is no need to install/upgrade '/Users/dori/.appium/node_modules/appium-uiautomator2-driver/node_modules/io.appium.settings/apks/settings_apk-debug.apk'
[debug] &amp#27;[38;5;64m[ADB]&amp#27;[0m Getting IDs of all 'io.appium.settings' processes
[debug] &amp#27;[38;5;64m[ADB]&amp#27;[0m Running '/Users/dori/Library/Android/sdk/platform-tools/adb -P 5037 -s emulator-5554 shell 'pgrep --help; echo $?''
[debug] &amp#27;[38;5;64m[ADB]&amp#27;[0m Running '/Users/dori/Library/Android/sdk/platform-tools/adb -P 5037 -s emulator-5554 shell pgrep -f \(\[\[:blank:\]\]\|\^\)io\.appium\.settings\(\[\[:blank:\]\]\|\$\)'
[debug] &amp#27;[38;5;80m[AndroidDriver]&amp#27;[0m io.appium.settings is already running. There is no need to reset its permissions.
[debug] &amp#27;[38;5;96m[Logcat]&amp#27;[0m Starting logs capture with command: /Users/dori/Library/Android/sdk/platform-tools/adb -P 5037 -s emulator-5554 logcat -v threadtime
[debug] &amp#27;[38;5;32m[AndroidUiautomator2Driver@1900 (e534f12e)]&amp#27;[0m Forwarding UiAutomator2 Server port 6790 to local port 8200
[debug] &amp#27;[38;5;64m[ADB]&amp#27;[0m Forwarding system: 8200 to device: 6790
[debug] &amp#27;[38;5;64m[ADB]&amp#27;[0m Running '/Users/dori/Library/Android/sdk/platform-tools/adb -P 5037 -s emulator-5554 forward tcp:8200 tcp:6790'
[debug] &amp#27;[38;5;64m[ADB]&amp#27;[0m Checking app cert for /Users/dori/.appium/node_modules/appium-uiautomator2-driver/node_modules/appium-uiautomator2-server/apks/appium-uiautomator2-server-v5.12.6.apk
[debug] &amp#27;[38;5;64m[ADB]&amp#27;[0m Checking app cert for /Users/dori/.appium/node_modules/appium-uiautomator2-driver/node_modules/appium-uiautomator2-server/apks/appium-uiautomator2-server-debug-androidTest.apk
&amp#27;[38;5;64m[ADB]&amp#27;[0m Using 'apksigner.jar' from '/Users/dori/Library/Android/sdk/build-tools/33.0.1/lib/apksigner.jar'
[debug] &amp#27;[38;5;64m[ADB]&amp#27;[0m Starting apksigner: /Library/Java/JavaVirtualMachines/jdk-17.0.1.jdk/Contents/Home/bin/java -Xmx1024M -Xss1m -jar /Users/dori/Library/Android/sdk/build-tools/33.0.1/lib/apksigner.jar verify --print-certs /Users/dori/.appium/node_modules/appium-uiautomator2-driver/node_modules/appium-uiautomator2-server/apks/appium-uiautomator2-server-debug-androidTest.apk
[debug] &amp#27;[38;5;64m[ADB]&amp#27;[0m Starting apksigner: /Library/Java/JavaVirtualMachines/jdk-17.0.1.jdk/Contents/Home/bin/java -Xmx1024M -Xss1m -jar /Users/dori/Library/Android/sdk/build-tools/33.0.1/lib/apksigner.jar verify --print-certs /Users/dori/.appium/node_modules/appium-uiautomator2-driver/node_modules/appium-uiautomator2-server/apks/appium-uiautomator2-server-v5.12.6.apk
[debug] &amp#27;[38;5;64m[ADB]&amp#27;[0m apksigner stdout: Signer #1 certificate DN: EMAILADDRESS=android@android.com, CN=Android, OU=Android, O=Android, L=Mountain View, ST=California, C=US
[debug] &amp#27;[38;5;64m[ADB]&amp#27;[0m Signer #1 certificate SHA-256 digest: a40da80a59d170caa950cf15c18c454d47a39b26989d8b640ecd745ba71bf5dc
[debug] &amp#27;[38;5;64m[ADB]&amp#27;[0m Signer #1 certificate SHA-1 digest: 61ed377e85d386a8dfee6b864bd85b0bfaa5af81
[debug] &amp#27;[38;5;64m[ADB]&amp#27;[0m Signer #1 certificate MD5 digest: e89b158e4bcf988ebd09eb83f5378e87
[debug] &amp#27;[38;5;64m[ADB]&amp#27;[0m 
[debug] &amp#27;[38;5;64m[ADB]&amp#27;[0m sha256 hash did match for 'appium-uiautomator2-server-debug-androidTest.apk'
&amp#27;[38;5;64m[ADB]&amp#27;[0m '/Users/dori/.appium/node_modules/appium-uiautomator2-driver/node_modules/appium-uiautomator2-server/apks/appium-uiautomator2-server-debug-androidTest.apk' is signed with the default certificate
[debug] &amp#27;[38;5;64m[ADB]&amp#27;[0m Getting install status for io.appium.uiautomator2.server.test
[debug] &amp#27;[38;5;64m[ADB]&amp#27;[0m Running '/Users/dori/Library/Android/sdk/platform-tools/adb -P 5037 -s emulator-5554 shell pm path io.appium.uiautomator2.server.test'
[debug] &amp#27;[38;5;64m[ADB]&amp#27;[0m 'io.appium.uiautomator2.server.test' is installed
[debug] &amp#27;[38;5;64m[ADB]&amp#27;[0m apksigner stdout: Signer #1 certificate DN: EMAILADDRESS=android@android.com, CN=Android, OU=Android, O=Android, L=Mountain View, ST=California, C=US
[debug] &amp#27;[38;5;64m[ADB]&amp#27;[0m Signer #1 certificate SHA-256 digest: a40da80a59d170caa950cf15c18c454d47a39b26989d8b640ecd745ba71bf5dc
[debug] &amp#27;[38;5;64m[ADB]&amp#27;[0m Signer #1 certificate SHA-1 digest: 61ed377e85d386a8dfee6b864bd85b0bfaa5af81
[debug] &amp#27;[38;5;64m[ADB]&amp#27;[0m Signer #1 certificate MD5 digest: e89b158e4bcf988ebd09eb83f5378e87
[debug] &amp#27;[38;5;64m[ADB]&amp#27;[0m 
[debug] &amp#27;[38;5;64m[ADB]&amp#27;[0m sha256 hash did match for 'appium-uiautomator2-server-v5.12.6.apk'
&amp#27;[38;5;64m[ADB]&amp#27;[0m '/Users/dori/.appium/node_modules/appium-uiautomator2-driver/node_modules/appium-uiautomator2-server/apks/appium-uiautomator2-server-v5.12.6.apk' is signed with the default certificate
[debug] &amp#27;[38;5;64m[ADB]&amp#27;[0m Getting package info for 'io.appium.uiautomator2.server'
[debug] &amp#27;[38;5;64m[ADB]&amp#27;[0m Running '/Users/dori/Library/Android/sdk/platform-tools/adb -P 5037 -s emulator-5554 shell dumpsys package io.appium.uiautomator2.server'
[debug] &amp#27;[38;5;64m[ADB]&amp#27;[0m The version name of the installed 'io.appium.uiautomator2.server' is greater or equal to the application version name ('5.12.6' >= '5.12.6')
[debug] &amp#27;[38;5;32m[AndroidUiautomator2Driver@1900 (e534f12e)]&amp#27;[0m Server packages status: [{"wasSigned":true,"installState":"sameVersionInstalled","appPath":"/Users/dori/.appium/node_modules/appium-uiautomator2-driver/node_modules/appium-uiautomator2-server/apks/appium-uiautomator2-server-v5.12.6.apk","appId":"io.appium.uiautomator2.server"},{"wasSigned":true,"installState":"sameVersionInstalled","appPath":"/Users/dori/.appium/node_modules/appium-uiautomator2-driver/node_modules/appium-uiautomator2-server/apks/appium-uiautomator2-server-debug-androidTest.apk","appId":"io.appium.uiautomator2.server.test"}]
&amp#27;[38;5;32m[AndroidUiautomator2Driver@1900 (e534f12e)]&amp#27;[0m Server packages are not going to be (re)installed
[debug] &amp#27;[38;5;32m[AndroidUiautomator2Driver@1900 (e534f12e)]&amp#27;[0m Waiting up to 30000ms for services to be available
[debug] &amp#27;[38;5;64m[ADB]&amp#27;[0m Running '/Users/dori/Library/Android/sdk/platform-tools/adb -P 5037 -s emulator-5554 shell pm list instrumentation'
[debug] &amp#27;[38;5;32m[AndroidUiautomator2Driver@1900 (e534f12e)]&amp#27;[0m Instrumentation target 'io.appium.uiautomator2.server.test/androidx.test.runner.AndroidJUnitRunner' is available
&amp#27;[38;5;64m[ADB]&amp#27;[0m Adding packages ["io.appium.settings","io.appium.uiautomator2.server","io.appium.uiautomator2.server.test"] to Doze whitelist
[debug] &amp#27;[38;5;64m[ADB]&amp#27;[0m Got the following command chunks to execute: [["dumpsys","deviceidle","whitelist","+io.appium.settings",";","dumpsys","deviceidle","whitelist","+io.appium.uiautomator2.server",";","dumpsys","deviceidle","whitelist","+io.appium.uiautomator2.server.test",";"]]
[debug] &amp#27;[38;5;64m[ADB]&amp#27;[0m Running '/Users/dori/Library/Android/sdk/platform-tools/adb -P 5037 -s emulator-5554 shell dumpsys deviceidle whitelist +io.appium.settings ; dumpsys deviceidle whitelist +io.appium.uiautomator2.server ; dumpsys deviceidle whitelist +io.appium.uiautomator2.server.test ;'
[debug] &amp#27;[38;5;64m[ADB]&amp#27;[0m Checking app cert for /Users/dori/Downloads/zoobaAutomation-master//src//main//java//org//zoobaApp//Resources//zooba.apk
[debug] &amp#27;[38;5;64m[ADB]&amp#27;[0m Starting apksigner: /Library/Java/JavaVirtualMachines/jdk-17.0.1.jdk/Contents/Home/bin/java -Xmx1024M -Xss1m -jar /Users/dori/Library/Android/sdk/build-tools/33.0.1/lib/apksigner.jar verify --print-certs /Users/dori/Downloads/zoobaAutomation-master//src//main//java//org//zoobaApp//Resources//zooba.apk
[debug] &amp#27;[38;5;64m[ADB]&amp#27;[0m apksigner stdout: Signer #1 certificate DN: CN=LS, OU=Dca, O=Lean Scale, L=Dubai
[debug] &amp#27;[38;5;64m[ADB]&amp#27;[0m Signer #1 certificate SHA-256 digest: af749546a40a56eb0dc542ad066783e965123ba42c1f656ca955f96836e14fe1
[debug] &amp#27;[38;5;64m[ADB]&amp#27;[0m Signer #1 certificate SHA-1 digest: b8a6736986df073159c6ac72afaeac817996a4bb
[debug] &amp#27;[38;5;64m[ADB]&amp#27;[0m Signer #1 certificate MD5 digest: 27f59e7ab839774b20294cff12e07312
[debug] &amp#27;[38;5;64m[ADB]&amp#27;[0m 
&amp#27;[38;5;64m[ADB]&amp#27;[0m '/Users/dori/Downloads/zoobaAutomation-master//src//main//java//org//zoobaApp//Resources//zooba.apk' is signed with a non-default certificate
[debug] &amp#27;[38;5;64m[ADB]&amp#27;[0m Getting package info for 'com.leanscale.dcafood.zoobaegypt.beta'
[debug] &amp#27;[38;5;64m[ADB]&amp#27;[0m Running '/Users/dori/Library/Android/sdk/platform-tools/adb -P 5037 -s emulator-5554 shell dumpsys package com.leanscale.dcafood.zoobaegypt.beta'
[debug] &amp#27;[38;5;64m[ADB]&amp#27;[0m The version name of the installed 'com.leanscale.dcafood.zoobaegypt.beta' is greater or equal to the application version name ('1.2.0' >= '1.2.0')
[debug] &amp#27;[38;5;64m[ADB]&amp#27;[0m There is no need to install/upgrade '/Users/dori/Downloads/zoobaAutomation-master//src//main//java//org//zoobaApp//Resources//zooba.apk'
&amp#27;[38;5;80m[AndroidDriver]&amp#27;[0m Performing fast reset on 'com.leanscale.dcafood.zoobaegypt.beta'
[debug] &amp#27;[38;5;64m[ADB]&amp#27;[0m Getting install status for com.leanscale.dcafood.zoobaegypt.beta
[debug] &amp#27;[38;5;64m[ADB]&amp#27;[0m Running '/Users/dori/Library/Android/sdk/platform-tools/adb -P 5037 -s emulator-5554 shell pm path com.leanscale.dcafood.zoobaegypt.beta'
[debug] &amp#27;[38;5;64m[ADB]&amp#27;[0m 'com.leanscale.dcafood.zoobaegypt.beta' is installed
[debug] &amp#27;[38;5;64m[ADB]&amp#27;[0m Running '/Users/dori/Library/Android/sdk/platform-tools/adb -P 5037 -s emulator-5554 shell am force-stop com.leanscale.dcafood.zoobaegypt.beta'
[debug] &amp#27;[38;5;64m[ADB]&amp#27;[0m Running '/Users/dori/Library/Android/sdk/platform-tools/adb -P 5037 -s emulator-5554 shell pm clear com.leanscale.dcafood.zoobaegypt.beta'
[debug] &amp#27;[38;5;64m[ADB]&amp#27;[0m Running '/Users/dori/Library/Android/sdk/platform-tools/adb -P 5037 -s emulator-5554 shell dumpsys package com.leanscale.dcafood.zoobaegypt.beta'
[debug] &amp#27;[38;5;64m[ADB]&amp#27;[0m Retrieving requested permissions
[debug] &amp#27;[38;5;64m[ADB]&amp#27;[0m Retrieved 14 permissions from requested group
[debug] &amp#27;[38;5;64m[ADB]&amp#27;[0m Retrieving granted permissions
[debug] &amp#27;[38;5;64m[ADB]&amp#27;[0m Retrieved 10 permissions from install,runtime groups
[debug] &amp#27;[38;5;64m[ADB]&amp#27;[0m Granting permissions ["android.permission.POST_NOTIFICATIONS","android.permission.ACCESS_COARSE_LOCATION","android.permission.CAMERA","android.permission.ACCESS_FINE_LOCATION"] to 'com.leanscale.dcafood.zoobaegypt.beta'
[debug] &amp#27;[38;5;64m[ADB]&amp#27;[0m Got the following command chunks to execute: [["pm","grant","com.leanscale.dcafood.zoobaegypt.beta","android.permission.POST_NOTIFICATIONS",";","pm","grant","com.leanscale.dcafood.zoobaegypt.beta","android.permission.ACCESS_COARSE_LOCATION",";","pm","grant","com.leanscale.dcafood.zoobaegypt.beta","android.permission.CAMERA",";","pm","grant","com.leanscale.dcafood.zoobaegypt.beta","android.permission.ACCESS_FINE_LOCATION",";"]]
[debug] &amp#27;[38;5;64m[ADB]&amp#27;[0m Running '/Users/dori/Library/Android/sdk/platform-tools/adb -P 5037 -s emulator-5554 shell pm grant com.leanscale.dcafood.zoobaegypt.beta android.permission.POST_NOTIFICATIONS ; pm grant com.leanscale.dcafood.zoobaegypt.beta android.permission.ACCESS_COARSE_LOCATION ; pm grant com.leanscale.dcafood.zoobaegypt.beta android.permission.CAMERA ; pm grant com.leanscale.dcafood.zoobaegypt.beta android.permission.ACCESS_FINE_LOCATION ;'
[debug] &amp#27;[38;5;80m[AndroidDriver]&amp#27;[0m Performed fast reset on the installed 'com.leanscale.dcafood.zoobaegypt.beta' application (stop and clear)
[debug] &amp#27;[38;5;32m[AndroidUiautomator2Driver@1900 (e534f12e)]&amp#27;[0m Performing shallow cleanup of automation leftovers
[debug] &amp#27;[38;5;32m[AndroidUiautomator2Driver@1900 (e534f12e)]&amp#27;[0m No obsolete sessions have been detected (socket hang up)
[debug] &amp#27;[38;5;64m[ADB]&amp#27;[0m Running '/Users/dori/Library/Android/sdk/platform-tools/adb -P 5037 -s emulator-5554 shell am force-stop io.appium.uiautomator2.server.test'
&amp#27;[38;5;32m[AndroidUiautomator2Driver@1900 (e534f12e)]&amp#27;[0m Starting UIAutomator2 server 5.12.6
&amp#27;[38;5;32m[AndroidUiautomator2Driver@1900 (e534f12e)]&amp#27;[0m Using UIAutomator2 server from '/Users/dori/.appium/node_modules/appium-uiautomator2-driver/node_modules/appium-uiautomator2-server/apks/appium-uiautomator2-server-v5.12.6.apk' and test from '/Users/dori/.appium/node_modules/appium-uiautomator2-driver/node_modules/appium-uiautomator2-server/apks/appium-uiautomator2-server-debug-androidTest.apk'
&amp#27;[38;5;32m[AndroidUiautomator2Driver@1900 (e534f12e)]&amp#27;[0m Waiting up to 30000ms for UiAutomator2 to be online...
[debug] &amp#27;[38;5;64m[ADB]&amp#27;[0m Creating ADB subprocess with args: ["-P","5037","-s","emulator-5554","shell","am","instrument","-w","-e","disableAnalytics",true,"io.appium.uiautomator2.server.test/androidx.test.runner.AndroidJUnitRunner"]
[debug] &amp#27;[38;5;32m[AndroidUiautomator2Driver@1900 (e534f12e)]&amp#27;[0m Matched '/status' to command name 'getStatus'
[debug] &amp#27;[38;5;32m[AndroidUiautomator2Driver@1900 (e534f12e)]&amp#27;[0m Proxying [GET /status] to [GET http://127.0.0.1:8200/status] with no body
&amp#27;[38;5;32m[AndroidUiautomator2Driver@1900 (e534f12e)]&amp#27;[0m socket hang up
[debug] &amp#27;[38;5;112m[Instrumentation]&amp#27;[0m io.appium.uiautomator2.server.test.AppiumUiAutomator2Server:
[debug] &amp#27;[38;5;32m[AndroidUiautomator2Driver@1900 (e534f12e)]&amp#27;[0m Matched '/status' to command name 'getStatus'
[debug] &amp#27;[38;5;32m[AndroidUiautomator2Driver@1900 (e534f12e)]&amp#27;[0m Proxying [GET /status] to [GET http://127.0.0.1:8200/status] with no body
&amp#27;[38;5;32m[AndroidUiautomator2Driver@1900 (e534f12e)]&amp#27;[0m socket hang up
[debug] &amp#27;[38;5;32m[AndroidUiautomator2Driver@1900 (e534f12e)]&amp#27;[0m Matched '/status' to command name 'getStatus'
[debug] &amp#27;[38;5;32m[AndroidUiautomator2Driver@1900 (e534f12e)]&amp#27;[0m Proxying [GET /status] to [GET http://127.0.0.1:8200/status] with no body
[debug] &amp#27;[38;5;32m[AndroidUiautomator2Driver@1900 (e534f12e)]&amp#27;[0m Got response with status 200: {"sessionId":"None","value":{"message":"UiAutomator2 Server is ready to accept commands","ready":true}}
[debug] &amp#27;[38;5;32m[AndroidUiautomator2Driver@1900 (e534f12e)]&amp#27;[0m The initialization of the instrumentation process took 2106ms
[debug] &amp#27;[38;5;32m[AndroidUiautomator2Driver@1900 (e534f12e)]&amp#27;[0m Matched '/session' to command name 'createSession'
[debug] &amp#27;[38;5;32m[AndroidUiautomator2Driver@1900 (e534f12e)]&amp#27;[0m Proxying [POST /session] to [POST http://127.0.0.1:8200/session] with body: {"capabilities":{"firstMatch":[{"platform":"LINUX","webStorageEnabled":false,"takesScreenshot":true,"javascriptEnabled":true,"databaseEnabled":false,"networkConnectionEnabled":true,"locationContextEnabled":false,"warnings":{},"desired":{"platformName":"ANDROID","app":"/Users/dori/Downloads/zoobaAutomation-master//src//main//java//org//zoobaApp//Resources//zooba.apk","autoGrantPermissions":true,"automationName":"UIAutomator2","chromeOptions":{"w3c":false},"chromedriverExecutable":"/Users/dori/Downloads/zoobaAutomation-master//src//main//java//org//zoobaApp//TestUtils//Drivers//ChromeDriver//chromedriver.exe","deviceName":"PlayStore"},"platformName":"ANDROID","app":"/Users/dori/Downloads/zoobaAutomation-master//src//main//java//org//zoobaApp//Resources//zooba.apk","autoGrantPermissions":true,"automationName":"UIAutomator2","chromeOptions":{"w3c":false},"chromedriverExecutable":"/Users/dori/Downloads/zoobaAutomation-master//src//main//java//org//zoobaApp//TestUtils//Drivers//ChromeDriver//chromedriver.exe","d...
[debug] &amp#27;[38;5;32m[AndroidUiautomator2Driver@1900 (e534f12e)]&amp#27;[0m Got response with status 200: {"sessionId":"011dc30c-a90d-49f5-a2c1-f6bf4ea73f77","value":{"capabilities":{"firstMatch":[{"platform":"LINUX","webStorageEnabled":false,"takesScreenshot":true,"javascriptEnabled":true,"databaseEnabled":false,"networkConnectionEnabled":true,"locationContextEnabled":false,"warnings":{},"desired":{"platformName":"ANDROID","app":"/Users/dori/Downloads/zoobaAutomation-master//src//main//java//org//zoobaApp//Resources//zooba.apk","autoGrantPermissions":true,"automationName":"UIAutomator2","chromeOptions":{"w3c":false},"chromedriverExecutable":"/Users/dori/Downloads/zoobaAutomation-master//src//main//java//org//zoobaApp//TestUtils//Drivers//ChromeDriver//chromedriver.exe","deviceName":"PlayStore"},"platformName":"ANDROID","app":"/Users/dori/Downloads/zoobaAutomation-master//src//main//java//org//zoobaApp//Resources//zooba.apk","autoGrantPermissions":true,"automationName":"UIAutomator2","chromeOptions":{"w3c":false},"chromedriverExecutable":"/Users/dori/Downloads/zoobaAutomation-master//src//main//java//org//zoob...
&amp#27;[38;5;32m[AndroidUiautomator2Driver@1900 (e534f12e)]&amp#27;[0m Determined the downstream protocol as 'W3C'
[debug] &amp#27;[38;5;32m[AndroidUiautomator2Driver@1900 (e534f12e)]&amp#27;[0m Proxying [GET /appium/device/info] to [GET http://127.0.0.1:8200/session/011dc30c-a90d-49f5-a2c1-f6bf4ea73f77/appium/device/info] with no body
[debug] &amp#27;[38;5;32m[AndroidUiautomator2Driver@1900 (e534f12e)]&amp#27;[0m Got response with status 200: {"sessionId":"011dc30c-a90d-49f5-a2c1-f6bf4ea73f77","value":{"androidId":"eec1320f1000e146","apiVersion":"33","bluetooth":{"state":"ON"},"brand":"google","carrierName":"T-Mobile","displayDensity":440,"locale":"en_US","manufacturer":"Google","model":"sdk_gphone64_arm64","networks":[{"capabilities":{"SSID":null,"linkDownBandwidthKbps":4300,"linkUpstreamBandwidthKbps":1800,"networkCapabilities":"NET_CAPABILITY_MMS,NET_CAPABILITY_SUPL,NET_CAPABILITY_DUN,NET_CAPABILITY_FOTA,NET_CAPABILITY_IMS,NET_CAPABILITY_CBS,NET_CAPABILITY_INTERNET,NET_CAPABILITY_NOT_RESTRICTED,NET_CAPABILITY_TRUSTED,NET_CAPABILITY_NOT_VPN,NET_CAPABILITY_VALIDATED,NET_CAPABILITY_NOT_ROAMING,NET_CAPABILITY_NOT_CONGESTED,NET_CAPABILITY_NOT_SUSPENDED","signalStrength":-2147483648,"transportTypes":"TRANSPORT_CELLULAR"},"detailedState":"CONNECTED","extraInfo":"epc.tmobile.com","isAvailable":true,"isConnected":true,"isFailover":false,"isRoaming":false,"state":"CONNECTED","subtype":10,"subtypeName":"HSPA","type":0,"typeName":"MOBILE"},{"capabilitie...
[debug] &amp#27;[38;5;64m[ADB]&amp#27;[0m Running '/Users/dori/Library/Android/sdk/platform-tools/adb -P 5037 -s emulator-5554 shell dumpsys window'
&amp#27;[38;5;80m[AndroidDriver]&amp#27;[0m Screen already unlocked, doing nothing
&amp#27;[38;5;32m[AndroidUiautomator2Driver@1900 (e534f12e)]&amp#27;[0m Starting 'com.leanscale.dcafood.zoobaegypt.beta/com.leanscale.dca.sdk.feature.account.splash.SplashActivity and waiting for 'com.leanscale.dcafood.zoobaegypt.beta/com.leanscale.dca.sdk.feature.account.splash.SplashActivity'
[debug] &amp#27;[38;5;64m[ADB]&amp#27;[0m Running '/Users/dori/Library/Android/sdk/platform-tools/adb -P 5037 -s emulator-5554 shell am start -W -n com.leanscale.dcafood.zoobaegypt.beta/com.leanscale.dca.sdk.feature.account.splash.SplashActivity -S -a android.intent.action.MAIN -c android.intent.category.LAUNCHER -f 0x10200000'
[debug] &amp#27;[38;5;64m[ADB]&amp#27;[0m Waiting up to 20000ms for activity matching pkg: 'com.leanscale.dcafood.zoobaegypt.beta' and activity: 'com.leanscale.dca.sdk.feature.account.splash.SplashActivity' to be focused
[debug] &amp#27;[38;5;64m[ADB]&amp#27;[0m Possible activities, to be checked: 'com.leanscale.dca.sdk.feature.account.splash.SplashActivity', 'com.leanscale.dcafood.zoobaegypt.beta.com.leanscale.dca.sdk.feature.account.splash.SplashActivity'
[debug] &amp#27;[38;5;64m[ADB]&amp#27;[0m Getting focused package and activity
[debug] &amp#27;[38;5;64m[ADB]&amp#27;[0m Running '/Users/dori/Library/Android/sdk/platform-tools/adb -P 5037 -s emulator-5554 shell dumpsys window displays'
[debug] &amp#27;[38;5;64m[ADB]&amp#27;[0m Found package: 'com.leanscale.dcafood.zoobaegypt.beta' and fully qualified activity name : 'com.leanscale.dca.sdk.feature.account.splash.SplashActivity'
[debug] &amp#27;[38;5;32m[AndroidUiautomator2Driver@1900 (e534f12e)]&amp#27;[0m Proxying [GET /appium/device/pixel_ratio] to [GET http://127.0.0.1:8200/session/011dc30c-a90d-49f5-a2c1-f6bf4ea73f77/appium/device/pixel_ratio] with no body
[debug] &amp#27;[38;5;32m[AndroidUiautomator2Driver@1900 (e534f12e)]&amp#27;[0m Got response with status 200: {"sessionId":"011dc30c-a90d-49f5-a2c1-f6bf4ea73f77","value":2.75}
[debug] &amp#27;[38;5;32m[AndroidUiautomator2Driver@1900 (e534f12e)]&amp#27;[0m Matched '/appium/device/system_bars' to command name 'getSystemBars'
[debug] &amp#27;[38;5;32m[AndroidUiautomator2Driver@1900 (e534f12e)]&amp#27;[0m Proxying [GET /appium/device/system_bars] to [GET http://127.0.0.1:8200/session/011dc30c-a90d-49f5-a2c1-f6bf4ea73f77/appium/device/system_bars] with no body
[debug] &amp#27;[38;5;32m[AndroidUiautomator2Driver@1900 (e534f12e)]&amp#27;[0m Got response with status 200: {"sessionId":"011dc30c-a90d-49f5-a2c1-f6bf4ea73f77","value":{"statusBar":66}}
[debug] &amp#27;[38;5;32m[AndroidUiautomator2Driver@1900 (e534f12e)]&amp#27;[0m Matched '/window/current/size' to command name 'getWindowSize'
[debug] &amp#27;[38;5;32m[AndroidUiautomator2Driver@1900 (e534f12e)]&amp#27;[0m Proxying [GET /window/current/size] to [GET http://127.0.0.1:8200/session/011dc30c-a90d-49f5-a2c1-f6bf4ea73f77/window/current/size] with no body
[debug] &amp#27;[38;5;32m[AndroidUiautomator2Driver@1900 (e534f12e)]&amp#27;[0m Got response with status 200: {"sessionId":"011dc30c-a90d-49f5-a2c1-f6bf4ea73f77","value":{"height":2214,"width":1080}}
&amp#27;[38;5;16m[AppiumDriver@ca5b]&amp#27;[0m New AndroidUiautomator2Driver session created successfully, session e534f12e-89fc-43e4-9f11-e386023563ad added to master session list
[debug] &amp#27;[38;5;16m[AppiumDriver@ca5b]&amp#27;[0m Event 'newSessionStarted' logged at 1696870869364 (20:01:09 GMT+0300 (GMT+03:00))
[debug] &amp#27;[38;5;32m[AndroidUiautomator2Driver@1900 (e534f12e)]&amp#27;[0m Cached the protocol value 'W3C' for the new session e534f12e-89fc-43e4-9f11-e386023563ad
[debug] &amp#27;[38;5;32m[AndroidUiautomator2Driver@1900 (e534f12e)]&amp#27;[0m Responding to client with driver.createSession() result: {"capabilities":{"platform":"LINUX","webStorageEnabled":false,"takesScreenshot":true,"javascriptEnabled":true,"databaseEnabled":false,"networkConnectionEnabled":true,"locationContextEnabled":false,"warnings":{},"desired":{"platformName":"ANDROID","app":"/Users/dori/Downloads/zoobaAutomation-master//src//main//java//org//zoobaApp//Resources//zooba.apk","autoGrantPermissions":true,"automationName":"UIAutomator2","chromeOptions":{"w3c":false},"chromedriverExecutable":"/Users/dori/Downloads/zoobaAutomation-master//src//main//java//org//zoobaApp//TestUtils//Drivers//ChromeDriver//chromedriver.exe","deviceName":"PlayStore"},"platformName":"ANDROID","app":"/Users/dori/Downloads/zoobaAutomation-master//src//main//java//org//zoobaApp//Resources//zooba.apk","autoGrantPermissions":true,"automationName":"UIAutomator2","chromeOptions":{"w3c":false},"chromedriverExecutable":"/Users/dori/Downloads/zoobaAutomation-master//src//main//java//org//zoobaApp//TestUtils//Drivers//ChromeDriver//chromedriver.exe","deviceName":"emu...
&amp#27;[38;5;0m[HTTP]&amp#27;[0m <-- POST /session 200 5986 ms - 1441
&amp#27;[38;5;0m[HTTP]&amp#27;[0m 
&amp#27;[38;5;0m[HTTP]&amp#27;[0m &amp#27;[37m-->&amp#27;[39m &amp#27;[37mPOST&amp#27;[39m &amp#27;[37m/session/e534f12e-89fc-43e4-9f11-e386023563ad/timeouts&amp#27;[39m
&amp#27;[38;5;0m[HTTP]&amp#27;[0m {"implicit":10000}
[debug] &amp#27;[38;5;32m[AndroidUiautomator2Driver@1900 (e534f12e)]&amp#27;[0m Calling AppiumDriver.timeouts() with args: [null,null,null,null,10000,"e534f12e-89fc-43e4-9f11-e386023563ad"]
[debug] &amp#27;[38;5;32m[AndroidUiautomator2Driver@1900 (e534f12e)]&amp#27;[0m W3C timeout argument: {"implicit":10000}}
[debug] &amp#27;[38;5;32m[AndroidUiautomator2Driver@1900 (e534f12e)]&amp#27;[0m Set implicit wait to 10000ms
[debug] &amp#27;[38;5;32m[AndroidUiautomator2Driver@1900 (e534f12e)]&amp#27;[0m Responding to client with driver.timeouts() result: null
&amp#27;[38;5;0m[HTTP]&amp#27;[0m <-- POST /session/e534f12e-89fc-43e4-9f11-e386023563ad/timeouts 200 5 ms - 14
&amp#27;[38;5;0m[HTTP]&amp#27;[0m 
&amp#27;[38;5;0m[HTTP]&amp#27;[0m &amp#27;[37m-->&amp#27;[39m &amp#27;[37mPOST&amp#27;[39m &amp#27;[37m/session/e534f12e-89fc-43e4-9f11-e386023563ad/element&amp#27;[39m
&amp#27;[38;5;0m[HTTP]&amp#27;[0m {"using":"id","value":"com.leanscale.dcafood.zoobaegypt.beta:id/buttonLater"}
[debug] &amp#27;[38;5;32m[AndroidUiautomator2Driver@1900 (e534f12e)]&amp#27;[0m Calling AppiumDriver.findElement() with args: ["id","com.leanscale.dcafood.zoobaegypt.beta:id/buttonLater","e534f12e-89fc-43e4-9f11-e386023563ad"]
[debug] &amp#27;[38;5;32m[AndroidUiautomator2Driver@1900 (e534f12e)]&amp#27;[0m Valid locator strategies for this request: xpath, id, class name, accessibility id, css selector, -android uiautomator
[debug] &amp#27;[38;5;32m[AndroidUiautomator2Driver@1900 (e534f12e)]&amp#27;[0m Waiting up to 10000 ms for condition
[debug] &amp#27;[38;5;32m[AndroidUiautomator2Driver@1900 (e534f12e)]&amp#27;[0m Matched '/element' to command name 'findElement'
[debug] &amp#27;[38;5;32m[AndroidUiautomator2Driver@1900 (e534f12e)]&amp#27;[0m Proxying [POST /element] to [POST http://127.0.0.1:8200/session/011dc30c-a90d-49f5-a2c1-f6bf4ea73f77/element] with body: {"strategy":"id","selector":"com.leanscale.dcafood.zoobaegypt.beta:id/buttonLater","context":"","multiple":false}
&amp#27;[38;5;32m[AndroidUiautomator2Driver@1900 (e534f12e)]&amp#27;[0m Got response with status 404: {"sessionId":"011dc30c-a90d-49f5-a2c1-f6bf4ea73f77","value":{"error":"no such element","message":"An element could not be located on the page using the given search parameters","stacktrace":"io.appium.uiautomator2.common.exceptions.ElementNotFoundException: An element could not be located on the page using the given search parameters\n\tat io.appium.uiautomator2.handler.FindElement.safeHandle(FindElement.java:63)\n\tat io.appium.uiautomator2.handler.request.SafeRequestHandler.handle(SafeRequestHandler.java:59)\n\tat io.appium.uiautomator2.server.AppiumServlet.handleRequest(AppiumServlet.java:277)\n\tat io.appium.uiautomator2.server.AppiumServlet.handleHttpRequest(AppiumServlet.java:271)\n\tat io.appium.uiautomator2.http.ServerHandler.channelRead(ServerHandler.java:77)\n\tat io.netty.channel.AbstractChannelHandlerContext.invokeChannelRead(AbstractChannelHandlerContext.java:366)\n\tat io.netty.channel.AbstractChannelHandlerContext.invokeChannelRead(AbstractChannelHandlerContext.java:352)\n\tat io.netty.chann...
[debug] &amp#27;[38;5;128m[W3C]&amp#27;[0m Matched W3C error code 'no such element' to NoSuchElementError
[debug] &amp#27;[38;5;32m[AndroidUiautomator2Driver@1900 (e534f12e)]&amp#27;[0m Waited for 36 ms so far
[debug] &amp#27;[38;5;32m[AndroidUiautomator2Driver@1900 (e534f12e)]&amp#27;[0m Matched '/element' to command name 'findElement'
[debug] &amp#27;[38;5;32m[AndroidUiautomator2Driver@1900 (e534f12e)]&amp#27;[0m Proxying [POST /element] to [POST http://127.0.0.1:8200/session/011dc30c-a90d-49f5-a2c1-f6bf4ea73f77/element] with body: {"strategy":"id","selector":"com.leanscale.dcafood.zoobaegypt.beta:id/buttonLater","context":"","multiple":false}
[debug] &amp#27;[38;5;32m[AndroidUiautomator2Driver@1900 (e534f12e)]&amp#27;[0m Got response with status 200: {"sessionId":"011dc30c-a90d-49f5-a2c1-f6bf4ea73f77","value":{"ELEMENT":"00000000-0000-00a7-ffff-ffff00000013","element-6066-11e4-a52e-4f735466cecf":"00000000-0000-00a7-ffff-ffff00000013"}}
[debug] &amp#27;[38;5;32m[AndroidUiautomator2Driver@1900 (e534f12e)]&amp#27;[0m Responding to client with driver.findElement() result: {"element-6066-11e4-a52e-4f735466cecf":"00000000-0000-00a7-ffff-ffff00000013","ELEMENT":"00000000-0000-00a7-ffff-ffff00000013"}
&amp#27;[38;5;0m[HTTP]&amp#27;[0m <-- POST /session/e534f12e-89fc-43e4-9f11-e386023563ad/element 200 1229 ms - 137
&amp#27;[38;5;0m[HTTP]&amp#27;[0m 
&amp#27;[38;5;0m[HTTP]&amp#27;[0m &amp#27;[37m-->&amp#27;[39m &amp#27;[37mPOST&amp#27;[39m &amp#27;[37m/session/e534f12e-89fc-43e4-9f11-e386023563ad/element/00000000-0000-00a7-ffff-ffff00000013/click&amp#27;[39m
&amp#27;[38;5;0m[HTTP]&amp#27;[0m {"id":"00000000-0000-00a7-ffff-ffff00000013"}
[debug] &amp#27;[38;5;32m[AndroidUiautomator2Driver@1900 (e534f12e)]&amp#27;[0m Calling AppiumDriver.click() with args: ["00000000-0000-00a7-ffff-ffff00000013","e534f12e-89fc-43e4-9f11-e386023563ad"]
[debug] &amp#27;[38;5;32m[AndroidUiautomator2Driver@1900 (e534f12e)]&amp#27;[0m Matched '/element/00000000-0000-00a7-ffff-ffff00000013/click' to command name 'click'
[debug] &amp#27;[38;5;32m[AndroidUiautomator2Driver@1900 (e534f12e)]&amp#27;[0m Proxying [POST /element/00000000-0000-00a7-ffff-ffff00000013/click] to [POST http://127.0.0.1:8200/session/011dc30c-a90d-49f5-a2c1-f6bf4ea73f77/element/00000000-0000-00a7-ffff-ffff00000013/click] with body: {"element":"00000000-0000-00a7-ffff-ffff00000013"}
[debug] &amp#27;[38;5;32m[AndroidUiautomator2Driver@1900 (e534f12e)]&amp#27;[0m Got response with status 200: {"sessionId":"011dc30c-a90d-49f5-a2c1-f6bf4ea73f77","value":null}
[debug] &amp#27;[38;5;32m[AndroidUiautomator2Driver@1900 (e534f12e)]&amp#27;[0m Responding to client with driver.click() result: null
&amp#27;[38;5;0m[HTTP]&amp#27;[0m <-- POST /session/e534f12e-89fc-43e4-9f11-e386023563ad/element/00000000-0000-00a7-ffff-ffff00000013/click 200 56 ms - 14
&amp#27;[38;5;0m[HTTP]&amp#27;[0m 
&amp#27;[38;5;0m[HTTP]&amp#27;[0m &amp#27;[37m-->&amp#27;[39m &amp#27;[37mPOST&amp#27;[39m &amp#27;[37m/session/e534f12e-89fc-43e4-9f11-e386023563ad/element&amp#27;[39m
&amp#27;[38;5;0m[HTTP]&amp#27;[0m {"using":"id","value":"com.leanscale.dcafood.zoobaegypt.beta:id/buttonLogin"}
[debug] &amp#27;[38;5;32m[AndroidUiautomator2Driver@1900 (e534f12e)]&amp#27;[0m Calling AppiumDriver.findElement() with args: ["id","com.leanscale.dcafood.zoobaegypt.beta:id/buttonLogin","e534f12e-89fc-43e4-9f11-e386023563ad"]
[debug] &amp#27;[38;5;32m[AndroidUiautomator2Driver@1900 (e534f12e)]&amp#27;[0m Valid locator strategies for this request: xpath, id, class name, accessibility id, css selector, -android uiautomator
[debug] &amp#27;[38;5;32m[AndroidUiautomator2Driver@1900 (e534f12e)]&amp#27;[0m Waiting up to 10000 ms for condition
[debug] &amp#27;[38;5;32m[AndroidUiautomator2Driver@1900 (e534f12e)]&amp#27;[0m Matched '/element' to command name 'findElement'
[debug] &amp#27;[38;5;32m[AndroidUiautomator2Driver@1900 (e534f12e)]&amp#27;[0m Proxying [POST /element] to [POST http://127.0.0.1:8200/session/011dc30c-a90d-49f5-a2c1-f6bf4ea73f77/element] with body: {"strategy":"id","selector":"com.leanscale.dcafood.zoobaegypt.beta:id/buttonLogin","context":"","multiple":false}
&amp#27;[38;5;32m[AndroidUiautomator2Driver@1900 (e534f12e)]&amp#27;[0m Got response with status 404: {"sessionId":"011dc30c-a90d-49f5-a2c1-f6bf4ea73f77","value":{"error":"no such element","message":"An element could not be located on the page using the given search parameters","stacktrace":"io.appium.uiautomator2.common.exceptions.ElementNotFoundException: An element could not be located on the page using the given search parameters\n\tat io.appium.uiautomator2.handler.FindElement.safeHandle(FindElement.java:63)\n\tat io.appium.uiautomator2.handler.request.SafeRequestHandler.handle(SafeRequestHandler.java:59)\n\tat io.appium.uiautomator2.server.AppiumServlet.handleRequest(AppiumServlet.java:277)\n\tat io.appium.uiautomator2.server.AppiumServlet.handleHttpRequest(AppiumServlet.java:271)\n\tat io.appium.uiautomator2.http.ServerHandler.channelRead(ServerHandler.java:77)\n\tat io.netty.channel.AbstractChannelHandlerContext.invokeChannelRead(AbstractChannelHandlerContext.java:366)\n\tat io.netty.channel.AbstractChannelHandlerContext.invokeChannelRead(AbstractChannelHandlerContext.java:352)\n\tat io.netty.chann...
[debug] &amp#27;[38;5;128m[W3C]&amp#27;[0m Matched W3C error code 'no such element' to NoSuchElementError
[debug] &amp#27;[38;5;32m[AndroidUiautomator2Driver@1900 (e534f12e)]&amp#27;[0m Waited for 358 ms so far
[debug] &amp#27;[38;5;32m[AndroidUiautomator2Driver@1900 (e534f12e)]&amp#27;[0m Matched '/element' to command name 'findElement'
[debug] &amp#27;[38;5;32m[AndroidUiautomator2Driver@1900 (e534f12e)]&amp#27;[0m Proxying [POST /element] to [POST http://127.0.0.1:8200/session/011dc30c-a90d-49f5-a2c1-f6bf4ea73f77/element] with body: {"strategy":"id","selector":"com.leanscale.dcafood.zoobaegypt.beta:id/buttonLogin","context":"","multiple":false}
[debug] &amp#27;[38;5;32m[AndroidUiautomator2Driver@1900 (e534f12e)]&amp#27;[0m Got response with status 200: {"sessionId":"011dc30c-a90d-49f5-a2c1-f6bf4ea73f77","value":{"ELEMENT":"00000000-0000-00a8-ffff-ffff00000032","element-6066-11e4-a52e-4f735466cecf":"00000000-0000-00a8-ffff-ffff00000032"}}
[debug] &amp#27;[38;5;32m[AndroidUiautomator2Driver@1900 (e534f12e)]&amp#27;[0m Responding to client with driver.findElement() result: {"element-6066-11e4-a52e-4f735466cecf":"00000000-0000-00a8-ffff-ffff00000032","ELEMENT":"00000000-0000-00a8-ffff-ffff00000032"}
&amp#27;[38;5;0m[HTTP]&amp#27;[0m <-- POST /session/e534f12e-89fc-43e4-9f11-e386023563ad/element 200 1377 ms - 137
&amp#27;[38;5;0m[HTTP]&amp#27;[0m 
&amp#27;[38;5;0m[HTTP]&amp#27;[0m &amp#27;[37m-->&amp#27;[39m &amp#27;[37mPOST&amp#27;[39m &amp#27;[37m/session/e534f12e-89fc-43e4-9f11-e386023563ad/element/00000000-0000-00a8-ffff-ffff00000032/click&amp#27;[39m
&amp#27;[38;5;0m[HTTP]&amp#27;[0m {"id":"00000000-0000-00a8-ffff-ffff00000032"}
[debug] &amp#27;[38;5;32m[AndroidUiautomator2Driver@1900 (e534f12e)]&amp#27;[0m Calling AppiumDriver.click() with args: ["00000000-0000-00a8-ffff-ffff00000032","e534f12e-89fc-43e4-9f11-e386023563ad"]
[debug] &amp#27;[38;5;32m[AndroidUiautomator2Driver@1900 (e534f12e)]&amp#27;[0m Matched '/element/00000000-0000-00a8-ffff-ffff00000032/click' to command name 'click'
[debug] &amp#27;[38;5;32m[AndroidUiautomator2Driver@1900 (e534f12e)]&amp#27;[0m Proxying [POST /element/00000000-0000-00a8-ffff-ffff00000032/click] to [POST http://127.0.0.1:8200/session/011dc30c-a90d-49f5-a2c1-f6bf4ea73f77/element/00000000-0000-00a8-ffff-ffff00000032/click] with body: {"element":"00000000-0000-00a8-ffff-ffff00000032"}
[debug] &amp#27;[38;5;32m[AndroidUiautomator2Driver@1900 (e534f12e)]&amp#27;[0m Got response with status 200: {"sessionId":"011dc30c-a90d-49f5-a2c1-f6bf4ea73f77","value":null}
[debug] &amp#27;[38;5;32m[AndroidUiautomator2Driver@1900 (e534f12e)]&amp#27;[0m Responding to client with driver.click() result: null
&amp#27;[38;5;0m[HTTP]&amp#27;[0m <-- POST /session/e534f12e-89fc-43e4-9f11-e386023563ad/element/00000000-0000-00a8-ffff-ffff00000032/click 200 56 ms - 14
&amp#27;[38;5;0m[HTTP]&amp#27;[0m 
&amp#27;[38;5;0m[HTTP]&amp#27;[0m &amp#27;[37m-->&amp#27;[39m &amp#27;[37mPOST&amp#27;[39m &amp#27;[37m/session/e534f12e-89fc-43e4-9f11-e386023563ad/element&amp#27;[39m
&amp#27;[38;5;0m[HTTP]&amp#27;[0m {"using":"xpath","value":"//android.widget.TextView[@text='Sign up']"}
[debug] &amp#27;[38;5;32m[AndroidUiautomator2Driver@1900 (e534f12e)]&amp#27;[0m Calling AppiumDriver.findElement() with args: ["xpath","//android.widget.TextView[@text='Sign up']","e534f12e-89fc-43e4-9f11-e386023563ad"]
[debug] &amp#27;[38;5;32m[AndroidUiautomator2Driver@1900 (e534f12e)]&amp#27;[0m Valid locator strategies for this request: xpath, id, class name, accessibility id, css selector, -android uiautomator
[debug] &amp#27;[38;5;32m[AndroidUiautomator2Driver@1900 (e534f12e)]&amp#27;[0m Waiting up to 10000 ms for condition
[debug] &amp#27;[38;5;32m[AndroidUiautomator2Driver@1900 (e534f12e)]&amp#27;[0m Matched '/element' to command name 'findElement'
[debug] &amp#27;[38;5;32m[AndroidUiautomator2Driver@1900 (e534f12e)]&amp#27;[0m Proxying [POST /element] to [POST http://127.0.0.1:8200/session/011dc30c-a90d-49f5-a2c1-f6bf4ea73f77/element] with body: {"strategy":"xpath","selector":"//android.widget.TextView[@text='Sign up']","context":"","multiple":false}
[debug] &amp#27;[38;5;32m[AndroidUiautomator2Driver@1900 (e534f12e)]&amp#27;[0m Got response with status 200: {"sessionId":"011dc30c-a90d-49f5-a2c1-f6bf4ea73f77","value":{"ELEMENT":"00000000-0000-00aa-ffff-ffff0000005e","element-6066-11e4-a52e-4f735466cecf":"00000000-0000-00aa-ffff-ffff0000005e"}}
[debug] &amp#27;[38;5;32m[AndroidUiautomator2Driver@1900 (e534f12e)]&amp#27;[0m Responding to client with driver.findElement() result: {"element-6066-11e4-a52e-4f735466cecf":"00000000-0000-00aa-ffff-ffff0000005e","ELEMENT":"00000000-0000-00aa-ffff-ffff0000005e"}
&amp#27;[38;5;0m[HTTP]&amp#27;[0m <-- POST /session/e534f12e-89fc-43e4-9f11-e386023563ad/element 200 1505 ms - 137
&amp#27;[38;5;0m[HTTP]&amp#27;[0m 
&amp#27;[38;5;0m[HTTP]&amp#27;[0m &amp#27;[37m-->&amp#27;[39m &amp#27;[37mPOST&amp#27;[39m &amp#27;[37m/session/e534f12e-89fc-43e4-9f11-e386023563ad/element/00000000-0000-00aa-ffff-ffff0000005e/click&amp#27;[39m
&amp#27;[38;5;0m[HTTP]&amp#27;[0m {"id":"00000000-0000-00aa-ffff-ffff0000005e"}
[debug] &amp#27;[38;5;32m[AndroidUiautomator2Driver@1900 (e534f12e)]&amp#27;[0m Calling AppiumDriver.click() with args: ["00000000-0000-00aa-ffff-ffff0000005e","e534f12e-89fc-43e4-9f11-e386023563ad"]
[debug] &amp#27;[38;5;32m[AndroidUiautomator2Driver@1900 (e534f12e)]&amp#27;[0m Matched '/element/00000000-0000-00aa-ffff-ffff0000005e/click' to command name 'click'
[debug] &amp#27;[38;5;32m[AndroidUiautomator2Driver@1900 (e534f12e)]&amp#27;[0m Proxying [POST /element/00000000-0000-00aa-ffff-ffff0000005e/click] to [POST http://127.0.0.1:8200/session/011dc30c-a90d-49f5-a2c1-f6bf4ea73f77/element/00000000-0000-00aa-ffff-ffff0000005e/click] with body: {"element":"00000000-0000-00aa-ffff-ffff0000005e"}
[debug] &amp#27;[38;5;32m[AndroidUiautomator2Driver@1900 (e534f12e)]&amp#27;[0m Got response with status 200: {"sessionId":"011dc30c-a90d-49f5-a2c1-f6bf4ea73f77","value":null}
[debug] &amp#27;[38;5;32m[AndroidUiautomator2Driver@1900 (e534f12e)]&amp#27;[0m Responding to client with driver.click() result: null
&amp#27;[38;5;0m[HTTP]&amp#27;[0m <-- POST /session/e534f12e-89fc-43e4-9f11-e386023563ad/element/00000000-0000-00aa-ffff-ffff0000005e/click 200 572 ms - 14
&amp#27;[38;5;0m[HTTP]&amp#27;[0m 
&amp#27;[38;5;0m[HTTP]&amp#27;[0m &amp#27;[37m-->&amp#27;[39m &amp#27;[37mPOST&amp#27;[39m &amp#27;[37m/session/e534f12e-89fc-43e4-9f11-e386023563ad/element&amp#27;[39m
&amp#27;[38;5;0m[HTTP]&amp#27;[0m {"using":"xpath","value":"/hierarchy/android.widget.FrameLayout/android.widget.LinearLayout/android.widget.FrameLayout/android.widget.LinearLayout/android.widget.FrameLayout/android.view.ViewGroup/android.widget.FrameLayout[3]/android.view.ViewGroup/android.widget.ScrollView/android.widget.LinearLayout/android.widget.FrameLayout[1]/androidx.appcompat.widget.LinearLayoutCompat/android.view.ViewGroup/android.widget.FrameLayout[1]/android.view.ViewGroup/android.widget.LinearLayout/android.widget.FrameLayout/android.widget.EditText"}
[debug] &amp#27;[38;5;32m[AndroidUiautomator2Driver@1900 (e534f12e)]&amp#27;[0m Calling AppiumDriver.findElement() with args: ["xpath","/hierarchy/android.widget.FrameLayout/android.widget.LinearLayout/android.widget.FrameLayout/android.widget.LinearLayout/android.widget.FrameLayout/android.view.ViewGroup/android.widget.FrameLayout[3]/android.view.ViewGroup/android.widget.ScrollView/android.widget.LinearLayout/android.widget.FrameLayout[1]/androidx.appcompat.widget.LinearLayoutCompat/android.view.ViewGroup/android.widget.FrameLayout[1]/android.view.ViewGroup/android.widget.LinearLayout/android.widget.FrameLayout/android.widget.EditText","e534f12e-89fc-43e4-9f11-e386023563ad"]
[debug] &amp#27;[38;5;32m[AndroidUiautomator2Driver@1900 (e534f12e)]&amp#27;[0m Valid locator strategies for this request: xpath, id, class name, accessibility id, css selector, -android uiautomator
[debug] &amp#27;[38;5;32m[AndroidUiautomator2Driver@1900 (e534f12e)]&amp#27;[0m Waiting up to 10000 ms for condition
[debug] &amp#27;[38;5;32m[AndroidUiautomator2Driver@1900 (e534f12e)]&amp#27;[0m Matched '/element' to command name 'findElement'
[debug] &amp#27;[38;5;32m[AndroidUiautomator2Driver@1900 (e534f12e)]&amp#27;[0m Proxying [POST /element] to [POST http://127.0.0.1:8200/session/011dc30c-a90d-49f5-a2c1-f6bf4ea73f77/element] with body: {"strategy":"xpath","selector":"/hierarchy/android.widget.FrameLayout/android.widget.LinearLayout/android.widget.FrameLayout/android.widget.LinearLayout/android.widget.FrameLayout/android.view.ViewGroup/android.widget.FrameLayout[3]/android.view.ViewGroup/android.widget.ScrollView/android.widget.LinearLayout/android.widget.FrameLayout[1]/androidx.appcompat.widget.LinearLayoutCompat/android.view.ViewGroup/android.widget.FrameLayout[1]/android.view.ViewGroup/android.widget.LinearLayout/android.widget.FrameLayout/android.widget.EditText","context":"","multiple":false}
[debug] &amp#27;[38;5;32m[AndroidUiautomator2Driver@1900 (e534f12e)]&amp#27;[0m Got response with status 200: {"sessionId":"011dc30c-a90d-49f5-a2c1-f6bf4ea73f77","value":{"ELEMENT":"00000000-0000-00aa-ffff-ffff000000a8","element-6066-11e4-a52e-4f735466cecf":"00000000-0000-00aa-ffff-ffff000000a8"}}
[debug] &amp#27;[38;5;32m[AndroidUiautomator2Driver@1900 (e534f12e)]&amp#27;[0m Responding to client with driver.findElement() result: {"element-6066-11e4-a52e-4f735466cecf":"00000000-0000-00aa-ffff-ffff000000a8","ELEMENT":"00000000-0000-00aa-ffff-ffff000000a8"}
&amp#27;[38;5;0m[HTTP]&amp#27;[0m <-- POST /session/e534f12e-89fc-43e4-9f11-e386023563ad/element 200 672 ms - 137
&amp#27;[38;5;0m[HTTP]&amp#27;[0m 
&amp#27;[38;5;0m[HTTP]&amp#27;[0m &amp#27;[37m-->&amp#27;[39m &amp#27;[37mPOST&amp#27;[39m &amp#27;[37m/session/e534f12e-89fc-43e4-9f11-e386023563ad/element/00000000-0000-00aa-ffff-ffff000000a8/click&amp#27;[39m
&amp#27;[38;5;0m[HTTP]&amp#27;[0m {"id":"00000000-0000-00aa-ffff-ffff000000a8"}
[debug] &amp#27;[38;5;32m[AndroidUiautomator2Driver@1900 (e534f12e)]&amp#27;[0m Calling AppiumDriver.click() with args: ["00000000-0000-00aa-ffff-ffff000000a8","e534f12e-89fc-43e4-9f11-e386023563ad"]
[debug] &amp#27;[38;5;32m[AndroidUiautomator2Driver@1900 (e534f12e)]&amp#27;[0m Matched '/element/00000000-0000-00aa-ffff-ffff000000a8/click' to command name 'click'
[debug] &amp#27;[38;5;32m[AndroidUiautomator2Driver@1900 (e534f12e)]&amp#27;[0m Proxying [POST /element/00000000-0000-00aa-ffff-ffff000000a8/click] to [POST http://127.0.0.1:8200/session/011dc30c-a90d-49f5-a2c1-f6bf4ea73f77/element/00000000-0000-00aa-ffff-ffff000000a8/click] with body: {"element":"00000000-0000-00aa-ffff-ffff000000a8"}
[debug] &amp#27;[38;5;32m[AndroidUiautomator2Driver@1900 (e534f12e)]&amp#27;[0m Got response with status 200: {"sessionId":"011dc30c-a90d-49f5-a2c1-f6bf4ea73f77","value":null}
[debug] &amp#27;[38;5;32m[AndroidUiautomator2Driver@1900 (e534f12e)]&amp#27;[0m Responding to client with driver.click() result: null
&amp#27;[38;5;0m[HTTP]&amp#27;[0m <-- POST /session/e534f12e-89fc-43e4-9f11-e386023563ad/element/00000000-0000-00aa-ffff-ffff000000a8/click 200 1606 ms - 14
&amp#27;[38;5;0m[HTTP]&amp#27;[0m 
&amp#27;[38;5;0m[HTTP]&amp#27;[0m &amp#27;[37m-->&amp#27;[39m &amp#27;[37mPOST&amp#27;[39m &amp#27;[37m/session/e534f12e-89fc-43e4-9f11-e386023563ad/element&amp#27;[39m
&amp#27;[38;5;0m[HTTP]&amp#27;[0m {"using":"xpath","value":"/hierarchy/android.widget.FrameLayout/android.widget.LinearLayout/android.widget.FrameLayout/android.widget.LinearLayout/android.widget.FrameLayout/android.view.ViewGroup/android.widget.FrameLayout[3]/android.view.ViewGroup/android.widget.ScrollView/android.widget.LinearLayout/android.widget.FrameLayout[1]/androidx.appcompat.widget.LinearLayoutCompat/android.view.ViewGroup/android.widget.FrameLayout[1]/android.view.ViewGroup/android.widget.LinearLayout/android.widget.FrameLayout/android.widget.EditText"}
[debug] &amp#27;[38;5;32m[AndroidUiautomator2Driver@1900 (e534f12e)]&amp#27;[0m Calling AppiumDriver.findElement() with args: ["xpath","/hierarchy/android.widget.FrameLayout/android.widget.LinearLayout/android.widget.FrameLayout/android.widget.LinearLayout/android.widget.FrameLayout/android.view.ViewGroup/android.widget.FrameLayout[3]/android.view.ViewGroup/android.widget.ScrollView/android.widget.LinearLayout/android.widget.FrameLayout[1]/androidx.appcompat.widget.LinearLayoutCompat/android.view.ViewGroup/android.widget.FrameLayout[1]/android.view.ViewGroup/android.widget.LinearLayout/android.widget.FrameLayout/android.widget.EditText","e534f12e-89fc-43e4-9f11-e386023563ad"]
[debug] &amp#27;[38;5;32m[AndroidUiautomator2Driver@1900 (e534f12e)]&amp#27;[0m Valid locator strategies for this request: xpath, id, class name, accessibility id, css selector, -android uiautomator
[debug] &amp#27;[38;5;32m[AndroidUiautomator2Driver@1900 (e534f12e)]&amp#27;[0m Waiting up to 10000 ms for condition
[debug] &amp#27;[38;5;32m[AndroidUiautomator2Driver@1900 (e534f12e)]&amp#27;[0m Matched '/element' to command name 'findElement'
[debug] &amp#27;[38;5;32m[AndroidUiautomator2Driver@1900 (e534f12e)]&amp#27;[0m Proxying [POST /element] to [POST http://127.0.0.1:8200/session/011dc30c-a90d-49f5-a2c1-f6bf4ea73f77/element] with body: {"strategy":"xpath","selector":"/hierarchy/android.widget.FrameLayout/android.widget.LinearLayout/android.widget.FrameLayout/android.widget.LinearLayout/android.widget.FrameLayout/android.view.ViewGroup/android.widget.FrameLayout[3]/android.view.ViewGroup/android.widget.ScrollView/android.widget.LinearLayout/android.widget.FrameLayout[1]/androidx.appcompat.widget.LinearLayoutCompat/android.view.ViewGroup/android.widget.FrameLayout[1]/android.view.ViewGroup/android.widget.LinearLayout/android.widget.FrameLayout/android.widget.EditText","context":"","multiple":false}
[debug] &amp#27;[38;5;32m[AndroidUiautomator2Driver@1900 (e534f12e)]&amp#27;[0m Got response with status 200: {"sessionId":"011dc30c-a90d-49f5-a2c1-f6bf4ea73f77","value":{"ELEMENT":"00000000-0000-00aa-ffff-ffff000000a8","element-6066-11e4-a52e-4f735466cecf":"00000000-0000-00aa-ffff-ffff000000a8"}}
[debug] &amp#27;[38;5;32m[AndroidUiautomator2Driver@1900 (e534f12e)]&amp#27;[0m Responding to client with driver.findElement() result: {"element-6066-11e4-a52e-4f735466cecf":"00000000-0000-00aa-ffff-ffff000000a8","ELEMENT":"00000000-0000-00aa-ffff-ffff000000a8"}
&amp#27;[38;5;0m[HTTP]&amp#27;[0m <-- POST /session/e534f12e-89fc-43e4-9f11-e386023563ad/element 200 123 ms - 137
&amp#27;[38;5;0m[HTTP]&amp#27;[0m 
&amp#27;[38;5;0m[HTTP]&amp#27;[0m &amp#27;[37m-->&amp#27;[39m &amp#27;[37mPOST&amp#27;[39m &amp#27;[37m/session/e534f12e-89fc-43e4-9f11-e386023563ad/element/00000000-0000-00aa-ffff-ffff000000a8/value&amp#27;[39m
&amp#27;[38;5;0m[HTTP]&amp#27;[0m {"id":"00000000-0000-00aa-ffff-ffff000000a8","text":"mm","value":["m","m"]}
[debug] &amp#27;[38;5;32m[AndroidUiautomator2Driver@1900 (e534f12e)]&amp#27;[0m Calling AppiumDriver.setValue() with args: [["m","m"],"00000000-0000-00aa-ffff-ffff000000a8","e534f12e-89fc-43e4-9f11-e386023563ad"]
[debug] &amp#27;[38;5;32m[AndroidUiautomator2Driver@1900 (e534f12e)]&amp#27;[0m Matched '/element/00000000-0000-00aa-ffff-ffff000000a8/value' to command name 'setValue'
[debug] &amp#27;[38;5;32m[AndroidUiautomator2Driver@1900 (e534f12e)]&amp#27;[0m Added 'value' property ["m","m"] to 'setValue' request body
[debug] &amp#27;[38;5;32m[AndroidUiautomator2Driver@1900 (e534f12e)]&amp#27;[0m Proxying [POST /element/00000000-0000-00aa-ffff-ffff000000a8/value] to [POST http://127.0.0.1:8200/session/011dc30c-a90d-49f5-a2c1-f6bf4ea73f77/element/00000000-0000-00aa-ffff-ffff000000a8/value] with body: {"elementId":"00000000-0000-00aa-ffff-ffff000000a8","text":"mm","replace":false,"value":["m","m"]}
[debug] &amp#27;[38;5;32m[AndroidUiautomator2Driver@1900 (e534f12e)]&amp#27;[0m Got response with status 200: {"sessionId":"011dc30c-a90d-49f5-a2c1-f6bf4ea73f77","value":null}
[debug] &amp#27;[38;5;32m[AndroidUiautomator2Driver@1900 (e534f12e)]&amp#27;[0m Responding to client with driver.setValue() result: null
&amp#27;[38;5;0m[HTTP]&amp#27;[0m <-- POST /session/e534f12e-89fc-43e4-9f11-e386023563ad/element/00000000-0000-00aa-ffff-ffff000000a8/value 200 708 ms - 14
&amp#27;[38;5;0m[HTTP]&amp#27;[0m 
&amp#27;[38;5;0m[HTTP]&amp#27;[0m &amp#27;[37m-->&amp#27;[39m &amp#27;[37mPOST&amp#27;[39m &amp#27;[37m/session/e534f12e-89fc-43e4-9f11-e386023563ad/element&amp#27;[39m
&amp#27;[38;5;0m[HTTP]&amp#27;[0m {"using":"xpath","value":"/hierarchy/android.widget.FrameLayout/android.widget.LinearLayout/android.widget.FrameLayout/android.widget.LinearLayout/android.widget.FrameLayout/android.view.ViewGroup/android.widget.FrameLayout[3]/android.view.ViewGroup/android.widget.ScrollView/android.widget.LinearLayout/android.widget.FrameLayout[1]/androidx.appcompat.widget.LinearLayoutCompat/android.view.ViewGroup/android.widget.FrameLayout[2]/android.view.ViewGroup/android.widget.LinearLayout/android.widget.FrameLayout/android.widget.EditText"}
[debug] &amp#27;[38;5;32m[AndroidUiautomator2Driver@1900 (e534f12e)]&amp#27;[0m Calling AppiumDriver.findElement() with args: ["xpath","/hierarchy/android.widget.FrameLayout/android.widget.LinearLayout/android.widget.FrameLayout/android.widget.LinearLayout/android.widget.FrameLayout/android.view.ViewGroup/android.widget.FrameLayout[3]/android.view.ViewGroup/android.widget.ScrollView/android.widget.LinearLayout/android.widget.FrameLayout[1]/androidx.appcompat.widget.LinearLayoutCompat/android.view.ViewGroup/android.widget.FrameLayout[2]/android.view.ViewGroup/android.widget.LinearLayout/android.widget.FrameLayout/android.widget.EditText","e534f12e-89fc-43e4-9f11-e386023563ad"]
[debug] &amp#27;[38;5;32m[AndroidUiautomator2Driver@1900 (e534f12e)]&amp#27;[0m Valid locator strategies for this request: xpath, id, class name, accessibility id, css selector, -android uiautomator
[debug] &amp#27;[38;5;32m[AndroidUiautomator2Driver@1900 (e534f12e)]&amp#27;[0m Waiting up to 10000 ms for condition
[debug] &amp#27;[38;5;32m[AndroidUiautomator2Driver@1900 (e534f12e)]&amp#27;[0m Matched '/element' to command name 'findElement'
[debug] &amp#27;[38;5;32m[AndroidUiautomator2Driver@1900 (e534f12e)]&amp#27;[0m Proxying [POST /element] to [POST http://127.0.0.1:8200/session/011dc30c-a90d-49f5-a2c1-f6bf4ea73f77/element] with body: {"strategy":"xpath","selector":"/hierarchy/android.widget.FrameLayout/android.widget.LinearLayout/android.widget.FrameLayout/android.widget.LinearLayout/android.widget.FrameLayout/android.view.ViewGroup/android.widget.FrameLayout[3]/android.view.ViewGroup/android.widget.ScrollView/android.widget.LinearLayout/android.widget.FrameLayout[1]/androidx.appcompat.widget.LinearLayoutCompat/android.view.ViewGroup/android.widget.FrameLayout[2]/android.view.ViewGroup/android.widget.LinearLayout/android.widget.FrameLayout/android.widget.EditText","context":"","multiple":false}
[debug] &amp#27;[38;5;32m[AndroidUiautomator2Driver@1900 (e534f12e)]&amp#27;[0m Got response with status 200: {"sessionId":"011dc30c-a90d-49f5-a2c1-f6bf4ea73f77","value":{"ELEMENT":"00000000-0000-00aa-ffff-ffff000000b8","element-6066-11e4-a52e-4f735466cecf":"00000000-0000-00aa-ffff-ffff000000b8"}}
[debug] &amp#27;[38;5;32m[AndroidUiautomator2Driver@1900 (e534f12e)]&amp#27;[0m Responding to client with driver.findElement() result: {"element-6066-11e4-a52e-4f735466cecf":"00000000-0000-00aa-ffff-ffff000000b8","ELEMENT":"00000000-0000-00aa-ffff-ffff000000b8"}
&amp#27;[38;5;0m[HTTP]&amp#27;[0m <-- POST /session/e534f12e-89fc-43e4-9f11-e386023563ad/element 200 724 ms - 137
&amp#27;[38;5;0m[HTTP]&amp#27;[0m 
&amp#27;[38;5;0m[HTTP]&amp#27;[0m &amp#27;[37m-->&amp#27;[39m &amp#27;[37mPOST&amp#27;[39m &amp#27;[37m/session/e534f12e-89fc-43e4-9f11-e386023563ad/element/00000000-0000-00aa-ffff-ffff000000b8/click&amp#27;[39m
&amp#27;[38;5;0m[HTTP]&amp#27;[0m {"id":"00000000-0000-00aa-ffff-ffff000000b8"}
[debug] &amp#27;[38;5;32m[AndroidUiautomator2Driver@1900 (e534f12e)]&amp#27;[0m Calling AppiumDriver.click() with args: ["00000000-0000-00aa-ffff-ffff000000b8","e534f12e-89fc-43e4-9f11-e386023563ad"]
[debug] &amp#27;[38;5;32m[AndroidUiautomator2Driver@1900 (e534f12e)]&amp#27;[0m Matched '/element/00000000-0000-00aa-ffff-ffff000000b8/click' to command name 'click'
[debug] &amp#27;[38;5;32m[AndroidUiautomator2Driver@1900 (e534f12e)]&amp#27;[0m Proxying [POST /element/00000000-0000-00aa-ffff-ffff000000b8/click] to [POST http://127.0.0.1:8200/session/011dc30c-a90d-49f5-a2c1-f6bf4ea73f77/element/00000000-0000-00aa-ffff-ffff000000b8/click] with body: {"element":"00000000-0000-00aa-ffff-ffff000000b8"}
[debug] &amp#27;[38;5;32m[AndroidUiautomator2Driver@1900 (e534f12e)]&amp#27;[0m Got response with status 200: {"sessionId":"011dc30c-a90d-49f5-a2c1-f6bf4ea73f77","value":null}
[debug] &amp#27;[38;5;32m[AndroidUiautomator2Driver@1900 (e534f12e)]&amp#27;[0m Responding to client with driver.click() result: null
&amp#27;[38;5;0m[HTTP]&amp#27;[0m <-- POST /session/e534f12e-89fc-43e4-9f11-e386023563ad/element/00000000-0000-00aa-ffff-ffff000000b8/click 200 889 ms - 14
&amp#27;[38;5;0m[HTTP]&amp#27;[0m 
&amp#27;[38;5;0m[HTTP]&amp#27;[0m &amp#27;[37m-->&amp#27;[39m &amp#27;[37mPOST&amp#27;[39m &amp#27;[37m/session/e534f12e-89fc-43e4-9f11-e386023563ad/execute/sync&amp#27;[39m
&amp#27;[38;5;0m[HTTP]&amp#27;[0m {"script":"mobile: hideKeyboard","args":[]}
[debug] &amp#27;[38;5;32m[AndroidUiautomator2Driver@1900 (e534f12e)]&amp#27;[0m Calling AppiumDriver.execute() with args: ["mobile: hideKeyboard",[],"e534f12e-89fc-43e4-9f11-e386023563ad"]
&amp#27;[38;5;32m[AndroidUiautomator2Driver@1900 (e534f12e)]&amp#27;[0m Executing native command 'mobile: hideKeyboard'
[debug] &amp#27;[38;5;64m[ADB]&amp#27;[0m Running '/Users/dori/Library/Android/sdk/platform-tools/adb -P 5037 -s emulator-5554 shell dumpsys input_method'
[debug] &amp#27;[38;5;64m[ADB]&amp#27;[0m Running '/Users/dori/Library/Android/sdk/platform-tools/adb -P 5037 -s emulator-5554 shell input keyevent 111'
[debug] &amp#27;[38;5;64m[ADB]&amp#27;[0m Running '/Users/dori/Library/Android/sdk/platform-tools/adb -P 5037 -s emulator-5554 shell dumpsys input_method'
[debug] &amp#27;[38;5;32m[AndroidUiautomator2Driver@1900 (e534f12e)]&amp#27;[0m Responding to client with driver.execute() result: true
&amp#27;[38;5;0m[HTTP]&amp#27;[0m <-- POST /session/e534f12e-89fc-43e4-9f11-e386023563ad/execute/sync 200 431 ms - 14
&amp#27;[38;5;0m[HTTP]&amp#27;[0m 
&amp#27;[38;5;0m[HTTP]&amp#27;[0m &amp#27;[37m-->&amp#27;[39m &amp#27;[37mPOST&amp#27;[39m &amp#27;[37m/session/e534f12e-89fc-43e4-9f11-e386023563ad/element&amp#27;[39m
&amp#27;[38;5;0m[HTTP]&amp#27;[0m {"using":"xpath","value":"//android.widget.TextView[@text='Please enter a valid name.']"}
[debug] &amp#27;[38;5;32m[AndroidUiautomator2Driver@1900 (e534f12e)]&amp#27;[0m Calling AppiumDriver.findElement() with args: ["xpath","//android.widget.TextView[@text='Please enter a valid name.']","e534f12e-89fc-43e4-9f11-e386023563ad"]
[debug] &amp#27;[38;5;32m[AndroidUiautomator2Driver@1900 (e534f12e)]&amp#27;[0m Valid locator strategies for this request: xpath, id, class name, accessibility id, css selector, -android uiautomator
[debug] &amp#27;[38;5;32m[AndroidUiautomator2Driver@1900 (e534f12e)]&amp#27;[0m Waiting up to 10000 ms for condition
[debug] &amp#27;[38;5;32m[AndroidUiautomator2Driver@1900 (e534f12e)]&amp#27;[0m Matched '/element' to command name 'findElement'
[debug] &amp#27;[38;5;32m[AndroidUiautomator2Driver@1900 (e534f12e)]&amp#27;[0m Proxying [POST /element] to [POST http://127.0.0.1:8200/session/011dc30c-a90d-49f5-a2c1-f6bf4ea73f77/element] with body: {"strategy":"xpath","selector":"//android.widget.TextView[@text='Please enter a valid name.']","context":"","multiple":false}
[debug] &amp#27;[38;5;32m[AndroidUiautomator2Driver@1900 (e534f12e)]&amp#27;[0m Got response with status 200: {"sessionId":"011dc30c-a90d-49f5-a2c1-f6bf4ea73f77","value":{"ELEMENT":"00000000-0000-00aa-ffff-ffff0000012c","element-6066-11e4-a52e-4f735466cecf":"00000000-0000-00aa-ffff-ffff0000012c"}}
[debug] &amp#27;[38;5;32m[AndroidUiautomator2Driver@1900 (e534f12e)]&amp#27;[0m Responding to client with driver.findElement() result: {"element-6066-11e4-a52e-4f735466cecf":"00000000-0000-00aa-ffff-ffff0000012c","ELEMENT":"00000000-0000-00aa-ffff-ffff0000012c"}
&amp#27;[38;5;0m[HTTP]&amp#27;[0m <-- POST /session/e534f12e-89fc-43e4-9f11-e386023563ad/element 200 677 ms - 137
&amp#27;[38;5;0m[HTTP]&amp#27;[0m 
&amp#27;[38;5;0m[HTTP]&amp#27;[0m &amp#27;[37m-->&amp#27;[39m &amp#27;[37mGET&amp#27;[39m &amp#27;[37m/session/e534f12e-89fc-43e4-9f11-e386023563ad/element/00000000-0000-00aa-ffff-ffff0000012c/text&amp#27;[39m
&amp#27;[38;5;0m[HTTP]&amp#27;[0m {}
&amp#27;[38;5;32m[AndroidUiautomator2Driver@1900 (e534f12e)]&amp#27;[0m Driver proxy active, passing request on via HTTP proxy
[debug] &amp#27;[38;5;32m[AndroidUiautomator2Driver@1900 (e534f12e)]&amp#27;[0m Matched '/session/e534f12e-89fc-43e4-9f11-e386023563ad/element/00000000-0000-00aa-ffff-ffff0000012c/text' to command name 'getText'
[debug] &amp#27;[38;5;32m[AndroidUiautomator2Driver@1900 (e534f12e)]&amp#27;[0m Proxying [GET /session/e534f12e-89fc-43e4-9f11-e386023563ad/element/00000000-0000-00aa-ffff-ffff0000012c/text] to [GET http://127.0.0.1:8200/session/011dc30c-a90d-49f5-a2c1-f6bf4ea73f77/element/00000000-0000-00aa-ffff-ffff0000012c/text] with no body
[debug] &amp#27;[38;5;32m[AndroidUiautomator2Driver@1900 (e534f12e)]&amp#27;[0m Got response with status 200: {"sessionId":"011dc30c-a90d-49f5-a2c1-f6bf4ea73f77","value":"Please enter a valid name."}
&amp#27;[38;5;32m[AndroidUiautomator2Driver@1900 (e534f12e)]&amp#27;[0m Replacing sessionId 011dc30c-a90d-49f5-a2c1-f6bf4ea73f77 with e534f12e-89fc-43e4-9f11-e386023563ad
&amp#27;[38;5;0m[HTTP]&amp#27;[0m <-- GET /session/e534f12e-89fc-43e4-9f11-e386023563ad/element/00000000-0000-00aa-ffff-ffff0000012c/text 200 9 ms - 89
&amp#27;[38;5;0m[HTTP]&amp#27;[0m 
&amp#27;[38;5;0m[HTTP]&amp#27;[0m &amp#27;[37m-->&amp#27;[39m &amp#27;[37mPOST&amp#27;[39m &amp#27;[37m/session/e534f12e-89fc-43e4-9f11-e386023563ad/element&amp#27;[39m
&amp#27;[38;5;0m[HTTP]&amp#27;[0m {"using":"xpath","value":"/hierarchy/android.widget.FrameLayout/android.widget.LinearLayout/android.widget.FrameLayout/android.widget.LinearLayout/android.widget.FrameLayout/android.view.ViewGroup/android.widget.FrameLayout[3]/android.view.ViewGroup/android.widget.ScrollView/android.widget.LinearLayout/android.widget.FrameLayout[1]/androidx.appcompat.widget.LinearLayoutCompat/android.view.ViewGroup/android.widget.FrameLayout[2]/android.view.ViewGroup/android.widget.LinearLayout/android.widget.FrameLayout/android.widget.EditText"}
[debug] &amp#27;[38;5;32m[AndroidUiautomator2Driver@1900 (e534f12e)]&amp#27;[0m Calling AppiumDriver.findElement() with args: ["xpath","/hierarchy/android.widget.FrameLayout/android.widget.LinearLayout/android.widget.FrameLayout/android.widget.LinearLayout/android.widget.FrameLayout/android.view.ViewGroup/android.widget.FrameLayout[3]/android.view.ViewGroup/android.widget.ScrollView/android.widget.LinearLayout/android.widget.FrameLayout[1]/androidx.appcompat.widget.LinearLayoutCompat/android.view.ViewGroup/android.widget.FrameLayout[2]/android.view.ViewGroup/android.widget.LinearLayout/android.widget.FrameLayout/android.widget.EditText","e534f12e-89fc-43e4-9f11-e386023563ad"]
[debug] &amp#27;[38;5;32m[AndroidUiautomator2Driver@1900 (e534f12e)]&amp#27;[0m Valid locator strategies for this request: xpath, id, class name, accessibility id, css selector, -android uiautomator
[debug] &amp#27;[38;5;32m[AndroidUiautomator2Driver@1900 (e534f12e)]&amp#27;[0m Waiting up to 10000 ms for condition
[debug] &amp#27;[38;5;32m[AndroidUiautomator2Driver@1900 (e534f12e)]&amp#27;[0m Matched '/element' to command name 'findElement'
[debug] &amp#27;[38;5;32m[AndroidUiautomator2Driver@1900 (e534f12e)]&amp#27;[0m Proxying [POST /element] to [POST http://127.0.0.1:8200/session/011dc30c-a90d-49f5-a2c1-f6bf4ea73f77/element] with body: {"strategy":"xpath","selector":"/hierarchy/android.widget.FrameLayout/android.widget.LinearLayout/android.widget.FrameLayout/android.widget.LinearLayout/android.widget.FrameLayout/android.view.ViewGroup/android.widget.FrameLayout[3]/android.view.ViewGroup/android.widget.ScrollView/android.widget.LinearLayout/android.widget.FrameLayout[1]/androidx.appcompat.widget.LinearLayoutCompat/android.view.ViewGroup/android.widget.FrameLayout[2]/android.view.ViewGroup/android.widget.LinearLayout/android.widget.FrameLayout/android.widget.EditText","context":"","multiple":false}
[debug] &amp#27;[38;5;32m[AndroidUiautomator2Driver@1900 (e534f12e)]&amp#27;[0m Got response with status 200: {"sessionId":"011dc30c-a90d-49f5-a2c1-f6bf4ea73f77","value":{"ELEMENT":"00000000-0000-00aa-ffff-ffff000000b8","element-6066-11e4-a52e-4f735466cecf":"00000000-0000-00aa-ffff-ffff000000b8"}}
[debug] &amp#27;[38;5;32m[AndroidUiautomator2Driver@1900 (e534f12e)]&amp#27;[0m Responding to client with driver.findElement() result: {"element-6066-11e4-a52e-4f735466cecf":"00000000-0000-00aa-ffff-ffff000000b8","ELEMENT":"00000000-0000-00aa-ffff-ffff000000b8"}
&amp#27;[38;5;0m[HTTP]&amp#27;[0m <-- POST /session/e534f12e-89fc-43e4-9f11-e386023563ad/element 200 69 ms - 137
&amp#27;[38;5;0m[HTTP]&amp#27;[0m 
&amp#27;[38;5;0m[HTTP]&amp#27;[0m &amp#27;[37m-->&amp#27;[39m &amp#27;[37mPOST&amp#27;[39m &amp#27;[37m/session/e534f12e-89fc-43e4-9f11-e386023563ad/element/00000000-0000-00aa-ffff-ffff000000b8/value&amp#27;[39m
&amp#27;[38;5;0m[HTTP]&amp#27;[0m {"id":"00000000-0000-00aa-ffff-ffff000000b8","text":"kk","value":["k","k"]}
[debug] &amp#27;[38;5;32m[AndroidUiautomator2Driver@1900 (e534f12e)]&amp#27;[0m Calling AppiumDriver.setValue() with args: [["k","k"],"00000000-0000-00aa-ffff-ffff000000b8","e534f12e-89fc-43e4-9f11-e386023563ad"]
[debug] &amp#27;[38;5;32m[AndroidUiautomator2Driver@1900 (e534f12e)]&amp#27;[0m Matched '/element/00000000-0000-00aa-ffff-ffff000000b8/value' to command name 'setValue'
[debug] &amp#27;[38;5;32m[AndroidUiautomator2Driver@1900 (e534f12e)]&amp#27;[0m Added 'value' property ["k","k"] to 'setValue' request body
[debug] &amp#27;[38;5;32m[AndroidUiautomator2Driver@1900 (e534f12e)]&amp#27;[0m Proxying [POST /element/00000000-0000-00aa-ffff-ffff000000b8/value] to [POST http://127.0.0.1:8200/session/011dc30c-a90d-49f5-a2c1-f6bf4ea73f77/element/00000000-0000-00aa-ffff-ffff000000b8/value] with body: {"elementId":"00000000-0000-00aa-ffff-ffff000000b8","text":"kk","replace":false,"value":["k","k"]}
[debug] &amp#27;[38;5;32m[AndroidUiautomator2Driver@1900 (e534f12e)]&amp#27;[0m Got response with status 200: {"sessionId":"011dc30c-a90d-49f5-a2c1-f6bf4ea73f77","value":null}
[debug] &amp#27;[38;5;32m[AndroidUiautomator2Driver@1900 (e534f12e)]&amp#27;[0m Responding to client with driver.setValue() result: null
&amp#27;[38;5;0m[HTTP]&amp#27;[0m <-- POST /session/e534f12e-89fc-43e4-9f11-e386023563ad/element/00000000-0000-00aa-ffff-ffff000000b8/value 200 537 ms - 14
&amp#27;[38;5;0m[HTTP]&amp#27;[0m 
&amp#27;[38;5;0m[HTTP]&amp#27;[0m &amp#27;[37m-->&amp#27;[39m &amp#27;[37mPOST&amp#27;[39m &amp#27;[37m/session/e534f12e-89fc-43e4-9f11-e386023563ad/element&amp#27;[39m
&amp#27;[38;5;0m[HTTP]&amp#27;[0m {"using":"xpath","value":"/hierarchy/android.widget.FrameLayout/android.widget.LinearLayout/android.widget.FrameLayout/android.widget.LinearLayout/android.widget.FrameLayout/android.view.ViewGroup/android.widget.FrameLayout[3]/android.view.ViewGroup/android.widget.ScrollView/android.widget.LinearLayout/android.widget.FrameLayout[1]/androidx.appcompat.widget.LinearLayoutCompat/android.view.ViewGroup/android.widget.FrameLayout[1]/android.view.ViewGroup/android.widget.LinearLayout/android.widget.FrameLayout/android.widget.EditText"}
[debug] &amp#27;[38;5;32m[AndroidUiautomator2Driver@1900 (e534f12e)]&amp#27;[0m Calling AppiumDriver.findElement() with args: ["xpath","/hierarchy/android.widget.FrameLayout/android.widget.LinearLayout/android.widget.FrameLayout/android.widget.LinearLayout/android.widget.FrameLayout/android.view.ViewGroup/android.widget.FrameLayout[3]/android.view.ViewGroup/android.widget.ScrollView/android.widget.LinearLayout/android.widget.FrameLayout[1]/androidx.appcompat.widget.LinearLayoutCompat/android.view.ViewGroup/android.widget.FrameLayout[1]/android.view.ViewGroup/android.widget.LinearLayout/android.widget.FrameLayout/android.widget.EditText","e534f12e-89fc-43e4-9f11-e386023563ad"]
[debug] &amp#27;[38;5;32m[AndroidUiautomator2Driver@1900 (e534f12e)]&amp#27;[0m Valid locator strategies for this request: xpath, id, class name, accessibility id, css selector, -android uiautomator
[debug] &amp#27;[38;5;32m[AndroidUiautomator2Driver@1900 (e534f12e)]&amp#27;[0m Waiting up to 10000 ms for condition
[debug] &amp#27;[38;5;32m[AndroidUiautomator2Driver@1900 (e534f12e)]&amp#27;[0m Matched '/element' to command name 'findElement'
[debug] &amp#27;[38;5;32m[AndroidUiautomator2Driver@1900 (e534f12e)]&amp#27;[0m Proxying [POST /element] to [POST http://127.0.0.1:8200/session/011dc30c-a90d-49f5-a2c1-f6bf4ea73f77/element] with body: {"strategy":"xpath","selector":"/hierarchy/android.widget.FrameLayout/android.widget.LinearLayout/android.widget.FrameLayout/android.widget.LinearLayout/android.widget.FrameLayout/android.view.ViewGroup/android.widget.FrameLayout[3]/android.view.ViewGroup/android.widget.ScrollView/android.widget.LinearLayout/android.widget.FrameLayout[1]/androidx.appcompat.widget.LinearLayoutCompat/android.view.ViewGroup/android.widget.FrameLayout[1]/android.view.ViewGroup/android.widget.LinearLayout/android.widget.FrameLayout/android.widget.EditText","context":"","multiple":false}
[debug] &amp#27;[38;5;32m[AndroidUiautomator2Driver@1900 (e534f12e)]&amp#27;[0m Got response with status 200: {"sessionId":"011dc30c-a90d-49f5-a2c1-f6bf4ea73f77","value":{"ELEMENT":"00000000-0000-00aa-ffff-ffff000000a8","element-6066-11e4-a52e-4f735466cecf":"00000000-0000-00aa-ffff-ffff000000a8"}}
[debug] &amp#27;[38;5;32m[AndroidUiautomator2Driver@1900 (e534f12e)]&amp#27;[0m Responding to client with driver.findElement() result: {"element-6066-11e4-a52e-4f735466cecf":"00000000-0000-00aa-ffff-ffff000000a8","ELEMENT":"00000000-0000-00aa-ffff-ffff000000a8"}
&amp#27;[38;5;0m[HTTP]&amp#27;[0m <-- POST /session/e534f12e-89fc-43e4-9f11-e386023563ad/element 200 569 ms - 137
&amp#27;[38;5;0m[HTTP]&amp#27;[0m 
&amp#27;[38;5;0m[HTTP]&amp#27;[0m &amp#27;[37m-->&amp#27;[39m &amp#27;[37mPOST&amp#27;[39m &amp#27;[37m/session/e534f12e-89fc-43e4-9f11-e386023563ad/element/00000000-0000-00aa-ffff-ffff000000a8/click&amp#27;[39m
&amp#27;[38;5;0m[HTTP]&amp#27;[0m {"id":"00000000-0000-00aa-ffff-ffff000000a8"}
[debug] &amp#27;[38;5;32m[AndroidUiautomator2Driver@1900 (e534f12e)]&amp#27;[0m Calling AppiumDriver.click() with args: ["00000000-0000-00aa-ffff-ffff000000a8","e534f12e-89fc-43e4-9f11-e386023563ad"]
[debug] &amp#27;[38;5;32m[AndroidUiautomator2Driver@1900 (e534f12e)]&amp#27;[0m Matched '/element/00000000-0000-00aa-ffff-ffff000000a8/click' to command name 'click'
[debug] &amp#27;[38;5;32m[AndroidUiautomator2Driver@1900 (e534f12e)]&amp#27;[0m Proxying [POST /element/00000000-0000-00aa-ffff-ffff000000a8/click] to [POST http://127.0.0.1:8200/session/011dc30c-a90d-49f5-a2c1-f6bf4ea73f77/element/00000000-0000-00aa-ffff-ffff000000a8/click] with body: {"element":"00000000-0000-00aa-ffff-ffff000000a8"}
[debug] &amp#27;[38;5;32m[AndroidUiautomator2Driver@1900 (e534f12e)]&amp#27;[0m Got response with status 200: {"sessionId":"011dc30c-a90d-49f5-a2c1-f6bf4ea73f77","value":null}
[debug] &amp#27;[38;5;32m[AndroidUiautomator2Driver@1900 (e534f12e)]&amp#27;[0m Responding to client with driver.click() result: null
&amp#27;[38;5;0m[HTTP]&amp#27;[0m <-- POST /session/e534f12e-89fc-43e4-9f11-e386023563ad/element/00000000-0000-00aa-ffff-ffff000000a8/click 200 55 ms - 14
&amp#27;[38;5;0m[HTTP]&amp#27;[0m 
&amp#27;[38;5;0m[HTTP]&amp#27;[0m &amp#27;[37m-->&amp#27;[39m &amp#27;[37mPOST&amp#27;[39m &amp#27;[37m/session/e534f12e-89fc-43e4-9f11-e386023563ad/execute/sync&amp#27;[39m
&amp#27;[38;5;0m[HTTP]&amp#27;[0m {"script":"mobile: hideKeyboard","args":[]}
[debug] &amp#27;[38;5;32m[AndroidUiautomator2Driver@1900 (e534f12e)]&amp#27;[0m Calling AppiumDriver.execute() with args: ["mobile: hideKeyboard",[],"e534f12e-89fc-43e4-9f11-e386023563ad"]
&amp#27;[38;5;32m[AndroidUiautomator2Driver@1900 (e534f12e)]&amp#27;[0m Executing native command 'mobile: hideKeyboard'
[debug] &amp#27;[38;5;64m[ADB]&amp#27;[0m Running '/Users/dori/Library/Android/sdk/platform-tools/adb -P 5037 -s emulator-5554 shell dumpsys input_method'
[debug] &amp#27;[38;5;64m[ADB]&amp#27;[0m Running '/Users/dori/Library/Android/sdk/platform-tools/adb -P 5037 -s emulator-5554 shell input keyevent 111'
[debug] &amp#27;[38;5;64m[ADB]&amp#27;[0m Running '/Users/dori/Library/Android/sdk/platform-tools/adb -P 5037 -s emulator-5554 shell dumpsys input_method'
[debug] &amp#27;[38;5;32m[AndroidUiautomator2Driver@1900 (e534f12e)]&amp#27;[0m Responding to client with driver.execute() result: true
&amp#27;[38;5;0m[HTTP]&amp#27;[0m <-- POST /session/e534f12e-89fc-43e4-9f11-e386023563ad/execute/sync 200 378 ms - 14
&amp#27;[38;5;0m[HTTP]&amp#27;[0m 
&amp#27;[38;5;0m[HTTP]&amp#27;[0m &amp#27;[37m-->&amp#27;[39m &amp#27;[37mPOST&amp#27;[39m &amp#27;[37m/session/e534f12e-89fc-43e4-9f11-e386023563ad/element&amp#27;[39m
&amp#27;[38;5;0m[HTTP]&amp#27;[0m {"using":"xpath","value":"/hierarchy/android.widget.FrameLayout/android.widget.LinearLayout/android.widget.FrameLayout/android.widget.LinearLayout/android.widget.FrameLayout/android.view.ViewGroup/android.widget.FrameLayout[3]/android.view.ViewGroup/android.widget.ScrollView/android.widget.LinearLayout/android.widget.FrameLayout[1]/androidx.appcompat.widget.LinearLayoutCompat/android.view.ViewGroup/android.widget.FrameLayout[2]/android.view.ViewGroup/android.widget.LinearLayout/android.widget.LinearLayout/android.widget.FrameLayout/android.widget.TextView"}
[debug] &amp#27;[38;5;32m[AndroidUiautomator2Driver@1900 (e534f12e)]&amp#27;[0m Calling AppiumDriver.findElement() with args: ["xpath","/hierarchy/android.widget.FrameLayout/android.widget.LinearLayout/android.widget.FrameLayout/android.widget.LinearLayout/android.widget.FrameLayout/android.view.ViewGroup/android.widget.FrameLayout[3]/android.view.ViewGroup/android.widget.ScrollView/android.widget.LinearLayout/android.widget.FrameLayout[1]/androidx.appcompat.widget.LinearLayoutCompat/android.view.ViewGroup/android.widget.FrameLayout[2]/android.view.ViewGroup/android.widget.LinearLayout/android.widget.LinearLayout/android.widget.FrameLayout/android.widget.TextView","e534f12e-89fc-43e4-9f11-e386023563ad"]
[debug] &amp#27;[38;5;32m[AndroidUiautomator2Driver@1900 (e534f12e)]&amp#27;[0m Valid locator strategies for this request: xpath, id, class name, accessibility id, css selector, -android uiautomator
[debug] &amp#27;[38;5;32m[AndroidUiautomator2Driver@1900 (e534f12e)]&amp#27;[0m Waiting up to 10000 ms for condition
[debug] &amp#27;[38;5;32m[AndroidUiautomator2Driver@1900 (e534f12e)]&amp#27;[0m Matched '/element' to command name 'findElement'
[debug] &amp#27;[38;5;32m[AndroidUiautomator2Driver@1900 (e534f12e)]&amp#27;[0m Proxying [POST /element] to [POST http://127.0.0.1:8200/session/011dc30c-a90d-49f5-a2c1-f6bf4ea73f77/element] with body: {"strategy":"xpath","selector":"/hierarchy/android.widget.FrameLayout/android.widget.LinearLayout/android.widget.FrameLayout/android.widget.LinearLayout/android.widget.FrameLayout/android.view.ViewGroup/android.widget.FrameLayout[3]/android.view.ViewGroup/android.widget.ScrollView/android.widget.LinearLayout/android.widget.FrameLayout[1]/androidx.appcompat.widget.LinearLayoutCompat/android.view.ViewGroup/android.widget.FrameLayout[2]/android.view.ViewGroup/android.widget.LinearLayout/android.widget.LinearLayout/android.widget.FrameLayout/android.widget.TextView","context":"","multiple":false}
[debug] &amp#27;[38;5;32m[AndroidUiautomator2Driver@1900 (e534f12e)]&amp#27;[0m Got response with status 200: {"sessionId":"011dc30c-a90d-49f5-a2c1-f6bf4ea73f77","value":{"ELEMENT":"00000000-0000-00aa-ffff-ffff0000012f","element-6066-11e4-a52e-4f735466cecf":"00000000-0000-00aa-ffff-ffff0000012f"}}
[debug] &amp#27;[38;5;32m[AndroidUiautomator2Driver@1900 (e534f12e)]&amp#27;[0m Responding to client with driver.findElement() result: {"element-6066-11e4-a52e-4f735466cecf":"00000000-0000-00aa-ffff-ffff0000012f","ELEMENT":"00000000-0000-00aa-ffff-ffff0000012f"}
&amp#27;[38;5;0m[HTTP]&amp#27;[0m <-- POST /session/e534f12e-89fc-43e4-9f11-e386023563ad/element 200 649 ms - 137
&amp#27;[38;5;0m[HTTP]&amp#27;[0m 
&amp#27;[38;5;0m[HTTP]&amp#27;[0m &amp#27;[37m-->&amp#27;[39m &amp#27;[37mGET&amp#27;[39m &amp#27;[37m/session/e534f12e-89fc-43e4-9f11-e386023563ad/element/00000000-0000-00aa-ffff-ffff0000012f/text&amp#27;[39m
&amp#27;[38;5;0m[HTTP]&amp#27;[0m {}
&amp#27;[38;5;32m[AndroidUiautomator2Driver@1900 (e534f12e)]&amp#27;[0m Driver proxy active, passing request on via HTTP proxy
[debug] &amp#27;[38;5;32m[AndroidUiautomator2Driver@1900 (e534f12e)]&amp#27;[0m Matched '/session/e534f12e-89fc-43e4-9f11-e386023563ad/element/00000000-0000-00aa-ffff-ffff0000012f/text' to command name 'getText'
[debug] &amp#27;[38;5;32m[AndroidUiautomator2Driver@1900 (e534f12e)]&amp#27;[0m Proxying [GET /session/e534f12e-89fc-43e4-9f11-e386023563ad/element/00000000-0000-00aa-ffff-ffff0000012f/text] to [GET http://127.0.0.1:8200/session/011dc30c-a90d-49f5-a2c1-f6bf4ea73f77/element/00000000-0000-00aa-ffff-ffff0000012f/text] with no body
[debug] &amp#27;[38;5;32m[AndroidUiautomator2Driver@1900 (e534f12e)]&amp#27;[0m Got response with status 200: {"sessionId":"011dc30c-a90d-49f5-a2c1-f6bf4ea73f77","value":"Please enter a valid name."}
&amp#27;[38;5;32m[AndroidUiautomator2Driver@1900 (e534f12e)]&amp#27;[0m Replacing sessionId 011dc30c-a90d-49f5-a2c1-f6bf4ea73f77 with e534f12e-89fc-43e4-9f11-e386023563ad
&amp#27;[38;5;0m[HTTP]&amp#27;[0m <-- GET /session/e534f12e-89fc-43e4-9f11-e386023563ad/element/00000000-0000-00aa-ffff-ffff0000012f/text 200 14 ms - 89
&amp#27;[38;5;0m[HTTP]&amp#27;[0m 
&amp#27;[38;5;0m[HTTP]&amp#27;[0m &amp#27;[37m-->&amp#27;[39m &amp#27;[37mPOST&amp#27;[39m &amp#27;[37m/session/e534f12e-89fc-43e4-9f11-e386023563ad/element&amp#27;[39m
&amp#27;[38;5;0m[HTTP]&amp#27;[0m {"using":"xpath","value":"//android.widget.EditText[@hint='Mobile Number*']"}
[debug] &amp#27;[38;5;32m[AndroidUiautomator2Driver@1900 (e534f12e)]&amp#27;[0m Calling AppiumDriver.findElement() with args: ["xpath","//android.widget.EditText[@hint='Mobile Number*']","e534f12e-89fc-43e4-9f11-e386023563ad"]
[debug] &amp#27;[38;5;32m[AndroidUiautomator2Driver@1900 (e534f12e)]&amp#27;[0m Valid locator strategies for this request: xpath, id, class name, accessibility id, css selector, -android uiautomator
[debug] &amp#27;[38;5;32m[AndroidUiautomator2Driver@1900 (e534f12e)]&amp#27;[0m Waiting up to 10000 ms for condition
[debug] &amp#27;[38;5;32m[AndroidUiautomator2Driver@1900 (e534f12e)]&amp#27;[0m Matched '/element' to command name 'findElement'
[debug] &amp#27;[38;5;32m[AndroidUiautomator2Driver@1900 (e534f12e)]&amp#27;[0m Proxying [POST /element] to [POST http://127.0.0.1:8200/session/011dc30c-a90d-49f5-a2c1-f6bf4ea73f77/element] with body: {"strategy":"xpath","selector":"//android.widget.EditText[@hint='Mobile Number*']","context":"","multiple":false}
[debug] &amp#27;[38;5;32m[AndroidUiautomator2Driver@1900 (e534f12e)]&amp#27;[0m Got response with status 200: {"sessionId":"011dc30c-a90d-49f5-a2c1-f6bf4ea73f77","value":{"ELEMENT":"00000000-0000-00aa-ffff-ffff000000c8","element-6066-11e4-a52e-4f735466cecf":"00000000-0000-00aa-ffff-ffff000000c8"}}
[debug] &amp#27;[38;5;32m[AndroidUiautomator2Driver@1900 (e534f12e)]&amp#27;[0m Responding to client with driver.findElement() result: {"element-6066-11e4-a52e-4f735466cecf":"00000000-0000-00aa-ffff-ffff000000c8","ELEMENT":"00000000-0000-00aa-ffff-ffff000000c8"}
&amp#27;[38;5;0m[HTTP]&amp#27;[0m <-- POST /session/e534f12e-89fc-43e4-9f11-e386023563ad/element 200 61 ms - 137
&amp#27;[38;5;0m[HTTP]&amp#27;[0m 
&amp#27;[38;5;0m[HTTP]&amp#27;[0m &amp#27;[37m-->&amp#27;[39m &amp#27;[37mPOST&amp#27;[39m &amp#27;[37m/session/e534f12e-89fc-43e4-9f11-e386023563ad/element/00000000-0000-00aa-ffff-ffff000000c8/click&amp#27;[39m
&amp#27;[38;5;0m[HTTP]&amp#27;[0m {"id":"00000000-0000-00aa-ffff-ffff000000c8"}
[debug] &amp#27;[38;5;32m[AndroidUiautomator2Driver@1900 (e534f12e)]&amp#27;[0m Calling AppiumDriver.click() with args: ["00000000-0000-00aa-ffff-ffff000000c8","e534f12e-89fc-43e4-9f11-e386023563ad"]
[debug] &amp#27;[38;5;32m[AndroidUiautomator2Driver@1900 (e534f12e)]&amp#27;[0m Matched '/element/00000000-0000-00aa-ffff-ffff000000c8/click' to command name 'click'
[debug] &amp#27;[38;5;32m[AndroidUiautomator2Driver@1900 (e534f12e)]&amp#27;[0m Proxying [POST /element/00000000-0000-00aa-ffff-ffff000000c8/click] to [POST http://127.0.0.1:8200/session/011dc30c-a90d-49f5-a2c1-f6bf4ea73f77/element/00000000-0000-00aa-ffff-ffff000000c8/click] with body: {"element":"00000000-0000-00aa-ffff-ffff000000c8"}
[debug] &amp#27;[38;5;32m[AndroidUiautomator2Driver@1900 (e534f12e)]&amp#27;[0m Got response with status 200: {"sessionId":"011dc30c-a90d-49f5-a2c1-f6bf4ea73f77","value":null}
[debug] &amp#27;[38;5;32m[AndroidUiautomator2Driver@1900 (e534f12e)]&amp#27;[0m Responding to client with driver.click() result: null
&amp#27;[38;5;0m[HTTP]&amp#27;[0m <-- POST /session/e534f12e-89fc-43e4-9f11-e386023563ad/element/00000000-0000-00aa-ffff-ffff000000c8/click 200 877 ms - 14
&amp#27;[38;5;0m[HTTP]&amp#27;[0m 
&amp#27;[38;5;0m[HTTP]&amp#27;[0m &amp#27;[37m-->&amp#27;[39m &amp#27;[37mPOST&amp#27;[39m &amp#27;[37m/session/e534f12e-89fc-43e4-9f11-e386023563ad/element&amp#27;[39m
&amp#27;[38;5;0m[HTTP]&amp#27;[0m {"using":"xpath","value":"//android.widget.EditText[@hint='Mobile Number*']"}
[debug] &amp#27;[38;5;32m[AndroidUiautomator2Driver@1900 (e534f12e)]&amp#27;[0m Calling AppiumDriver.findElement() with args: ["xpath","//android.widget.EditText[@hint='Mobile Number*']","e534f12e-89fc-43e4-9f11-e386023563ad"]
[debug] &amp#27;[38;5;32m[AndroidUiautomator2Driver@1900 (e534f12e)]&amp#27;[0m Valid locator strategies for this request: xpath, id, class name, accessibility id, css selector, -android uiautomator
[debug] &amp#27;[38;5;32m[AndroidUiautomator2Driver@1900 (e534f12e)]&amp#27;[0m Waiting up to 10000 ms for condition
[debug] &amp#27;[38;5;32m[AndroidUiautomator2Driver@1900 (e534f12e)]&amp#27;[0m Matched '/element' to command name 'findElement'
[debug] &amp#27;[38;5;32m[AndroidUiautomator2Driver@1900 (e534f12e)]&amp#27;[0m Proxying [POST /element] to [POST http://127.0.0.1:8200/session/011dc30c-a90d-49f5-a2c1-f6bf4ea73f77/element] with body: {"strategy":"xpath","selector":"//android.widget.EditText[@hint='Mobile Number*']","context":"","multiple":false}
[debug] &amp#27;[38;5;32m[AndroidUiautomator2Driver@1900 (e534f12e)]&amp#27;[0m Got response with status 200: {"sessionId":"011dc30c-a90d-49f5-a2c1-f6bf4ea73f77","value":{"ELEMENT":"00000000-0000-00aa-ffff-ffff000000c8","element-6066-11e4-a52e-4f735466cecf":"00000000-0000-00aa-ffff-ffff000000c8"}}
[debug] &amp#27;[38;5;32m[AndroidUiautomator2Driver@1900 (e534f12e)]&amp#27;[0m Responding to client with driver.findElement() result: {"element-6066-11e4-a52e-4f735466cecf":"00000000-0000-00aa-ffff-ffff000000c8","ELEMENT":"00000000-0000-00aa-ffff-ffff000000c8"}
&amp#27;[38;5;0m[HTTP]&amp#27;[0m <-- POST /session/e534f12e-89fc-43e4-9f11-e386023563ad/element 200 72 ms - 137
&amp#27;[38;5;0m[HTTP]&amp#27;[0m 
&amp#27;[38;5;0m[HTTP]&amp#27;[0m &amp#27;[37m-->&amp#27;[39m &amp#27;[37mPOST&amp#27;[39m &amp#27;[37m/session/e534f12e-89fc-43e4-9f11-e386023563ad/element/00000000-0000-00aa-ffff-ffff000000c8/value&amp#27;[39m
&amp#27;[38;5;0m[HTTP]&amp#27;[0m {"id":"00000000-0000-00aa-ffff-ffff000000c8","text":"+90540189","value":["+","9","0","5","4","0","1","8","9"]}
[debug] &amp#27;[38;5;32m[AndroidUiautomator2Driver@1900 (e534f12e)]&amp#27;[0m Calling AppiumDriver.setValue() with args: [["+","9","0","5","4","0","1","8","9"],"00000000-0000-00aa-ffff-ffff000000c8","e534f12e-89fc-43e4-9f11-e386023563ad"]
[debug] &amp#27;[38;5;32m[AndroidUiautomator2Driver@1900 (e534f12e)]&amp#27;[0m Matched '/element/00000000-0000-00aa-ffff-ffff000000c8/value' to command name 'setValue'
[debug] &amp#27;[38;5;32m[AndroidUiautomator2Driver@1900 (e534f12e)]&amp#27;[0m Added 'value' property ["+","9","0","5","4","0","1","8","9"] to 'setValue' request body
[debug] &amp#27;[38;5;32m[AndroidUiautomator2Driver@1900 (e534f12e)]&amp#27;[0m Proxying [POST /element/00000000-0000-00aa-ffff-ffff000000c8/value] to [POST http://127.0.0.1:8200/session/011dc30c-a90d-49f5-a2c1-f6bf4ea73f77/element/00000000-0000-00aa-ffff-ffff000000c8/value] with body: {"elementId":"00000000-0000-00aa-ffff-ffff000000c8","text":"+90540189","replace":false,"value":["+","9","0","5","4","0","1","8","9"]}
[debug] &amp#27;[38;5;32m[AndroidUiautomator2Driver@1900 (e534f12e)]&amp#27;[0m Got response with status 200: {"sessionId":"011dc30c-a90d-49f5-a2c1-f6bf4ea73f77","value":null}
[debug] &amp#27;[38;5;32m[AndroidUiautomator2Driver@1900 (e534f12e)]&amp#27;[0m Responding to client with driver.setValue() result: null
&amp#27;[38;5;0m[HTTP]&amp#27;[0m <-- POST /session/e534f12e-89fc-43e4-9f11-e386023563ad/element/00000000-0000-00aa-ffff-ffff000000c8/value 200 711 ms - 14
&amp#27;[38;5;0m[HTTP]&amp#27;[0m 
&amp#27;[38;5;0m[HTTP]&amp#27;[0m &amp#27;[37m-->&amp#27;[39m &amp#27;[37mPOST&amp#27;[39m &amp#27;[37m/session/e534f12e-89fc-43e4-9f11-e386023563ad/execute/sync&amp#27;[39m
&amp#27;[38;5;0m[HTTP]&amp#27;[0m {"script":"mobile: hideKeyboard","args":[]}
[debug] &amp#27;[38;5;32m[AndroidUiautomator2Driver@1900 (e534f12e)]&amp#27;[0m Calling AppiumDriver.execute() with args: ["mobile: hideKeyboard",[],"e534f12e-89fc-43e4-9f11-e386023563ad"]
&amp#27;[38;5;32m[AndroidUiautomator2Driver@1900 (e534f12e)]&amp#27;[0m Executing native command 'mobile: hideKeyboard'
[debug] &amp#27;[38;5;64m[ADB]&amp#27;[0m Running '/Users/dori/Library/Android/sdk/platform-tools/adb -P 5037 -s emulator-5554 shell dumpsys input_method'
[debug] &amp#27;[38;5;64m[ADB]&amp#27;[0m Running '/Users/dori/Library/Android/sdk/platform-tools/adb -P 5037 -s emulator-5554 shell input keyevent 111'
[debug] &amp#27;[38;5;64m[ADB]&amp#27;[0m Running '/Users/dori/Library/Android/sdk/platform-tools/adb -P 5037 -s emulator-5554 shell dumpsys input_method'
[debug] &amp#27;[38;5;64m[ADB]&amp#27;[0m Running '/Users/dori/Library/Android/sdk/platform-tools/adb -P 5037 -s emulator-5554 shell dumpsys input_method'
[debug] &amp#27;[38;5;64m[ADB]&amp#27;[0m Running '/Users/dori/Library/Android/sdk/platform-tools/adb -P 5037 -s emulator-5554 shell dumpsys input_method'
[debug] &amp#27;[38;5;64m[ADB]&amp#27;[0m Running '/Users/dori/Library/Android/sdk/platform-tools/adb -P 5037 -s emulator-5554 shell input keyevent 4'
[debug] &amp#27;[38;5;64m[ADB]&amp#27;[0m Running '/Users/dori/Library/Android/sdk/platform-tools/adb -P 5037 -s emulator-5554 shell dumpsys input_method'
[debug] &amp#27;[38;5;32m[AndroidUiautomator2Driver@1900 (e534f12e)]&amp#27;[0m Responding to client with driver.execute() result: true
&amp#27;[38;5;0m[HTTP]&amp#27;[0m <-- POST /session/e534f12e-89fc-43e4-9f11-e386023563ad/execute/sync 200 1572 ms - 14
&amp#27;[38;5;0m[HTTP]&amp#27;[0m 
&amp#27;[38;5;0m[HTTP]&amp#27;[0m &amp#27;[37m-->&amp#27;[39m &amp#27;[37mPOST&amp#27;[39m &amp#27;[37m/session/e534f12e-89fc-43e4-9f11-e386023563ad/element&amp#27;[39m
&amp#27;[38;5;0m[HTTP]&amp#27;[0m {"using":"xpath","value":"//android.widget.EditText[@hint='Password*']"}
[debug] &amp#27;[38;5;32m[AndroidUiautomator2Driver@1900 (e534f12e)]&amp#27;[0m Calling AppiumDriver.findElement() with args: ["xpath","//android.widget.EditText[@hint='Password*']","e534f12e-89fc-43e4-9f11-e386023563ad"]
[debug] &amp#27;[38;5;32m[AndroidUiautomator2Driver@1900 (e534f12e)]&amp#27;[0m Valid locator strategies for this request: xpath, id, class name, accessibility id, css selector, -android uiautomator
[debug] &amp#27;[38;5;32m[AndroidUiautomator2Driver@1900 (e534f12e)]&amp#27;[0m Waiting up to 10000 ms for condition
[debug] &amp#27;[38;5;32m[AndroidUiautomator2Driver@1900 (e534f12e)]&amp#27;[0m Matched '/element' to command name 'findElement'
[debug] &amp#27;[38;5;32m[AndroidUiautomator2Driver@1900 (e534f12e)]&amp#27;[0m Proxying [POST /element] to [POST http://127.0.0.1:8200/session/011dc30c-a90d-49f5-a2c1-f6bf4ea73f77/element] with body: {"strategy":"xpath","selector":"//android.widget.EditText[@hint='Password*']","context":"","multiple":false}
[debug] &amp#27;[38;5;32m[AndroidUiautomator2Driver@1900 (e534f12e)]&amp#27;[0m Got response with status 200: {"sessionId":"011dc30c-a90d-49f5-a2c1-f6bf4ea73f77","value":{"ELEMENT":"00000000-0000-00aa-ffff-ffff000000e8","element-6066-11e4-a52e-4f735466cecf":"00000000-0000-00aa-ffff-ffff000000e8"}}
[debug] &amp#27;[38;5;32m[AndroidUiautomator2Driver@1900 (e534f12e)]&amp#27;[0m Responding to client with driver.findElement() result: {"element-6066-11e4-a52e-4f735466cecf":"00000000-0000-00aa-ffff-ffff000000e8","ELEMENT":"00000000-0000-00aa-ffff-ffff000000e8"}
&amp#27;[38;5;0m[HTTP]&amp#27;[0m <-- POST /session/e534f12e-89fc-43e4-9f11-e386023563ad/element 200 696 ms - 137
&amp#27;[38;5;0m[HTTP]&amp#27;[0m 
&amp#27;[38;5;0m[HTTP]&amp#27;[0m &amp#27;[37m-->&amp#27;[39m &amp#27;[37mPOST&amp#27;[39m &amp#27;[37m/session/e534f12e-89fc-43e4-9f11-e386023563ad/element/00000000-0000-00aa-ffff-ffff000000e8/click&amp#27;[39m
&amp#27;[38;5;0m[HTTP]&amp#27;[0m {"id":"00000000-0000-00aa-ffff-ffff000000e8"}
[debug] &amp#27;[38;5;32m[AndroidUiautomator2Driver@1900 (e534f12e)]&amp#27;[0m Calling AppiumDriver.click() with args: ["00000000-0000-00aa-ffff-ffff000000e8","e534f12e-89fc-43e4-9f11-e386023563ad"]
[debug] &amp#27;[38;5;32m[AndroidUiautomator2Driver@1900 (e534f12e)]&amp#27;[0m Matched '/element/00000000-0000-00aa-ffff-ffff000000e8/click' to command name 'click'
[debug] &amp#27;[38;5;32m[AndroidUiautomator2Driver@1900 (e534f12e)]&amp#27;[0m Proxying [POST /element/00000000-0000-00aa-ffff-ffff000000e8/click] to [POST http://127.0.0.1:8200/session/011dc30c-a90d-49f5-a2c1-f6bf4ea73f77/element/00000000-0000-00aa-ffff-ffff000000e8/click] with body: {"element":"00000000-0000-00aa-ffff-ffff000000e8"}
[debug] &amp#27;[38;5;32m[AndroidUiautomator2Driver@1900 (e534f12e)]&amp#27;[0m Got response with status 200: {"sessionId":"011dc30c-a90d-49f5-a2c1-f6bf4ea73f77","value":null}
[debug] &amp#27;[38;5;32m[AndroidUiautomator2Driver@1900 (e534f12e)]&amp#27;[0m Responding to client with driver.click() result: null
&amp#27;[38;5;0m[HTTP]&amp#27;[0m <-- POST /session/e534f12e-89fc-43e4-9f11-e386023563ad/element/00000000-0000-00aa-ffff-ffff000000e8/click 200 62 ms - 14
&amp#27;[38;5;0m[HTTP]&amp#27;[0m 
&amp#27;[38;5;0m[HTTP]&amp#27;[0m &amp#27;[37m-->&amp#27;[39m &amp#27;[37mPOST&amp#27;[39m &amp#27;[37m/session/e534f12e-89fc-43e4-9f11-e386023563ad/execute/sync&amp#27;[39m
&amp#27;[38;5;0m[HTTP]&amp#27;[0m {"script":"mobile: hideKeyboard","args":[]}
[debug] &amp#27;[38;5;32m[AndroidUiautomator2Driver@1900 (e534f12e)]&amp#27;[0m Calling AppiumDriver.execute() with args: ["mobile: hideKeyboard",[],"e534f12e-89fc-43e4-9f11-e386023563ad"]
&amp#27;[38;5;32m[AndroidUiautomator2Driver@1900 (e534f12e)]&amp#27;[0m Executing native command 'mobile: hideKeyboard'
[debug] &amp#27;[38;5;64m[ADB]&amp#27;[0m Running '/Users/dori/Library/Android/sdk/platform-tools/adb -P 5037 -s emulator-5554 shell dumpsys input_method'
[debug] &amp#27;[38;5;64m[ADB]&amp#27;[0m Running '/Users/dori/Library/Android/sdk/platform-tools/adb -P 5037 -s emulator-5554 shell input keyevent 111'
[debug] &amp#27;[38;5;64m[ADB]&amp#27;[0m Running '/Users/dori/Library/Android/sdk/platform-tools/adb -P 5037 -s emulator-5554 shell dumpsys input_method'
[debug] &amp#27;[38;5;32m[AndroidUiautomator2Driver@1900 (e534f12e)]&amp#27;[0m Responding to client with driver.execute() result: true
&amp#27;[38;5;0m[HTTP]&amp#27;[0m <-- POST /session/e534f12e-89fc-43e4-9f11-e386023563ad/execute/sync 200 361 ms - 14
&amp#27;[38;5;0m[HTTP]&amp#27;[0m 
&amp#27;[38;5;0m[HTTP]&amp#27;[0m &amp#27;[37m-->&amp#27;[39m &amp#27;[37mPOST&amp#27;[39m &amp#27;[37m/session/e534f12e-89fc-43e4-9f11-e386023563ad/element&amp#27;[39m
&amp#27;[38;5;0m[HTTP]&amp#27;[0m {"using":"xpath","value":"//android.widget.TextView[@text='Please enter a valid phone number.']"}
[debug] &amp#27;[38;5;32m[AndroidUiautomator2Driver@1900 (e534f12e)]&amp#27;[0m Calling AppiumDriver.findElement() with args: ["xpath","//android.widget.TextView[@text='Please enter a valid phone number.']","e534f12e-89fc-43e4-9f11-e386023563ad"]
[debug] &amp#27;[38;5;32m[AndroidUiautomator2Driver@1900 (e534f12e)]&amp#27;[0m Valid locator strategies for this request: xpath, id, class name, accessibility id, css selector, -android uiautomator
[debug] &amp#27;[38;5;32m[AndroidUiautomator2Driver@1900 (e534f12e)]&amp#27;[0m Waiting up to 10000 ms for condition
[debug] &amp#27;[38;5;32m[AndroidUiautomator2Driver@1900 (e534f12e)]&amp#27;[0m Matched '/element' to command name 'findElement'
[debug] &amp#27;[38;5;32m[AndroidUiautomator2Driver@1900 (e534f12e)]&amp#27;[0m Proxying [POST /element] to [POST http://127.0.0.1:8200/session/011dc30c-a90d-49f5-a2c1-f6bf4ea73f77/element] with body: {"strategy":"xpath","selector":"//android.widget.TextView[@text='Please enter a valid phone number.']","context":"","multiple":false}
[debug] &amp#27;[38;5;32m[AndroidUiautomator2Driver@1900 (e534f12e)]&amp#27;[0m Got response with status 200: {"sessionId":"011dc30c-a90d-49f5-a2c1-f6bf4ea73f77","value":{"ELEMENT":"00000000-0000-00aa-ffff-ffff00000136","element-6066-11e4-a52e-4f735466cecf":"00000000-0000-00aa-ffff-ffff00000136"}}
[debug] &amp#27;[38;5;32m[AndroidUiautomator2Driver@1900 (e534f12e)]&amp#27;[0m Responding to client with driver.findElement() result: {"element-6066-11e4-a52e-4f735466cecf":"00000000-0000-00aa-ffff-ffff00000136","ELEMENT":"00000000-0000-00aa-ffff-ffff00000136"}
&amp#27;[38;5;0m[HTTP]&amp#27;[0m <-- POST /session/e534f12e-89fc-43e4-9f11-e386023563ad/element 200 679 ms - 137
&amp#27;[38;5;0m[HTTP]&amp#27;[0m 
&amp#27;[38;5;0m[HTTP]&amp#27;[0m &amp#27;[37m-->&amp#27;[39m &amp#27;[37mGET&amp#27;[39m &amp#27;[37m/session/e534f12e-89fc-43e4-9f11-e386023563ad/element/00000000-0000-00aa-ffff-ffff00000136/text&amp#27;[39m
&amp#27;[38;5;0m[HTTP]&amp#27;[0m {}
&amp#27;[38;5;32m[AndroidUiautomator2Driver@1900 (e534f12e)]&amp#27;[0m Driver proxy active, passing request on via HTTP proxy
[debug] &amp#27;[38;5;32m[AndroidUiautomator2Driver@1900 (e534f12e)]&amp#27;[0m Matched '/session/e534f12e-89fc-43e4-9f11-e386023563ad/element/00000000-0000-00aa-ffff-ffff00000136/text' to command name 'getText'
[debug] &amp#27;[38;5;32m[AndroidUiautomator2Driver@1900 (e534f12e)]&amp#27;[0m Proxying [GET /session/e534f12e-89fc-43e4-9f11-e386023563ad/element/00000000-0000-00aa-ffff-ffff00000136/text] to [GET http://127.0.0.1:8200/session/011dc30c-a90d-49f5-a2c1-f6bf4ea73f77/element/00000000-0000-00aa-ffff-ffff00000136/text] with no body
[debug] &amp#27;[38;5;32m[AndroidUiautomator2Driver@1900 (e534f12e)]&amp#27;[0m Got response with status 200: {"sessionId":"011dc30c-a90d-49f5-a2c1-f6bf4ea73f77","value":"Please enter a valid phone number."}
&amp#27;[38;5;32m[AndroidUiautomator2Driver@1900 (e534f12e)]&amp#27;[0m Replacing sessionId 011dc30c-a90d-49f5-a2c1-f6bf4ea73f77 with e534f12e-89fc-43e4-9f11-e386023563ad
&amp#27;[38;5;0m[HTTP]&amp#27;[0m <-- GET /session/e534f12e-89fc-43e4-9f11-e386023563ad/element/00000000-0000-00aa-ffff-ffff00000136/text 200 18 ms - 97
&amp#27;[38;5;0m[HTTP]&amp#27;[0m 
&amp#27;[38;5;0m[HTTP]&amp#27;[0m &amp#27;[37m-->&amp#27;[39m &amp#27;[37mPOST&amp#27;[39m &amp#27;[37m/session/e534f12e-89fc-43e4-9f11-e386023563ad/element&amp#27;[39m
&amp#27;[38;5;0m[HTTP]&amp#27;[0m {"using":"xpath","value":"//android.widget.EditText[@hint='Email Address*']"}
[debug] &amp#27;[38;5;32m[AndroidUiautomator2Driver@1900 (e534f12e)]&amp#27;[0m Calling AppiumDriver.findElement() with args: ["xpath","//android.widget.EditText[@hint='Email Address*']","e534f12e-89fc-43e4-9f11-e386023563ad"]
[debug] &amp#27;[38;5;32m[AndroidUiautomator2Driver@1900 (e534f12e)]&amp#27;[0m Valid locator strategies for this request: xpath, id, class name, accessibility id, css selector, -android uiautomator
[debug] &amp#27;[38;5;32m[AndroidUiautomator2Driver@1900 (e534f12e)]&amp#27;[0m Waiting up to 10000 ms for condition
[debug] &amp#27;[38;5;32m[AndroidUiautomator2Driver@1900 (e534f12e)]&amp#27;[0m Matched '/element' to command name 'findElement'
[debug] &amp#27;[38;5;32m[AndroidUiautomator2Driver@1900 (e534f12e)]&amp#27;[0m Proxying [POST /element] to [POST http://127.0.0.1:8200/session/011dc30c-a90d-49f5-a2c1-f6bf4ea73f77/element] with body: {"strategy":"xpath","selector":"//android.widget.EditText[@hint='Email Address*']","context":"","multiple":false}
[debug] &amp#27;[38;5;32m[AndroidUiautomator2Driver@1900 (e534f12e)]&amp#27;[0m Got response with status 200: {"sessionId":"011dc30c-a90d-49f5-a2c1-f6bf4ea73f77","value":{"ELEMENT":"00000000-0000-00aa-ffff-ffff000000d8","element-6066-11e4-a52e-4f735466cecf":"00000000-0000-00aa-ffff-ffff000000d8"}}
[debug] &amp#27;[38;5;32m[AndroidUiautomator2Driver@1900 (e534f12e)]&amp#27;[0m Responding to client with driver.findElement() result: {"element-6066-11e4-a52e-4f735466cecf":"00000000-0000-00aa-ffff-ffff000000d8","ELEMENT":"00000000-0000-00aa-ffff-ffff000000d8"}
&amp#27;[38;5;0m[HTTP]&amp#27;[0m <-- POST /session/e534f12e-89fc-43e4-9f11-e386023563ad/element 200 70 ms - 137
&amp#27;[38;5;0m[HTTP]&amp#27;[0m 
&amp#27;[38;5;0m[HTTP]&amp#27;[0m &amp#27;[37m-->&amp#27;[39m &amp#27;[37mPOST&amp#27;[39m &amp#27;[37m/session/e534f12e-89fc-43e4-9f11-e386023563ad/element/00000000-0000-00aa-ffff-ffff000000d8/value&amp#27;[39m
&amp#27;[38;5;0m[HTTP]&amp#27;[0m {"id":"00000000-0000-00aa-ffff-ffff000000d8","text":"dorukhan.ersoyleam","value":["d","o","r","u","k","h","a","n",".","e","r","s","o","y","l","e","a","m"]}
[debug] &amp#27;[38;5;32m[AndroidUiautomator2Driver@1900 (e534f12e)]&amp#27;[0m Calling AppiumDriver.setValue() with args: [["d","o","r","u","k","h","a","n",".","e","r","s","o","y","l","e","a","m"],"00000000-0000-00aa-ffff-ffff000000d8","e534f12e-89fc-43e4-9f11-e386023563ad"]
[debug] &amp#27;[38;5;32m[AndroidUiautomator2Driver@1900 (e534f12e)]&amp#27;[0m Matched '/element/00000000-0000-00aa-ffff-ffff000000d8/value' to command name 'setValue'
[debug] &amp#27;[38;5;32m[AndroidUiautomator2Driver@1900 (e534f12e)]&amp#27;[0m Added 'value' property ["d","o","r","u","k","h","a","n",".","e","r","s","o","y","l","e","a","m"] to 'setValue' request body
[debug] &amp#27;[38;5;32m[AndroidUiautomator2Driver@1900 (e534f12e)]&amp#27;[0m Proxying [POST /element/00000000-0000-00aa-ffff-ffff000000d8/value] to [POST http://127.0.0.1:8200/session/011dc30c-a90d-49f5-a2c1-f6bf4ea73f77/element/00000000-0000-00aa-ffff-ffff000000d8/value] with body: {"elementId":"00000000-0000-00aa-ffff-ffff000000d8","text":"dorukhan.ersoyleam","replace":false,"value":["d","o","r","u","k","h","a","n",".","e","r","s","o","y","l","e","a","m"]}
[debug] &amp#27;[38;5;32m[AndroidUiautomator2Driver@1900 (e534f12e)]&amp#27;[0m Got response with status 200: {"sessionId":"011dc30c-a90d-49f5-a2c1-f6bf4ea73f77","value":null}
[debug] &amp#27;[38;5;32m[AndroidUiautomator2Driver@1900 (e534f12e)]&amp#27;[0m Responding to client with driver.setValue() result: null
&amp#27;[38;5;0m[HTTP]&amp#27;[0m <-- POST /session/e534f12e-89fc-43e4-9f11-e386023563ad/element/00000000-0000-00aa-ffff-ffff000000d8/value 200 36 ms - 14
&amp#27;[38;5;0m[HTTP]&amp#27;[0m 
&amp#27;[38;5;0m[HTTP]&amp#27;[0m &amp#27;[37m-->&amp#27;[39m &amp#27;[37mPOST&amp#27;[39m &amp#27;[37m/session/e534f12e-89fc-43e4-9f11-e386023563ad/execute/sync&amp#27;[39m
&amp#27;[38;5;0m[HTTP]&amp#27;[0m {"script":"mobile: hideKeyboard","args":[]}
[debug] &amp#27;[38;5;32m[AndroidUiautomator2Driver@1900 (e534f12e)]&amp#27;[0m Calling AppiumDriver.execute() with args: ["mobile: hideKeyboard",[],"e534f12e-89fc-43e4-9f11-e386023563ad"]
&amp#27;[38;5;32m[AndroidUiautomator2Driver@1900 (e534f12e)]&amp#27;[0m Executing native command 'mobile: hideKeyboard'
[debug] &amp#27;[38;5;64m[ADB]&amp#27;[0m Running '/Users/dori/Library/Android/sdk/platform-tools/adb -P 5037 -s emulator-5554 shell dumpsys input_method'
&amp#27;[38;5;64m[ADB]&amp#27;[0m Keyboard has no UI; no closing necessary
[debug] &amp#27;[38;5;32m[AndroidUiautomator2Driver@1900 (e534f12e)]&amp#27;[0m Responding to client with driver.execute() result: false
&amp#27;[38;5;0m[HTTP]&amp#27;[0m <-- POST /session/e534f12e-89fc-43e4-9f11-e386023563ad/execute/sync 200 156 ms - 15
&amp#27;[38;5;0m[HTTP]&amp#27;[0m 
&amp#27;[38;5;0m[HTTP]&amp#27;[0m &amp#27;[37m-->&amp#27;[39m &amp#27;[37mPOST&amp#27;[39m &amp#27;[37m/session/e534f12e-89fc-43e4-9f11-e386023563ad/element&amp#27;[39m
&amp#27;[38;5;0m[HTTP]&amp#27;[0m {"using":"xpath","value":"//android.widget.EditText[@hint='Password*']"}
[debug] &amp#27;[38;5;32m[AndroidUiautomator2Driver@1900 (e534f12e)]&amp#27;[0m Calling AppiumDriver.findElement() with args: ["xpath","//android.widget.EditText[@hint='Password*']","e534f12e-89fc-43e4-9f11-e386023563ad"]
[debug] &amp#27;[38;5;32m[AndroidUiautomator2Driver@1900 (e534f12e)]&amp#27;[0m Valid locator strategies for this request: xpath, id, class name, accessibility id, css selector, -android uiautomator
[debug] &amp#27;[38;5;32m[AndroidUiautomator2Driver@1900 (e534f12e)]&amp#27;[0m Waiting up to 10000 ms for condition
[debug] &amp#27;[38;5;32m[AndroidUiautomator2Driver@1900 (e534f12e)]&amp#27;[0m Matched '/element' to command name 'findElement'
[debug] &amp#27;[38;5;32m[AndroidUiautomator2Driver@1900 (e534f12e)]&amp#27;[0m Proxying [POST /element] to [POST http://127.0.0.1:8200/session/011dc30c-a90d-49f5-a2c1-f6bf4ea73f77/element] with body: {"strategy":"xpath","selector":"//android.widget.EditText[@hint='Password*']","context":"","multiple":false}
[debug] &amp#27;[38;5;32m[AndroidUiautomator2Driver@1900 (e534f12e)]&amp#27;[0m Got response with status 200: {"sessionId":"011dc30c-a90d-49f5-a2c1-f6bf4ea73f77","value":{"ELEMENT":"00000000-0000-00aa-ffff-ffff000000e8","element-6066-11e4-a52e-4f735466cecf":"00000000-0000-00aa-ffff-ffff000000e8"}}
[debug] &amp#27;[38;5;32m[AndroidUiautomator2Driver@1900 (e534f12e)]&amp#27;[0m Responding to client with driver.findElement() result: {"element-6066-11e4-a52e-4f735466cecf":"00000000-0000-00aa-ffff-ffff000000e8","ELEMENT":"00000000-0000-00aa-ffff-ffff000000e8"}
&amp#27;[38;5;0m[HTTP]&amp#27;[0m <-- POST /session/e534f12e-89fc-43e4-9f11-e386023563ad/element 200 408 ms - 137
&amp#27;[38;5;0m[HTTP]&amp#27;[0m 
&amp#27;[38;5;0m[HTTP]&amp#27;[0m &amp#27;[37m-->&amp#27;[39m &amp#27;[37mPOST&amp#27;[39m &amp#27;[37m/session/e534f12e-89fc-43e4-9f11-e386023563ad/element/00000000-0000-00aa-ffff-ffff000000e8/click&amp#27;[39m
&amp#27;[38;5;0m[HTTP]&amp#27;[0m {"id":"00000000-0000-00aa-ffff-ffff000000e8"}
[debug] &amp#27;[38;5;32m[AndroidUiautomator2Driver@1900 (e534f12e)]&amp#27;[0m Calling AppiumDriver.click() with args: ["00000000-0000-00aa-ffff-ffff000000e8","e534f12e-89fc-43e4-9f11-e386023563ad"]
[debug] &amp#27;[38;5;32m[AndroidUiautomator2Driver@1900 (e534f12e)]&amp#27;[0m Matched '/element/00000000-0000-00aa-ffff-ffff000000e8/click' to command name 'click'
[debug] &amp#27;[38;5;32m[AndroidUiautomator2Driver@1900 (e534f12e)]&amp#27;[0m Proxying [POST /element/00000000-0000-00aa-ffff-ffff000000e8/click] to [POST http://127.0.0.1:8200/session/011dc30c-a90d-49f5-a2c1-f6bf4ea73f77/element/00000000-0000-00aa-ffff-ffff000000e8/click] with body: {"element":"00000000-0000-00aa-ffff-ffff000000e8"}
[debug] &amp#27;[38;5;32m[AndroidUiautomator2Driver@1900 (e534f12e)]&amp#27;[0m Got response with status 200: {"sessionId":"011dc30c-a90d-49f5-a2c1-f6bf4ea73f77","value":null}
[debug] &amp#27;[38;5;32m[AndroidUiautomator2Driver@1900 (e534f12e)]&amp#27;[0m Responding to client with driver.click() result: null
&amp#27;[38;5;0m[HTTP]&amp#27;[0m <-- POST /session/e534f12e-89fc-43e4-9f11-e386023563ad/element/00000000-0000-00aa-ffff-ffff000000e8/click 200 885 ms - 14
&amp#27;[38;5;0m[HTTP]&amp#27;[0m 
&amp#27;[38;5;0m[HTTP]&amp#27;[0m &amp#27;[37m-->&amp#27;[39m &amp#27;[37mPOST&amp#27;[39m &amp#27;[37m/session/e534f12e-89fc-43e4-9f11-e386023563ad/execute/sync&amp#27;[39m
&amp#27;[38;5;0m[HTTP]&amp#27;[0m {"script":"mobile: hideKeyboard","args":[]}
[debug] &amp#27;[38;5;32m[AndroidUiautomator2Driver@1900 (e534f12e)]&amp#27;[0m Calling AppiumDriver.execute() with args: ["mobile: hideKeyboard",[],"e534f12e-89fc-43e4-9f11-e386023563ad"]
&amp#27;[38;5;32m[AndroidUiautomator2Driver@1900 (e534f12e)]&amp#27;[0m Executing native command 'mobile: hideKeyboard'
[debug] &amp#27;[38;5;64m[ADB]&amp#27;[0m Running '/Users/dori/Library/Android/sdk/platform-tools/adb -P 5037 -s emulator-5554 shell dumpsys input_method'
[debug] &amp#27;[38;5;64m[ADB]&amp#27;[0m Running '/Users/dori/Library/Android/sdk/platform-tools/adb -P 5037 -s emulator-5554 shell input keyevent 111'
[debug] &amp#27;[38;5;64m[ADB]&amp#27;[0m Running '/Users/dori/Library/Android/sdk/platform-tools/adb -P 5037 -s emulator-5554 shell dumpsys input_method'
[debug] &amp#27;[38;5;32m[AndroidUiautomator2Driver@1900 (e534f12e)]&amp#27;[0m Responding to client with driver.execute() result: true
&amp#27;[38;5;0m[HTTP]&amp#27;[0m <-- POST /session/e534f12e-89fc-43e4-9f11-e386023563ad/execute/sync 200 379 ms - 14
&amp#27;[38;5;0m[HTTP]&amp#27;[0m 
&amp#27;[38;5;0m[HTTP]&amp#27;[0m &amp#27;[37m-->&amp#27;[39m &amp#27;[37mPOST&amp#27;[39m &amp#27;[37m/session/e534f12e-89fc-43e4-9f11-e386023563ad/element&amp#27;[39m
&amp#27;[38;5;0m[HTTP]&amp#27;[0m {"using":"xpath","value":"//android.widget.EditText[@hint='Email Address*']"}
[debug] &amp#27;[38;5;32m[AndroidUiautomator2Driver@1900 (e534f12e)]&amp#27;[0m Calling AppiumDriver.findElement() with args: ["xpath","//android.widget.EditText[@hint='Email Address*']","e534f12e-89fc-43e4-9f11-e386023563ad"]
[debug] &amp#27;[38;5;32m[AndroidUiautomator2Driver@1900 (e534f12e)]&amp#27;[0m Valid locator strategies for this request: xpath, id, class name, accessibility id, css selector, -android uiautomator
[debug] &amp#27;[38;5;32m[AndroidUiautomator2Driver@1900 (e534f12e)]&amp#27;[0m Waiting up to 10000 ms for condition
[debug] &amp#27;[38;5;32m[AndroidUiautomator2Driver@1900 (e534f12e)]&amp#27;[0m Matched '/element' to command name 'findElement'
[debug] &amp#27;[38;5;32m[AndroidUiautomator2Driver@1900 (e534f12e)]&amp#27;[0m Proxying [POST /element] to [POST http://127.0.0.1:8200/session/011dc30c-a90d-49f5-a2c1-f6bf4ea73f77/element] with body: {"strategy":"xpath","selector":"//android.widget.EditText[@hint='Email Address*']","context":"","multiple":false}
[debug] &amp#27;[38;5;32m[AndroidUiautomator2Driver@1900 (e534f12e)]&amp#27;[0m Got response with status 200: {"sessionId":"011dc30c-a90d-49f5-a2c1-f6bf4ea73f77","value":{"ELEMENT":"00000000-0000-00aa-ffff-ffff000000d8","element-6066-11e4-a52e-4f735466cecf":"00000000-0000-00aa-ffff-ffff000000d8"}}
[debug] &amp#27;[38;5;32m[AndroidUiautomator2Driver@1900 (e534f12e)]&amp#27;[0m Responding to client with driver.findElement() result: {"element-6066-11e4-a52e-4f735466cecf":"00000000-0000-00aa-ffff-ffff000000d8","ELEMENT":"00000000-0000-00aa-ffff-ffff000000d8"}
&amp#27;[38;5;0m[HTTP]&amp#27;[0m <-- POST /session/e534f12e-89fc-43e4-9f11-e386023563ad/element 200 613 ms - 137
&amp#27;[38;5;0m[HTTP]&amp#27;[0m 
&amp#27;[38;5;0m[HTTP]&amp#27;[0m &amp#27;[37m-->&amp#27;[39m &amp#27;[37mPOST&amp#27;[39m &amp#27;[37m/session/e534f12e-89fc-43e4-9f11-e386023563ad/element/00000000-0000-00aa-ffff-ffff000000d8/click&amp#27;[39m
&amp#27;[38;5;0m[HTTP]&amp#27;[0m {"id":"00000000-0000-00aa-ffff-ffff000000d8"}
[debug] &amp#27;[38;5;32m[AndroidUiautomator2Driver@1900 (e534f12e)]&amp#27;[0m Calling AppiumDriver.click() with args: ["00000000-0000-00aa-ffff-ffff000000d8","e534f12e-89fc-43e4-9f11-e386023563ad"]
[debug] &amp#27;[38;5;32m[AndroidUiautomator2Driver@1900 (e534f12e)]&amp#27;[0m Matched '/element/00000000-0000-00aa-ffff-ffff000000d8/click' to command name 'click'
[debug] &amp#27;[38;5;32m[AndroidUiautomator2Driver@1900 (e534f12e)]&amp#27;[0m Proxying [POST /element/00000000-0000-00aa-ffff-ffff000000d8/click] to [POST http://127.0.0.1:8200/session/011dc30c-a90d-49f5-a2c1-f6bf4ea73f77/element/00000000-0000-00aa-ffff-ffff000000d8/click] with body: {"element":"00000000-0000-00aa-ffff-ffff000000d8"}
[debug] &amp#27;[38;5;32m[AndroidUiautomator2Driver@1900 (e534f12e)]&amp#27;[0m Got response with status 200: {"sessionId":"011dc30c-a90d-49f5-a2c1-f6bf4ea73f77","value":null}
[debug] &amp#27;[38;5;32m[AndroidUiautomator2Driver@1900 (e534f12e)]&amp#27;[0m Responding to client with driver.click() result: null
&amp#27;[38;5;0m[HTTP]&amp#27;[0m <-- POST /session/e534f12e-89fc-43e4-9f11-e386023563ad/element/00000000-0000-00aa-ffff-ffff000000d8/click 200 63 ms - 14
&amp#27;[38;5;0m[HTTP]&amp#27;[0m 
&amp#27;[38;5;0m[HTTP]&amp#27;[0m &amp#27;[37m-->&amp#27;[39m &amp#27;[37mPOST&amp#27;[39m &amp#27;[37m/session/e534f12e-89fc-43e4-9f11-e386023563ad/execute/sync&amp#27;[39m
&amp#27;[38;5;0m[HTTP]&amp#27;[0m {"script":"mobile: hideKeyboard","args":[]}
[debug] &amp#27;[38;5;32m[AndroidUiautomator2Driver@1900 (e534f12e)]&amp#27;[0m Calling AppiumDriver.execute() with args: ["mobile: hideKeyboard",[],"e534f12e-89fc-43e4-9f11-e386023563ad"]
&amp#27;[38;5;32m[AndroidUiautomator2Driver@1900 (e534f12e)]&amp#27;[0m Executing native command 'mobile: hideKeyboard'
[debug] &amp#27;[38;5;64m[ADB]&amp#27;[0m Running '/Users/dori/Library/Android/sdk/platform-tools/adb -P 5037 -s emulator-5554 shell dumpsys input_method'
[debug] &amp#27;[38;5;64m[ADB]&amp#27;[0m Running '/Users/dori/Library/Android/sdk/platform-tools/adb -P 5037 -s emulator-5554 shell input keyevent 111'
[debug] &amp#27;[38;5;64m[ADB]&amp#27;[0m Running '/Users/dori/Library/Android/sdk/platform-tools/adb -P 5037 -s emulator-5554 shell dumpsys input_method'
[debug] &amp#27;[38;5;32m[AndroidUiautomator2Driver@1900 (e534f12e)]&amp#27;[0m Responding to client with driver.execute() result: true
&amp#27;[38;5;0m[HTTP]&amp#27;[0m <-- POST /session/e534f12e-89fc-43e4-9f11-e386023563ad/execute/sync 200 406 ms - 14
&amp#27;[38;5;0m[HTTP]&amp#27;[0m 
&amp#27;[38;5;0m[HTTP]&amp#27;[0m &amp#27;[37m-->&amp#27;[39m &amp#27;[37mPOST&amp#27;[39m &amp#27;[37m/session/e534f12e-89fc-43e4-9f11-e386023563ad/element&amp#27;[39m
&amp#27;[38;5;0m[HTTP]&amp#27;[0m {"using":"xpath","value":"//android.widget.EditText[@hint='Password*']"}
[debug] &amp#27;[38;5;32m[AndroidUiautomator2Driver@1900 (e534f12e)]&amp#27;[0m Calling AppiumDriver.findElement() with args: ["xpath","//android.widget.EditText[@hint='Password*']","e534f12e-89fc-43e4-9f11-e386023563ad"]
[debug] &amp#27;[38;5;32m[AndroidUiautomator2Driver@1900 (e534f12e)]&amp#27;[0m Valid locator strategies for this request: xpath, id, class name, accessibility id, css selector, -android uiautomator
[debug] &amp#27;[38;5;32m[AndroidUiautomator2Driver@1900 (e534f12e)]&amp#27;[0m Waiting up to 10000 ms for condition
[debug] &amp#27;[38;5;32m[AndroidUiautomator2Driver@1900 (e534f12e)]&amp#27;[0m Matched '/element' to command name 'findElement'
[debug] &amp#27;[38;5;32m[AndroidUiautomator2Driver@1900 (e534f12e)]&amp#27;[0m Proxying [POST /element] to [POST http://127.0.0.1:8200/session/011dc30c-a90d-49f5-a2c1-f6bf4ea73f77/element] with body: {"strategy":"xpath","selector":"//android.widget.EditText[@hint='Password*']","context":"","multiple":false}
[debug] &amp#27;[38;5;32m[AndroidUiautomator2Driver@1900 (e534f12e)]&amp#27;[0m Got response with status 200: {"sessionId":"011dc30c-a90d-49f5-a2c1-f6bf4ea73f77","value":{"ELEMENT":"00000000-0000-00aa-ffff-ffff000000e8","element-6066-11e4-a52e-4f735466cecf":"00000000-0000-00aa-ffff-ffff000000e8"}}
[debug] &amp#27;[38;5;32m[AndroidUiautomator2Driver@1900 (e534f12e)]&amp#27;[0m Responding to client with driver.findElement() result: {"element-6066-11e4-a52e-4f735466cecf":"00000000-0000-00aa-ffff-ffff000000e8","ELEMENT":"00000000-0000-00aa-ffff-ffff000000e8"}
&amp#27;[38;5;0m[HTTP]&amp#27;[0m <-- POST /session/e534f12e-89fc-43e4-9f11-e386023563ad/element 200 641 ms - 137
&amp#27;[38;5;0m[HTTP]&amp#27;[0m 
&amp#27;[38;5;0m[HTTP]&amp#27;[0m &amp#27;[37m-->&amp#27;[39m &amp#27;[37mPOST&amp#27;[39m &amp#27;[37m/session/e534f12e-89fc-43e4-9f11-e386023563ad/element/00000000-0000-00aa-ffff-ffff000000e8/click&amp#27;[39m
&amp#27;[38;5;0m[HTTP]&amp#27;[0m {"id":"00000000-0000-00aa-ffff-ffff000000e8"}
[debug] &amp#27;[38;5;32m[AndroidUiautomator2Driver@1900 (e534f12e)]&amp#27;[0m Calling AppiumDriver.click() with args: ["00000000-0000-00aa-ffff-ffff000000e8","e534f12e-89fc-43e4-9f11-e386023563ad"]
[debug] &amp#27;[38;5;32m[AndroidUiautomator2Driver@1900 (e534f12e)]&amp#27;[0m Matched '/element/00000000-0000-00aa-ffff-ffff000000e8/click' to command name 'click'
[debug] &amp#27;[38;5;32m[AndroidUiautomator2Driver@1900 (e534f12e)]&amp#27;[0m Proxying [POST /element/00000000-0000-00aa-ffff-ffff000000e8/click] to [POST http://127.0.0.1:8200/session/011dc30c-a90d-49f5-a2c1-f6bf4ea73f77/element/00000000-0000-00aa-ffff-ffff000000e8/click] with body: {"element":"00000000-0000-00aa-ffff-ffff000000e8"}
[debug] &amp#27;[38;5;32m[AndroidUiautomator2Driver@1900 (e534f12e)]&amp#27;[0m Got response with status 200: {"sessionId":"011dc30c-a90d-49f5-a2c1-f6bf4ea73f77","value":null}
[debug] &amp#27;[38;5;32m[AndroidUiautomator2Driver@1900 (e534f12e)]&amp#27;[0m Responding to client with driver.click() result: null
&amp#27;[38;5;0m[HTTP]&amp#27;[0m <-- POST /session/e534f12e-89fc-43e4-9f11-e386023563ad/element/00000000-0000-00aa-ffff-ffff000000e8/click 200 867 ms - 14
&amp#27;[38;5;0m[HTTP]&amp#27;[0m 
&amp#27;[38;5;0m[HTTP]&amp#27;[0m &amp#27;[37m-->&amp#27;[39m &amp#27;[37mPOST&amp#27;[39m &amp#27;[37m/session/e534f12e-89fc-43e4-9f11-e386023563ad/element&amp#27;[39m
&amp#27;[38;5;0m[HTTP]&amp#27;[0m {"using":"xpath","value":"//android.widget.TextView[@text='Please enter a valid email.']"}
[debug] &amp#27;[38;5;32m[AndroidUiautomator2Driver@1900 (e534f12e)]&amp#27;[0m Calling AppiumDriver.findElement() with args: ["xpath","//android.widget.TextView[@text='Please enter a valid email.']","e534f12e-89fc-43e4-9f11-e386023563ad"]
[debug] &amp#27;[38;5;32m[AndroidUiautomator2Driver@1900 (e534f12e)]&amp#27;[0m Valid locator strategies for this request: xpath, id, class name, accessibility id, css selector, -android uiautomator
[debug] &amp#27;[38;5;32m[AndroidUiautomator2Driver@1900 (e534f12e)]&amp#27;[0m Waiting up to 10000 ms for condition
[debug] &amp#27;[38;5;32m[AndroidUiautomator2Driver@1900 (e534f12e)]&amp#27;[0m Matched '/element' to command name 'findElement'
[debug] &amp#27;[38;5;32m[AndroidUiautomator2Driver@1900 (e534f12e)]&amp#27;[0m Proxying [POST /element] to [POST http://127.0.0.1:8200/session/011dc30c-a90d-49f5-a2c1-f6bf4ea73f77/element] with body: {"strategy":"xpath","selector":"//android.widget.TextView[@text='Please enter a valid email.']","context":"","multiple":false}
[debug] &amp#27;[38;5;32m[AndroidUiautomator2Driver@1900 (e534f12e)]&amp#27;[0m Got response with status 200: {"sessionId":"011dc30c-a90d-49f5-a2c1-f6bf4ea73f77","value":{"ELEMENT":"00000000-0000-00aa-ffff-ffff0000013b","element-6066-11e4-a52e-4f735466cecf":"00000000-0000-00aa-ffff-ffff0000013b"}}
[debug] &amp#27;[38;5;32m[AndroidUiautomator2Driver@1900 (e534f12e)]&amp#27;[0m Responding to client with driver.findElement() result: {"element-6066-11e4-a52e-4f735466cecf":"00000000-0000-00aa-ffff-ffff0000013b","ELEMENT":"00000000-0000-00aa-ffff-ffff0000013b"}
&amp#27;[38;5;0m[HTTP]&amp#27;[0m <-- POST /session/e534f12e-89fc-43e4-9f11-e386023563ad/element 200 89 ms - 137
&amp#27;[38;5;0m[HTTP]&amp#27;[0m 
&amp#27;[38;5;0m[HTTP]&amp#27;[0m &amp#27;[37m-->&amp#27;[39m &amp#27;[37mGET&amp#27;[39m &amp#27;[37m/session/e534f12e-89fc-43e4-9f11-e386023563ad/element/00000000-0000-00aa-ffff-ffff0000013b/text&amp#27;[39m
&amp#27;[38;5;0m[HTTP]&amp#27;[0m {}
&amp#27;[38;5;32m[AndroidUiautomator2Driver@1900 (e534f12e)]&amp#27;[0m Driver proxy active, passing request on via HTTP proxy
[debug] &amp#27;[38;5;32m[AndroidUiautomator2Driver@1900 (e534f12e)]&amp#27;[0m Matched '/session/e534f12e-89fc-43e4-9f11-e386023563ad/element/00000000-0000-00aa-ffff-ffff0000013b/text' to command name 'getText'
[debug] &amp#27;[38;5;32m[AndroidUiautomator2Driver@1900 (e534f12e)]&amp#27;[0m Proxying [GET /session/e534f12e-89fc-43e4-9f11-e386023563ad/element/00000000-0000-00aa-ffff-ffff0000013b/text] to [GET http://127.0.0.1:8200/session/011dc30c-a90d-49f5-a2c1-f6bf4ea73f77/element/00000000-0000-00aa-ffff-ffff0000013b/text] with no body
[debug] &amp#27;[38;5;32m[AndroidUiautomator2Driver@1900 (e534f12e)]&amp#27;[0m Got response with status 200: {"sessionId":"011dc30c-a90d-49f5-a2c1-f6bf4ea73f77","value":"Please enter a valid email."}
&amp#27;[38;5;32m[AndroidUiautomator2Driver@1900 (e534f12e)]&amp#27;[0m Replacing sessionId 011dc30c-a90d-49f5-a2c1-f6bf4ea73f77 with e534f12e-89fc-43e4-9f11-e386023563ad
&amp#27;[38;5;0m[HTTP]&amp#27;[0m <-- GET /session/e534f12e-89fc-43e4-9f11-e386023563ad/element/00000000-0000-00aa-ffff-ffff0000013b/text 200 20 ms - 90
&amp#27;[38;5;0m[HTTP]&amp#27;[0m 
&amp#27;[38;5;0m[HTTP]&amp#27;[0m &amp#27;[37m-->&amp#27;[39m &amp#27;[37mPOST&amp#27;[39m &amp#27;[37m/session/e534f12e-89fc-43e4-9f11-e386023563ad/element&amp#27;[39m
&amp#27;[38;5;0m[HTTP]&amp#27;[0m {"using":"xpath","value":"//android.widget.EditText[@hint='Password*']"}
[debug] &amp#27;[38;5;32m[AndroidUiautomator2Driver@1900 (e534f12e)]&amp#27;[0m Calling AppiumDriver.findElement() with args: ["xpath","//android.widget.EditText[@hint='Password*']","e534f12e-89fc-43e4-9f11-e386023563ad"]
[debug] &amp#27;[38;5;32m[AndroidUiautomator2Driver@1900 (e534f12e)]&amp#27;[0m Valid locator strategies for this request: xpath, id, class name, accessibility id, css selector, -android uiautomator
[debug] &amp#27;[38;5;32m[AndroidUiautomator2Driver@1900 (e534f12e)]&amp#27;[0m Waiting up to 10000 ms for condition
[debug] &amp#27;[38;5;32m[AndroidUiautomator2Driver@1900 (e534f12e)]&amp#27;[0m Matched '/element' to command name 'findElement'
[debug] &amp#27;[38;5;32m[AndroidUiautomator2Driver@1900 (e534f12e)]&amp#27;[0m Proxying [POST /element] to [POST http://127.0.0.1:8200/session/011dc30c-a90d-49f5-a2c1-f6bf4ea73f77/element] with body: {"strategy":"xpath","selector":"//android.widget.EditText[@hint='Password*']","context":"","multiple":false}
[debug] &amp#27;[38;5;32m[AndroidUiautomator2Driver@1900 (e534f12e)]&amp#27;[0m Got response with status 200: {"sessionId":"011dc30c-a90d-49f5-a2c1-f6bf4ea73f77","value":{"ELEMENT":"00000000-0000-00aa-ffff-ffff000000e8","element-6066-11e4-a52e-4f735466cecf":"00000000-0000-00aa-ffff-ffff000000e8"}}
[debug] &amp#27;[38;5;32m[AndroidUiautomator2Driver@1900 (e534f12e)]&amp#27;[0m Responding to client with driver.findElement() result: {"element-6066-11e4-a52e-4f735466cecf":"00000000-0000-00aa-ffff-ffff000000e8","ELEMENT":"00000000-0000-00aa-ffff-ffff000000e8"}
&amp#27;[38;5;0m[HTTP]&amp#27;[0m <-- POST /session/e534f12e-89fc-43e4-9f11-e386023563ad/element 200 60 ms - 137
&amp#27;[38;5;0m[HTTP]&amp#27;[0m 
&amp#27;[38;5;0m[HTTP]&amp#27;[0m &amp#27;[37m-->&amp#27;[39m &amp#27;[37mPOST&amp#27;[39m &amp#27;[37m/session/e534f12e-89fc-43e4-9f11-e386023563ad/element/00000000-0000-00aa-ffff-ffff000000e8/value&amp#27;[39m
&amp#27;[38;5;0m[HTTP]&amp#27;[0m {"id":"00000000-0000-00aa-ffff-ffff000000e8","text":"+90540189","value":["+","9","0","5","4","0","1","8","9"]}
[debug] &amp#27;[38;5;32m[AndroidUiautomator2Driver@1900 (e534f12e)]&amp#27;[0m Calling AppiumDriver.setValue() with args: [["+","9","0","5","4","0","1","8","9"],"00000000-0000-00aa-ffff-ffff000000e8","e534f12e-89fc-43e4-9f11-e386023563ad"]
[debug] &amp#27;[38;5;32m[AndroidUiautomator2Driver@1900 (e534f12e)]&amp#27;[0m Matched '/element/00000000-0000-00aa-ffff-ffff000000e8/value' to command name 'setValue'
[debug] &amp#27;[38;5;32m[AndroidUiautomator2Driver@1900 (e534f12e)]&amp#27;[0m Added 'value' property ["+","9","0","5","4","0","1","8","9"] to 'setValue' request body
[debug] &amp#27;[38;5;32m[AndroidUiautomator2Driver@1900 (e534f12e)]&amp#27;[0m Proxying [POST /element/00000000-0000-00aa-ffff-ffff000000e8/value] to [POST http://127.0.0.1:8200/session/011dc30c-a90d-49f5-a2c1-f6bf4ea73f77/element/00000000-0000-00aa-ffff-ffff000000e8/value] with body: {"elementId":"00000000-0000-00aa-ffff-ffff000000e8","text":"+90540189","replace":false,"value":["+","9","0","5","4","0","1","8","9"]}
[debug] &amp#27;[38;5;32m[AndroidUiautomator2Driver@1900 (e534f12e)]&amp#27;[0m Got response with status 200: {"sessionId":"011dc30c-a90d-49f5-a2c1-f6bf4ea73f77","value":null}
[debug] &amp#27;[38;5;32m[AndroidUiautomator2Driver@1900 (e534f12e)]&amp#27;[0m Responding to client with driver.setValue() result: null
&amp#27;[38;5;0m[HTTP]&amp#27;[0m <-- POST /session/e534f12e-89fc-43e4-9f11-e386023563ad/element/00000000-0000-00aa-ffff-ffff000000e8/value 200 666 ms - 14
&amp#27;[38;5;0m[HTTP]&amp#27;[0m 
&amp#27;[38;5;0m[HTTP]&amp#27;[0m &amp#27;[37m-->&amp#27;[39m &amp#27;[37mPOST&amp#27;[39m &amp#27;[37m/session/e534f12e-89fc-43e4-9f11-e386023563ad/execute/sync&amp#27;[39m
&amp#27;[38;5;0m[HTTP]&amp#27;[0m {"script":"mobile: hideKeyboard","args":[]}
[debug] &amp#27;[38;5;32m[AndroidUiautomator2Driver@1900 (e534f12e)]&amp#27;[0m Calling AppiumDriver.execute() with args: ["mobile: hideKeyboard",[],"e534f12e-89fc-43e4-9f11-e386023563ad"]
&amp#27;[38;5;32m[AndroidUiautomator2Driver@1900 (e534f12e)]&amp#27;[0m Executing native command 'mobile: hideKeyboard'
[debug] &amp#27;[38;5;64m[ADB]&amp#27;[0m Running '/Users/dori/Library/Android/sdk/platform-tools/adb -P 5037 -s emulator-5554 shell dumpsys input_method'
[debug] &amp#27;[38;5;64m[ADB]&amp#27;[0m Running '/Users/dori/Library/Android/sdk/platform-tools/adb -P 5037 -s emulator-5554 shell input keyevent 111'
[debug] &amp#27;[38;5;64m[ADB]&amp#27;[0m Running '/Users/dori/Library/Android/sdk/platform-tools/adb -P 5037 -s emulator-5554 shell dumpsys input_method'
[debug] &amp#27;[38;5;32m[AndroidUiautomator2Driver@1900 (e534f12e)]&amp#27;[0m Responding to client with driver.execute() result: true
&amp#27;[38;5;0m[HTTP]&amp#27;[0m <-- POST /session/e534f12e-89fc-43e4-9f11-e386023563ad/execute/sync 200 351 ms - 14
&amp#27;[38;5;0m[HTTP]&amp#27;[0m 
&amp#27;[38;5;0m[HTTP]&amp#27;[0m &amp#27;[37m-->&amp#27;[39m &amp#27;[37mPOST&amp#27;[39m &amp#27;[37m/session/e534f12e-89fc-43e4-9f11-e386023563ad/element&amp#27;[39m
&amp#27;[38;5;0m[HTTP]&amp#27;[0m {"using":"xpath","value":"//android.widget.EditText[@hint='Mobile Number*']"}
[debug] &amp#27;[38;5;32m[AndroidUiautomator2Driver@1900 (e534f12e)]&amp#27;[0m Calling AppiumDriver.findElement() with args: ["xpath","//android.widget.EditText[@hint='Mobile Number*']","e534f12e-89fc-43e4-9f11-e386023563ad"]
[debug] &amp#27;[38;5;32m[AndroidUiautomator2Driver@1900 (e534f12e)]&amp#27;[0m Valid locator strategies for this request: xpath, id, class name, accessibility id, css selector, -android uiautomator
[debug] &amp#27;[38;5;32m[AndroidUiautomator2Driver@1900 (e534f12e)]&amp#27;[0m Waiting up to 10000 ms for condition
[debug] &amp#27;[38;5;32m[AndroidUiautomator2Driver@1900 (e534f12e)]&amp#27;[0m Matched '/element' to command name 'findElement'
[debug] &amp#27;[38;5;32m[AndroidUiautomator2Driver@1900 (e534f12e)]&amp#27;[0m Proxying [POST /element] to [POST http://127.0.0.1:8200/session/011dc30c-a90d-49f5-a2c1-f6bf4ea73f77/element] with body: {"strategy":"xpath","selector":"//android.widget.EditText[@hint='Mobile Number*']","context":"","multiple":false}
[debug] &amp#27;[38;5;32m[AndroidUiautomator2Driver@1900 (e534f12e)]&amp#27;[0m Got response with status 200: {"sessionId":"011dc30c-a90d-49f5-a2c1-f6bf4ea73f77","value":{"ELEMENT":"00000000-0000-00aa-ffff-ffff000000c8","element-6066-11e4-a52e-4f735466cecf":"00000000-0000-00aa-ffff-ffff000000c8"}}
[debug] &amp#27;[38;5;32m[AndroidUiautomator2Driver@1900 (e534f12e)]&amp#27;[0m Responding to client with driver.findElement() result: {"element-6066-11e4-a52e-4f735466cecf":"00000000-0000-00aa-ffff-ffff000000c8","ELEMENT":"00000000-0000-00aa-ffff-ffff000000c8"}
&amp#27;[38;5;0m[HTTP]&amp#27;[0m <-- POST /session/e534f12e-89fc-43e4-9f11-e386023563ad/element 200 675 ms - 137
&amp#27;[38;5;0m[HTTP]&amp#27;[0m 
&amp#27;[38;5;0m[HTTP]&amp#27;[0m &amp#27;[37m-->&amp#27;[39m &amp#27;[37mPOST&amp#27;[39m &amp#27;[37m/session/e534f12e-89fc-43e4-9f11-e386023563ad/element/00000000-0000-00aa-ffff-ffff000000c8/click&amp#27;[39m
&amp#27;[38;5;0m[HTTP]&amp#27;[0m {"id":"00000000-0000-00aa-ffff-ffff000000c8"}
[debug] &amp#27;[38;5;32m[AndroidUiautomator2Driver@1900 (e534f12e)]&amp#27;[0m Calling AppiumDriver.click() with args: ["00000000-0000-00aa-ffff-ffff000000c8","e534f12e-89fc-43e4-9f11-e386023563ad"]
[debug] &amp#27;[38;5;32m[AndroidUiautomator2Driver@1900 (e534f12e)]&amp#27;[0m Matched '/element/00000000-0000-00aa-ffff-ffff000000c8/click' to command name 'click'
[debug] &amp#27;[38;5;32m[AndroidUiautomator2Driver@1900 (e534f12e)]&amp#27;[0m Proxying [POST /element/00000000-0000-00aa-ffff-ffff000000c8/click] to [POST http://127.0.0.1:8200/session/011dc30c-a90d-49f5-a2c1-f6bf4ea73f77/element/00000000-0000-00aa-ffff-ffff000000c8/click] with body: {"element":"00000000-0000-00aa-ffff-ffff000000c8"}
[debug] &amp#27;[38;5;32m[AndroidUiautomator2Driver@1900 (e534f12e)]&amp#27;[0m Got response with status 200: {"sessionId":"011dc30c-a90d-49f5-a2c1-f6bf4ea73f77","value":null}
[debug] &amp#27;[38;5;32m[AndroidUiautomator2Driver@1900 (e534f12e)]&amp#27;[0m Responding to client with driver.click() result: null
&amp#27;[38;5;0m[HTTP]&amp#27;[0m <-- POST /session/e534f12e-89fc-43e4-9f11-e386023563ad/element/00000000-0000-00aa-ffff-ffff000000c8/click 200 870 ms - 14
&amp#27;[38;5;0m[HTTP]&amp#27;[0m 
&amp#27;[38;5;0m[HTTP]&amp#27;[0m &amp#27;[37m-->&amp#27;[39m &amp#27;[37mPOST&amp#27;[39m &amp#27;[37m/session/e534f12e-89fc-43e4-9f11-e386023563ad/execute/sync&amp#27;[39m
&amp#27;[38;5;0m[HTTP]&amp#27;[0m {"script":"mobile: hideKeyboard","args":[]}
[debug] &amp#27;[38;5;32m[AndroidUiautomator2Driver@1900 (e534f12e)]&amp#27;[0m Calling AppiumDriver.execute() with args: ["mobile: hideKeyboard",[],"e534f12e-89fc-43e4-9f11-e386023563ad"]
&amp#27;[38;5;32m[AndroidUiautomator2Driver@1900 (e534f12e)]&amp#27;[0m Executing native command 'mobile: hideKeyboard'
[debug] &amp#27;[38;5;64m[ADB]&amp#27;[0m Running '/Users/dori/Library/Android/sdk/platform-tools/adb -P 5037 -s emulator-5554 shell dumpsys input_method'
[debug] &amp#27;[38;5;64m[ADB]&amp#27;[0m Running '/Users/dori/Library/Android/sdk/platform-tools/adb -P 5037 -s emulator-5554 shell input keyevent 111'
[debug] &amp#27;[38;5;64m[ADB]&amp#27;[0m Running '/Users/dori/Library/Android/sdk/platform-tools/adb -P 5037 -s emulator-5554 shell dumpsys input_method'
[debug] &amp#27;[38;5;64m[ADB]&amp#27;[0m Running '/Users/dori/Library/Android/sdk/platform-tools/adb -P 5037 -s emulator-5554 shell dumpsys input_method'
[debug] &amp#27;[38;5;64m[ADB]&amp#27;[0m Running '/Users/dori/Library/Android/sdk/platform-tools/adb -P 5037 -s emulator-5554 shell dumpsys input_method'
[debug] &amp#27;[38;5;64m[ADB]&amp#27;[0m Running '/Users/dori/Library/Android/sdk/platform-tools/adb -P 5037 -s emulator-5554 shell input keyevent 4'
[debug] &amp#27;[38;5;64m[ADB]&amp#27;[0m Running '/Users/dori/Library/Android/sdk/platform-tools/adb -P 5037 -s emulator-5554 shell dumpsys input_method'
[debug] &amp#27;[38;5;32m[AndroidUiautomator2Driver@1900 (e534f12e)]&amp#27;[0m Responding to client with driver.execute() result: true
&amp#27;[38;5;0m[HTTP]&amp#27;[0m <-- POST /session/e534f12e-89fc-43e4-9f11-e386023563ad/execute/sync 200 1635 ms - 14
&amp#27;[38;5;0m[HTTP]&amp#27;[0m 
&amp#27;[38;5;0m[HTTP]&amp#27;[0m &amp#27;[37m-->&amp#27;[39m &amp#27;[37mPOST&amp#27;[39m &amp#27;[37m/session/e534f12e-89fc-43e4-9f11-e386023563ad/element&amp#27;[39m
&amp#27;[38;5;0m[HTTP]&amp#27;[0m {"using":"xpath","value":"//android.widget.TextView[@text='Please enter a valid password.']"}
[debug] &amp#27;[38;5;32m[AndroidUiautomator2Driver@1900 (e534f12e)]&amp#27;[0m Calling AppiumDriver.findElement() with args: ["xpath","//android.widget.TextView[@text='Please enter a valid password.']","e534f12e-89fc-43e4-9f11-e386023563ad"]
[debug] &amp#27;[38;5;32m[AndroidUiautomator2Driver@1900 (e534f12e)]&amp#27;[0m Valid locator strategies for this request: xpath, id, class name, accessibility id, css selector, -android uiautomator
[debug] &amp#27;[38;5;32m[AndroidUiautomator2Driver@1900 (e534f12e)]&amp#27;[0m Waiting up to 10000 ms for condition
[debug] &amp#27;[38;5;32m[AndroidUiautomator2Driver@1900 (e534f12e)]&amp#27;[0m Matched '/element' to command name 'findElement'
[debug] &amp#27;[38;5;32m[AndroidUiautomator2Driver@1900 (e534f12e)]&amp#27;[0m Proxying [POST /element] to [POST http://127.0.0.1:8200/session/011dc30c-a90d-49f5-a2c1-f6bf4ea73f77/element] with body: {"strategy":"xpath","selector":"//android.widget.TextView[@text='Please enter a valid password.']","context":"","multiple":false}
[debug] &amp#27;[38;5;32m[AndroidUiautomator2Driver@1900 (e534f12e)]&amp#27;[0m Got response with status 200: {"sessionId":"011dc30c-a90d-49f5-a2c1-f6bf4ea73f77","value":{"ELEMENT":"00000000-0000-00aa-ffff-ffff0000013e","element-6066-11e4-a52e-4f735466cecf":"00000000-0000-00aa-ffff-ffff0000013e"}}
[debug] &amp#27;[38;5;32m[AndroidUiautomator2Driver@1900 (e534f12e)]&amp#27;[0m Responding to client with driver.findElement() result: {"element-6066-11e4-a52e-4f735466cecf":"00000000-0000-00aa-ffff-ffff0000013e","ELEMENT":"00000000-0000-00aa-ffff-ffff0000013e"}
&amp#27;[38;5;0m[HTTP]&amp#27;[0m <-- POST /session/e534f12e-89fc-43e4-9f11-e386023563ad/element 200 685 ms - 137
&amp#27;[38;5;0m[HTTP]&amp#27;[0m 
&amp#27;[38;5;0m[HTTP]&amp#27;[0m &amp#27;[37m-->&amp#27;[39m &amp#27;[37mGET&amp#27;[39m &amp#27;[37m/session/e534f12e-89fc-43e4-9f11-e386023563ad/element/00000000-0000-00aa-ffff-ffff0000013e/text&amp#27;[39m
&amp#27;[38;5;0m[HTTP]&amp#27;[0m {}
&amp#27;[38;5;32m[AndroidUiautomator2Driver@1900 (e534f12e)]&amp#27;[0m Driver proxy active, passing request on via HTTP proxy
[debug] &amp#27;[38;5;32m[AndroidUiautomator2Driver@1900 (e534f12e)]&amp#27;[0m Matched '/session/e534f12e-89fc-43e4-9f11-e386023563ad/element/00000000-0000-00aa-ffff-ffff0000013e/text' to command name 'getText'
[debug] &amp#27;[38;5;32m[AndroidUiautomator2Driver@1900 (e534f12e)]&amp#27;[0m Proxying [GET /session/e534f12e-89fc-43e4-9f11-e386023563ad/element/00000000-0000-00aa-ffff-ffff0000013e/text] to [GET http://127.0.0.1:8200/session/011dc30c-a90d-49f5-a2c1-f6bf4ea73f77/element/00000000-0000-00aa-ffff-ffff0000013e/text] with no body
[debug] &amp#27;[38;5;32m[AndroidUiautomator2Driver@1900 (e534f12e)]&amp#27;[0m Got response with status 200: {"sessionId":"011dc30c-a90d-49f5-a2c1-f6bf4ea73f77","value":"Please enter a valid password."}
&amp#27;[38;5;32m[AndroidUiautomator2Driver@1900 (e534f12e)]&amp#27;[0m Replacing sessionId 011dc30c-a90d-49f5-a2c1-f6bf4ea73f77 with e534f12e-89fc-43e4-9f11-e386023563ad
&amp#27;[38;5;0m[HTTP]&amp#27;[0m <-- GET /session/e534f12e-89fc-43e4-9f11-e386023563ad/element/00000000-0000-00aa-ffff-ffff0000013e/text 200 16 ms - 93
&amp#27;[38;5;0m[HTTP]&amp#27;[0m 
&amp#27;[38;5;0m[HTTP]&amp#27;[0m &amp#27;[37m-->&amp#27;[39m &amp#27;[37mPOST&amp#27;[39m &amp#27;[37m/session/e534f12e-89fc-43e4-9f11-e386023563ad/element&amp#27;[39m
&amp#27;[38;5;0m[HTTP]&amp#27;[0m {"using":"id","value":"com.leanscale.dcafood.zoobaegypt.beta:id/formRegister"}
[debug] &amp#27;[38;5;32m[AndroidUiautomator2Driver@1900 (e534f12e)]&amp#27;[0m Calling AppiumDriver.findElement() with args: ["id","com.leanscale.dcafood.zoobaegypt.beta:id/formRegister","e534f12e-89fc-43e4-9f11-e386023563ad"]
[debug] &amp#27;[38;5;32m[AndroidUiautomator2Driver@1900 (e534f12e)]&amp#27;[0m Valid locator strategies for this request: xpath, id, class name, accessibility id, css selector, -android uiautomator
[debug] &amp#27;[38;5;32m[AndroidUiautomator2Driver@1900 (e534f12e)]&amp#27;[0m Waiting up to 10000 ms for condition
[debug] &amp#27;[38;5;32m[AndroidUiautomator2Driver@1900 (e534f12e)]&amp#27;[0m Matched '/element' to command name 'findElement'
[debug] &amp#27;[38;5;32m[AndroidUiautomator2Driver@1900 (e534f12e)]&amp#27;[0m Proxying [POST /element] to [POST http://127.0.0.1:8200/session/011dc30c-a90d-49f5-a2c1-f6bf4ea73f77/element] with body: {"strategy":"id","selector":"com.leanscale.dcafood.zoobaegypt.beta:id/formRegister","context":"","multiple":false}
[debug] &amp#27;[38;5;32m[AndroidUiautomator2Driver@1900 (e534f12e)]&amp#27;[0m Got response with status 200: {"sessionId":"011dc30c-a90d-49f5-a2c1-f6bf4ea73f77","value":{"ELEMENT":"00000000-0000-00aa-ffff-ffff00000099","element-6066-11e4-a52e-4f735466cecf":"00000000-0000-00aa-ffff-ffff00000099"}}
[debug] &amp#27;[38;5;32m[AndroidUiautomator2Driver@1900 (e534f12e)]&amp#27;[0m Responding to client with driver.findElement() result: {"element-6066-11e4-a52e-4f735466cecf":"00000000-0000-00aa-ffff-ffff00000099","ELEMENT":"00000000-0000-00aa-ffff-ffff00000099"}
&amp#27;[38;5;0m[HTTP]&amp#27;[0m <-- POST /session/e534f12e-89fc-43e4-9f11-e386023563ad/element 200 28 ms - 137
&amp#27;[38;5;0m[HTTP]&amp#27;[0m 
&amp#27;[38;5;0m[HTTP]&amp#27;[0m &amp#27;[37m-->&amp#27;[39m &amp#27;[37mPOST&amp#27;[39m &amp#27;[37m/session/e534f12e-89fc-43e4-9f11-e386023563ad/execute/sync&amp#27;[39m
&amp#27;[38;5;0m[HTTP]&amp#27;[0m {"script":"mobile: swipeGesture","args":[{"elementId":{"element-6066-11e4-a52e-4f735466cecf":"00000000-0000-00aa-ffff-ffff00000099"},"percent":1,"direction":"down"}]}
[debug] &amp#27;[38;5;32m[AndroidUiautomator2Driver@1900 (e534f12e)]&amp#27;[0m Calling AppiumDriver.execute() with args: ["mobile: swipeGesture",[{"elementId":{"element-6066-11e4-a52e-4f735466cecf":"00000000-0000-00aa-ffff-ffff00000099"},"percent":1,"direction":"down"}],"e534f12e-89fc-43e4-9f11-e386023563ad"]
&amp#27;[38;5;32m[AndroidUiautomator2Driver@1900 (e534f12e)]&amp#27;[0m Executing native command 'mobile: swipeGesture'
[debug] &amp#27;[38;5;32m[AndroidUiautomator2Driver@1900 (e534f12e)]&amp#27;[0m Proxying [POST /appium/gestures/swipe] to [POST http://127.0.0.1:8200/session/011dc30c-a90d-49f5-a2c1-f6bf4ea73f77/appium/gestures/swipe] with body: {"origin":{"ELEMENT":"00000000-0000-00aa-ffff-ffff00000099","element-6066-11e4-a52e-4f735466cecf":"00000000-0000-00aa-ffff-ffff00000099"},"direction":"down","percent":1}
[debug] &amp#27;[38;5;32m[AndroidUiautomator2Driver@1900 (e534f12e)]&amp#27;[0m Got response with status 200: {"sessionId":"011dc30c-a90d-49f5-a2c1-f6bf4ea73f77","value":null}
[debug] &amp#27;[38;5;32m[AndroidUiautomator2Driver@1900 (e534f12e)]&amp#27;[0m Responding to client with driver.execute() result: null
&amp#27;[38;5;0m[HTTP]&amp#27;[0m <-- POST /session/e534f12e-89fc-43e4-9f11-e386023563ad/execute/sync 200 195 ms - 14
&amp#27;[38;5;0m[HTTP]&amp#27;[0m 
&amp#27;[38;5;0m[HTTP]&amp#27;[0m &amp#27;[37m-->&amp#27;[39m &amp#27;[37mPOST&amp#27;[39m &amp#27;[37m/session/e534f12e-89fc-43e4-9f11-e386023563ad/element&amp#27;[39m
&amp#27;[38;5;0m[HTTP]&amp#27;[0m {"using":"xpath","value":"/hierarchy/android.widget.FrameLayout/android.widget.LinearLayout/android.widget.FrameLayout/android.widget.LinearLayout/android.widget.FrameLayout/android.view.ViewGroup/android.widget.FrameLayout[3]/android.view.ViewGroup/android.widget.ScrollView/android.widget.LinearLayout/android.widget.FrameLayout[1]/androidx.appcompat.widget.LinearLayoutCompat/android.view.ViewGroup/android.widget.FrameLayout[1]/android.view.ViewGroup/android.widget.LinearLayout/android.widget.FrameLayout/android.widget.EditText"}
[debug] &amp#27;[38;5;32m[AndroidUiautomator2Driver@1900 (e534f12e)]&amp#27;[0m Calling AppiumDriver.findElement() with args: ["xpath","/hierarchy/android.widget.FrameLayout/android.widget.LinearLayout/android.widget.FrameLayout/android.widget.LinearLayout/android.widget.FrameLayout/android.view.ViewGroup/android.widget.FrameLayout[3]/android.view.ViewGroup/android.widget.ScrollView/android.widget.LinearLayout/android.widget.FrameLayout[1]/androidx.appcompat.widget.LinearLayoutCompat/android.view.ViewGroup/android.widget.FrameLayout[1]/android.view.ViewGroup/android.widget.LinearLayout/android.widget.FrameLayout/android.widget.EditText","e534f12e-89fc-43e4-9f11-e386023563ad"]
[debug] &amp#27;[38;5;32m[AndroidUiautomator2Driver@1900 (e534f12e)]&amp#27;[0m Valid locator strategies for this request: xpath, id, class name, accessibility id, css selector, -android uiautomator
[debug] &amp#27;[38;5;32m[AndroidUiautomator2Driver@1900 (e534f12e)]&amp#27;[0m Waiting up to 10000 ms for condition
[debug] &amp#27;[38;5;32m[AndroidUiautomator2Driver@1900 (e534f12e)]&amp#27;[0m Matched '/element' to command name 'findElement'
[debug] &amp#27;[38;5;32m[AndroidUiautomator2Driver@1900 (e534f12e)]&amp#27;[0m Proxying [POST /element] to [POST http://127.0.0.1:8200/session/011dc30c-a90d-49f5-a2c1-f6bf4ea73f77/element] with body: {"strategy":"xpath","selector":"/hierarchy/android.widget.FrameLayout/android.widget.LinearLayout/android.widget.FrameLayout/android.widget.LinearLayout/android.widget.FrameLayout/android.view.ViewGroup/android.widget.FrameLayout[3]/android.view.ViewGroup/android.widget.ScrollView/android.widget.LinearLayout/android.widget.FrameLayout[1]/androidx.appcompat.widget.LinearLayoutCompat/android.view.ViewGroup/android.widget.FrameLayout[1]/android.view.ViewGroup/android.widget.LinearLayout/android.widget.FrameLayout/android.widget.EditText","context":"","multiple":false}
[debug] &amp#27;[38;5;32m[AndroidUiautomator2Driver@1900 (e534f12e)]&amp#27;[0m Got response with status 200: {"sessionId":"011dc30c-a90d-49f5-a2c1-f6bf4ea73f77","value":{"ELEMENT":"00000000-0000-00aa-ffff-ffff000000a8","element-6066-11e4-a52e-4f735466cecf":"00000000-0000-00aa-ffff-ffff000000a8"}}
[debug] &amp#27;[38;5;32m[AndroidUiautomator2Driver@1900 (e534f12e)]&amp#27;[0m Responding to client with driver.findElement() result: {"element-6066-11e4-a52e-4f735466cecf":"00000000-0000-00aa-ffff-ffff000000a8","ELEMENT":"00000000-0000-00aa-ffff-ffff000000a8"}
&amp#27;[38;5;0m[HTTP]&amp#27;[0m <-- POST /session/e534f12e-89fc-43e4-9f11-e386023563ad/element 200 563 ms - 137
&amp#27;[38;5;0m[HTTP]&amp#27;[0m 
&amp#27;[38;5;0m[HTTP]&amp#27;[0m &amp#27;[37m-->&amp#27;[39m &amp#27;[37mPOST&amp#27;[39m &amp#27;[37m/session/e534f12e-89fc-43e4-9f11-e386023563ad/element/00000000-0000-00aa-ffff-ffff000000a8/value&amp#27;[39m
&amp#27;[38;5;0m[HTTP]&amp#27;[0m {"id":"00000000-0000-00aa-ffff-ffff000000a8","text":"mfk","value":["m","f","k"]}
[debug] &amp#27;[38;5;32m[AndroidUiautomator2Driver@1900 (e534f12e)]&amp#27;[0m Calling AppiumDriver.setValue() with args: [["m","f","k"],"00000000-0000-00aa-ffff-ffff000000a8","e534f12e-89fc-43e4-9f11-e386023563ad"]
[debug] &amp#27;[38;5;32m[AndroidUiautomator2Driver@1900 (e534f12e)]&amp#27;[0m Matched '/element/00000000-0000-00aa-ffff-ffff000000a8/value' to command name 'setValue'
[debug] &amp#27;[38;5;32m[AndroidUiautomator2Driver@1900 (e534f12e)]&amp#27;[0m Added 'value' property ["m","f","k"] to 'setValue' request body
[debug] &amp#27;[38;5;32m[AndroidUiautomator2Driver@1900 (e534f12e)]&amp#27;[0m Proxying [POST /element/00000000-0000-00aa-ffff-ffff000000a8/value] to [POST http://127.0.0.1:8200/session/011dc30c-a90d-49f5-a2c1-f6bf4ea73f77/element/00000000-0000-00aa-ffff-ffff000000a8/value] with body: {"elementId":"00000000-0000-00aa-ffff-ffff000000a8","text":"mfk","replace":false,"value":["m","f","k"]}
[debug] &amp#27;[38;5;32m[AndroidUiautomator2Driver@1900 (e534f12e)]&amp#27;[0m Got response with status 200: {"sessionId":"011dc30c-a90d-49f5-a2c1-f6bf4ea73f77","value":null}
[debug] &amp#27;[38;5;32m[AndroidUiautomator2Driver@1900 (e534f12e)]&amp#27;[0m Responding to client with driver.setValue() result: null
&amp#27;[38;5;0m[HTTP]&amp#27;[0m <-- POST /session/e534f12e-89fc-43e4-9f11-e386023563ad/element/00000000-0000-00aa-ffff-ffff000000a8/value 200 684 ms - 14
&amp#27;[38;5;0m[HTTP]&amp#27;[0m 
&amp#27;[38;5;0m[HTTP]&amp#27;[0m &amp#27;[37m-->&amp#27;[39m &amp#27;[37mPOST&amp#27;[39m &amp#27;[37m/session/e534f12e-89fc-43e4-9f11-e386023563ad/execute/sync&amp#27;[39m
&amp#27;[38;5;0m[HTTP]&amp#27;[0m {"script":"mobile: hideKeyboard","args":[]}
[debug] &amp#27;[38;5;32m[AndroidUiautomator2Driver@1900 (e534f12e)]&amp#27;[0m Calling AppiumDriver.execute() with args: ["mobile: hideKeyboard",[],"e534f12e-89fc-43e4-9f11-e386023563ad"]
&amp#27;[38;5;32m[AndroidUiautomator2Driver@1900 (e534f12e)]&amp#27;[0m Executing native command 'mobile: hideKeyboard'
[debug] &amp#27;[38;5;64m[ADB]&amp#27;[0m Running '/Users/dori/Library/Android/sdk/platform-tools/adb -P 5037 -s emulator-5554 shell dumpsys input_method'
&amp#27;[38;5;64m[ADB]&amp#27;[0m Keyboard has no UI; no closing necessary
[debug] &amp#27;[38;5;32m[AndroidUiautomator2Driver@1900 (e534f12e)]&amp#27;[0m Responding to client with driver.execute() result: false
&amp#27;[38;5;0m[HTTP]&amp#27;[0m <-- POST /session/e534f12e-89fc-43e4-9f11-e386023563ad/execute/sync 200 195 ms - 15
&amp#27;[38;5;0m[HTTP]&amp#27;[0m 
&amp#27;[38;5;0m[HTTP]&amp#27;[0m &amp#27;[37m-->&amp#27;[39m &amp#27;[37mPOST&amp#27;[39m &amp#27;[37m/session/e534f12e-89fc-43e4-9f11-e386023563ad/element&amp#27;[39m
&amp#27;[38;5;0m[HTTP]&amp#27;[0m {"using":"xpath","value":"/hierarchy/android.widget.FrameLayout/android.widget.LinearLayout/android.widget.FrameLayout/android.widget.LinearLayout/android.widget.FrameLayout/android.view.ViewGroup/android.widget.FrameLayout[3]/android.view.ViewGroup/android.widget.ScrollView/android.widget.LinearLayout/android.widget.FrameLayout[1]/androidx.appcompat.widget.LinearLayoutCompat/android.view.ViewGroup/android.widget.FrameLayout[2]/android.view.ViewGroup/android.widget.LinearLayout/android.widget.FrameLayout/android.widget.EditText"}
[debug] &amp#27;[38;5;32m[AndroidUiautomator2Driver@1900 (e534f12e)]&amp#27;[0m Calling AppiumDriver.findElement() with args: ["xpath","/hierarchy/android.widget.FrameLayout/android.widget.LinearLayout/android.widget.FrameLayout/android.widget.LinearLayout/android.widget.FrameLayout/android.view.ViewGroup/android.widget.FrameLayout[3]/android.view.ViewGroup/android.widget.ScrollView/android.widget.LinearLayout/android.widget.FrameLayout[1]/androidx.appcompat.widget.LinearLayoutCompat/android.view.ViewGroup/android.widget.FrameLayout[2]/android.view.ViewGroup/android.widget.LinearLayout/android.widget.FrameLayout/android.widget.EditText","e534f12e-89fc-43e4-9f11-e386023563ad"]
[debug] &amp#27;[38;5;32m[AndroidUiautomator2Driver@1900 (e534f12e)]&amp#27;[0m Valid locator strategies for this request: xpath, id, class name, accessibility id, css selector, -android uiautomator
[debug] &amp#27;[38;5;32m[AndroidUiautomator2Driver@1900 (e534f12e)]&amp#27;[0m Waiting up to 10000 ms for condition
[debug] &amp#27;[38;5;32m[AndroidUiautomator2Driver@1900 (e534f12e)]&amp#27;[0m Matched '/element' to command name 'findElement'
[debug] &amp#27;[38;5;32m[AndroidUiautomator2Driver@1900 (e534f12e)]&amp#27;[0m Proxying [POST /element] to [POST http://127.0.0.1:8200/session/011dc30c-a90d-49f5-a2c1-f6bf4ea73f77/element] with body: {"strategy":"xpath","selector":"/hierarchy/android.widget.FrameLayout/android.widget.LinearLayout/android.widget.FrameLayout/android.widget.LinearLayout/android.widget.FrameLayout/android.view.ViewGroup/android.widget.FrameLayout[3]/android.view.ViewGroup/android.widget.ScrollView/android.widget.LinearLayout/android.widget.FrameLayout[1]/androidx.appcompat.widget.LinearLayoutCompat/android.view.ViewGroup/android.widget.FrameLayout[2]/android.view.ViewGroup/android.widget.LinearLayout/android.widget.FrameLayout/android.widget.EditText","context":"","multiple":false}
[debug] &amp#27;[38;5;32m[AndroidUiautomator2Driver@1900 (e534f12e)]&amp#27;[0m Got response with status 200: {"sessionId":"011dc30c-a90d-49f5-a2c1-f6bf4ea73f77","value":{"ELEMENT":"00000000-0000-00aa-ffff-ffff000000b8","element-6066-11e4-a52e-4f735466cecf":"00000000-0000-00aa-ffff-ffff000000b8"}}
[debug] &amp#27;[38;5;32m[AndroidUiautomator2Driver@1900 (e534f12e)]&amp#27;[0m Responding to client with driver.findElement() result: {"element-6066-11e4-a52e-4f735466cecf":"00000000-0000-00aa-ffff-ffff000000b8","ELEMENT":"00000000-0000-00aa-ffff-ffff000000b8"}
&amp#27;[38;5;0m[HTTP]&amp#27;[0m <-- POST /session/e534f12e-89fc-43e4-9f11-e386023563ad/element 200 480 ms - 137
&amp#27;[38;5;0m[HTTP]&amp#27;[0m 
&amp#27;[38;5;0m[HTTP]&amp#27;[0m &amp#27;[37m-->&amp#27;[39m &amp#27;[37mPOST&amp#27;[39m &amp#27;[37m/session/e534f12e-89fc-43e4-9f11-e386023563ad/element/00000000-0000-00aa-ffff-ffff000000b8/value&amp#27;[39m
&amp#27;[38;5;0m[HTTP]&amp#27;[0m {"id":"00000000-0000-00aa-ffff-ffff000000b8","text":"BABBA","value":["B","A","B","B","A"]}
[debug] &amp#27;[38;5;32m[AndroidUiautomator2Driver@1900 (e534f12e)]&amp#27;[0m Calling AppiumDriver.setValue() with args: [["B","A","B","B","A"],"00000000-0000-00aa-ffff-ffff000000b8","e534f12e-89fc-43e4-9f11-e386023563ad"]
[debug] &amp#27;[38;5;32m[AndroidUiautomator2Driver@1900 (e534f12e)]&amp#27;[0m Matched '/element/00000000-0000-00aa-ffff-ffff000000b8/value' to command name 'setValue'
[debug] &amp#27;[38;5;32m[AndroidUiautomator2Driver@1900 (e534f12e)]&amp#27;[0m Added 'value' property ["B","A","B","B","A"] to 'setValue' request body
[debug] &amp#27;[38;5;32m[AndroidUiautomator2Driver@1900 (e534f12e)]&amp#27;[0m Proxying [POST /element/00000000-0000-00aa-ffff-ffff000000b8/value] to [POST http://127.0.0.1:8200/session/011dc30c-a90d-49f5-a2c1-f6bf4ea73f77/element/00000000-0000-00aa-ffff-ffff000000b8/value] with body: {"elementId":"00000000-0000-00aa-ffff-ffff000000b8","text":"BABBA","replace":false,"value":["B","A","B","B","A"]}
[debug] &amp#27;[38;5;32m[AndroidUiautomator2Driver@1900 (e534f12e)]&amp#27;[0m Got response with status 200: {"sessionId":"011dc30c-a90d-49f5-a2c1-f6bf4ea73f77","value":null}
[debug] &amp#27;[38;5;32m[AndroidUiautomator2Driver@1900 (e534f12e)]&amp#27;[0m Responding to client with driver.setValue() result: null
&amp#27;[38;5;0m[HTTP]&amp#27;[0m <-- POST /session/e534f12e-89fc-43e4-9f11-e386023563ad/element/00000000-0000-00aa-ffff-ffff000000b8/value 200 534 ms - 14
&amp#27;[38;5;0m[HTTP]&amp#27;[0m 
&amp#27;[38;5;0m[HTTP]&amp#27;[0m &amp#27;[37m-->&amp#27;[39m &amp#27;[37mPOST&amp#27;[39m &amp#27;[37m/session/e534f12e-89fc-43e4-9f11-e386023563ad/execute/sync&amp#27;[39m
&amp#27;[38;5;0m[HTTP]&amp#27;[0m {"script":"mobile: hideKeyboard","args":[]}
[debug] &amp#27;[38;5;32m[AndroidUiautomator2Driver@1900 (e534f12e)]&amp#27;[0m Calling AppiumDriver.execute() with args: ["mobile: hideKeyboard",[],"e534f12e-89fc-43e4-9f11-e386023563ad"]
&amp#27;[38;5;32m[AndroidUiautomator2Driver@1900 (e534f12e)]&amp#27;[0m Executing native command 'mobile: hideKeyboard'
[debug] &amp#27;[38;5;64m[ADB]&amp#27;[0m Running '/Users/dori/Library/Android/sdk/platform-tools/adb -P 5037 -s emulator-5554 shell dumpsys input_method'
&amp#27;[38;5;64m[ADB]&amp#27;[0m Keyboard has no UI; no closing necessary
[debug] &amp#27;[38;5;32m[AndroidUiautomator2Driver@1900 (e534f12e)]&amp#27;[0m Responding to client with driver.execute() result: false
&amp#27;[38;5;0m[HTTP]&amp#27;[0m <-- POST /session/e534f12e-89fc-43e4-9f11-e386023563ad/execute/sync 200 173 ms - 15
&amp#27;[38;5;0m[HTTP]&amp#27;[0m 
&amp#27;[38;5;0m[HTTP]&amp#27;[0m &amp#27;[37m-->&amp#27;[39m &amp#27;[37mPOST&amp#27;[39m &amp#27;[37m/session/e534f12e-89fc-43e4-9f11-e386023563ad/element&amp#27;[39m
&amp#27;[38;5;0m[HTTP]&amp#27;[0m {"using":"xpath","value":"//android.widget.EditText[@hint='Mobile Number*']"}
[debug] &amp#27;[38;5;32m[AndroidUiautomator2Driver@1900 (e534f12e)]&amp#27;[0m Calling AppiumDriver.findElement() with args: ["xpath","//android.widget.EditText[@hint='Mobile Number*']","e534f12e-89fc-43e4-9f11-e386023563ad"]
[debug] &amp#27;[38;5;32m[AndroidUiautomator2Driver@1900 (e534f12e)]&amp#27;[0m Valid locator strategies for this request: xpath, id, class name, accessibility id, css selector, -android uiautomator
[debug] &amp#27;[38;5;32m[AndroidUiautomator2Driver@1900 (e534f12e)]&amp#27;[0m Waiting up to 10000 ms for condition
[debug] &amp#27;[38;5;32m[AndroidUiautomator2Driver@1900 (e534f12e)]&amp#27;[0m Matched '/element' to command name 'findElement'
[debug] &amp#27;[38;5;32m[AndroidUiautomator2Driver@1900 (e534f12e)]&amp#27;[0m Proxying [POST /element] to [POST http://127.0.0.1:8200/session/011dc30c-a90d-49f5-a2c1-f6bf4ea73f77/element] with body: {"strategy":"xpath","selector":"//android.widget.EditText[@hint='Mobile Number*']","context":"","multiple":false}
[debug] &amp#27;[38;5;32m[AndroidUiautomator2Driver@1900 (e534f12e)]&amp#27;[0m Got response with status 200: {"sessionId":"011dc30c-a90d-49f5-a2c1-f6bf4ea73f77","value":{"ELEMENT":"00000000-0000-00aa-ffff-ffff000000c8","element-6066-11e4-a52e-4f735466cecf":"00000000-0000-00aa-ffff-ffff000000c8"}}
[debug] &amp#27;[38;5;32m[AndroidUiautomator2Driver@1900 (e534f12e)]&amp#27;[0m Responding to client with driver.findElement() result: {"element-6066-11e4-a52e-4f735466cecf":"00000000-0000-00aa-ffff-ffff000000c8","ELEMENT":"00000000-0000-00aa-ffff-ffff000000c8"}
&amp#27;[38;5;0m[HTTP]&amp#27;[0m <-- POST /session/e534f12e-89fc-43e4-9f11-e386023563ad/element 200 473 ms - 137
&amp#27;[38;5;0m[HTTP]&amp#27;[0m 
&amp#27;[38;5;0m[HTTP]&amp#27;[0m &amp#27;[37m-->&amp#27;[39m &amp#27;[37mPOST&amp#27;[39m &amp#27;[37m/session/e534f12e-89fc-43e4-9f11-e386023563ad/element/00000000-0000-00aa-ffff-ffff000000c8/value&amp#27;[39m
&amp#27;[38;5;0m[HTTP]&amp#27;[0m {"id":"00000000-0000-00aa-ffff-ffff000000c8","text":"+905433101898","value":["+","9","0","5","4","3","3","1","0","1","8","9","8"]}
[debug] &amp#27;[38;5;32m[AndroidUiautomator2Driver@1900 (e534f12e)]&amp#27;[0m Calling AppiumDriver.setValue() with args: [["+","9","0","5","4","3","3","1","0","1","8","9","8"],"00000000-0000-00aa-ffff-ffff000000c8","e534f12e-89fc-43e4-9f11-e386023563ad"]
[debug] &amp#27;[38;5;32m[AndroidUiautomator2Driver@1900 (e534f12e)]&amp#27;[0m Matched '/element/00000000-0000-00aa-ffff-ffff000000c8/value' to command name 'setValue'
[debug] &amp#27;[38;5;32m[AndroidUiautomator2Driver@1900 (e534f12e)]&amp#27;[0m Added 'value' property ["+","9","0","5","4","3","3","1","0","1","8","9","8"] to 'setValue' request body
[debug] &amp#27;[38;5;32m[AndroidUiautomator2Driver@1900 (e534f12e)]&amp#27;[0m Proxying [POST /element/00000000-0000-00aa-ffff-ffff000000c8/value] to [POST http://127.0.0.1:8200/session/011dc30c-a90d-49f5-a2c1-f6bf4ea73f77/element/00000000-0000-00aa-ffff-ffff000000c8/value] with body: {"elementId":"00000000-0000-00aa-ffff-ffff000000c8","text":"+905433101898","replace":false,"value":["+","9","0","5","4","3","3","1","0","1","8","9","8"]}
[debug] &amp#27;[38;5;32m[AndroidUiautomator2Driver@1900 (e534f12e)]&amp#27;[0m Got response with status 200: {"sessionId":"011dc30c-a90d-49f5-a2c1-f6bf4ea73f77","value":null}
[debug] &amp#27;[38;5;32m[AndroidUiautomator2Driver@1900 (e534f12e)]&amp#27;[0m Responding to client with driver.setValue() result: null
&amp#27;[38;5;0m[HTTP]&amp#27;[0m <-- POST /session/e534f12e-89fc-43e4-9f11-e386023563ad/element/00000000-0000-00aa-ffff-ffff000000c8/value 200 41 ms - 14
&amp#27;[38;5;0m[HTTP]&amp#27;[0m 
&amp#27;[38;5;0m[HTTP]&amp#27;[0m &amp#27;[37m-->&amp#27;[39m &amp#27;[37mPOST&amp#27;[39m &amp#27;[37m/session/e534f12e-89fc-43e4-9f11-e386023563ad/execute/sync&amp#27;[39m
&amp#27;[38;5;0m[HTTP]&amp#27;[0m {"script":"mobile: hideKeyboard","args":[]}
[debug] &amp#27;[38;5;32m[AndroidUiautomator2Driver@1900 (e534f12e)]&amp#27;[0m Calling AppiumDriver.execute() with args: ["mobile: hideKeyboard",[],"e534f12e-89fc-43e4-9f11-e386023563ad"]
&amp#27;[38;5;32m[AndroidUiautomator2Driver@1900 (e534f12e)]&amp#27;[0m Executing native command 'mobile: hideKeyboard'
[debug] &amp#27;[38;5;64m[ADB]&amp#27;[0m Running '/Users/dori/Library/Android/sdk/platform-tools/adb -P 5037 -s emulator-5554 shell dumpsys input_method'
&amp#27;[38;5;64m[ADB]&amp#27;[0m Keyboard has no UI; no closing necessary
[debug] &amp#27;[38;5;32m[AndroidUiautomator2Driver@1900 (e534f12e)]&amp#27;[0m Responding to client with driver.execute() result: false
&amp#27;[38;5;0m[HTTP]&amp#27;[0m <-- POST /session/e534f12e-89fc-43e4-9f11-e386023563ad/execute/sync 200 119 ms - 15
&amp#27;[38;5;0m[HTTP]&amp#27;[0m 
&amp#27;[38;5;0m[HTTP]&amp#27;[0m &amp#27;[37m-->&amp#27;[39m &amp#27;[37mPOST&amp#27;[39m &amp#27;[37m/session/e534f12e-89fc-43e4-9f11-e386023563ad/element&amp#27;[39m
&amp#27;[38;5;0m[HTTP]&amp#27;[0m {"using":"xpath","value":"//android.widget.EditText[@hint='Email Address*']"}
[debug] &amp#27;[38;5;32m[AndroidUiautomator2Driver@1900 (e534f12e)]&amp#27;[0m Calling AppiumDriver.findElement() with args: ["xpath","//android.widget.EditText[@hint='Email Address*']","e534f12e-89fc-43e4-9f11-e386023563ad"]
[debug] &amp#27;[38;5;32m[AndroidUiautomator2Driver@1900 (e534f12e)]&amp#27;[0m Valid locator strategies for this request: xpath, id, class name, accessibility id, css selector, -android uiautomator
[debug] &amp#27;[38;5;32m[AndroidUiautomator2Driver@1900 (e534f12e)]&amp#27;[0m Waiting up to 10000 ms for condition
[debug] &amp#27;[38;5;32m[AndroidUiautomator2Driver@1900 (e534f12e)]&amp#27;[0m Matched '/element' to command name 'findElement'
[debug] &amp#27;[38;5;32m[AndroidUiautomator2Driver@1900 (e534f12e)]&amp#27;[0m Proxying [POST /element] to [POST http://127.0.0.1:8200/session/011dc30c-a90d-49f5-a2c1-f6bf4ea73f77/element] with body: {"strategy":"xpath","selector":"//android.widget.EditText[@hint='Email Address*']","context":"","multiple":false}
[debug] &amp#27;[38;5;32m[AndroidUiautomator2Driver@1900 (e534f12e)]&amp#27;[0m Got response with status 200: {"sessionId":"011dc30c-a90d-49f5-a2c1-f6bf4ea73f77","value":{"ELEMENT":"00000000-0000-00aa-ffff-ffff000000d8","element-6066-11e4-a52e-4f735466cecf":"00000000-0000-00aa-ffff-ffff000000d8"}}
[debug] &amp#27;[38;5;32m[AndroidUiautomator2Driver@1900 (e534f12e)]&amp#27;[0m Responding to client with driver.findElement() result: {"element-6066-11e4-a52e-4f735466cecf":"00000000-0000-00aa-ffff-ffff000000d8","ELEMENT":"00000000-0000-00aa-ffff-ffff000000d8"}
&amp#27;[38;5;0m[HTTP]&amp#27;[0m <-- POST /session/e534f12e-89fc-43e4-9f11-e386023563ad/element 200 547 ms - 137
&amp#27;[38;5;0m[HTTP]&amp#27;[0m 
&amp#27;[38;5;0m[HTTP]&amp#27;[0m &amp#27;[37m-->&amp#27;[39m &amp#27;[37mPOST&amp#27;[39m &amp#27;[37m/session/e534f12e-89fc-43e4-9f11-e386023563ad/element/00000000-0000-00aa-ffff-ffff000000d8/value&amp#27;[39m
&amp#27;[38;5;0m[HTTP]&amp#27;[0m {"id":"00000000-0000-00aa-ffff-ffff000000d8","text":"dorukhan.ersoyleyen+4@leanscale.com","value":["d","o","r","u","k","h","a","n",".","e","r","s","o","y","l","e","y","e","n","+","4","@","l","e","a","n","s","c","a","l","e",".","c","o","m"]}
[debug] &amp#27;[38;5;32m[AndroidUiautomator2Driver@1900 (e534f12e)]&amp#27;[0m Calling AppiumDriver.setValue() with args: [["d","o","r","u","k","h","a","n",".","e","r","s","o","y","l","e","y","e","n","+","4","@","l","e","a","n","s","c","a","l","e",".","c","o","m"],"00000000-0000-00aa-ffff-ffff000000d8","e534f12e-89fc-43e4-9f11-e386023563ad"]
[debug] &amp#27;[38;5;32m[AndroidUiautomator2Driver@1900 (e534f12e)]&amp#27;[0m Matched '/element/00000000-0000-00aa-ffff-ffff000000d8/value' to command name 'setValue'
[debug] &amp#27;[38;5;32m[AndroidUiautomator2Driver@1900 (e534f12e)]&amp#27;[0m Added 'value' property ["d","o","r","u","k","h","a","n",".","e","r","s","o","y","l","e","y","e","n","+","4","@","l","e","a","n","s","c","a","l","e",".","c","o","m"] to 'setValue' request body
[debug] &amp#27;[38;5;32m[AndroidUiautomator2Driver@1900 (e534f12e)]&amp#27;[0m Proxying [POST /element/00000000-0000-00aa-ffff-ffff000000d8/value] to [POST http://127.0.0.1:8200/session/011dc30c-a90d-49f5-a2c1-f6bf4ea73f77/element/00000000-0000-00aa-ffff-ffff000000d8/value] with body: {"elementId":"00000000-0000-00aa-ffff-ffff000000d8","text":"dorukhan.ersoyleyen+4@leanscale.com","replace":false,"value":["d","o","r","u","k","h","a","n",".","e","r","s","o","y","l","e","y","e","n","+","4","@","l","e","a","n","s","c","a","l","e",".","c","o","m"]}
[debug] &amp#27;[38;5;32m[AndroidUiautomator2Driver@1900 (e534f12e)]&amp#27;[0m Got response with status 200: {"sessionId":"011dc30c-a90d-49f5-a2c1-f6bf4ea73f77","value":null}
[debug] &amp#27;[38;5;32m[AndroidUiautomator2Driver@1900 (e534f12e)]&amp#27;[0m Responding to client with driver.setValue() result: null
&amp#27;[38;5;0m[HTTP]&amp#27;[0m <-- POST /session/e534f12e-89fc-43e4-9f11-e386023563ad/element/00000000-0000-00aa-ffff-ffff000000d8/value 200 27 ms - 14
&amp#27;[38;5;0m[HTTP]&amp#27;[0m 
&amp#27;[38;5;0m[HTTP]&amp#27;[0m &amp#27;[37m-->&amp#27;[39m &amp#27;[37mPOST&amp#27;[39m &amp#27;[37m/session/e534f12e-89fc-43e4-9f11-e386023563ad/execute/sync&amp#27;[39m
&amp#27;[38;5;0m[HTTP]&amp#27;[0m {"script":"mobile: hideKeyboard","args":[]}
[debug] &amp#27;[38;5;32m[AndroidUiautomator2Driver@1900 (e534f12e)]&amp#27;[0m Calling AppiumDriver.execute() with args: ["mobile: hideKeyboard",[],"e534f12e-89fc-43e4-9f11-e386023563ad"]
&amp#27;[38;5;32m[AndroidUiautomator2Driver@1900 (e534f12e)]&amp#27;[0m Executing native command 'mobile: hideKeyboard'
[debug] &amp#27;[38;5;64m[ADB]&amp#27;[0m Running '/Users/dori/Library/Android/sdk/platform-tools/adb -P 5037 -s emulator-5554 shell dumpsys input_method'
&amp#27;[38;5;64m[ADB]&amp#27;[0m Keyboard has no UI; no closing necessary
[debug] &amp#27;[38;5;32m[AndroidUiautomator2Driver@1900 (e534f12e)]&amp#27;[0m Responding to client with driver.execute() result: false
&amp#27;[38;5;0m[HTTP]&amp#27;[0m <-- POST /session/e534f12e-89fc-43e4-9f11-e386023563ad/execute/sync 200 129 ms - 15
&amp#27;[38;5;0m[HTTP]&amp#27;[0m 
&amp#27;[38;5;0m[HTTP]&amp#27;[0m &amp#27;[37m-->&amp#27;[39m &amp#27;[37mPOST&amp#27;[39m &amp#27;[37m/session/e534f12e-89fc-43e4-9f11-e386023563ad/element&amp#27;[39m
&amp#27;[38;5;0m[HTTP]&amp#27;[0m {"using":"xpath","value":"//android.widget.EditText[@hint='Password*']"}
[debug] &amp#27;[38;5;32m[AndroidUiautomator2Driver@1900 (e534f12e)]&amp#27;[0m Calling AppiumDriver.findElement() with args: ["xpath","//android.widget.EditText[@hint='Password*']","e534f12e-89fc-43e4-9f11-e386023563ad"]
[debug] &amp#27;[38;5;32m[AndroidUiautomator2Driver@1900 (e534f12e)]&amp#27;[0m Valid locator strategies for this request: xpath, id, class name, accessibility id, css selector, -android uiautomator
[debug] &amp#27;[38;5;32m[AndroidUiautomator2Driver@1900 (e534f12e)]&amp#27;[0m Waiting up to 10000 ms for condition
[debug] &amp#27;[38;5;32m[AndroidUiautomator2Driver@1900 (e534f12e)]&amp#27;[0m Matched '/element' to command name 'findElement'
[debug] &amp#27;[38;5;32m[AndroidUiautomator2Driver@1900 (e534f12e)]&amp#27;[0m Proxying [POST /element] to [POST http://127.0.0.1:8200/session/011dc30c-a90d-49f5-a2c1-f6bf4ea73f77/element] with body: {"strategy":"xpath","selector":"//android.widget.EditText[@hint='Password*']","context":"","multiple":false}
[debug] &amp#27;[38;5;32m[AndroidUiautomator2Driver@1900 (e534f12e)]&amp#27;[0m Got response with status 200: {"sessionId":"011dc30c-a90d-49f5-a2c1-f6bf4ea73f77","value":{"ELEMENT":"00000000-0000-00aa-ffff-ffff000000e8","element-6066-11e4-a52e-4f735466cecf":"00000000-0000-00aa-ffff-ffff000000e8"}}
[debug] &amp#27;[38;5;32m[AndroidUiautomator2Driver@1900 (e534f12e)]&amp#27;[0m Responding to client with driver.findElement() result: {"element-6066-11e4-a52e-4f735466cecf":"00000000-0000-00aa-ffff-ffff000000e8","ELEMENT":"00000000-0000-00aa-ffff-ffff000000e8"}
&amp#27;[38;5;0m[HTTP]&amp#27;[0m <-- POST /session/e534f12e-89fc-43e4-9f11-e386023563ad/element 200 544 ms - 137
&amp#27;[38;5;0m[HTTP]&amp#27;[0m 
&amp#27;[38;5;0m[HTTP]&amp#27;[0m &amp#27;[37m-->&amp#27;[39m &amp#27;[37mPOST&amp#27;[39m &amp#27;[37m/session/e534f12e-89fc-43e4-9f11-e386023563ad/element/00000000-0000-00aa-ffff-ffff000000e8/value&amp#27;[39m
&amp#27;[38;5;0m[HTTP]&amp#27;[0m {"id":"00000000-0000-00aa-ffff-ffff000000e8","text":"Abc.3131","value":["A","b","c",".","3","1","3","1"]}
[debug] &amp#27;[38;5;32m[AndroidUiautomator2Driver@1900 (e534f12e)]&amp#27;[0m Calling AppiumDriver.setValue() with args: [["A","b","c",".","3","1","3","1"],"00000000-0000-00aa-ffff-ffff000000e8","e534f12e-89fc-43e4-9f11-e386023563ad"]
[debug] &amp#27;[38;5;32m[AndroidUiautomator2Driver@1900 (e534f12e)]&amp#27;[0m Matched '/element/00000000-0000-00aa-ffff-ffff000000e8/value' to command name 'setValue'
[debug] &amp#27;[38;5;32m[AndroidUiautomator2Driver@1900 (e534f12e)]&amp#27;[0m Added 'value' property ["A","b","c",".","3","1","3","1"] to 'setValue' request body
[debug] &amp#27;[38;5;32m[AndroidUiautomator2Driver@1900 (e534f12e)]&amp#27;[0m Proxying [POST /element/00000000-0000-00aa-ffff-ffff000000e8/value] to [POST http://127.0.0.1:8200/session/011dc30c-a90d-49f5-a2c1-f6bf4ea73f77/element/00000000-0000-00aa-ffff-ffff000000e8/value] with body: {"elementId":"00000000-0000-00aa-ffff-ffff000000e8","text":"Abc.3131","replace":false,"value":["A","b","c",".","3","1","3","1"]}
[debug] &amp#27;[38;5;32m[AndroidUiautomator2Driver@1900 (e534f12e)]&amp#27;[0m Got response with status 200: {"sessionId":"011dc30c-a90d-49f5-a2c1-f6bf4ea73f77","value":null}
[debug] &amp#27;[38;5;32m[AndroidUiautomator2Driver@1900 (e534f12e)]&amp#27;[0m Responding to client with driver.setValue() result: null
&amp#27;[38;5;0m[HTTP]&amp#27;[0m <-- POST /session/e534f12e-89fc-43e4-9f11-e386023563ad/element/00000000-0000-00aa-ffff-ffff000000e8/value 200 532 ms - 14
&amp#27;[38;5;0m[HTTP]&amp#27;[0m 
&amp#27;[38;5;0m[HTTP]&amp#27;[0m &amp#27;[37m-->&amp#27;[39m &amp#27;[37mPOST&amp#27;[39m &amp#27;[37m/session/e534f12e-89fc-43e4-9f11-e386023563ad/execute/sync&amp#27;[39m
&amp#27;[38;5;0m[HTTP]&amp#27;[0m {"script":"mobile: hideKeyboard","args":[]}
[debug] &amp#27;[38;5;32m[AndroidUiautomator2Driver@1900 (e534f12e)]&amp#27;[0m Calling AppiumDriver.execute() with args: ["mobile: hideKeyboard",[],"e534f12e-89fc-43e4-9f11-e386023563ad"]
&amp#27;[38;5;32m[AndroidUiautomator2Driver@1900 (e534f12e)]&amp#27;[0m Executing native command 'mobile: hideKeyboard'
[debug] &amp#27;[38;5;64m[ADB]&amp#27;[0m Running '/Users/dori/Library/Android/sdk/platform-tools/adb -P 5037 -s emulator-5554 shell dumpsys input_method'
&amp#27;[38;5;64m[ADB]&amp#27;[0m Keyboard has no UI; no closing necessary
[debug] &amp#27;[38;5;32m[AndroidUiautomator2Driver@1900 (e534f12e)]&amp#27;[0m Responding to client with driver.execute() result: false
&amp#27;[38;5;0m[HTTP]&amp#27;[0m <-- POST /session/e534f12e-89fc-43e4-9f11-e386023563ad/execute/sync 200 164 ms - 15
&amp#27;[38;5;0m[HTTP]&amp#27;[0m 
&amp#27;[38;5;0m[HTTP]&amp#27;[0m &amp#27;[37m-->&amp#27;[39m &amp#27;[37mPOST&amp#27;[39m &amp#27;[37m/session/e534f12e-89fc-43e4-9f11-e386023563ad/element&amp#27;[39m
&amp#27;[38;5;0m[HTTP]&amp#27;[0m {"using":"id","value":"com.leanscale.dcafood.zoobaegypt.beta:id/buttonSubmit"}
[debug] &amp#27;[38;5;32m[AndroidUiautomator2Driver@1900 (e534f12e)]&amp#27;[0m Calling AppiumDriver.findElement() with args: ["id","com.leanscale.dcafood.zoobaegypt.beta:id/buttonSubmit","e534f12e-89fc-43e4-9f11-e386023563ad"]
[debug] &amp#27;[38;5;32m[AndroidUiautomator2Driver@1900 (e534f12e)]&amp#27;[0m Valid locator strategies for this request: xpath, id, class name, accessibility id, css selector, -android uiautomator
[debug] &amp#27;[38;5;32m[AndroidUiautomator2Driver@1900 (e534f12e)]&amp#27;[0m Waiting up to 10000 ms for condition
[debug] &amp#27;[38;5;32m[AndroidUiautomator2Driver@1900 (e534f12e)]&amp#27;[0m Matched '/element' to command name 'findElement'
[debug] &amp#27;[38;5;32m[AndroidUiautomator2Driver@1900 (e534f12e)]&amp#27;[0m Proxying [POST /element] to [POST http://127.0.0.1:8200/session/011dc30c-a90d-49f5-a2c1-f6bf4ea73f77/element] with body: {"strategy":"id","selector":"com.leanscale.dcafood.zoobaegypt.beta:id/buttonSubmit","context":"","multiple":false}
[debug] &amp#27;[38;5;32m[AndroidUiautomator2Driver@1900 (e534f12e)]&amp#27;[0m Got response with status 200: {"sessionId":"011dc30c-a90d-49f5-a2c1-f6bf4ea73f77","value":{"ELEMENT":"00000000-0000-00aa-ffff-ffff00000128","element-6066-11e4-a52e-4f735466cecf":"00000000-0000-00aa-ffff-ffff00000128"}}
[debug] &amp#27;[38;5;32m[AndroidUiautomator2Driver@1900 (e534f12e)]&amp#27;[0m Responding to client with driver.findElement() result: {"element-6066-11e4-a52e-4f735466cecf":"00000000-0000-00aa-ffff-ffff00000128","ELEMENT":"00000000-0000-00aa-ffff-ffff00000128"}
&amp#27;[38;5;0m[HTTP]&amp#27;[0m <-- POST /session/e534f12e-89fc-43e4-9f11-e386023563ad/element 200 457 ms - 137
&amp#27;[38;5;0m[HTTP]&amp#27;[0m 
&amp#27;[38;5;0m[HTTP]&amp#27;[0m &amp#27;[37m-->&amp#27;[39m &amp#27;[37mPOST&amp#27;[39m &amp#27;[37m/session/e534f12e-89fc-43e4-9f11-e386023563ad/element/00000000-0000-00aa-ffff-ffff00000128/click&amp#27;[39m
&amp#27;[38;5;0m[HTTP]&amp#27;[0m {"id":"00000000-0000-00aa-ffff-ffff00000128"}
[debug] &amp#27;[38;5;32m[AndroidUiautomator2Driver@1900 (e534f12e)]&amp#27;[0m Calling AppiumDriver.click() with args: ["00000000-0000-00aa-ffff-ffff00000128","e534f12e-89fc-43e4-9f11-e386023563ad"]
[debug] &amp#27;[38;5;32m[AndroidUiautomator2Driver@1900 (e534f12e)]&amp#27;[0m Matched '/element/00000000-0000-00aa-ffff-ffff00000128/click' to command name 'click'
[debug] &amp#27;[38;5;32m[AndroidUiautomator2Driver@1900 (e534f12e)]&amp#27;[0m Proxying [POST /element/00000000-0000-00aa-ffff-ffff00000128/click] to [POST http://127.0.0.1:8200/session/011dc30c-a90d-49f5-a2c1-f6bf4ea73f77/element/00000000-0000-00aa-ffff-ffff00000128/click] with body: {"element":"00000000-0000-00aa-ffff-ffff00000128"}
[debug] &amp#27;[38;5;32m[AndroidUiautomator2Driver@1900 (e534f12e)]&amp#27;[0m Got response with status 200: {"sessionId":"011dc30c-a90d-49f5-a2c1-f6bf4ea73f77","value":null}
[debug] &amp#27;[38;5;32m[AndroidUiautomator2Driver@1900 (e534f12e)]&amp#27;[0m Responding to client with driver.click() result: null
&amp#27;[38;5;0m[HTTP]&amp#27;[0m <-- POST /session/e534f12e-89fc-43e4-9f11-e386023563ad/element/00000000-0000-00aa-ffff-ffff00000128/click 200 37 ms - 14
&amp#27;[38;5;0m[HTTP]&amp#27;[0m 
&amp#27;[38;5;0m[HTTP]&amp#27;[0m &amp#27;[37m-->&amp#27;[39m &amp#27;[37mPOST&amp#27;[39m &amp#27;[37m/session/e534f12e-89fc-43e4-9f11-e386023563ad/element&amp#27;[39m
&amp#27;[38;5;0m[HTTP]&amp#27;[0m {"using":"xpath","value":"/hierarchy/android.widget.FrameLayout/android.widget.LinearLayout/android.widget.FrameLayout/android.widget.LinearLayout/android.widget.FrameLayout/android.view.ViewGroup/android.widget.FrameLayout[2]/android.view.ViewGroup/android.widget.FrameLayout/android.view.ViewGroup/android.widget.FrameLayout/android.widget.RelativeLayout/android.widget.LinearLayout/android.widget.TextView[1]"}
[debug] &amp#27;[38;5;32m[AndroidUiautomator2Driver@1900 (e534f12e)]&amp#27;[0m Calling AppiumDriver.findElement() with args: ["xpath","/hierarchy/android.widget.FrameLayout/android.widget.LinearLayout/android.widget.FrameLayout/android.widget.LinearLayout/android.widget.FrameLayout/android.view.ViewGroup/android.widget.FrameLayout[2]/android.view.ViewGroup/android.widget.FrameLayout/android.view.ViewGroup/android.widget.FrameLayout/android.widget.RelativeLayout/android.widget.LinearLayout/android.widget.TextView[1]","e534f12e-89fc-43e4-9f11-e386023563ad"]
[debug] &amp#27;[38;5;32m[AndroidUiautomator2Driver@1900 (e534f12e)]&amp#27;[0m Valid locator strategies for this request: xpath, id, class name, accessibility id, css selector, -android uiautomator
[debug] &amp#27;[38;5;32m[AndroidUiautomator2Driver@1900 (e534f12e)]&amp#27;[0m Waiting up to 10000 ms for condition
[debug] &amp#27;[38;5;32m[AndroidUiautomator2Driver@1900 (e534f12e)]&amp#27;[0m Matched '/element' to command name 'findElement'
[debug] &amp#27;[38;5;32m[AndroidUiautomator2Driver@1900 (e534f12e)]&amp#27;[0m Proxying [POST /element] to [POST http://127.0.0.1:8200/session/011dc30c-a90d-49f5-a2c1-f6bf4ea73f77/element] with body: {"strategy":"xpath","selector":"/hierarchy/android.widget.FrameLayout/android.widget.LinearLayout/android.widget.FrameLayout/android.widget.LinearLayout/android.widget.FrameLayout/android.view.ViewGroup/android.widget.FrameLayout[2]/android.view.ViewGroup/android.widget.FrameLayout/android.view.ViewGroup/android.widget.FrameLayout/android.widget.RelativeLayout/android.widget.LinearLayout/android.widget.TextView[1]","context":"","multiple":false}
&amp#27;[38;5;32m[AndroidUiautomator2Driver@1900 (e534f12e)]&amp#27;[0m Got response with status 404: {"sessionId":"011dc30c-a90d-49f5-a2c1-f6bf4ea73f77","value":{"error":"no such element","message":"An element could not be located on the page using the given search parameters","stacktrace":"io.appium.uiautomator2.common.exceptions.ElementNotFoundException: An element could not be located on the page using the given search parameters\n\tat io.appium.uiautomator2.utils.ElementLocationHelpers.findElement(ElementLocationHelpers.java:156)\n\tat io.appium.uiautomator2.handler.FindElement.safeHandle(FindElement.java:60)\n\tat io.appium.uiautomator2.handler.request.SafeRequestHandler.handle(SafeRequestHandler.java:59)\n\tat io.appium.uiautomator2.server.AppiumServlet.handleRequest(AppiumServlet.java:277)\n\tat io.appium.uiautomator2.server.AppiumServlet.handleHttpRequest(AppiumServlet.java:271)\n\tat io.appium.uiautomator2.http.ServerHandler.channelRead(ServerHandler.java:77)\n\tat io.netty.channel.AbstractChannelHandlerContext.invokeChannelRead(AbstractChannelHandlerContext.java:366)\n\tat io.netty.channel.Abstr...
[debug] &amp#27;[38;5;128m[W3C]&amp#27;[0m Matched W3C error code 'no such element' to NoSuchElementError
[debug] &amp#27;[38;5;32m[AndroidUiautomator2Driver@1900 (e534f12e)]&amp#27;[0m Waited for 195 ms so far
[debug] &amp#27;[38;5;32m[AndroidUiautomator2Driver@1900 (e534f12e)]&amp#27;[0m Matched '/element' to command name 'findElement'
[debug] &amp#27;[38;5;32m[AndroidUiautomator2Driver@1900 (e534f12e)]&amp#27;[0m Proxying [POST /element] to [POST http://127.0.0.1:8200/session/011dc30c-a90d-49f5-a2c1-f6bf4ea73f77/element] with body: {"strategy":"xpath","selector":"/hierarchy/android.widget.FrameLayout/android.widget.LinearLayout/android.widget.FrameLayout/android.widget.LinearLayout/android.widget.FrameLayout/android.view.ViewGroup/android.widget.FrameLayout[2]/android.view.ViewGroup/android.widget.FrameLayout/android.view.ViewGroup/android.widget.FrameLayout/android.widget.RelativeLayout/android.widget.LinearLayout/android.widget.TextView[1]","context":"","multiple":false}
&amp#27;[38;5;32m[AndroidUiautomator2Driver@1900 (e534f12e)]&amp#27;[0m Got response with status 404: {"sessionId":"011dc30c-a90d-49f5-a2c1-f6bf4ea73f77","value":{"error":"no such element","message":"An element could not be located on the page using the given search parameters","stacktrace":"io.appium.uiautomator2.common.exceptions.ElementNotFoundException: An element could not be located on the page using the given search parameters\n\tat io.appium.uiautomator2.utils.ElementLocationHelpers.findElement(ElementLocationHelpers.java:156)\n\tat io.appium.uiautomator2.handler.FindElement.safeHandle(FindElement.java:60)\n\tat io.appium.uiautomator2.handler.request.SafeRequestHandler.handle(SafeRequestHandler.java:59)\n\tat io.appium.uiautomator2.server.AppiumServlet.handleRequest(AppiumServlet.java:277)\n\tat io.appium.uiautomator2.server.AppiumServlet.handleHttpRequest(AppiumServlet.java:271)\n\tat io.appium.uiautomator2.http.ServerHandler.channelRead(ServerHandler.java:77)\n\tat io.netty.channel.AbstractChannelHandlerContext.invokeChannelRead(AbstractChannelHandlerContext.java:366)\n\tat io.netty.channel.Abstr...
[debug] &amp#27;[38;5;128m[W3C]&amp#27;[0m Matched W3C error code 'no such element' to NoSuchElementError
[debug] &amp#27;[38;5;32m[AndroidUiautomator2Driver@1900 (e534f12e)]&amp#27;[0m Waited for 990 ms so far
[debug] &amp#27;[38;5;32m[AndroidUiautomator2Driver@1900 (e534f12e)]&amp#27;[0m Matched '/element' to command name 'findElement'
[debug] &amp#27;[38;5;32m[AndroidUiautomator2Driver@1900 (e534f12e)]&amp#27;[0m Proxying [POST /element] to [POST http://127.0.0.1:8200/session/011dc30c-a90d-49f5-a2c1-f6bf4ea73f77/element] with body: {"strategy":"xpath","selector":"/hierarchy/android.widget.FrameLayout/android.widget.LinearLayout/android.widget.FrameLayout/android.widget.LinearLayout/android.widget.FrameLayout/android.view.ViewGroup/android.widget.FrameLayout[2]/android.view.ViewGroup/android.widget.FrameLayout/android.view.ViewGroup/android.widget.FrameLayout/android.widget.RelativeLayout/android.widget.LinearLayout/android.widget.TextView[1]","context":"","multiple":false}
[debug] &amp#27;[38;5;32m[AndroidUiautomator2Driver@1900 (e534f12e)]&amp#27;[0m Got response with status 200: {"sessionId":"011dc30c-a90d-49f5-a2c1-f6bf4ea73f77","value":{"ELEMENT":"00000000-0000-00b0-ffff-ffff0000016b","element-6066-11e4-a52e-4f735466cecf":"00000000-0000-00b0-ffff-ffff0000016b"}}
[debug] &amp#27;[38;5;32m[AndroidUiautomator2Driver@1900 (e534f12e)]&amp#27;[0m Responding to client with driver.findElement() result: {"element-6066-11e4-a52e-4f735466cecf":"00000000-0000-00b0-ffff-ffff0000016b","ELEMENT":"00000000-0000-00b0-ffff-ffff0000016b"}
&amp#27;[38;5;0m[HTTP]&amp#27;[0m <-- POST /session/e534f12e-89fc-43e4-9f11-e386023563ad/element 200 2736 ms - 137
&amp#27;[38;5;0m[HTTP]&amp#27;[0m 
&amp#27;[38;5;0m[HTTP]&amp#27;[0m &amp#27;[37m-->&amp#27;[39m &amp#27;[37mPOST&amp#27;[39m &amp#27;[37m/session/e534f12e-89fc-43e4-9f11-e386023563ad/element/00000000-0000-00b0-ffff-ffff0000016b/click&amp#27;[39m
&amp#27;[38;5;0m[HTTP]&amp#27;[0m {"id":"00000000-0000-00b0-ffff-ffff0000016b"}
[debug] &amp#27;[38;5;32m[AndroidUiautomator2Driver@1900 (e534f12e)]&amp#27;[0m Calling AppiumDriver.click() with args: ["00000000-0000-00b0-ffff-ffff0000016b","e534f12e-89fc-43e4-9f11-e386023563ad"]
[debug] &amp#27;[38;5;32m[AndroidUiautomator2Driver@1900 (e534f12e)]&amp#27;[0m Matched '/element/00000000-0000-00b0-ffff-ffff0000016b/click' to command name 'click'
[debug] &amp#27;[38;5;32m[AndroidUiautomator2Driver@1900 (e534f12e)]&amp#27;[0m Proxying [POST /element/00000000-0000-00b0-ffff-ffff0000016b/click] to [POST http://127.0.0.1:8200/session/011dc30c-a90d-49f5-a2c1-f6bf4ea73f77/element/00000000-0000-00b0-ffff-ffff0000016b/click] with body: {"element":"00000000-0000-00b0-ffff-ffff0000016b"}
[debug] &amp#27;[38;5;32m[AndroidUiautomator2Driver@1900 (e534f12e)]&amp#27;[0m Got response with status 200: {"sessionId":"011dc30c-a90d-49f5-a2c1-f6bf4ea73f77","value":null}
[debug] &amp#27;[38;5;32m[AndroidUiautomator2Driver@1900 (e534f12e)]&amp#27;[0m Responding to client with driver.click() result: null
&amp#27;[38;5;0m[HTTP]&amp#27;[0m <-- POST /session/e534f12e-89fc-43e4-9f11-e386023563ad/element/00000000-0000-00b0-ffff-ffff0000016b/click 200 1005 ms - 14
&amp#27;[38;5;0m[HTTP]&amp#27;[0m 
&amp#27;[38;5;0m[HTTP]&amp#27;[0m &amp#27;[37m-->&amp#27;[39m &amp#27;[37mPOST&amp#27;[39m &amp#27;[37m/session/e534f12e-89fc-43e4-9f11-e386023563ad/execute/sync&amp#27;[39m
&amp#27;[38;5;0m[HTTP]&amp#27;[0m {"script":"mobile: pressKey","args":[{"keycode":144}]}
[debug] &amp#27;[38;5;32m[AndroidUiautomator2Driver@1900 (e534f12e)]&amp#27;[0m Calling AppiumDriver.execute() with args: ["mobile: pressKey",[{"keycode":144}],"e534f12e-89fc-43e4-9f11-e386023563ad"]
&amp#27;[38;5;32m[AndroidUiautomator2Driver@1900 (e534f12e)]&amp#27;[0m Executing native command 'mobile: pressKey'
[debug] &amp#27;[38;5;32m[AndroidUiautomator2Driver@1900 (e534f12e)]&amp#27;[0m Matched '/appium/device/press_keycode' to command name 'pressKeyCode'
[debug] &amp#27;[38;5;32m[AndroidUiautomator2Driver@1900 (e534f12e)]&amp#27;[0m Proxying [POST /appium/device/press_keycode] to [POST http://127.0.0.1:8200/session/011dc30c-a90d-49f5-a2c1-f6bf4ea73f77/appium/device/press_keycode] with body: {"keycode":144}
[debug] &amp#27;[38;5;32m[AndroidUiautomator2Driver@1900 (e534f12e)]&amp#27;[0m Got response with status 200: {"sessionId":"011dc30c-a90d-49f5-a2c1-f6bf4ea73f77","value":null}
[debug] &amp#27;[38;5;32m[AndroidUiautomator2Driver@1900 (e534f12e)]&amp#27;[0m Responding to client with driver.execute() result: null
&amp#27;[38;5;0m[HTTP]&amp#27;[0m <-- POST /session/e534f12e-89fc-43e4-9f11-e386023563ad/execute/sync 200 242 ms - 14
&amp#27;[38;5;0m[HTTP]&amp#27;[0m 
&amp#27;[38;5;0m[HTTP]&amp#27;[0m &amp#27;[37m-->&amp#27;[39m &amp#27;[37mPOST&amp#27;[39m &amp#27;[37m/session/e534f12e-89fc-43e4-9f11-e386023563ad/execute/sync&amp#27;[39m
&amp#27;[38;5;0m[HTTP]&amp#27;[0m {"script":"mobile: pressKey","args":[{"keycode":144}]}
[debug] &amp#27;[38;5;32m[AndroidUiautomator2Driver@1900 (e534f12e)]&amp#27;[0m Calling AppiumDriver.execute() with args: ["mobile: pressKey",[{"keycode":144}],"e534f12e-89fc-43e4-9f11-e386023563ad"]
&amp#27;[38;5;32m[AndroidUiautomator2Driver@1900 (e534f12e)]&amp#27;[0m Executing native command 'mobile: pressKey'
[debug] &amp#27;[38;5;32m[AndroidUiautomator2Driver@1900 (e534f12e)]&amp#27;[0m Matched '/appium/device/press_keycode' to command name 'pressKeyCode'
[debug] &amp#27;[38;5;32m[AndroidUiautomator2Driver@1900 (e534f12e)]&amp#27;[0m Proxying [POST /appium/device/press_keycode] to [POST http://127.0.0.1:8200/session/011dc30c-a90d-49f5-a2c1-f6bf4ea73f77/appium/device/press_keycode] with body: {"keycode":144}
[debug] &amp#27;[38;5;32m[AndroidUiautomator2Driver@1900 (e534f12e)]&amp#27;[0m Got response with status 200: {"sessionId":"011dc30c-a90d-49f5-a2c1-f6bf4ea73f77","value":null}
[debug] &amp#27;[38;5;32m[AndroidUiautomator2Driver@1900 (e534f12e)]&amp#27;[0m Responding to client with driver.execute() result: null
&amp#27;[38;5;0m[HTTP]&amp#27;[0m <-- POST /session/e534f12e-89fc-43e4-9f11-e386023563ad/execute/sync 200 57 ms - 14
&amp#27;[38;5;0m[HTTP]&amp#27;[0m 
&amp#27;[38;5;0m[HTTP]&amp#27;[0m &amp#27;[37m-->&amp#27;[39m &amp#27;[37mPOST&amp#27;[39m &amp#27;[37m/session/e534f12e-89fc-43e4-9f11-e386023563ad/execute/sync&amp#27;[39m
&amp#27;[38;5;0m[HTTP]&amp#27;[0m {"script":"mobile: pressKey","args":[{"keycode":144}]}
[debug] &amp#27;[38;5;32m[AndroidUiautomator2Driver@1900 (e534f12e)]&amp#27;[0m Calling AppiumDriver.execute() with args: ["mobile: pressKey",[{"keycode":144}],"e534f12e-89fc-43e4-9f11-e386023563ad"]
&amp#27;[38;5;32m[AndroidUiautomator2Driver@1900 (e534f12e)]&amp#27;[0m Executing native command 'mobile: pressKey'
[debug] &amp#27;[38;5;32m[AndroidUiautomator2Driver@1900 (e534f12e)]&amp#27;[0m Matched '/appium/device/press_keycode' to command name 'pressKeyCode'
[debug] &amp#27;[38;5;32m[AndroidUiautomator2Driver@1900 (e534f12e)]&amp#27;[0m Proxying [POST /appium/device/press_keycode] to [POST http://127.0.0.1:8200/session/011dc30c-a90d-49f5-a2c1-f6bf4ea73f77/appium/device/press_keycode] with body: {"keycode":144}
[debug] &amp#27;[38;5;32m[AndroidUiautomator2Driver@1900 (e534f12e)]&amp#27;[0m Got response with status 200: {"sessionId":"011dc30c-a90d-49f5-a2c1-f6bf4ea73f77","value":null}
[debug] &amp#27;[38;5;32m[AndroidUiautomator2Driver@1900 (e534f12e)]&amp#27;[0m Responding to client with driver.execute() result: null
&amp#27;[38;5;0m[HTTP]&amp#27;[0m <-- POST /session/e534f12e-89fc-43e4-9f11-e386023563ad/execute/sync 200 498 ms - 14
&amp#27;[38;5;0m[HTTP]&amp#27;[0m 
&amp#27;[38;5;0m[HTTP]&amp#27;[0m &amp#27;[37m-->&amp#27;[39m &amp#27;[37mPOST&amp#27;[39m &amp#27;[37m/session/e534f12e-89fc-43e4-9f11-e386023563ad/execute/sync&amp#27;[39m
&amp#27;[38;5;0m[HTTP]&amp#27;[0m {"script":"mobile: pressKey","args":[{"keycode":144}]}
[debug] &amp#27;[38;5;32m[AndroidUiautomator2Driver@1900 (e534f12e)]&amp#27;[0m Calling AppiumDriver.execute() with args: ["mobile: pressKey",[{"keycode":144}],"e534f12e-89fc-43e4-9f11-e386023563ad"]
&amp#27;[38;5;32m[AndroidUiautomator2Driver@1900 (e534f12e)]&amp#27;[0m Executing native command 'mobile: pressKey'
[debug] &amp#27;[38;5;32m[AndroidUiautomator2Driver@1900 (e534f12e)]&amp#27;[0m Matched '/appium/device/press_keycode' to command name 'pressKeyCode'
[debug] &amp#27;[38;5;32m[AndroidUiautomator2Driver@1900 (e534f12e)]&amp#27;[0m Proxying [POST /appium/device/press_keycode] to [POST http://127.0.0.1:8200/session/011dc30c-a90d-49f5-a2c1-f6bf4ea73f77/appium/device/press_keycode] with body: {"keycode":144}
[debug] &amp#27;[38;5;32m[AndroidUiautomator2Driver@1900 (e534f12e)]&amp#27;[0m Got response with status 200: {"sessionId":"011dc30c-a90d-49f5-a2c1-f6bf4ea73f77","value":null}
[debug] &amp#27;[38;5;32m[AndroidUiautomator2Driver@1900 (e534f12e)]&amp#27;[0m Responding to client with driver.execute() result: null
&amp#27;[38;5;0m[HTTP]&amp#27;[0m <-- POST /session/e534f12e-89fc-43e4-9f11-e386023563ad/execute/sync 200 41 ms - 14
&amp#27;[38;5;0m[HTTP]&amp#27;[0m 
&amp#27;[38;5;0m[HTTP]&amp#27;[0m &amp#27;[37m-->&amp#27;[39m &amp#27;[37mPOST&amp#27;[39m &amp#27;[37m/session/e534f12e-89fc-43e4-9f11-e386023563ad/execute/sync&amp#27;[39m
&amp#27;[38;5;0m[HTTP]&amp#27;[0m {"script":"mobile: pressKey","args":[{"keycode":144}]}
[debug] &amp#27;[38;5;32m[AndroidUiautomator2Driver@1900 (e534f12e)]&amp#27;[0m Calling AppiumDriver.execute() with args: ["mobile: pressKey",[{"keycode":144}],"e534f12e-89fc-43e4-9f11-e386023563ad"]
&amp#27;[38;5;32m[AndroidUiautomator2Driver@1900 (e534f12e)]&amp#27;[0m Executing native command 'mobile: pressKey'
[debug] &amp#27;[38;5;32m[AndroidUiautomator2Driver@1900 (e534f12e)]&amp#27;[0m Matched '/appium/device/press_keycode' to command name 'pressKeyCode'
[debug] &amp#27;[38;5;32m[AndroidUiautomator2Driver@1900 (e534f12e)]&amp#27;[0m Proxying [POST /appium/device/press_keycode] to [POST http://127.0.0.1:8200/session/011dc30c-a90d-49f5-a2c1-f6bf4ea73f77/appium/device/press_keycode] with body: {"keycode":144}
[debug] &amp#27;[38;5;32m[AndroidUiautomator2Driver@1900 (e534f12e)]&amp#27;[0m Got response with status 200: {"sessionId":"011dc30c-a90d-49f5-a2c1-f6bf4ea73f77","value":null}
[debug] &amp#27;[38;5;32m[AndroidUiautomator2Driver@1900 (e534f12e)]&amp#27;[0m Responding to client with driver.execute() result: null
&amp#27;[38;5;0m[HTTP]&amp#27;[0m <-- POST /session/e534f12e-89fc-43e4-9f11-e386023563ad/execute/sync 200 39 ms - 14
&amp#27;[38;5;0m[HTTP]&amp#27;[0m 
&amp#27;[38;5;0m[HTTP]&amp#27;[0m &amp#27;[37m-->&amp#27;[39m &amp#27;[37mPOST&amp#27;[39m &amp#27;[37m/session/e534f12e-89fc-43e4-9f11-e386023563ad/execute/sync&amp#27;[39m
&amp#27;[38;5;0m[HTTP]&amp#27;[0m {"script":"mobile: hideKeyboard","args":[]}
[debug] &amp#27;[38;5;32m[AndroidUiautomator2Driver@1900 (e534f12e)]&amp#27;[0m Calling AppiumDriver.execute() with args: ["mobile: hideKeyboard",[],"e534f12e-89fc-43e4-9f11-e386023563ad"]
&amp#27;[38;5;32m[AndroidUiautomator2Driver@1900 (e534f12e)]&amp#27;[0m Executing native command 'mobile: hideKeyboard'
[debug] &amp#27;[38;5;64m[ADB]&amp#27;[0m Running '/Users/dori/Library/Android/sdk/platform-tools/adb -P 5037 -s emulator-5554 shell dumpsys input_method'
[debug] &amp#27;[38;5;64m[ADB]&amp#27;[0m Running '/Users/dori/Library/Android/sdk/platform-tools/adb -P 5037 -s emulator-5554 shell input keyevent 111'
[debug] &amp#27;[38;5;64m[ADB]&amp#27;[0m Running '/Users/dori/Library/Android/sdk/platform-tools/adb -P 5037 -s emulator-5554 shell dumpsys input_method'
[debug] &amp#27;[38;5;64m[ADB]&amp#27;[0m Running '/Users/dori/Library/Android/sdk/platform-tools/adb -P 5037 -s emulator-5554 shell dumpsys input_method'
[debug] &amp#27;[38;5;64m[ADB]&amp#27;[0m Running '/Users/dori/Library/Android/sdk/platform-tools/adb -P 5037 -s emulator-5554 shell dumpsys input_method'
[debug] &amp#27;[38;5;64m[ADB]&amp#27;[0m Running '/Users/dori/Library/Android/sdk/platform-tools/adb -P 5037 -s emulator-5554 shell input keyevent 4'
[debug] &amp#27;[38;5;64m[ADB]&amp#27;[0m Running '/Users/dori/Library/Android/sdk/platform-tools/adb -P 5037 -s emulator-5554 shell dumpsys input_method'
[debug] &amp#27;[38;5;32m[AndroidUiautomator2Driver@1900 (e534f12e)]&amp#27;[0m Responding to client with driver.execute() result: true
&amp#27;[38;5;0m[HTTP]&amp#27;[0m <-- POST /session/e534f12e-89fc-43e4-9f11-e386023563ad/execute/sync 200 1731 ms - 14
&amp#27;[38;5;0m[HTTP]&amp#27;[0m 
&amp#27;[38;5;0m[HTTP]&amp#27;[0m &amp#27;[37m-->&amp#27;[39m &amp#27;[37mPOST&amp#27;[39m &amp#27;[37m/session/e534f12e-89fc-43e4-9f11-e386023563ad/element&amp#27;[39m
&amp#27;[38;5;0m[HTTP]&amp#27;[0m {"using":"id","value":"com.leanscale.dcafood.zoobaegypt.beta:id/buttonVerify"}
[debug] &amp#27;[38;5;32m[AndroidUiautomator2Driver@1900 (e534f12e)]&amp#27;[0m Calling AppiumDriver.findElement() with args: ["id","com.leanscale.dcafood.zoobaegypt.beta:id/buttonVerify","e534f12e-89fc-43e4-9f11-e386023563ad"]
[debug] &amp#27;[38;5;32m[AndroidUiautomator2Driver@1900 (e534f12e)]&amp#27;[0m Valid locator strategies for this request: xpath, id, class name, accessibility id, css selector, -android uiautomator
[debug] &amp#27;[38;5;32m[AndroidUiautomator2Driver@1900 (e534f12e)]&amp#27;[0m Waiting up to 10000 ms for condition
[debug] &amp#27;[38;5;32m[AndroidUiautomator2Driver@1900 (e534f12e)]&amp#27;[0m Matched '/element' to command name 'findElement'
[debug] &amp#27;[38;5;32m[AndroidUiautomator2Driver@1900 (e534f12e)]&amp#27;[0m Proxying [POST /element] to [POST http://127.0.0.1:8200/session/011dc30c-a90d-49f5-a2c1-f6bf4ea73f77/element] with body: {"strategy":"id","selector":"com.leanscale.dcafood.zoobaegypt.beta:id/buttonVerify","context":"","multiple":false}
&amp#27;[38;5;32m[AndroidUiautomator2Driver@1900 (e534f12e)]&amp#27;[0m Got response with status 404: {"sessionId":"011dc30c-a90d-49f5-a2c1-f6bf4ea73f77","value":{"error":"no such element","message":"An element could not be located on the page using the given search parameters","stacktrace":"io.appium.uiautomator2.common.exceptions.ElementNotFoundException: An element could not be located on the page using the given search parameters\n\tat io.appium.uiautomator2.handler.FindElement.safeHandle(FindElement.java:63)\n\tat io.appium.uiautomator2.handler.request.SafeRequestHandler.handle(SafeRequestHandler.java:59)\n\tat io.appium.uiautomator2.server.AppiumServlet.handleRequest(AppiumServlet.java:277)\n\tat io.appium.uiautomator2.server.AppiumServlet.handleHttpRequest(AppiumServlet.java:271)\n\tat io.appium.uiautomator2.http.ServerHandler.channelRead(ServerHandler.java:77)\n\tat io.netty.channel.AbstractChannelHandlerContext.invokeChannelRead(AbstractChannelHandlerContext.java:366)\n\tat io.netty.channel.AbstractChannelHandlerContext.invokeChannelRead(AbstractChannelHandlerContext.java:352)\n\tat io.netty.chann...
[debug] &amp#27;[38;5;128m[W3C]&amp#27;[0m Matched W3C error code 'no such element' to NoSuchElementError
[debug] &amp#27;[38;5;32m[AndroidUiautomator2Driver@1900 (e534f12e)]&amp#27;[0m Waited for 636 ms so far
[debug] &amp#27;[38;5;32m[AndroidUiautomator2Driver@1900 (e534f12e)]&amp#27;[0m Matched '/element' to command name 'findElement'
[debug] &amp#27;[38;5;32m[AndroidUiautomator2Driver@1900 (e534f12e)]&amp#27;[0m Proxying [POST /element] to [POST http://127.0.0.1:8200/session/011dc30c-a90d-49f5-a2c1-f6bf4ea73f77/element] with body: {"strategy":"id","selector":"com.leanscale.dcafood.zoobaegypt.beta:id/buttonVerify","context":"","multiple":false}
&amp#27;[38;5;32m[AndroidUiautomator2Driver@1900 (e534f12e)]&amp#27;[0m Got response with status 404: {"sessionId":"011dc30c-a90d-49f5-a2c1-f6bf4ea73f77","value":{"error":"no such element","message":"An element could not be located on the page using the given search parameters","stacktrace":"io.appium.uiautomator2.common.exceptions.ElementNotFoundException: An element could not be located on the page using the given search parameters\n\tat io.appium.uiautomator2.handler.FindElement.safeHandle(FindElement.java:63)\n\tat io.appium.uiautomator2.handler.request.SafeRequestHandler.handle(SafeRequestHandler.java:59)\n\tat io.appium.uiautomator2.server.AppiumServlet.handleRequest(AppiumServlet.java:277)\n\tat io.appium.uiautomator2.server.AppiumServlet.handleHttpRequest(AppiumServlet.java:271)\n\tat io.appium.uiautomator2.http.ServerHandler.channelRead(ServerHandler.java:77)\n\tat io.netty.channel.AbstractChannelHandlerContext.invokeChannelRead(AbstractChannelHandlerContext.java:366)\n\tat io.netty.channel.AbstractChannelHandlerContext.invokeChannelRead(AbstractChannelHandlerContext.java:352)\n\tat io.netty.chann...
[debug] &amp#27;[38;5;128m[W3C]&amp#27;[0m Matched W3C error code 'no such element' to NoSuchElementError
[debug] &amp#27;[38;5;32m[AndroidUiautomator2Driver@1900 (e534f12e)]&amp#27;[0m Waited for 1203 ms so far
[debug] &amp#27;[38;5;32m[AndroidUiautomator2Driver@1900 (e534f12e)]&amp#27;[0m Matched '/element' to command name 'findElement'
[debug] &amp#27;[38;5;32m[AndroidUiautomator2Driver@1900 (e534f12e)]&amp#27;[0m Proxying [POST /element] to [POST http://127.0.0.1:8200/session/011dc30c-a90d-49f5-a2c1-f6bf4ea73f77/element] with body: {"strategy":"id","selector":"com.leanscale.dcafood.zoobaegypt.beta:id/buttonVerify","context":"","multiple":false}
&amp#27;[38;5;32m[AndroidUiautomator2Driver@1900 (e534f12e)]&amp#27;[0m Got response with status 404: {"sessionId":"011dc30c-a90d-49f5-a2c1-f6bf4ea73f77","value":{"error":"no such element","message":"An element could not be located on the page using the given search parameters","stacktrace":"io.appium.uiautomator2.common.exceptions.ElementNotFoundException: An element could not be located on the page using the given search parameters\n\tat io.appium.uiautomator2.handler.FindElement.safeHandle(FindElement.java:63)\n\tat io.appium.uiautomator2.handler.request.SafeRequestHandler.handle(SafeRequestHandler.java:59)\n\tat io.appium.uiautomator2.server.AppiumServlet.handleRequest(AppiumServlet.java:277)\n\tat io.appium.uiautomator2.server.AppiumServlet.handleHttpRequest(AppiumServlet.java:271)\n\tat io.appium.uiautomator2.http.ServerHandler.channelRead(ServerHandler.java:77)\n\tat io.netty.channel.AbstractChannelHandlerContext.invokeChannelRead(AbstractChannelHandlerContext.java:366)\n\tat io.netty.channel.AbstractChannelHandlerContext.invokeChannelRead(AbstractChannelHandlerContext.java:352)\n\tat io.netty.chann...
[debug] &amp#27;[38;5;128m[W3C]&amp#27;[0m Matched W3C error code 'no such element' to NoSuchElementError
[debug] &amp#27;[38;5;32m[AndroidUiautomator2Driver@1900 (e534f12e)]&amp#27;[0m Waited for 3573 ms so far
[debug] &amp#27;[38;5;32m[AndroidUiautomator2Driver@1900 (e534f12e)]&amp#27;[0m Matched '/element' to command name 'findElement'
[debug] &amp#27;[38;5;32m[AndroidUiautomator2Driver@1900 (e534f12e)]&amp#27;[0m Proxying [POST /element] to [POST http://127.0.0.1:8200/session/011dc30c-a90d-49f5-a2c1-f6bf4ea73f77/element] with body: {"strategy":"id","selector":"com.leanscale.dcafood.zoobaegypt.beta:id/buttonVerify","context":"","multiple":false}
&amp#27;[38;5;32m[AndroidUiautomator2Driver@1900 (e534f12e)]&amp#27;[0m Got response with status 404: {"sessionId":"011dc30c-a90d-49f5-a2c1-f6bf4ea73f77","value":{"error":"no such element","message":"An element could not be located on the page using the given search parameters","stacktrace":"io.appium.uiautomator2.common.exceptions.ElementNotFoundException: An element could not be located on the page using the given search parameters\n\tat io.appium.uiautomator2.handler.FindElement.safeHandle(FindElement.java:63)\n\tat io.appium.uiautomator2.handler.request.SafeRequestHandler.handle(SafeRequestHandler.java:59)\n\tat io.appium.uiautomator2.server.AppiumServlet.handleRequest(AppiumServlet.java:277)\n\tat io.appium.uiautomator2.server.AppiumServlet.handleHttpRequest(AppiumServlet.java:271)\n\tat io.appium.uiautomator2.http.ServerHandler.channelRead(ServerHandler.java:77)\n\tat io.netty.channel.AbstractChannelHandlerContext.invokeChannelRead(AbstractChannelHandlerContext.java:366)\n\tat io.netty.channel.AbstractChannelHandlerContext.invokeChannelRead(AbstractChannelHandlerContext.java:352)\n\tat io.netty.chann...
[debug] &amp#27;[38;5;128m[W3C]&amp#27;[0m Matched W3C error code 'no such element' to NoSuchElementError
[debug] &amp#27;[38;5;32m[AndroidUiautomator2Driver@1900 (e534f12e)]&amp#27;[0m Waited for 4144 ms so far
[debug] &amp#27;[38;5;32m[AndroidUiautomator2Driver@1900 (e534f12e)]&amp#27;[0m Matched '/element' to command name 'findElement'
[debug] &amp#27;[38;5;32m[AndroidUiautomator2Driver@1900 (e534f12e)]&amp#27;[0m Proxying [POST /element] to [POST http://127.0.0.1:8200/session/011dc30c-a90d-49f5-a2c1-f6bf4ea73f77/element] with body: {"strategy":"id","selector":"com.leanscale.dcafood.zoobaegypt.beta:id/buttonVerify","context":"","multiple":false}
&amp#27;[38;5;32m[AndroidUiautomator2Driver@1900 (e534f12e)]&amp#27;[0m Got response with status 404: {"sessionId":"011dc30c-a90d-49f5-a2c1-f6bf4ea73f77","value":{"error":"no such element","message":"An element could not be located on the page using the given search parameters","stacktrace":"io.appium.uiautomator2.common.exceptions.ElementNotFoundException: An element could not be located on the page using the given search parameters\n\tat io.appium.uiautomator2.handler.FindElement.safeHandle(FindElement.java:63)\n\tat io.appium.uiautomator2.handler.request.SafeRequestHandler.handle(SafeRequestHandler.java:59)\n\tat io.appium.uiautomator2.server.AppiumServlet.handleRequest(AppiumServlet.java:277)\n\tat io.appium.uiautomator2.server.AppiumServlet.handleHttpRequest(AppiumServlet.java:271)\n\tat io.appium.uiautomator2.http.ServerHandler.channelRead(ServerHandler.java:77)\n\tat io.netty.channel.AbstractChannelHandlerContext.invokeChannelRead(AbstractChannelHandlerContext.java:366)\n\tat io.netty.channel.AbstractChannelHandlerContext.invokeChannelRead(AbstractChannelHandlerContext.java:352)\n\tat io.netty.chann...
[debug] &amp#27;[38;5;128m[W3C]&amp#27;[0m Matched W3C error code 'no such element' to NoSuchElementError
[debug] &amp#27;[38;5;32m[AndroidUiautomator2Driver@1900 (e534f12e)]&amp#27;[0m Waited for 4758 ms so far
[debug] &amp#27;[38;5;32m[AndroidUiautomator2Driver@1900 (e534f12e)]&amp#27;[0m Matched '/element' to command name 'findElement'
[debug] &amp#27;[38;5;32m[AndroidUiautomator2Driver@1900 (e534f12e)]&amp#27;[0m Proxying [POST /element] to [POST http://127.0.0.1:8200/session/011dc30c-a90d-49f5-a2c1-f6bf4ea73f77/element] with body: {"strategy":"id","selector":"com.leanscale.dcafood.zoobaegypt.beta:id/buttonVerify","context":"","multiple":false}
&amp#27;[38;5;32m[AndroidUiautomator2Driver@1900 (e534f12e)]&amp#27;[0m Got response with status 404: {"sessionId":"011dc30c-a90d-49f5-a2c1-f6bf4ea73f77","value":{"error":"no such element","message":"An element could not be located on the page using the given search parameters","stacktrace":"io.appium.uiautomator2.common.exceptions.ElementNotFoundException: An element could not be located on the page using the given search parameters\n\tat io.appium.uiautomator2.handler.FindElement.safeHandle(FindElement.java:63)\n\tat io.appium.uiautomator2.handler.request.SafeRequestHandler.handle(SafeRequestHandler.java:59)\n\tat io.appium.uiautomator2.server.AppiumServlet.handleRequest(AppiumServlet.java:277)\n\tat io.appium.uiautomator2.server.AppiumServlet.handleHttpRequest(AppiumServlet.java:271)\n\tat io.appium.uiautomator2.http.ServerHandler.channelRead(ServerHandler.java:77)\n\tat io.netty.channel.AbstractChannelHandlerContext.invokeChannelRead(AbstractChannelHandlerContext.java:366)\n\tat io.netty.channel.AbstractChannelHandlerContext.invokeChannelRead(AbstractChannelHandlerContext.java:352)\n\tat io.netty.chann...
[debug] &amp#27;[38;5;128m[W3C]&amp#27;[0m Matched W3C error code 'no such element' to NoSuchElementError
[debug] &amp#27;[38;5;32m[AndroidUiautomator2Driver@1900 (e534f12e)]&amp#27;[0m Waited for 5334 ms so far
[debug] &amp#27;[38;5;32m[AndroidUiautomator2Driver@1900 (e534f12e)]&amp#27;[0m Matched '/element' to command name 'findElement'
[debug] &amp#27;[38;5;32m[AndroidUiautomator2Driver@1900 (e534f12e)]&amp#27;[0m Proxying [POST /element] to [POST http://127.0.0.1:8200/session/011dc30c-a90d-49f5-a2c1-f6bf4ea73f77/element] with body: {"strategy":"id","selector":"com.leanscale.dcafood.zoobaegypt.beta:id/buttonVerify","context":"","multiple":false}
&amp#27;[38;5;32m[AndroidUiautomator2Driver@1900 (e534f12e)]&amp#27;[0m Got response with status 404: {"sessionId":"011dc30c-a90d-49f5-a2c1-f6bf4ea73f77","value":{"error":"no such element","message":"An element could not be located on the page using the given search parameters","stacktrace":"io.appium.uiautomator2.common.exceptions.ElementNotFoundException: An element could not be located on the page using the given search parameters\n\tat io.appium.uiautomator2.handler.FindElement.safeHandle(FindElement.java:63)\n\tat io.appium.uiautomator2.handler.request.SafeRequestHandler.handle(SafeRequestHandler.java:59)\n\tat io.appium.uiautomator2.server.AppiumServlet.handleRequest(AppiumServlet.java:277)\n\tat io.appium.uiautomator2.server.AppiumServlet.handleHttpRequest(AppiumServlet.java:271)\n\tat io.appium.uiautomator2.http.ServerHandler.channelRead(ServerHandler.java:77)\n\tat io.netty.channel.AbstractChannelHandlerContext.invokeChannelRead(AbstractChannelHandlerContext.java:366)\n\tat io.netty.channel.AbstractChannelHandlerContext.invokeChannelRead(AbstractChannelHandlerContext.java:352)\n\tat io.netty.chann...
[debug] &amp#27;[38;5;128m[W3C]&amp#27;[0m Matched W3C error code 'no such element' to NoSuchElementError
[debug] &amp#27;[38;5;32m[AndroidUiautomator2Driver@1900 (e534f12e)]&amp#27;[0m Waited for 5909 ms so far
[debug] &amp#27;[38;5;32m[AndroidUiautomator2Driver@1900 (e534f12e)]&amp#27;[0m Matched '/element' to command name 'findElement'
[debug] &amp#27;[38;5;32m[AndroidUiautomator2Driver@1900 (e534f12e)]&amp#27;[0m Proxying [POST /element] to [POST http://127.0.0.1:8200/session/011dc30c-a90d-49f5-a2c1-f6bf4ea73f77/element] with body: {"strategy":"id","selector":"com.leanscale.dcafood.zoobaegypt.beta:id/buttonVerify","context":"","multiple":false}
&amp#27;[38;5;32m[AndroidUiautomator2Driver@1900 (e534f12e)]&amp#27;[0m Got response with status 404: {"sessionId":"011dc30c-a90d-49f5-a2c1-f6bf4ea73f77","value":{"error":"no such element","message":"An element could not be located on the page using the given search parameters","stacktrace":"io.appium.uiautomator2.common.exceptions.ElementNotFoundException: An element could not be located on the page using the given search parameters\n\tat io.appium.uiautomator2.handler.FindElement.safeHandle(FindElement.java:63)\n\tat io.appium.uiautomator2.handler.request.SafeRequestHandler.handle(SafeRequestHandler.java:59)\n\tat io.appium.uiautomator2.server.AppiumServlet.handleRequest(AppiumServlet.java:277)\n\tat io.appium.uiautomator2.server.AppiumServlet.handleHttpRequest(AppiumServlet.java:271)\n\tat io.appium.uiautomator2.http.ServerHandler.channelRead(ServerHandler.java:77)\n\tat io.netty.channel.AbstractChannelHandlerContext.invokeChannelRead(AbstractChannelHandlerContext.java:366)\n\tat io.netty.channel.AbstractChannelHandlerContext.invokeChannelRead(AbstractChannelHandlerContext.java:352)\n\tat io.netty.chann...
[debug] &amp#27;[38;5;128m[W3C]&amp#27;[0m Matched W3C error code 'no such element' to NoSuchElementError
[debug] &amp#27;[38;5;32m[AndroidUiautomator2Driver@1900 (e534f12e)]&amp#27;[0m Waited for 6489 ms so far
[debug] &amp#27;[38;5;32m[AndroidUiautomator2Driver@1900 (e534f12e)]&amp#27;[0m Matched '/element' to command name 'findElement'
[debug] &amp#27;[38;5;32m[AndroidUiautomator2Driver@1900 (e534f12e)]&amp#27;[0m Proxying [POST /element] to [POST http://127.0.0.1:8200/session/011dc30c-a90d-49f5-a2c1-f6bf4ea73f77/element] with body: {"strategy":"id","selector":"com.leanscale.dcafood.zoobaegypt.beta:id/buttonVerify","context":"","multiple":false}
&amp#27;[38;5;32m[AndroidUiautomator2Driver@1900 (e534f12e)]&amp#27;[0m Got response with status 404: {"sessionId":"011dc30c-a90d-49f5-a2c1-f6bf4ea73f77","value":{"error":"no such element","message":"An element could not be located on the page using the given search parameters","stacktrace":"io.appium.uiautomator2.common.exceptions.ElementNotFoundException: An element could not be located on the page using the given search parameters\n\tat io.appium.uiautomator2.handler.FindElement.safeHandle(FindElement.java:63)\n\tat io.appium.uiautomator2.handler.request.SafeRequestHandler.handle(SafeRequestHandler.java:59)\n\tat io.appium.uiautomator2.server.AppiumServlet.handleRequest(AppiumServlet.java:277)\n\tat io.appium.uiautomator2.server.AppiumServlet.handleHttpRequest(AppiumServlet.java:271)\n\tat io.appium.uiautomator2.http.ServerHandler.channelRead(ServerHandler.java:77)\n\tat io.netty.channel.AbstractChannelHandlerContext.invokeChannelRead(AbstractChannelHandlerContext.java:366)\n\tat io.netty.channel.AbstractChannelHandlerContext.invokeChannelRead(AbstractChannelHandlerContext.java:352)\n\tat io.netty.chann...
[debug] &amp#27;[38;5;128m[W3C]&amp#27;[0m Matched W3C error code 'no such element' to NoSuchElementError
[debug] &amp#27;[38;5;32m[AndroidUiautomator2Driver@1900 (e534f12e)]&amp#27;[0m Waited for 7056 ms so far
[debug] &amp#27;[38;5;32m[AndroidUiautomator2Driver@1900 (e534f12e)]&amp#27;[0m Matched '/element' to command name 'findElement'
[debug] &amp#27;[38;5;32m[AndroidUiautomator2Driver@1900 (e534f12e)]&amp#27;[0m Proxying [POST /element] to [POST http://127.0.0.1:8200/session/011dc30c-a90d-49f5-a2c1-f6bf4ea73f77/element] with body: {"strategy":"id","selector":"com.leanscale.dcafood.zoobaegypt.beta:id/buttonVerify","context":"","multiple":false}
&amp#27;[38;5;32m[AndroidUiautomator2Driver@1900 (e534f12e)]&amp#27;[0m Got response with status 404: {"sessionId":"011dc30c-a90d-49f5-a2c1-f6bf4ea73f77","value":{"error":"no such element","message":"An element could not be located on the page using the given search parameters","stacktrace":"io.appium.uiautomator2.common.exceptions.ElementNotFoundException: An element could not be located on the page using the given search parameters\n\tat io.appium.uiautomator2.handler.FindElement.safeHandle(FindElement.java:63)\n\tat io.appium.uiautomator2.handler.request.SafeRequestHandler.handle(SafeRequestHandler.java:59)\n\tat io.appium.uiautomator2.server.AppiumServlet.handleRequest(AppiumServlet.java:277)\n\tat io.appium.uiautomator2.server.AppiumServlet.handleHttpRequest(AppiumServlet.java:271)\n\tat io.appium.uiautomator2.http.ServerHandler.channelRead(ServerHandler.java:77)\n\tat io.netty.channel.AbstractChannelHandlerContext.invokeChannelRead(AbstractChannelHandlerContext.java:366)\n\tat io.netty.channel.AbstractChannelHandlerContext.invokeChannelRead(AbstractChannelHandlerContext.java:352)\n\tat io.netty.chann...
[debug] &amp#27;[38;5;128m[W3C]&amp#27;[0m Matched W3C error code 'no such element' to NoSuchElementError
[debug] &amp#27;[38;5;32m[AndroidUiautomator2Driver@1900 (e534f12e)]&amp#27;[0m Waited for 7642 ms so far
[debug] &amp#27;[38;5;32m[AndroidUiautomator2Driver@1900 (e534f12e)]&amp#27;[0m Matched '/element' to command name 'findElement'
[debug] &amp#27;[38;5;32m[AndroidUiautomator2Driver@1900 (e534f12e)]&amp#27;[0m Proxying [POST /element] to [POST http://127.0.0.1:8200/session/011dc30c-a90d-49f5-a2c1-f6bf4ea73f77/element] with body: {"strategy":"id","selector":"com.leanscale.dcafood.zoobaegypt.beta:id/buttonVerify","context":"","multiple":false}
&amp#27;[38;5;32m[AndroidUiautomator2Driver@1900 (e534f12e)]&amp#27;[0m Got response with status 404: {"sessionId":"011dc30c-a90d-49f5-a2c1-f6bf4ea73f77","value":{"error":"no such element","message":"An element could not be located on the page using the given search parameters","stacktrace":"io.appium.uiautomator2.common.exceptions.ElementNotFoundException: An element could not be located on the page using the given search parameters\n\tat io.appium.uiautomator2.handler.FindElement.safeHandle(FindElement.java:63)\n\tat io.appium.uiautomator2.handler.request.SafeRequestHandler.handle(SafeRequestHandler.java:59)\n\tat io.appium.uiautomator2.server.AppiumServlet.handleRequest(AppiumServlet.java:277)\n\tat io.appium.uiautomator2.server.AppiumServlet.handleHttpRequest(AppiumServlet.java:271)\n\tat io.appium.uiautomator2.http.ServerHandler.channelRead(ServerHandler.java:77)\n\tat io.netty.channel.AbstractChannelHandlerContext.invokeChannelRead(AbstractChannelHandlerContext.java:366)\n\tat io.netty.channel.AbstractChannelHandlerContext.invokeChannelRead(AbstractChannelHandlerContext.java:352)\n\tat io.netty.chann...
[debug] &amp#27;[38;5;128m[W3C]&amp#27;[0m Matched W3C error code 'no such element' to NoSuchElementError
[debug] &amp#27;[38;5;32m[AndroidUiautomator2Driver@1900 (e534f12e)]&amp#27;[0m Waited for 8199 ms so far
[debug] &amp#27;[38;5;32m[AndroidUiautomator2Driver@1900 (e534f12e)]&amp#27;[0m Matched '/element' to command name 'findElement'
[debug] &amp#27;[38;5;32m[AndroidUiautomator2Driver@1900 (e534f12e)]&amp#27;[0m Proxying [POST /element] to [POST http://127.0.0.1:8200/session/011dc30c-a90d-49f5-a2c1-f6bf4ea73f77/element] with body: {"strategy":"id","selector":"com.leanscale.dcafood.zoobaegypt.beta:id/buttonVerify","context":"","multiple":false}
&amp#27;[38;5;32m[AndroidUiautomator2Driver@1900 (e534f12e)]&amp#27;[0m Got response with status 404: {"sessionId":"011dc30c-a90d-49f5-a2c1-f6bf4ea73f77","value":{"error":"no such element","message":"An element could not be located on the page using the given search parameters","stacktrace":"io.appium.uiautomator2.common.exceptions.ElementNotFoundException: An element could not be located on the page using the given search parameters\n\tat io.appium.uiautomator2.handler.FindElement.safeHandle(FindElement.java:63)\n\tat io.appium.uiautomator2.handler.request.SafeRequestHandler.handle(SafeRequestHandler.java:59)\n\tat io.appium.uiautomator2.server.AppiumServlet.handleRequest(AppiumServlet.java:277)\n\tat io.appium.uiautomator2.server.AppiumServlet.handleHttpRequest(AppiumServlet.java:271)\n\tat io.appium.uiautomator2.http.ServerHandler.channelRead(ServerHandler.java:77)\n\tat io.netty.channel.AbstractChannelHandlerContext.invokeChannelRead(AbstractChannelHandlerContext.java:366)\n\tat io.netty.channel.AbstractChannelHandlerContext.invokeChannelRead(AbstractChannelHandlerContext.java:352)\n\tat io.netty.chann...
[debug] &amp#27;[38;5;128m[W3C]&amp#27;[0m Matched W3C error code 'no such element' to NoSuchElementError
[debug] &amp#27;[38;5;32m[AndroidUiautomator2Driver@1900 (e534f12e)]&amp#27;[0m Waited for 8765 ms so far
[debug] &amp#27;[38;5;32m[AndroidUiautomator2Driver@1900 (e534f12e)]&amp#27;[0m Matched '/element' to command name 'findElement'
[debug] &amp#27;[38;5;32m[AndroidUiautomator2Driver@1900 (e534f12e)]&amp#27;[0m Proxying [POST /element] to [POST http://127.0.0.1:8200/session/011dc30c-a90d-49f5-a2c1-f6bf4ea73f77/element] with body: {"strategy":"id","selector":"com.leanscale.dcafood.zoobaegypt.beta:id/buttonVerify","context":"","multiple":false}
&amp#27;[38;5;32m[AndroidUiautomator2Driver@1900 (e534f12e)]&amp#27;[0m Got response with status 404: {"sessionId":"011dc30c-a90d-49f5-a2c1-f6bf4ea73f77","value":{"error":"no such element","message":"An element could not be located on the page using the given search parameters","stacktrace":"io.appium.uiautomator2.common.exceptions.ElementNotFoundException: An element could not be located on the page using the given search parameters\n\tat io.appium.uiautomator2.handler.FindElement.safeHandle(FindElement.java:63)\n\tat io.appium.uiautomator2.handler.request.SafeRequestHandler.handle(SafeRequestHandler.java:59)\n\tat io.appium.uiautomator2.server.AppiumServlet.handleRequest(AppiumServlet.java:277)\n\tat io.appium.uiautomator2.server.AppiumServlet.handleHttpRequest(AppiumServlet.java:271)\n\tat io.appium.uiautomator2.http.ServerHandler.channelRead(ServerHandler.java:77)\n\tat io.netty.channel.AbstractChannelHandlerContext.invokeChannelRead(AbstractChannelHandlerContext.java:366)\n\tat io.netty.channel.AbstractChannelHandlerContext.invokeChannelRead(AbstractChannelHandlerContext.java:352)\n\tat io.netty.chann...
[debug] &amp#27;[38;5;128m[W3C]&amp#27;[0m Matched W3C error code 'no such element' to NoSuchElementError
[debug] &amp#27;[38;5;32m[AndroidUiautomator2Driver@1900 (e534f12e)]&amp#27;[0m Waited for 9348 ms so far
[debug] &amp#27;[38;5;32m[AndroidUiautomator2Driver@1900 (e534f12e)]&amp#27;[0m Matched '/element' to command name 'findElement'
[debug] &amp#27;[38;5;32m[AndroidUiautomator2Driver@1900 (e534f12e)]&amp#27;[0m Proxying [POST /element] to [POST http://127.0.0.1:8200/session/011dc30c-a90d-49f5-a2c1-f6bf4ea73f77/element] with body: {"strategy":"id","selector":"com.leanscale.dcafood.zoobaegypt.beta:id/buttonVerify","context":"","multiple":false}
&amp#27;[38;5;32m[AndroidUiautomator2Driver@1900 (e534f12e)]&amp#27;[0m Got response with status 404: {"sessionId":"011dc30c-a90d-49f5-a2c1-f6bf4ea73f77","value":{"error":"no such element","message":"An element could not be located on the page using the given search parameters","stacktrace":"io.appium.uiautomator2.common.exceptions.ElementNotFoundException: An element could not be located on the page using the given search parameters\n\tat io.appium.uiautomator2.handler.FindElement.safeHandle(FindElement.java:63)\n\tat io.appium.uiautomator2.handler.request.SafeRequestHandler.handle(SafeRequestHandler.java:59)\n\tat io.appium.uiautomator2.server.AppiumServlet.handleRequest(AppiumServlet.java:277)\n\tat io.appium.uiautomator2.server.AppiumServlet.handleHttpRequest(AppiumServlet.java:271)\n\tat io.appium.uiautomator2.http.ServerHandler.channelRead(ServerHandler.java:77)\n\tat io.netty.channel.AbstractChannelHandlerContext.invokeChannelRead(AbstractChannelHandlerContext.java:366)\n\tat io.netty.channel.AbstractChannelHandlerContext.invokeChannelRead(AbstractChannelHandlerContext.java:352)\n\tat io.netty.chann...
[debug] &amp#27;[38;5;128m[W3C]&amp#27;[0m Matched W3C error code 'no such element' to NoSuchElementError
[debug] &amp#27;[38;5;32m[AndroidUiautomator2Driver@1900 (e534f12e)]&amp#27;[0m Waited for 9894 ms so far
[debug] &amp#27;[38;5;32m[AndroidUiautomator2Driver@1900 (e534f12e)]&amp#27;[0m Matched '/element' to command name 'findElement'
[debug] &amp#27;[38;5;32m[AndroidUiautomator2Driver@1900 (e534f12e)]&amp#27;[0m Proxying [POST /element] to [POST http://127.0.0.1:8200/session/011dc30c-a90d-49f5-a2c1-f6bf4ea73f77/element] with body: {"strategy":"id","selector":"com.leanscale.dcafood.zoobaegypt.beta:id/buttonVerify","context":"","multiple":false}
&amp#27;[38;5;32m[AndroidUiautomator2Driver@1900 (e534f12e)]&amp#27;[0m Got response with status 404: {"sessionId":"011dc30c-a90d-49f5-a2c1-f6bf4ea73f77","value":{"error":"no such element","message":"An element could not be located on the page using the given search parameters","stacktrace":"io.appium.uiautomator2.common.exceptions.ElementNotFoundException: An element could not be located on the page using the given search parameters\n\tat io.appium.uiautomator2.handler.FindElement.safeHandle(FindElement.java:63)\n\tat io.appium.uiautomator2.handler.request.SafeRequestHandler.handle(SafeRequestHandler.java:59)\n\tat io.appium.uiautomator2.server.AppiumServlet.handleRequest(AppiumServlet.java:277)\n\tat io.appium.uiautomator2.server.AppiumServlet.handleHttpRequest(AppiumServlet.java:271)\n\tat io.appium.uiautomator2.http.ServerHandler.channelRead(ServerHandler.java:77)\n\tat io.netty.channel.AbstractChannelHandlerContext.invokeChannelRead(AbstractChannelHandlerContext.java:366)\n\tat io.netty.channel.AbstractChannelHandlerContext.invokeChannelRead(AbstractChannelHandlerContext.java:352)\n\tat io.netty.chann...
[debug] &amp#27;[38;5;128m[W3C]&amp#27;[0m Matched W3C error code 'no such element' to NoSuchElementError
[debug] &amp#27;[38;5;32m[AndroidUiautomator2Driver@1900 (e534f12e)]&amp#27;[0m Encountered internal error running command: NoSuchElementError: An element could not be located on the page using the given search parameters.
[debug] &amp#27;[38;5;32m[AndroidUiautomator2Driver@1900 (e534f12e)]&amp#27;[0m     at AndroidUiautomator2Driver.findElOrEls (/Users/dori/.appium/node_modules/appium-uiautomator2-driver/node_modules/appium-android-driver/lib/commands/find.js:75:11)
[debug] &amp#27;[38;5;32m[AndroidUiautomator2Driver@1900 (e534f12e)]&amp#27;[0m     at runMicrotasks (<anonymous>)
[debug] &amp#27;[38;5;32m[AndroidUiautomator2Driver@1900 (e534f12e)]&amp#27;[0m     at processTicksAndRejections (node:internal/process/task_queues:96:5)
[debug] &amp#27;[38;5;32m[AndroidUiautomator2Driver@1900 (e534f12e)]&amp#27;[0m     at AndroidUiautomator2Driver.findElOrElsWithProcessing (/usr/local/lib/node_modules/appium/node_modules/@appium/base-driver/lib/basedriver/commands/find.ts:60:12)
[debug] &amp#27;[38;5;32m[AndroidUiautomator2Driver@1900 (e534f12e)]&amp#27;[0m     at AndroidUiautomator2Driver.findElement (/usr/local/lib/node_modules/appium/node_modules/@appium/base-driver/lib/basedriver/commands/find.ts:75:12)
&amp#27;[38;5;0m[HTTP]&amp#27;[0m <-- POST /session/e534f12e-89fc-43e4-9f11-e386023563ad/element 404 10626 ms - 845
&amp#27;[38;5;0m[HTTP]&amp#27;[0m 
]]></system-out>
  </testcase>
  <testcase name="forgotPassword" classname="org.RegressionTests.ForgotPasswordTest" time="27.81">
    <failure message="An element could not be located on the page using the given search parameters.&#10;For documentation on this error, please visit: https://www.selenium.dev/documentation/webdriver/troubleshooting/errors#no-such-element-exception&#10;Build info: version: &apos;4.13.0&apos;, revision: &apos;ba948ece5b*&apos;&#10;System info: os.name: &apos;Mac OS X&apos;, os.arch: &apos;x86_64&apos;, os.version: &apos;13.2.1&apos;, java.version: &apos;11.0.17&apos;&#10;Driver info: io.appium.java_client.android.AndroidDriver&#10;Command: [cac15722-a47a-4629-8ad0-5034155aaef4, findElement {using=id, value=com.leanscale.dcafood.zoobaegypt.beta:id/buttonSubmit}]&#10;Capabilities {appium:app: /Users/dori/Downloads/zooba..., appium:appPackage: com.leanscale.dcafood.zooba..., appium:autoGrantPermissions: true, appium:automationName: UIAutomator2, appium:chromeOptions: {w3c: false}, appium:chromedriverExecutable: /Users/dori/Downloads/zooba..., appium:databaseEnabled: false, appium:desired: {app: /Users/dori/Downloads/zooba..., autoGrantPermissions: true, automationName: UIAutomator2, chromeOptions: {w3c: false}, chromedriverExecutable: /Users/dori/Downloads/zooba..., deviceName: PlayStore, platformName: ANDROID}, appium:deviceApiLevel: 33, appium:deviceManufacturer: Google, appium:deviceModel: sdk_gphone64_arm64, appium:deviceName: emulator-5554, appium:deviceScreenDensity: 440, appium:deviceScreenSize: 1080x2280, appium:deviceUDID: emulator-5554, appium:javascriptEnabled: true, appium:locationContextEnabled: false, appium:networkConnectionEnabled: true, appium:pixelRatio: 2.75, appium:platformVersion: 13, appium:statBarHeight: 66, appium:takesScreenshot: true, appium:viewportRect: {height: 2148, left: 0, top: 66, width: 1080}, appium:warnings: {}, appium:webStorageEnabled: false, platformName: ANDROID}&#10;Session ID: cac15722-a47a-4629-8ad0-5034155aaef4" type="org.openqa.selenium.NoSuchElementException">org.openqa.selenium.NoSuchElementException: 
An element could not be located on the page using the given search parameters.
For documentation on this error, please visit: https://www.selenium.dev/documentation/webdriver/troubleshooting/errors#no-such-element-exception
Build info: version: '4.13.0', revision: 'ba948ece5b*'
System info: os.name: 'Mac OS X', os.arch: 'x86_64', os.version: '13.2.1', java.version: '11.0.17'
Driver info: io.appium.java_client.android.AndroidDriver
Command: [cac15722-a47a-4629-8ad0-5034155aaef4, findElement {using=id, value=com.leanscale.dcafood.zoobaegypt.beta:id/buttonSubmit}]
Capabilities {appium:app: /Users/dori/Downloads/zooba..., appium:appPackage: com.leanscale.dcafood.zooba..., appium:autoGrantPermissions: true, appium:automationName: UIAutomator2, appium:chromeOptions: {w3c: false}, appium:chromedriverExecutable: /Users/dori/Downloads/zooba..., appium:databaseEnabled: false, appium:desired: {app: /Users/dori/Downloads/zooba..., autoGrantPermissions: true, automationName: UIAutomator2, chromeOptions: {w3c: false}, chromedriverExecutable: /Users/dori/Downloads/zooba..., deviceName: PlayStore, platformName: ANDROID}, appium:deviceApiLevel: 33, appium:deviceManufacturer: Google, appium:deviceModel: sdk_gphone64_arm64, appium:deviceName: emulator-5554, appium:deviceScreenDensity: 440, appium:deviceScreenSize: 1080x2280, appium:deviceUDID: emulator-5554, appium:javascriptEnabled: true, appium:locationContextEnabled: false, appium:networkConnectionEnabled: true, appium:pixelRatio: 2.75, appium:platformVersion: 13, appium:statBarHeight: 66, appium:takesScreenshot: true, appium:viewportRect: {height: 2148, left: 0, top: 66, width: 1080}, appium:warnings: {}, appium:webStorageEnabled: false, platformName: ANDROID}
Session ID: cac15722-a47a-4629-8ad0-5034155aaef4
	at org.RegressionTests.ForgotPasswordTest.forgotPassword(ForgotPasswordTest.java:22)
</failure>
    <system-out><![CDATA[&amp#27;[38;5;0m[HTTP]&amp#27;[0m &amp#27;[37m-->&amp#27;[39m &amp#27;[37mDELETE&amp#27;[39m &amp#27;[37m/session/e534f12e-89fc-43e4-9f11-e386023563ad&amp#27;[39m
&amp#27;[38;5;0m[HTTP]&amp#27;[0m {}
[debug] &amp#27;[38;5;32m[AndroidUiautomator2Driver@1900 (e534f12e)]&amp#27;[0m Calling AppiumDriver.deleteSession() with args: ["e534f12e-89fc-43e4-9f11-e386023563ad"]
[debug] &amp#27;[38;5;16m[AppiumDriver@ca5b]&amp#27;[0m Event 'quitSessionRequested' logged at 1696870920948 (20:02:00 GMT+0300 (GMT+03:00))
&amp#27;[38;5;16m[AppiumDriver@ca5b]&amp#27;[0m Removing session e534f12e-89fc-43e4-9f11-e386023563ad from our master session list
[debug] &amp#27;[38;5;32m[AndroidUiautomator2Driver@1900 (e534f12e)]&amp#27;[0m Deleting UiAutomator2 session
[debug] &amp#27;[38;5;32m[AndroidUiautomator2Driver@1900 (e534f12e)]&amp#27;[0m Deleting UiAutomator2 server session
[debug] &amp#27;[38;5;32m[AndroidUiautomator2Driver@1900 (e534f12e)]&amp#27;[0m Matched '/' to command name 'deleteSession'
[debug] &amp#27;[38;5;32m[AndroidUiautomator2Driver@1900 (e534f12e)]&amp#27;[0m Proxying [DELETE /] to [DELETE http://127.0.0.1:8200/session/011dc30c-a90d-49f5-a2c1-f6bf4ea73f77] with no body
[debug] &amp#27;[38;5;32m[AndroidUiautomator2Driver@1900 (e534f12e)]&amp#27;[0m Got response with status 200: {"sessionId":"011dc30c-a90d-49f5-a2c1-f6bf4ea73f77","value":null}
[debug] &amp#27;[38;5;64m[ADB]&amp#27;[0m Running '/Users/dori/Library/Android/sdk/platform-tools/adb -P 5037 -s emulator-5554 shell dumpsys activity services io.appium.settings/.recorder.RecorderService'
[debug] &amp#27;[38;5;64m[ADB]&amp#27;[0m Running '/Users/dori/Library/Android/sdk/platform-tools/adb -P 5037 -s emulator-5554 shell am force-stop com.leanscale.dcafood.zoobaegypt.beta'
[debug] &amp#27;[38;5;96m[Logcat]&amp#27;[0m Stopping logcat capture
[debug] &amp#27;[38;5;64m[ADB]&amp#27;[0m Removing forwarded port socket connection: 8200 
[debug] &amp#27;[38;5;64m[ADB]&amp#27;[0m Running '/Users/dori/Library/Android/sdk/platform-tools/adb -P 5037 -s emulator-5554 forward --remove tcp:8200'
&amp#27;[38;5;32m[AndroidUiautomator2Driver@1900 (e534f12e)]&amp#27;[0m Restoring hidden api policy to the device default configuration
[debug] &amp#27;[38;5;64m[ADB]&amp#27;[0m Running '/Users/dori/Library/Android/sdk/platform-tools/adb -P 5037 -s emulator-5554 shell 'settings delete global hidden_api_policy_pre_p_apps;settings delete global hidden_api_policy_p_apps;settings delete global hidden_api_policy''
[debug] &amp#27;[38;5;16m[AppiumDriver@ca5b]&amp#27;[0m Event 'quitSessionFinished' logged at 1696870921290 (20:02:01 GMT+0300 (GMT+03:00))
[debug] &amp#27;[38;5;16m[AppiumDriver@ca5b]&amp#27;[0m Received response: null
[debug] &amp#27;[38;5;16m[AppiumDriver@ca5b]&amp#27;[0m But deleting session, so not returning
[debug] &amp#27;[38;5;16m[AppiumDriver@ca5b]&amp#27;[0m Responding to client with driver.deleteSession() result: null
&amp#27;[38;5;0m[HTTP]&amp#27;[0m <-- DELETE /session/e534f12e-89fc-43e4-9f11-e386023563ad 200 346 ms - 14
&amp#27;[38;5;0m[HTTP]&amp#27;[0m 
null
&amp#27;[35m[Appium]&amp#27;[39m Welcome to Appium v2.0.1
&amp#27;[35m[Appium]&amp#27;[39m Non-default server args:
&amp#27;[35m[Appium]&amp#27;[39m { port: &amp#27;[33m4724&amp#27;[39m }
&amp#27;[35m[Appium]&amp#27;[39m Attempting to load driver uiautomator2...
[debug] &amp#27;[35m[Appium]&amp#27;[39m Requiring driver at /Users/dori/.appium/node_modules/appium-uiautomator2-driver
[Appium] Appium REST http interface listener started on http://0.0.0.0:4724
[Appium] You can provide the following URLS in your client code to connect to this server:
[Appium] 	http://127.0.0.1:4724/ (only accessible from the same host)
[Appium] 	http://192.168.1.103:4724/
[Appium] Available drivers:
[Appium]   - uiautomator2@2.29.11 (automationName 'UiAutomator2')
[Appium] No plugins have been installed. Use the "appium plugin" command to install the one(s) you want to use.
&amp#27;[38;5;0m[HTTP]&amp#27;[0m &amp#27;[37m-->&amp#27;[39m &amp#27;[37mGET&amp#27;[39m &amp#27;[37m/status&amp#27;[39m
&amp#27;[38;5;0m[HTTP]&amp#27;[0m {}
[debug] &amp#27;[38;5;16m[AppiumDriver@f653]&amp#27;[0m Calling AppiumDriver.getStatus() with args: []
[debug] &amp#27;[38;5;16m[AppiumDriver@f653]&amp#27;[0m Responding to client with driver.getStatus() result: {"build":{"version":"2.0.1"}}
&amp#27;[38;5;0m[HTTP]&amp#27;[0m <-- GET /status 200 19 ms - 39
&amp#27;[38;5;0m[HTTP]&amp#27;[0m 
[debug] &amp#27;[38;5;0m[HTTP]&amp#27;[0m Request idempotency key: 87682629-1c7d-438d-af29-9e855466d35d
&amp#27;[38;5;0m[HTTP]&amp#27;[0m &amp#27;[37m-->&amp#27;[39m &amp#27;[37mPOST&amp#27;[39m &amp#27;[37m/session&amp#27;[39m
&amp#27;[38;5;0m[HTTP]&amp#27;[0m {"capabilities":{"firstMatch":[{}],"alwaysMatch":{"appium:app":"/Users/dori/Downloads/zoobaAutomation-master//src//main//java//org//zoobaApp//Resources//zooba.apk","appium:autoGrantPermissions":true,"appium:automationName":"UIAutomator2","appium:chromeOptions":{"w3c":false},"appium:chromedriverExecutable":"/Users/dori/Downloads/zoobaAutomation-master//src//main//java//org//zoobaApp//TestUtils//Drivers//ChromeDriver//chromedriver.exe","appium:deviceName":"PlayStore","platformName":"ANDROID"}}}
[debug] &amp#27;[38;5;16m[AppiumDriver@f653]&amp#27;[0m Calling AppiumDriver.createSession() with args: [null,null,{"firstMatch":[{}],"alwaysMatch":{"appium:app":"/Users/dori/Downloads/zoobaAutomation-master//src//main//java//org//zoobaApp//Resources//zooba.apk","appium:autoGrantPermissions":true,"appium:automationName":"UIAutomator2","appium:chromeOptions":{"w3c":false},"appium:chromedriverExecutable":"/Users/dori/Downloads/zoobaAutomation-master//src//main//java//org//zoobaApp//TestUtils//Drivers//ChromeDriver//chromedriver.exe","appium:deviceName":"PlayStore","platformName":"ANDROID"}}]
[debug] &amp#27;[38;5;16m[AppiumDriver@f653]&amp#27;[0m Event 'newSessionRequested' logged at 1696870928610 (20:02:08 GMT+0300 (GMT+03:00))
[Appium] Attempting to find matching driver for automationName 'UIAutomator2' and platformName 'ANDROID'
[Appium] The 'uiautomator2' driver was installed and matched caps.
[Appium] Will require it at /Users/dori/.appium/node_modules/appium-uiautomator2-driver
[debug] [Appium] Requiring driver at /Users/dori/.appium/node_modules/appium-uiautomator2-driver
&amp#27;[38;5;16m[AppiumDriver@f653]&amp#27;[0m Appium v2.0.1 creating new AndroidUiautomator2Driver (v2.29.11) session
&amp#27;[38;5;16m[AppiumDriver@f653]&amp#27;[0m Checking BaseDriver versions for Appium and AndroidUiautomator2Driver
&amp#27;[38;5;16m[AppiumDriver@f653]&amp#27;[0m Appium's BaseDriver version is 9.3.16
&amp#27;[38;5;16m[AppiumDriver@f653]&amp#27;[0m AndroidUiautomator2Driver's BaseDriver version is 9.3.16
[debug] &amp#27;[38;5;32m[AndroidUiautomator2Driver@b8f8]&amp#27;[0m Creating session with W3C capabilities: {
[debug] &amp#27;[38;5;32m[AndroidUiautomator2Driver@b8f8]&amp#27;[0m   "alwaysMatch": {
[debug] &amp#27;[38;5;32m[AndroidUiautomator2Driver@b8f8]&amp#27;[0m     "platformName": "ANDROID",
[debug] &amp#27;[38;5;32m[AndroidUiautomator2Driver@b8f8]&amp#27;[0m     "appium:app": "/Users/dori/Downloads/zoobaAutomation-master//src//main//java//org//zoobaApp//Resources//zooba.apk",
[debug] &amp#27;[38;5;32m[AndroidUiautomator2Driver@b8f8]&amp#27;[0m     "appium:autoGrantPermissions": true,
[debug] &amp#27;[38;5;32m[AndroidUiautomator2Driver@b8f8]&amp#27;[0m     "appium:automationName": "UIAutomator2",
[debug] &amp#27;[38;5;32m[AndroidUiautomator2Driver@b8f8]&amp#27;[0m     "appium:chromeOptions": {
[debug] &amp#27;[38;5;32m[AndroidUiautomator2Driver@b8f8]&amp#27;[0m       "w3c": false
[debug] &amp#27;[38;5;32m[AndroidUiautomator2Driver@b8f8]&amp#27;[0m     },
[debug] &amp#27;[38;5;32m[AndroidUiautomator2Driver@b8f8]&amp#27;[0m     "appium:chromedriverExecutable": "/Users/dori/Downloads/zoobaAutomation-master//src//main//java//org//zoobaApp//TestUtils//Drivers//ChromeDriver//chromedriver.exe",
[debug] &amp#27;[38;5;32m[AndroidUiautomator2Driver@b8f8]&amp#27;[0m     "appium:deviceName": "PlayStore"
[debug] &amp#27;[38;5;32m[AndroidUiautomator2Driver@b8f8]&amp#27;[0m   },
[debug] &amp#27;[38;5;32m[AndroidUiautomator2Driver@b8f8]&amp#27;[0m   "firstMatch": [
[debug] &amp#27;[38;5;32m[AndroidUiautomator2Driver@b8f8]&amp#27;[0m     {}
[debug] &amp#27;[38;5;32m[AndroidUiautomator2Driver@b8f8]&amp#27;[0m   ]
[debug] &amp#27;[38;5;32m[AndroidUiautomator2Driver@b8f8]&amp#27;[0m }
&amp#27;[38;5;32m[AndroidUiautomator2Driver@b8f8]&amp#27;[0m The following capabilities were provided, but are not recognized by Appium:
&amp#27;[38;5;32m[AndroidUiautomator2Driver@b8f8]&amp#27;[0m   deviceName
&amp#27;[38;5;32m[AndroidUiautomator2Driver@b8f8 (cac15722)]&amp#27;[0m Session created with session id: cac15722-a47a-4629-8ad0-5034155aaef4
&amp#27;[38;5;48m[BaseDriver]&amp#27;[0m Using local app '/Users/dori/Downloads/zoobaAutomation-master//src//main//java//org//zoobaApp//Resources//zooba.apk'
[debug] &amp#27;[38;5;32m[AndroidUiautomator2Driver@b8f8 (cac15722)]&amp#27;[0m Checking whether app is actually present
&amp#27;[38;5;64m[ADB]&amp#27;[0m Found 4 'build-tools' folders under '/Users/dori/Library/Android/sdk' (newest first):
&amp#27;[38;5;64m[ADB]&amp#27;[0m     /Users/dori/Library/Android/sdk/build-tools/33.0.1
&amp#27;[38;5;64m[ADB]&amp#27;[0m     /Users/dori/Library/Android/sdk/build-tools/33.0.0
&amp#27;[38;5;64m[ADB]&amp#27;[0m     /Users/dori/Library/Android/sdk/build-tools/30.0.3
&amp#27;[38;5;64m[ADB]&amp#27;[0m     /Users/dori/Library/Android/sdk/build-tools/30.0.2
&amp#27;[38;5;64m[ADB]&amp#27;[0m Using 'adb' from '/Users/dori/Library/Android/sdk/platform-tools/adb'
[debug] &amp#27;[38;5;64m[ADB]&amp#27;[0m Running '/Users/dori/Library/Android/sdk/platform-tools/adb -P 5037 start-server'
&amp#27;[38;5;80m[AndroidDriver]&amp#27;[0m Retrieving device list
[debug] &amp#27;[38;5;64m[ADB]&amp#27;[0m Trying to find connected Android devices
[debug] &amp#27;[38;5;64m[ADB]&amp#27;[0m Getting connected devices
[debug] &amp#27;[38;5;64m[ADB]&amp#27;[0m Connected devices: [{"udid":"emulator-5554","state":"device"}]
&amp#27;[38;5;80m[AndroidDriver]&amp#27;[0m Using device: emulator-5554
&amp#27;[38;5;64m[ADB]&amp#27;[0m Using 'adb' from '/Users/dori/Library/Android/sdk/platform-tools/adb'
[debug] &amp#27;[38;5;64m[ADB]&amp#27;[0m Running '/Users/dori/Library/Android/sdk/platform-tools/adb -P 5037 start-server'
[debug] &amp#27;[38;5;64m[ADB]&amp#27;[0m Setting device id to emulator-5554
[debug] &amp#27;[38;5;64m[ADB]&amp#27;[0m Running '/Users/dori/Library/Android/sdk/platform-tools/adb -P 5037 -s emulator-5554 shell getprop ro.build.version.sdk'
[debug] &amp#27;[38;5;64m[ADB]&amp#27;[0m Current device property 'ro.build.version.sdk': 33
&amp#27;[38;5;64m[ADB]&amp#27;[0m Getting device platform version
[debug] &amp#27;[38;5;64m[ADB]&amp#27;[0m Running '/Users/dori/Library/Android/sdk/platform-tools/adb -P 5037 -s emulator-5554 shell getprop ro.build.version.release'
[debug] &amp#27;[38;5;64m[ADB]&amp#27;[0m Current device property 'ro.build.version.release': 13
[debug] &amp#27;[38;5;64m[ADB]&amp#27;[0m Device API level: 33
&amp#27;[38;5;32m[AndroidUiautomator2Driver@b8f8 (cac15722)]&amp#27;[0m Relaxing hidden api policy
[debug] &amp#27;[38;5;64m[ADB]&amp#27;[0m Running '/Users/dori/Library/Android/sdk/platform-tools/adb -P 5037 -s emulator-5554 shell 'settings put global hidden_api_policy_pre_p_apps 1;settings put global hidden_api_policy_p_apps 1;settings put global hidden_api_policy 1''
[debug] &amp#27;[38;5;80m[AndroidDriver]&amp#27;[0m Parsing package and activity from app manifest
&amp#27;[38;5;64m[ADB]&amp#27;[0m Package name: 'com.leanscale.dcafood.zoobaegypt.beta'
&amp#27;[38;5;64m[ADB]&amp#27;[0m Main activity name: 'com.leanscale.dca.sdk.feature.account.splash.SplashActivity'
[debug] &amp#27;[38;5;80m[AndroidDriver]&amp#27;[0m Parsed package and activity are: com.leanscale.dcafood.zoobaegypt.beta/com.leanscale.dca.sdk.feature.account.splash.SplashActivity
[debug] &amp#27;[38;5;64m[ADB]&amp#27;[0m Running '/Users/dori/Library/Android/sdk/platform-tools/adb -P 5037 -s emulator-5554 wait-for-device'
[debug] &amp#27;[38;5;64m[ADB]&amp#27;[0m Running '/Users/dori/Library/Android/sdk/platform-tools/adb -P 5037 -s emulator-5554 shell echo ping'
[debug] &amp#27;[38;5;80m[AndroidDriver]&amp#27;[0m Pushing settings apk to device...
[debug] &amp#27;[38;5;64m[ADB]&amp#27;[0m Getting package info for 'io.appium.settings'
[debug] &amp#27;[38;5;64m[ADB]&amp#27;[0m Running '/Users/dori/Library/Android/sdk/platform-tools/adb -P 5037 -s emulator-5554 shell dumpsys package io.appium.settings'
[debug] &amp#27;[38;5;64m[ADB]&amp#27;[0m The version name of the installed 'io.appium.settings' is greater or equal to the application version name ('5.1.2' >= '5.1.2')
[debug] &amp#27;[38;5;64m[ADB]&amp#27;[0m There is no need to install/upgrade '/Users/dori/.appium/node_modules/appium-uiautomator2-driver/node_modules/io.appium.settings/apks/settings_apk-debug.apk'
[debug] &amp#27;[38;5;64m[ADB]&amp#27;[0m Getting IDs of all 'io.appium.settings' processes
[debug] &amp#27;[38;5;64m[ADB]&amp#27;[0m Running '/Users/dori/Library/Android/sdk/platform-tools/adb -P 5037 -s emulator-5554 shell 'pgrep --help; echo $?''
[debug] &amp#27;[38;5;64m[ADB]&amp#27;[0m Running '/Users/dori/Library/Android/sdk/platform-tools/adb -P 5037 -s emulator-5554 shell pgrep -f \(\[\[:blank:\]\]\|\^\)io\.appium\.settings\(\[\[:blank:\]\]\|\$\)'
[debug] &amp#27;[38;5;80m[AndroidDriver]&amp#27;[0m io.appium.settings is already running. There is no need to reset its permissions.
[debug] &amp#27;[38;5;96m[Logcat]&amp#27;[0m Starting logs capture with command: /Users/dori/Library/Android/sdk/platform-tools/adb -P 5037 -s emulator-5554 logcat -v threadtime
[debug] &amp#27;[38;5;32m[AndroidUiautomator2Driver@b8f8 (cac15722)]&amp#27;[0m Forwarding UiAutomator2 Server port 6790 to local port 8200
[debug] &amp#27;[38;5;64m[ADB]&amp#27;[0m Forwarding system: 8200 to device: 6790
[debug] &amp#27;[38;5;64m[ADB]&amp#27;[0m Running '/Users/dori/Library/Android/sdk/platform-tools/adb -P 5037 -s emulator-5554 forward tcp:8200 tcp:6790'
[debug] &amp#27;[38;5;64m[ADB]&amp#27;[0m Checking app cert for /Users/dori/.appium/node_modules/appium-uiautomator2-driver/node_modules/appium-uiautomator2-server/apks/appium-uiautomator2-server-v5.12.6.apk
[debug] &amp#27;[38;5;64m[ADB]&amp#27;[0m Checking app cert for /Users/dori/.appium/node_modules/appium-uiautomator2-driver/node_modules/appium-uiautomator2-server/apks/appium-uiautomator2-server-debug-androidTest.apk
&amp#27;[38;5;64m[ADB]&amp#27;[0m Using 'apksigner.jar' from '/Users/dori/Library/Android/sdk/build-tools/33.0.1/lib/apksigner.jar'
[debug] &amp#27;[38;5;64m[ADB]&amp#27;[0m Starting apksigner: /Library/Java/JavaVirtualMachines/jdk-17.0.1.jdk/Contents/Home/bin/java -Xmx1024M -Xss1m -jar /Users/dori/Library/Android/sdk/build-tools/33.0.1/lib/apksigner.jar verify --print-certs /Users/dori/.appium/node_modules/appium-uiautomator2-driver/node_modules/appium-uiautomator2-server/apks/appium-uiautomator2-server-debug-androidTest.apk
[debug] &amp#27;[38;5;64m[ADB]&amp#27;[0m Starting apksigner: /Library/Java/JavaVirtualMachines/jdk-17.0.1.jdk/Contents/Home/bin/java -Xmx1024M -Xss1m -jar /Users/dori/Library/Android/sdk/build-tools/33.0.1/lib/apksigner.jar verify --print-certs /Users/dori/.appium/node_modules/appium-uiautomator2-driver/node_modules/appium-uiautomator2-server/apks/appium-uiautomator2-server-v5.12.6.apk
[debug] &amp#27;[38;5;64m[ADB]&amp#27;[0m apksigner stdout: Signer #1 certificate DN: EMAILADDRESS=android@android.com, CN=Android, OU=Android, O=Android, L=Mountain View, ST=California, C=US
[debug] &amp#27;[38;5;64m[ADB]&amp#27;[0m Signer #1 certificate SHA-256 digest: a40da80a59d170caa950cf15c18c454d47a39b26989d8b640ecd745ba71bf5dc
[debug] &amp#27;[38;5;64m[ADB]&amp#27;[0m Signer #1 certificate SHA-1 digest: 61ed377e85d386a8dfee6b864bd85b0bfaa5af81
[debug] &amp#27;[38;5;64m[ADB]&amp#27;[0m Signer #1 certificate MD5 digest: e89b158e4bcf988ebd09eb83f5378e87
[debug] &amp#27;[38;5;64m[ADB]&amp#27;[0m 
[debug] &amp#27;[38;5;64m[ADB]&amp#27;[0m sha256 hash did match for 'appium-uiautomator2-server-debug-androidTest.apk'
&amp#27;[38;5;64m[ADB]&amp#27;[0m '/Users/dori/.appium/node_modules/appium-uiautomator2-driver/node_modules/appium-uiautomator2-server/apks/appium-uiautomator2-server-debug-androidTest.apk' is signed with the default certificate
[debug] &amp#27;[38;5;64m[ADB]&amp#27;[0m Getting install status for io.appium.uiautomator2.server.test
[debug] &amp#27;[38;5;64m[ADB]&amp#27;[0m Running '/Users/dori/Library/Android/sdk/platform-tools/adb -P 5037 -s emulator-5554 shell pm path io.appium.uiautomator2.server.test'
[debug] &amp#27;[38;5;64m[ADB]&amp#27;[0m 'io.appium.uiautomator2.server.test' is installed
[debug] &amp#27;[38;5;64m[ADB]&amp#27;[0m apksigner stdout: Signer #1 certificate DN: EMAILADDRESS=android@android.com, CN=Android, OU=Android, O=Android, L=Mountain View, ST=California, C=US
[debug] &amp#27;[38;5;64m[ADB]&amp#27;[0m Signer #1 certificate SHA-256 digest: a40da80a59d170caa950cf15c18c454d47a39b26989d8b640ecd745ba71bf5dc
[debug] &amp#27;[38;5;64m[ADB]&amp#27;[0m Signer #1 certificate SHA-1 digest: 61ed377e85d386a8dfee6b864bd85b0bfaa5af81
[debug] &amp#27;[38;5;64m[ADB]&amp#27;[0m Signer #1 certificate MD5 digest: e89b158e4bcf988ebd09eb83f5378e87
[debug] &amp#27;[38;5;64m[ADB]&amp#27;[0m 
[debug] &amp#27;[38;5;64m[ADB]&amp#27;[0m sha256 hash did match for 'appium-uiautomator2-server-v5.12.6.apk'
&amp#27;[38;5;64m[ADB]&amp#27;[0m '/Users/dori/.appium/node_modules/appium-uiautomator2-driver/node_modules/appium-uiautomator2-server/apks/appium-uiautomator2-server-v5.12.6.apk' is signed with the default certificate
[debug] &amp#27;[38;5;64m[ADB]&amp#27;[0m Getting package info for 'io.appium.uiautomator2.server'
[debug] &amp#27;[38;5;64m[ADB]&amp#27;[0m Running '/Users/dori/Library/Android/sdk/platform-tools/adb -P 5037 -s emulator-5554 shell dumpsys package io.appium.uiautomator2.server'
[debug] &amp#27;[38;5;64m[ADB]&amp#27;[0m The version name of the installed 'io.appium.uiautomator2.server' is greater or equal to the application version name ('5.12.6' >= '5.12.6')
[debug] &amp#27;[38;5;32m[AndroidUiautomator2Driver@b8f8 (cac15722)]&amp#27;[0m Server packages status: [{"wasSigned":true,"installState":"sameVersionInstalled","appPath":"/Users/dori/.appium/node_modules/appium-uiautomator2-driver/node_modules/appium-uiautomator2-server/apks/appium-uiautomator2-server-v5.12.6.apk","appId":"io.appium.uiautomator2.server"},{"wasSigned":true,"installState":"sameVersionInstalled","appPath":"/Users/dori/.appium/node_modules/appium-uiautomator2-driver/node_modules/appium-uiautomator2-server/apks/appium-uiautomator2-server-debug-androidTest.apk","appId":"io.appium.uiautomator2.server.test"}]
&amp#27;[38;5;32m[AndroidUiautomator2Driver@b8f8 (cac15722)]&amp#27;[0m Server packages are not going to be (re)installed
[debug] &amp#27;[38;5;32m[AndroidUiautomator2Driver@b8f8 (cac15722)]&amp#27;[0m Waiting up to 30000ms for services to be available
[debug] &amp#27;[38;5;64m[ADB]&amp#27;[0m Running '/Users/dori/Library/Android/sdk/platform-tools/adb -P 5037 -s emulator-5554 shell pm list instrumentation'
[debug] &amp#27;[38;5;32m[AndroidUiautomator2Driver@b8f8 (cac15722)]&amp#27;[0m Instrumentation target 'io.appium.uiautomator2.server.test/androidx.test.runner.AndroidJUnitRunner' is available
&amp#27;[38;5;64m[ADB]&amp#27;[0m Adding packages ["io.appium.settings","io.appium.uiautomator2.server","io.appium.uiautomator2.server.test"] to Doze whitelist
[debug] &amp#27;[38;5;64m[ADB]&amp#27;[0m Got the following command chunks to execute: [["dumpsys","deviceidle","whitelist","+io.appium.settings",";","dumpsys","deviceidle","whitelist","+io.appium.uiautomator2.server",";","dumpsys","deviceidle","whitelist","+io.appium.uiautomator2.server.test",";"]]
[debug] &amp#27;[38;5;64m[ADB]&amp#27;[0m Running '/Users/dori/Library/Android/sdk/platform-tools/adb -P 5037 -s emulator-5554 shell dumpsys deviceidle whitelist +io.appium.settings ; dumpsys deviceidle whitelist +io.appium.uiautomator2.server ; dumpsys deviceidle whitelist +io.appium.uiautomator2.server.test ;'
[debug] &amp#27;[38;5;64m[ADB]&amp#27;[0m Checking app cert for /Users/dori/Downloads/zoobaAutomation-master//src//main//java//org//zoobaApp//Resources//zooba.apk
[debug] &amp#27;[38;5;64m[ADB]&amp#27;[0m Starting apksigner: /Library/Java/JavaVirtualMachines/jdk-17.0.1.jdk/Contents/Home/bin/java -Xmx1024M -Xss1m -jar /Users/dori/Library/Android/sdk/build-tools/33.0.1/lib/apksigner.jar verify --print-certs /Users/dori/Downloads/zoobaAutomation-master//src//main//java//org//zoobaApp//Resources//zooba.apk
[debug] &amp#27;[38;5;64m[ADB]&amp#27;[0m apksigner stdout: Signer #1 certificate DN: CN=LS, OU=Dca, O=Lean Scale, L=Dubai
[debug] &amp#27;[38;5;64m[ADB]&amp#27;[0m Signer #1 certificate SHA-256 digest: af749546a40a56eb0dc542ad066783e965123ba42c1f656ca955f96836e14fe1
[debug] &amp#27;[38;5;64m[ADB]&amp#27;[0m Signer #1 certificate SHA-1 digest: b8a6736986df073159c6ac72afaeac817996a4bb
[debug] &amp#27;[38;5;64m[ADB]&amp#27;[0m Signer #1 certificate MD5 digest: 27f59e7ab839774b20294cff12e07312
[debug] &amp#27;[38;5;64m[ADB]&amp#27;[0m 
&amp#27;[38;5;64m[ADB]&amp#27;[0m '/Users/dori/Downloads/zoobaAutomation-master//src//main//java//org//zoobaApp//Resources//zooba.apk' is signed with a non-default certificate
[debug] &amp#27;[38;5;64m[ADB]&amp#27;[0m Getting package info for 'com.leanscale.dcafood.zoobaegypt.beta'
[debug] &amp#27;[38;5;64m[ADB]&amp#27;[0m Running '/Users/dori/Library/Android/sdk/platform-tools/adb -P 5037 -s emulator-5554 shell dumpsys package com.leanscale.dcafood.zoobaegypt.beta'
[debug] &amp#27;[38;5;64m[ADB]&amp#27;[0m The version name of the installed 'com.leanscale.dcafood.zoobaegypt.beta' is greater or equal to the application version name ('1.2.0' >= '1.2.0')
[debug] &amp#27;[38;5;64m[ADB]&amp#27;[0m There is no need to install/upgrade '/Users/dori/Downloads/zoobaAutomation-master//src//main//java//org//zoobaApp//Resources//zooba.apk'
&amp#27;[38;5;80m[AndroidDriver]&amp#27;[0m Performing fast reset on 'com.leanscale.dcafood.zoobaegypt.beta'
[debug] &amp#27;[38;5;64m[ADB]&amp#27;[0m Getting install status for com.leanscale.dcafood.zoobaegypt.beta
[debug] &amp#27;[38;5;64m[ADB]&amp#27;[0m Running '/Users/dori/Library/Android/sdk/platform-tools/adb -P 5037 -s emulator-5554 shell pm path com.leanscale.dcafood.zoobaegypt.beta'
[debug] &amp#27;[38;5;64m[ADB]&amp#27;[0m 'com.leanscale.dcafood.zoobaegypt.beta' is installed
[debug] &amp#27;[38;5;64m[ADB]&amp#27;[0m Running '/Users/dori/Library/Android/sdk/platform-tools/adb -P 5037 -s emulator-5554 shell am force-stop com.leanscale.dcafood.zoobaegypt.beta'
[debug] &amp#27;[38;5;64m[ADB]&amp#27;[0m Running '/Users/dori/Library/Android/sdk/platform-tools/adb -P 5037 -s emulator-5554 shell pm clear com.leanscale.dcafood.zoobaegypt.beta'
[debug] &amp#27;[38;5;64m[ADB]&amp#27;[0m Running '/Users/dori/Library/Android/sdk/platform-tools/adb -P 5037 -s emulator-5554 shell dumpsys package com.leanscale.dcafood.zoobaegypt.beta'
[debug] &amp#27;[38;5;64m[ADB]&amp#27;[0m Retrieving requested permissions
[debug] &amp#27;[38;5;64m[ADB]&amp#27;[0m Retrieved 14 permissions from requested group
[debug] &amp#27;[38;5;64m[ADB]&amp#27;[0m Retrieving granted permissions
[debug] &amp#27;[38;5;64m[ADB]&amp#27;[0m Retrieved 10 permissions from install,runtime groups
[debug] &amp#27;[38;5;64m[ADB]&amp#27;[0m Granting permissions ["android.permission.POST_NOTIFICATIONS","android.permission.ACCESS_COARSE_LOCATION","android.permission.CAMERA","android.permission.ACCESS_FINE_LOCATION"] to 'com.leanscale.dcafood.zoobaegypt.beta'
[debug] &amp#27;[38;5;64m[ADB]&amp#27;[0m Got the following command chunks to execute: [["pm","grant","com.leanscale.dcafood.zoobaegypt.beta","android.permission.POST_NOTIFICATIONS",";","pm","grant","com.leanscale.dcafood.zoobaegypt.beta","android.permission.ACCESS_COARSE_LOCATION",";","pm","grant","com.leanscale.dcafood.zoobaegypt.beta","android.permission.CAMERA",";","pm","grant","com.leanscale.dcafood.zoobaegypt.beta","android.permission.ACCESS_FINE_LOCATION",";"]]
[debug] &amp#27;[38;5;64m[ADB]&amp#27;[0m Running '/Users/dori/Library/Android/sdk/platform-tools/adb -P 5037 -s emulator-5554 shell pm grant com.leanscale.dcafood.zoobaegypt.beta android.permission.POST_NOTIFICATIONS ; pm grant com.leanscale.dcafood.zoobaegypt.beta android.permission.ACCESS_COARSE_LOCATION ; pm grant com.leanscale.dcafood.zoobaegypt.beta android.permission.CAMERA ; pm grant com.leanscale.dcafood.zoobaegypt.beta android.permission.ACCESS_FINE_LOCATION ;'
[debug] &amp#27;[38;5;80m[AndroidDriver]&amp#27;[0m Performed fast reset on the installed 'com.leanscale.dcafood.zoobaegypt.beta' application (stop and clear)
[debug] &amp#27;[38;5;32m[AndroidUiautomator2Driver@b8f8 (cac15722)]&amp#27;[0m Performing shallow cleanup of automation leftovers
[debug] &amp#27;[38;5;32m[AndroidUiautomator2Driver@b8f8 (cac15722)]&amp#27;[0m No obsolete sessions have been detected (socket hang up)
[debug] &amp#27;[38;5;64m[ADB]&amp#27;[0m Running '/Users/dori/Library/Android/sdk/platform-tools/adb -P 5037 -s emulator-5554 shell am force-stop io.appium.uiautomator2.server.test'
&amp#27;[38;5;32m[AndroidUiautomator2Driver@b8f8 (cac15722)]&amp#27;[0m Starting UIAutomator2 server 5.12.6
&amp#27;[38;5;32m[AndroidUiautomator2Driver@b8f8 (cac15722)]&amp#27;[0m Using UIAutomator2 server from '/Users/dori/.appium/node_modules/appium-uiautomator2-driver/node_modules/appium-uiautomator2-server/apks/appium-uiautomator2-server-v5.12.6.apk' and test from '/Users/dori/.appium/node_modules/appium-uiautomator2-driver/node_modules/appium-uiautomator2-server/apks/appium-uiautomator2-server-debug-androidTest.apk'
&amp#27;[38;5;32m[AndroidUiautomator2Driver@b8f8 (cac15722)]&amp#27;[0m Waiting up to 30000ms for UiAutomator2 to be online...
[debug] &amp#27;[38;5;64m[ADB]&amp#27;[0m Creating ADB subprocess with args: ["-P","5037","-s","emulator-5554","shell","am","instrument","-w","-e","disableAnalytics",true,"io.appium.uiautomator2.server.test/androidx.test.runner.AndroidJUnitRunner"]
[debug] &amp#27;[38;5;32m[AndroidUiautomator2Driver@b8f8 (cac15722)]&amp#27;[0m Matched '/status' to command name 'getStatus'
[debug] &amp#27;[38;5;32m[AndroidUiautomator2Driver@b8f8 (cac15722)]&amp#27;[0m Proxying [GET /status] to [GET http://127.0.0.1:8200/status] with no body
&amp#27;[38;5;32m[AndroidUiautomator2Driver@b8f8 (cac15722)]&amp#27;[0m socket hang up
[debug] &amp#27;[38;5;112m[Instrumentation]&amp#27;[0m io.appium.uiautomator2.server.test.AppiumUiAutomator2Server:
[debug] &amp#27;[38;5;32m[AndroidUiautomator2Driver@b8f8 (cac15722)]&amp#27;[0m Matched '/status' to command name 'getStatus'
[debug] &amp#27;[38;5;32m[AndroidUiautomator2Driver@b8f8 (cac15722)]&amp#27;[0m Proxying [GET /status] to [GET http://127.0.0.1:8200/status] with no body
&amp#27;[38;5;32m[AndroidUiautomator2Driver@b8f8 (cac15722)]&amp#27;[0m socket hang up
[debug] &amp#27;[38;5;32m[AndroidUiautomator2Driver@b8f8 (cac15722)]&amp#27;[0m Matched '/status' to command name 'getStatus'
[debug] &amp#27;[38;5;32m[AndroidUiautomator2Driver@b8f8 (cac15722)]&amp#27;[0m Proxying [GET /status] to [GET http://127.0.0.1:8200/status] with no body
[debug] &amp#27;[38;5;32m[AndroidUiautomator2Driver@b8f8 (cac15722)]&amp#27;[0m Got response with status 200: {"sessionId":"None","value":{"message":"UiAutomator2 Server is ready to accept commands","ready":true}}
[debug] &amp#27;[38;5;32m[AndroidUiautomator2Driver@b8f8 (cac15722)]&amp#27;[0m The initialization of the instrumentation process took 2111ms
[debug] &amp#27;[38;5;32m[AndroidUiautomator2Driver@b8f8 (cac15722)]&amp#27;[0m Matched '/session' to command name 'createSession'
[debug] &amp#27;[38;5;32m[AndroidUiautomator2Driver@b8f8 (cac15722)]&amp#27;[0m Proxying [POST /session] to [POST http://127.0.0.1:8200/session] with body: {"capabilities":{"firstMatch":[{"platform":"LINUX","webStorageEnabled":false,"takesScreenshot":true,"javascriptEnabled":true,"databaseEnabled":false,"networkConnectionEnabled":true,"locationContextEnabled":false,"warnings":{},"desired":{"platformName":"ANDROID","app":"/Users/dori/Downloads/zoobaAutomation-master//src//main//java//org//zoobaApp//Resources//zooba.apk","autoGrantPermissions":true,"automationName":"UIAutomator2","chromeOptions":{"w3c":false},"chromedriverExecutable":"/Users/dori/Downloads/zoobaAutomation-master//src//main//java//org//zoobaApp//TestUtils//Drivers//ChromeDriver//chromedriver.exe","deviceName":"PlayStore"},"platformName":"ANDROID","app":"/Users/dori/Downloads/zoobaAutomation-master//src//main//java//org//zoobaApp//Resources//zooba.apk","autoGrantPermissions":true,"automationName":"UIAutomator2","chromeOptions":{"w3c":false},"chromedriverExecutable":"/Users/dori/Downloads/zoobaAutomation-master//src//main//java//org//zoobaApp//TestUtils//Drivers//ChromeDriver//chromedriver.exe","d...
[debug] &amp#27;[38;5;32m[AndroidUiautomator2Driver@b8f8 (cac15722)]&amp#27;[0m Got response with status 200: {"sessionId":"3b5e89ea-7139-49c7-84cd-25f77886d8fa","value":{"capabilities":{"firstMatch":[{"platform":"LINUX","webStorageEnabled":false,"takesScreenshot":true,"javascriptEnabled":true,"databaseEnabled":false,"networkConnectionEnabled":true,"locationContextEnabled":false,"warnings":{},"desired":{"platformName":"ANDROID","app":"/Users/dori/Downloads/zoobaAutomation-master//src//main//java//org//zoobaApp//Resources//zooba.apk","autoGrantPermissions":true,"automationName":"UIAutomator2","chromeOptions":{"w3c":false},"chromedriverExecutable":"/Users/dori/Downloads/zoobaAutomation-master//src//main//java//org//zoobaApp//TestUtils//Drivers//ChromeDriver//chromedriver.exe","deviceName":"PlayStore"},"platformName":"ANDROID","app":"/Users/dori/Downloads/zoobaAutomation-master//src//main//java//org//zoobaApp//Resources//zooba.apk","autoGrantPermissions":true,"automationName":"UIAutomator2","chromeOptions":{"w3c":false},"chromedriverExecutable":"/Users/dori/Downloads/zoobaAutomation-master//src//main//java//org//zoob...
&amp#27;[38;5;32m[AndroidUiautomator2Driver@b8f8 (cac15722)]&amp#27;[0m Determined the downstream protocol as 'W3C'
[debug] &amp#27;[38;5;32m[AndroidUiautomator2Driver@b8f8 (cac15722)]&amp#27;[0m Proxying [GET /appium/device/info] to [GET http://127.0.0.1:8200/session/3b5e89ea-7139-49c7-84cd-25f77886d8fa/appium/device/info] with no body
[debug] &amp#27;[38;5;32m[AndroidUiautomator2Driver@b8f8 (cac15722)]&amp#27;[0m Got response with status 200: {"sessionId":"3b5e89ea-7139-49c7-84cd-25f77886d8fa","value":{"androidId":"eec1320f1000e146","apiVersion":"33","bluetooth":{"state":"ON"},"brand":"google","carrierName":"T-Mobile","displayDensity":440,"locale":"en_US","manufacturer":"Google","model":"sdk_gphone64_arm64","networks":[{"capabilities":{"SSID":null,"linkDownBandwidthKbps":4300,"linkUpstreamBandwidthKbps":1800,"networkCapabilities":"NET_CAPABILITY_MMS,NET_CAPABILITY_SUPL,NET_CAPABILITY_DUN,NET_CAPABILITY_FOTA,NET_CAPABILITY_IMS,NET_CAPABILITY_CBS,NET_CAPABILITY_INTERNET,NET_CAPABILITY_NOT_RESTRICTED,NET_CAPABILITY_TRUSTED,NET_CAPABILITY_NOT_VPN,NET_CAPABILITY_VALIDATED,NET_CAPABILITY_NOT_ROAMING,NET_CAPABILITY_NOT_CONGESTED,NET_CAPABILITY_NOT_SUSPENDED","signalStrength":-2147483648,"transportTypes":"TRANSPORT_CELLULAR"},"detailedState":"CONNECTED","extraInfo":"epc.tmobile.com","isAvailable":true,"isConnected":true,"isFailover":false,"isRoaming":false,"state":"CONNECTED","subtype":10,"subtypeName":"HSPA","type":0,"typeName":"MOBILE"},{"capabilitie...
[debug] &amp#27;[38;5;64m[ADB]&amp#27;[0m Running '/Users/dori/Library/Android/sdk/platform-tools/adb -P 5037 -s emulator-5554 shell dumpsys window'
&amp#27;[38;5;80m[AndroidDriver]&amp#27;[0m Screen already unlocked, doing nothing
&amp#27;[38;5;32m[AndroidUiautomator2Driver@b8f8 (cac15722)]&amp#27;[0m Starting 'com.leanscale.dcafood.zoobaegypt.beta/com.leanscale.dca.sdk.feature.account.splash.SplashActivity and waiting for 'com.leanscale.dcafood.zoobaegypt.beta/com.leanscale.dca.sdk.feature.account.splash.SplashActivity'
[debug] &amp#27;[38;5;64m[ADB]&amp#27;[0m Running '/Users/dori/Library/Android/sdk/platform-tools/adb -P 5037 -s emulator-5554 shell am start -W -n com.leanscale.dcafood.zoobaegypt.beta/com.leanscale.dca.sdk.feature.account.splash.SplashActivity -S -a android.intent.action.MAIN -c android.intent.category.LAUNCHER -f 0x10200000'
[debug] &amp#27;[38;5;64m[ADB]&amp#27;[0m Waiting up to 20000ms for activity matching pkg: 'com.leanscale.dcafood.zoobaegypt.beta' and activity: 'com.leanscale.dca.sdk.feature.account.splash.SplashActivity' to be focused
[debug] &amp#27;[38;5;64m[ADB]&amp#27;[0m Possible activities, to be checked: 'com.leanscale.dca.sdk.feature.account.splash.SplashActivity', 'com.leanscale.dcafood.zoobaegypt.beta.com.leanscale.dca.sdk.feature.account.splash.SplashActivity'
[debug] &amp#27;[38;5;64m[ADB]&amp#27;[0m Getting focused package and activity
[debug] &amp#27;[38;5;64m[ADB]&amp#27;[0m Running '/Users/dori/Library/Android/sdk/platform-tools/adb -P 5037 -s emulator-5554 shell dumpsys window displays'
[debug] &amp#27;[38;5;64m[ADB]&amp#27;[0m Found package: 'com.leanscale.dcafood.zoobaegypt.beta' and fully qualified activity name : 'com.leanscale.dca.sdk.feature.account.splash.SplashActivity'
[debug] &amp#27;[38;5;32m[AndroidUiautomator2Driver@b8f8 (cac15722)]&amp#27;[0m Proxying [GET /appium/device/pixel_ratio] to [GET http://127.0.0.1:8200/session/3b5e89ea-7139-49c7-84cd-25f77886d8fa/appium/device/pixel_ratio] with no body
[debug] &amp#27;[38;5;32m[AndroidUiautomator2Driver@b8f8 (cac15722)]&amp#27;[0m Got response with status 200: {"sessionId":"3b5e89ea-7139-49c7-84cd-25f77886d8fa","value":2.75}
[debug] &amp#27;[38;5;32m[AndroidUiautomator2Driver@b8f8 (cac15722)]&amp#27;[0m Matched '/appium/device/system_bars' to command name 'getSystemBars'
[debug] &amp#27;[38;5;32m[AndroidUiautomator2Driver@b8f8 (cac15722)]&amp#27;[0m Proxying [GET /appium/device/system_bars] to [GET http://127.0.0.1:8200/session/3b5e89ea-7139-49c7-84cd-25f77886d8fa/appium/device/system_bars] with no body
[debug] &amp#27;[38;5;32m[AndroidUiautomator2Driver@b8f8 (cac15722)]&amp#27;[0m Got response with status 200: {"sessionId":"3b5e89ea-7139-49c7-84cd-25f77886d8fa","value":{"statusBar":66}}
[debug] &amp#27;[38;5;32m[AndroidUiautomator2Driver@b8f8 (cac15722)]&amp#27;[0m Matched '/window/current/size' to command name 'getWindowSize'
[debug] &amp#27;[38;5;32m[AndroidUiautomator2Driver@b8f8 (cac15722)]&amp#27;[0m Proxying [GET /window/current/size] to [GET http://127.0.0.1:8200/session/3b5e89ea-7139-49c7-84cd-25f77886d8fa/window/current/size] with no body
[debug] &amp#27;[38;5;32m[AndroidUiautomator2Driver@b8f8 (cac15722)]&amp#27;[0m Got response with status 200: {"sessionId":"3b5e89ea-7139-49c7-84cd-25f77886d8fa","value":{"height":2214,"width":1080}}
&amp#27;[38;5;16m[AppiumDriver@f653]&amp#27;[0m New AndroidUiautomator2Driver session created successfully, session cac15722-a47a-4629-8ad0-5034155aaef4 added to master session list
[debug] &amp#27;[38;5;16m[AppiumDriver@f653]&amp#27;[0m Event 'newSessionStarted' logged at 1696870935046 (20:02:15 GMT+0300 (GMT+03:00))
[debug] &amp#27;[38;5;32m[AndroidUiautomator2Driver@b8f8 (cac15722)]&amp#27;[0m Cached the protocol value 'W3C' for the new session cac15722-a47a-4629-8ad0-5034155aaef4
[debug] &amp#27;[38;5;32m[AndroidUiautomator2Driver@b8f8 (cac15722)]&amp#27;[0m Responding to client with driver.createSession() result: {"capabilities":{"platform":"LINUX","webStorageEnabled":false,"takesScreenshot":true,"javascriptEnabled":true,"databaseEnabled":false,"networkConnectionEnabled":true,"locationContextEnabled":false,"warnings":{},"desired":{"platformName":"ANDROID","app":"/Users/dori/Downloads/zoobaAutomation-master//src//main//java//org//zoobaApp//Resources//zooba.apk","autoGrantPermissions":true,"automationName":"UIAutomator2","chromeOptions":{"w3c":false},"chromedriverExecutable":"/Users/dori/Downloads/zoobaAutomation-master//src//main//java//org//zoobaApp//TestUtils//Drivers//ChromeDriver//chromedriver.exe","deviceName":"PlayStore"},"platformName":"ANDROID","app":"/Users/dori/Downloads/zoobaAutomation-master//src//main//java//org//zoobaApp//Resources//zooba.apk","autoGrantPermissions":true,"automationName":"UIAutomator2","chromeOptions":{"w3c":false},"chromedriverExecutable":"/Users/dori/Downloads/zoobaAutomation-master//src//main//java//org//zoobaApp//TestUtils//Drivers//ChromeDriver//chromedriver.exe","deviceName":"emu...
&amp#27;[38;5;0m[HTTP]&amp#27;[0m <-- POST /session 200 6443 ms - 1441
&amp#27;[38;5;0m[HTTP]&amp#27;[0m 
&amp#27;[38;5;0m[HTTP]&amp#27;[0m &amp#27;[37m-->&amp#27;[39m &amp#27;[37mPOST&amp#27;[39m &amp#27;[37m/session/cac15722-a47a-4629-8ad0-5034155aaef4/timeouts&amp#27;[39m
&amp#27;[38;5;0m[HTTP]&amp#27;[0m {"implicit":10000}
[debug] &amp#27;[38;5;32m[AndroidUiautomator2Driver@b8f8 (cac15722)]&amp#27;[0m Calling AppiumDriver.timeouts() with args: [null,null,null,null,10000,"cac15722-a47a-4629-8ad0-5034155aaef4"]
[debug] &amp#27;[38;5;32m[AndroidUiautomator2Driver@b8f8 (cac15722)]&amp#27;[0m W3C timeout argument: {"implicit":10000}}
[debug] &amp#27;[38;5;32m[AndroidUiautomator2Driver@b8f8 (cac15722)]&amp#27;[0m Set implicit wait to 10000ms
[debug] &amp#27;[38;5;32m[AndroidUiautomator2Driver@b8f8 (cac15722)]&amp#27;[0m Responding to client with driver.timeouts() result: null
&amp#27;[38;5;0m[HTTP]&amp#27;[0m <-- POST /session/cac15722-a47a-4629-8ad0-5034155aaef4/timeouts 200 4 ms - 14
&amp#27;[38;5;0m[HTTP]&amp#27;[0m 
&amp#27;[38;5;0m[HTTP]&amp#27;[0m &amp#27;[37m-->&amp#27;[39m &amp#27;[37mPOST&amp#27;[39m &amp#27;[37m/session/cac15722-a47a-4629-8ad0-5034155aaef4/element&amp#27;[39m
&amp#27;[38;5;0m[HTTP]&amp#27;[0m {"using":"id","value":"com.leanscale.dcafood.zoobaegypt.beta:id/buttonLater"}
[debug] &amp#27;[38;5;32m[AndroidUiautomator2Driver@b8f8 (cac15722)]&amp#27;[0m Calling AppiumDriver.findElement() with args: ["id","com.leanscale.dcafood.zoobaegypt.beta:id/buttonLater","cac15722-a47a-4629-8ad0-5034155aaef4"]
[debug] &amp#27;[38;5;32m[AndroidUiautomator2Driver@b8f8 (cac15722)]&amp#27;[0m Valid locator strategies for this request: xpath, id, class name, accessibility id, css selector, -android uiautomator
[debug] &amp#27;[38;5;32m[AndroidUiautomator2Driver@b8f8 (cac15722)]&amp#27;[0m Waiting up to 10000 ms for condition
[debug] &amp#27;[38;5;32m[AndroidUiautomator2Driver@b8f8 (cac15722)]&amp#27;[0m Matched '/element' to command name 'findElement'
[debug] &amp#27;[38;5;32m[AndroidUiautomator2Driver@b8f8 (cac15722)]&amp#27;[0m Proxying [POST /element] to [POST http://127.0.0.1:8200/session/3b5e89ea-7139-49c7-84cd-25f77886d8fa/element] with body: {"strategy":"id","selector":"com.leanscale.dcafood.zoobaegypt.beta:id/buttonLater","context":"","multiple":false}
&amp#27;[38;5;32m[AndroidUiautomator2Driver@b8f8 (cac15722)]&amp#27;[0m Got response with status 404: {"sessionId":"3b5e89ea-7139-49c7-84cd-25f77886d8fa","value":{"error":"no such element","message":"An element could not be located on the page using the given search parameters","stacktrace":"io.appium.uiautomator2.common.exceptions.ElementNotFoundException: An element could not be located on the page using the given search parameters\n\tat io.appium.uiautomator2.handler.FindElement.safeHandle(FindElement.java:63)\n\tat io.appium.uiautomator2.handler.request.SafeRequestHandler.handle(SafeRequestHandler.java:59)\n\tat io.appium.uiautomator2.server.AppiumServlet.handleRequest(AppiumServlet.java:277)\n\tat io.appium.uiautomator2.server.AppiumServlet.handleHttpRequest(AppiumServlet.java:271)\n\tat io.appium.uiautomator2.http.ServerHandler.channelRead(ServerHandler.java:77)\n\tat io.netty.channel.AbstractChannelHandlerContext.invokeChannelRead(AbstractChannelHandlerContext.java:366)\n\tat io.netty.channel.AbstractChannelHandlerContext.invokeChannelRead(AbstractChannelHandlerContext.java:352)\n\tat io.netty.chann...
[debug] &amp#27;[38;5;128m[W3C]&amp#27;[0m Matched W3C error code 'no such element' to NoSuchElementError
[debug] &amp#27;[38;5;32m[AndroidUiautomator2Driver@b8f8 (cac15722)]&amp#27;[0m Waited for 916 ms so far
[debug] &amp#27;[38;5;32m[AndroidUiautomator2Driver@b8f8 (cac15722)]&amp#27;[0m Matched '/element' to command name 'findElement'
[debug] &amp#27;[38;5;32m[AndroidUiautomator2Driver@b8f8 (cac15722)]&amp#27;[0m Proxying [POST /element] to [POST http://127.0.0.1:8200/session/3b5e89ea-7139-49c7-84cd-25f77886d8fa/element] with body: {"strategy":"id","selector":"com.leanscale.dcafood.zoobaegypt.beta:id/buttonLater","context":"","multiple":false}
[debug] &amp#27;[38;5;32m[AndroidUiautomator2Driver@b8f8 (cac15722)]&amp#27;[0m Got response with status 200: {"sessionId":"3b5e89ea-7139-49c7-84cd-25f77886d8fa","value":{"ELEMENT":"00000000-0000-00bf-ffff-ffff00000013","element-6066-11e4-a52e-4f735466cecf":"00000000-0000-00bf-ffff-ffff00000013"}}
[debug] &amp#27;[38;5;32m[AndroidUiautomator2Driver@b8f8 (cac15722)]&amp#27;[0m Responding to client with driver.findElement() result: {"element-6066-11e4-a52e-4f735466cecf":"00000000-0000-00bf-ffff-ffff00000013","ELEMENT":"00000000-0000-00bf-ffff-ffff00000013"}
&amp#27;[38;5;0m[HTTP]&amp#27;[0m <-- POST /session/cac15722-a47a-4629-8ad0-5034155aaef4/element 200 1454 ms - 137
&amp#27;[38;5;0m[HTTP]&amp#27;[0m 
&amp#27;[38;5;0m[HTTP]&amp#27;[0m &amp#27;[37m-->&amp#27;[39m &amp#27;[37mPOST&amp#27;[39m &amp#27;[37m/session/cac15722-a47a-4629-8ad0-5034155aaef4/element/00000000-0000-00bf-ffff-ffff00000013/click&amp#27;[39m
&amp#27;[38;5;0m[HTTP]&amp#27;[0m {"id":"00000000-0000-00bf-ffff-ffff00000013"}
[debug] &amp#27;[38;5;32m[AndroidUiautomator2Driver@b8f8 (cac15722)]&amp#27;[0m Calling AppiumDriver.click() with args: ["00000000-0000-00bf-ffff-ffff00000013","cac15722-a47a-4629-8ad0-5034155aaef4"]
[debug] &amp#27;[38;5;32m[AndroidUiautomator2Driver@b8f8 (cac15722)]&amp#27;[0m Matched '/element/00000000-0000-00bf-ffff-ffff00000013/click' to command name 'click'
[debug] &amp#27;[38;5;32m[AndroidUiautomator2Driver@b8f8 (cac15722)]&amp#27;[0m Proxying [POST /element/00000000-0000-00bf-ffff-ffff00000013/click] to [POST http://127.0.0.1:8200/session/3b5e89ea-7139-49c7-84cd-25f77886d8fa/element/00000000-0000-00bf-ffff-ffff00000013/click] with body: {"element":"00000000-0000-00bf-ffff-ffff00000013"}
[debug] &amp#27;[38;5;32m[AndroidUiautomator2Driver@b8f8 (cac15722)]&amp#27;[0m Got response with status 200: {"sessionId":"3b5e89ea-7139-49c7-84cd-25f77886d8fa","value":null}
[debug] &amp#27;[38;5;32m[AndroidUiautomator2Driver@b8f8 (cac15722)]&amp#27;[0m Responding to client with driver.click() result: null
&amp#27;[38;5;0m[HTTP]&amp#27;[0m <-- POST /session/cac15722-a47a-4629-8ad0-5034155aaef4/element/00000000-0000-00bf-ffff-ffff00000013/click 200 52 ms - 14
&amp#27;[38;5;0m[HTTP]&amp#27;[0m 
&amp#27;[38;5;0m[HTTP]&amp#27;[0m &amp#27;[37m-->&amp#27;[39m &amp#27;[37mPOST&amp#27;[39m &amp#27;[37m/session/cac15722-a47a-4629-8ad0-5034155aaef4/element&amp#27;[39m
&amp#27;[38;5;0m[HTTP]&amp#27;[0m {"using":"id","value":"com.leanscale.dcafood.zoobaegypt.beta:id/buttonLogin"}
[debug] &amp#27;[38;5;32m[AndroidUiautomator2Driver@b8f8 (cac15722)]&amp#27;[0m Calling AppiumDriver.findElement() with args: ["id","com.leanscale.dcafood.zoobaegypt.beta:id/buttonLogin","cac15722-a47a-4629-8ad0-5034155aaef4"]
[debug] &amp#27;[38;5;32m[AndroidUiautomator2Driver@b8f8 (cac15722)]&amp#27;[0m Valid locator strategies for this request: xpath, id, class name, accessibility id, css selector, -android uiautomator
[debug] &amp#27;[38;5;32m[AndroidUiautomator2Driver@b8f8 (cac15722)]&amp#27;[0m Waiting up to 10000 ms for condition
[debug] &amp#27;[38;5;32m[AndroidUiautomator2Driver@b8f8 (cac15722)]&amp#27;[0m Matched '/element' to command name 'findElement'
[debug] &amp#27;[38;5;32m[AndroidUiautomator2Driver@b8f8 (cac15722)]&amp#27;[0m Proxying [POST /element] to [POST http://127.0.0.1:8200/session/3b5e89ea-7139-49c7-84cd-25f77886d8fa/element] with body: {"strategy":"id","selector":"com.leanscale.dcafood.zoobaegypt.beta:id/buttonLogin","context":"","multiple":false}
&amp#27;[38;5;32m[AndroidUiautomator2Driver@b8f8 (cac15722)]&amp#27;[0m Got response with status 404: {"sessionId":"3b5e89ea-7139-49c7-84cd-25f77886d8fa","value":{"error":"no such element","message":"An element could not be located on the page using the given search parameters","stacktrace":"io.appium.uiautomator2.common.exceptions.ElementNotFoundException: An element could not be located on the page using the given search parameters\n\tat io.appium.uiautomator2.handler.FindElement.safeHandle(FindElement.java:63)\n\tat io.appium.uiautomator2.handler.request.SafeRequestHandler.handle(SafeRequestHandler.java:59)\n\tat io.appium.uiautomator2.server.AppiumServlet.handleRequest(AppiumServlet.java:277)\n\tat io.appium.uiautomator2.server.AppiumServlet.handleHttpRequest(AppiumServlet.java:271)\n\tat io.appium.uiautomator2.http.ServerHandler.channelRead(ServerHandler.java:77)\n\tat io.netty.channel.AbstractChannelHandlerContext.invokeChannelRead(AbstractChannelHandlerContext.java:366)\n\tat io.netty.channel.AbstractChannelHandlerContext.invokeChannelRead(AbstractChannelHandlerContext.java:352)\n\tat io.netty.chann...
[debug] &amp#27;[38;5;128m[W3C]&amp#27;[0m Matched W3C error code 'no such element' to NoSuchElementError
[debug] &amp#27;[38;5;32m[AndroidUiautomator2Driver@b8f8 (cac15722)]&amp#27;[0m Waited for 410 ms so far
[debug] &amp#27;[38;5;32m[AndroidUiautomator2Driver@b8f8 (cac15722)]&amp#27;[0m Matched '/element' to command name 'findElement'
[debug] &amp#27;[38;5;32m[AndroidUiautomator2Driver@b8f8 (cac15722)]&amp#27;[0m Proxying [POST /element] to [POST http://127.0.0.1:8200/session/3b5e89ea-7139-49c7-84cd-25f77886d8fa/element] with body: {"strategy":"id","selector":"com.leanscale.dcafood.zoobaegypt.beta:id/buttonLogin","context":"","multiple":false}
[debug] &amp#27;[38;5;32m[AndroidUiautomator2Driver@b8f8 (cac15722)]&amp#27;[0m Got response with status 200: {"sessionId":"3b5e89ea-7139-49c7-84cd-25f77886d8fa","value":{"ELEMENT":"00000000-0000-00c0-ffff-ffff00000032","element-6066-11e4-a52e-4f735466cecf":"00000000-0000-00c0-ffff-ffff00000032"}}
[debug] &amp#27;[38;5;32m[AndroidUiautomator2Driver@b8f8 (cac15722)]&amp#27;[0m Responding to client with driver.findElement() result: {"element-6066-11e4-a52e-4f735466cecf":"00000000-0000-00c0-ffff-ffff00000032","ELEMENT":"00000000-0000-00c0-ffff-ffff00000032"}
&amp#27;[38;5;0m[HTTP]&amp#27;[0m <-- POST /session/cac15722-a47a-4629-8ad0-5034155aaef4/element 200 1441 ms - 137
&amp#27;[38;5;0m[HTTP]&amp#27;[0m 
&amp#27;[38;5;0m[HTTP]&amp#27;[0m &amp#27;[37m-->&amp#27;[39m &amp#27;[37mPOST&amp#27;[39m &amp#27;[37m/session/cac15722-a47a-4629-8ad0-5034155aaef4/element/00000000-0000-00c0-ffff-ffff00000032/click&amp#27;[39m
&amp#27;[38;5;0m[HTTP]&amp#27;[0m {"id":"00000000-0000-00c0-ffff-ffff00000032"}
[debug] &amp#27;[38;5;32m[AndroidUiautomator2Driver@b8f8 (cac15722)]&amp#27;[0m Calling AppiumDriver.click() with args: ["00000000-0000-00c0-ffff-ffff00000032","cac15722-a47a-4629-8ad0-5034155aaef4"]
[debug] &amp#27;[38;5;32m[AndroidUiautomator2Driver@b8f8 (cac15722)]&amp#27;[0m Matched '/element/00000000-0000-00c0-ffff-ffff00000032/click' to command name 'click'
[debug] &amp#27;[38;5;32m[AndroidUiautomator2Driver@b8f8 (cac15722)]&amp#27;[0m Proxying [POST /element/00000000-0000-00c0-ffff-ffff00000032/click] to [POST http://127.0.0.1:8200/session/3b5e89ea-7139-49c7-84cd-25f77886d8fa/element/00000000-0000-00c0-ffff-ffff00000032/click] with body: {"element":"00000000-0000-00c0-ffff-ffff00000032"}
[debug] &amp#27;[38;5;32m[AndroidUiautomator2Driver@b8f8 (cac15722)]&amp#27;[0m Got response with status 200: {"sessionId":"3b5e89ea-7139-49c7-84cd-25f77886d8fa","value":null}
[debug] &amp#27;[38;5;32m[AndroidUiautomator2Driver@b8f8 (cac15722)]&amp#27;[0m Responding to client with driver.click() result: null
&amp#27;[38;5;0m[HTTP]&amp#27;[0m <-- POST /session/cac15722-a47a-4629-8ad0-5034155aaef4/element/00000000-0000-00c0-ffff-ffff00000032/click 200 73 ms - 14
&amp#27;[38;5;0m[HTTP]&amp#27;[0m 
&amp#27;[38;5;0m[HTTP]&amp#27;[0m &amp#27;[37m-->&amp#27;[39m &amp#27;[37mPOST&amp#27;[39m &amp#27;[37m/session/cac15722-a47a-4629-8ad0-5034155aaef4/element&amp#27;[39m
&amp#27;[38;5;0m[HTTP]&amp#27;[0m {"using":"id","value":"com.leanscale.dcafood.zoobaegypt.beta:id/actionTextViewForgotPassword"}
[debug] &amp#27;[38;5;32m[AndroidUiautomator2Driver@b8f8 (cac15722)]&amp#27;[0m Calling AppiumDriver.findElement() with args: ["id","com.leanscale.dcafood.zoobaegypt.beta:id/actionTextViewForgotPassword","cac15722-a47a-4629-8ad0-5034155aaef4"]
[debug] &amp#27;[38;5;32m[AndroidUiautomator2Driver@b8f8 (cac15722)]&amp#27;[0m Valid locator strategies for this request: xpath, id, class name, accessibility id, css selector, -android uiautomator
[debug] &amp#27;[38;5;32m[AndroidUiautomator2Driver@b8f8 (cac15722)]&amp#27;[0m Waiting up to 10000 ms for condition
[debug] &amp#27;[38;5;32m[AndroidUiautomator2Driver@b8f8 (cac15722)]&amp#27;[0m Matched '/element' to command name 'findElement'
[debug] &amp#27;[38;5;32m[AndroidUiautomator2Driver@b8f8 (cac15722)]&amp#27;[0m Proxying [POST /element] to [POST http://127.0.0.1:8200/session/3b5e89ea-7139-49c7-84cd-25f77886d8fa/element] with body: {"strategy":"id","selector":"com.leanscale.dcafood.zoobaegypt.beta:id/actionTextViewForgotPassword","context":"","multiple":false}
[debug] &amp#27;[38;5;32m[AndroidUiautomator2Driver@b8f8 (cac15722)]&amp#27;[0m Got response with status 200: {"sessionId":"3b5e89ea-7139-49c7-84cd-25f77886d8fa","value":{"ELEMENT":"00000000-0000-00c2-ffff-ffff00000091","element-6066-11e4-a52e-4f735466cecf":"00000000-0000-00c2-ffff-ffff00000091"}}
[debug] &amp#27;[38;5;32m[AndroidUiautomator2Driver@b8f8 (cac15722)]&amp#27;[0m Responding to client with driver.findElement() result: {"element-6066-11e4-a52e-4f735466cecf":"00000000-0000-00c2-ffff-ffff00000091","ELEMENT":"00000000-0000-00c2-ffff-ffff00000091"}
&amp#27;[38;5;0m[HTTP]&amp#27;[0m <-- POST /session/cac15722-a47a-4629-8ad0-5034155aaef4/element 200 1579 ms - 137
&amp#27;[38;5;0m[HTTP]&amp#27;[0m 
&amp#27;[38;5;0m[HTTP]&amp#27;[0m &amp#27;[37m-->&amp#27;[39m &amp#27;[37mPOST&amp#27;[39m &amp#27;[37m/session/cac15722-a47a-4629-8ad0-5034155aaef4/element/00000000-0000-00c2-ffff-ffff00000091/click&amp#27;[39m
&amp#27;[38;5;0m[HTTP]&amp#27;[0m {"id":"00000000-0000-00c2-ffff-ffff00000091"}
[debug] &amp#27;[38;5;32m[AndroidUiautomator2Driver@b8f8 (cac15722)]&amp#27;[0m Calling AppiumDriver.click() with args: ["00000000-0000-00c2-ffff-ffff00000091","cac15722-a47a-4629-8ad0-5034155aaef4"]
[debug] &amp#27;[38;5;32m[AndroidUiautomator2Driver@b8f8 (cac15722)]&amp#27;[0m Matched '/element/00000000-0000-00c2-ffff-ffff00000091/click' to command name 'click'
[debug] &amp#27;[38;5;32m[AndroidUiautomator2Driver@b8f8 (cac15722)]&amp#27;[0m Proxying [POST /element/00000000-0000-00c2-ffff-ffff00000091/click] to [POST http://127.0.0.1:8200/session/3b5e89ea-7139-49c7-84cd-25f77886d8fa/element/00000000-0000-00c2-ffff-ffff00000091/click] with body: {"element":"00000000-0000-00c2-ffff-ffff00000091"}
[debug] &amp#27;[38;5;32m[AndroidUiautomator2Driver@b8f8 (cac15722)]&amp#27;[0m Got response with status 200: {"sessionId":"3b5e89ea-7139-49c7-84cd-25f77886d8fa","value":null}
[debug] &amp#27;[38;5;32m[AndroidUiautomator2Driver@b8f8 (cac15722)]&amp#27;[0m Responding to client with driver.click() result: null
&amp#27;[38;5;0m[HTTP]&amp#27;[0m <-- POST /session/cac15722-a47a-4629-8ad0-5034155aaef4/element/00000000-0000-00c2-ffff-ffff00000091/click 200 629 ms - 14
&amp#27;[38;5;0m[HTTP]&amp#27;[0m 
&amp#27;[38;5;0m[HTTP]&amp#27;[0m &amp#27;[37m-->&amp#27;[39m &amp#27;[37mPOST&amp#27;[39m &amp#27;[37m/session/cac15722-a47a-4629-8ad0-5034155aaef4/element&amp#27;[39m
&amp#27;[38;5;0m[HTTP]&amp#27;[0m {"using":"xpath","value":"//android.widget.EditText[@hint='Mobile Number*']"}
[debug] &amp#27;[38;5;32m[AndroidUiautomator2Driver@b8f8 (cac15722)]&amp#27;[0m Calling AppiumDriver.findElement() with args: ["xpath","//android.widget.EditText[@hint='Mobile Number*']","cac15722-a47a-4629-8ad0-5034155aaef4"]
[debug] &amp#27;[38;5;32m[AndroidUiautomator2Driver@b8f8 (cac15722)]&amp#27;[0m Valid locator strategies for this request: xpath, id, class name, accessibility id, css selector, -android uiautomator
[debug] &amp#27;[38;5;32m[AndroidUiautomator2Driver@b8f8 (cac15722)]&amp#27;[0m Waiting up to 10000 ms for condition
[debug] &amp#27;[38;5;32m[AndroidUiautomator2Driver@b8f8 (cac15722)]&amp#27;[0m Matched '/element' to command name 'findElement'
[debug] &amp#27;[38;5;32m[AndroidUiautomator2Driver@b8f8 (cac15722)]&amp#27;[0m Proxying [POST /element] to [POST http://127.0.0.1:8200/session/3b5e89ea-7139-49c7-84cd-25f77886d8fa/element] with body: {"strategy":"xpath","selector":"//android.widget.EditText[@hint='Mobile Number*']","context":"","multiple":false}
[debug] &amp#27;[38;5;32m[AndroidUiautomator2Driver@b8f8 (cac15722)]&amp#27;[0m Got response with status 200: {"sessionId":"3b5e89ea-7139-49c7-84cd-25f77886d8fa","value":{"ELEMENT":"00000000-0000-00c3-ffff-ffff000000b2","element-6066-11e4-a52e-4f735466cecf":"00000000-0000-00c3-ffff-ffff000000b2"}}
[debug] &amp#27;[38;5;32m[AndroidUiautomator2Driver@b8f8 (cac15722)]&amp#27;[0m Responding to client with driver.findElement() result: {"element-6066-11e4-a52e-4f735466cecf":"00000000-0000-00c3-ffff-ffff000000b2","ELEMENT":"00000000-0000-00c3-ffff-ffff000000b2"}
&amp#27;[38;5;0m[HTTP]&amp#27;[0m <-- POST /session/cac15722-a47a-4629-8ad0-5034155aaef4/element 200 583 ms - 137
&amp#27;[38;5;0m[HTTP]&amp#27;[0m 
&amp#27;[38;5;0m[HTTP]&amp#27;[0m &amp#27;[37m-->&amp#27;[39m &amp#27;[37mPOST&amp#27;[39m &amp#27;[37m/session/cac15722-a47a-4629-8ad0-5034155aaef4/element/00000000-0000-00c3-ffff-ffff000000b2/value&amp#27;[39m
&amp#27;[38;5;0m[HTTP]&amp#27;[0m {"id":"00000000-0000-00c3-ffff-ffff000000b2","text":"+905433101999","value":["+","9","0","5","4","3","3","1","0","1","9","9","9"]}
[debug] &amp#27;[38;5;32m[AndroidUiautomator2Driver@b8f8 (cac15722)]&amp#27;[0m Calling AppiumDriver.setValue() with args: [["+","9","0","5","4","3","3","1","0","1","9","9","9"],"00000000-0000-00c3-ffff-ffff000000b2","cac15722-a47a-4629-8ad0-5034155aaef4"]
[debug] &amp#27;[38;5;32m[AndroidUiautomator2Driver@b8f8 (cac15722)]&amp#27;[0m Matched '/element/00000000-0000-00c3-ffff-ffff000000b2/value' to command name 'setValue'
[debug] &amp#27;[38;5;32m[AndroidUiautomator2Driver@b8f8 (cac15722)]&amp#27;[0m Added 'value' property ["+","9","0","5","4","3","3","1","0","1","9","9","9"] to 'setValue' request body
[debug] &amp#27;[38;5;32m[AndroidUiautomator2Driver@b8f8 (cac15722)]&amp#27;[0m Proxying [POST /element/00000000-0000-00c3-ffff-ffff000000b2/value] to [POST http://127.0.0.1:8200/session/3b5e89ea-7139-49c7-84cd-25f77886d8fa/element/00000000-0000-00c3-ffff-ffff000000b2/value] with body: {"elementId":"00000000-0000-00c3-ffff-ffff000000b2","text":"+905433101999","replace":false,"value":["+","9","0","5","4","3","3","1","0","1","9","9","9"]}
[debug] &amp#27;[38;5;32m[AndroidUiautomator2Driver@b8f8 (cac15722)]&amp#27;[0m Got response with status 200: {"sessionId":"3b5e89ea-7139-49c7-84cd-25f77886d8fa","value":null}
[debug] &amp#27;[38;5;32m[AndroidUiautomator2Driver@b8f8 (cac15722)]&amp#27;[0m Responding to client with driver.setValue() result: null
&amp#27;[38;5;0m[HTTP]&amp#27;[0m <-- POST /session/cac15722-a47a-4629-8ad0-5034155aaef4/element/00000000-0000-00c3-ffff-ffff000000b2/value 200 1707 ms - 14
&amp#27;[38;5;0m[HTTP]&amp#27;[0m 
&amp#27;[38;5;0m[HTTP]&amp#27;[0m &amp#27;[37m-->&amp#27;[39m &amp#27;[37mPOST&amp#27;[39m &amp#27;[37m/session/cac15722-a47a-4629-8ad0-5034155aaef4/elements&amp#27;[39m
&amp#27;[38;5;0m[HTTP]&amp#27;[0m {"using":"xpath","value":"//android.widget.TextView[@text='Autofill with Google']"}
[debug] &amp#27;[38;5;32m[AndroidUiautomator2Driver@b8f8 (cac15722)]&amp#27;[0m Calling AppiumDriver.findElements() with args: ["xpath","//android.widget.TextView[@text='Autofill with Google']","cac15722-a47a-4629-8ad0-5034155aaef4"]
[debug] &amp#27;[38;5;32m[AndroidUiautomator2Driver@b8f8 (cac15722)]&amp#27;[0m Valid locator strategies for this request: xpath, id, class name, accessibility id, css selector, -android uiautomator
[debug] &amp#27;[38;5;32m[AndroidUiautomator2Driver@b8f8 (cac15722)]&amp#27;[0m Waiting up to 10000 ms for condition
[debug] &amp#27;[38;5;32m[AndroidUiautomator2Driver@b8f8 (cac15722)]&amp#27;[0m Matched '/elements' to command name 'findElements'
[debug] &amp#27;[38;5;32m[AndroidUiautomator2Driver@b8f8 (cac15722)]&amp#27;[0m Proxying [POST /elements] to [POST http://127.0.0.1:8200/session/3b5e89ea-7139-49c7-84cd-25f77886d8fa/elements] with body: {"strategy":"xpath","selector":"//android.widget.TextView[@text='Autofill with Google']","context":"","multiple":true}
[debug] &amp#27;[38;5;32m[AndroidUiautomator2Driver@b8f8 (cac15722)]&amp#27;[0m Got response with status 200: {"sessionId":"3b5e89ea-7139-49c7-84cd-25f77886d8fa","value":[]}
[debug] &amp#27;[38;5;32m[AndroidUiautomator2Driver@b8f8 (cac15722)]&amp#27;[0m Waited for 618 ms so far
[debug] &amp#27;[38;5;32m[AndroidUiautomator2Driver@b8f8 (cac15722)]&amp#27;[0m Matched '/elements' to command name 'findElements'
[debug] &amp#27;[38;5;32m[AndroidUiautomator2Driver@b8f8 (cac15722)]&amp#27;[0m Proxying [POST /elements] to [POST http://127.0.0.1:8200/session/3b5e89ea-7139-49c7-84cd-25f77886d8fa/elements] with body: {"strategy":"xpath","selector":"//android.widget.TextView[@text='Autofill with Google']","context":"","multiple":true}
[debug] &amp#27;[38;5;32m[AndroidUiautomator2Driver@b8f8 (cac15722)]&amp#27;[0m Got response with status 200: {"sessionId":"3b5e89ea-7139-49c7-84cd-25f77886d8fa","value":[]}
[debug] &amp#27;[38;5;32m[AndroidUiautomator2Driver@b8f8 (cac15722)]&amp#27;[0m Waited for 1205 ms so far
[debug] &amp#27;[38;5;32m[AndroidUiautomator2Driver@b8f8 (cac15722)]&amp#27;[0m Matched '/elements' to command name 'findElements'
[debug] &amp#27;[38;5;32m[AndroidUiautomator2Driver@b8f8 (cac15722)]&amp#27;[0m Proxying [POST /elements] to [POST http://127.0.0.1:8200/session/3b5e89ea-7139-49c7-84cd-25f77886d8fa/elements] with body: {"strategy":"xpath","selector":"//android.widget.TextView[@text='Autofill with Google']","context":"","multiple":true}
[debug] &amp#27;[38;5;32m[AndroidUiautomator2Driver@b8f8 (cac15722)]&amp#27;[0m Got response with status 200: {"sessionId":"3b5e89ea-7139-49c7-84cd-25f77886d8fa","value":[]}
[debug] &amp#27;[38;5;32m[AndroidUiautomator2Driver@b8f8 (cac15722)]&amp#27;[0m Waited for 1783 ms so far
[debug] &amp#27;[38;5;32m[AndroidUiautomator2Driver@b8f8 (cac15722)]&amp#27;[0m Matched '/elements' to command name 'findElements'
[debug] &amp#27;[38;5;32m[AndroidUiautomator2Driver@b8f8 (cac15722)]&amp#27;[0m Proxying [POST /elements] to [POST http://127.0.0.1:8200/session/3b5e89ea-7139-49c7-84cd-25f77886d8fa/elements] with body: {"strategy":"xpath","selector":"//android.widget.TextView[@text='Autofill with Google']","context":"","multiple":true}
[debug] &amp#27;[38;5;32m[AndroidUiautomator2Driver@b8f8 (cac15722)]&amp#27;[0m Got response with status 200: {"sessionId":"3b5e89ea-7139-49c7-84cd-25f77886d8fa","value":[]}
[debug] &amp#27;[38;5;32m[AndroidUiautomator2Driver@b8f8 (cac15722)]&amp#27;[0m Waited for 2702 ms so far
[debug] &amp#27;[38;5;32m[AndroidUiautomator2Driver@b8f8 (cac15722)]&amp#27;[0m Matched '/elements' to command name 'findElements'
[debug] &amp#27;[38;5;32m[AndroidUiautomator2Driver@b8f8 (cac15722)]&amp#27;[0m Proxying [POST /elements] to [POST http://127.0.0.1:8200/session/3b5e89ea-7139-49c7-84cd-25f77886d8fa/elements] with body: {"strategy":"xpath","selector":"//android.widget.TextView[@text='Autofill with Google']","context":"","multiple":true}
[debug] &amp#27;[38;5;32m[AndroidUiautomator2Driver@b8f8 (cac15722)]&amp#27;[0m Got response with status 200: {"sessionId":"3b5e89ea-7139-49c7-84cd-25f77886d8fa","value":[]}
[debug] &amp#27;[38;5;32m[AndroidUiautomator2Driver@b8f8 (cac15722)]&amp#27;[0m Waited for 3875 ms so far
[debug] &amp#27;[38;5;32m[AndroidUiautomator2Driver@b8f8 (cac15722)]&amp#27;[0m Matched '/elements' to command name 'findElements'
[debug] &amp#27;[38;5;32m[AndroidUiautomator2Driver@b8f8 (cac15722)]&amp#27;[0m Proxying [POST /elements] to [POST http://127.0.0.1:8200/session/3b5e89ea-7139-49c7-84cd-25f77886d8fa/elements] with body: {"strategy":"xpath","selector":"//android.widget.TextView[@text='Autofill with Google']","context":"","multiple":true}
[debug] &amp#27;[38;5;32m[AndroidUiautomator2Driver@b8f8 (cac15722)]&amp#27;[0m Got response with status 200: {"sessionId":"3b5e89ea-7139-49c7-84cd-25f77886d8fa","value":[]}
[debug] &amp#27;[38;5;32m[AndroidUiautomator2Driver@b8f8 (cac15722)]&amp#27;[0m Waited for 4471 ms so far
[debug] &amp#27;[38;5;32m[AndroidUiautomator2Driver@b8f8 (cac15722)]&amp#27;[0m Matched '/elements' to command name 'findElements'
[debug] &amp#27;[38;5;32m[AndroidUiautomator2Driver@b8f8 (cac15722)]&amp#27;[0m Proxying [POST /elements] to [POST http://127.0.0.1:8200/session/3b5e89ea-7139-49c7-84cd-25f77886d8fa/elements] with body: {"strategy":"xpath","selector":"//android.widget.TextView[@text='Autofill with Google']","context":"","multiple":true}
[debug] &amp#27;[38;5;32m[AndroidUiautomator2Driver@b8f8 (cac15722)]&amp#27;[0m Got response with status 200: {"sessionId":"3b5e89ea-7139-49c7-84cd-25f77886d8fa","value":[]}
[debug] &amp#27;[38;5;32m[AndroidUiautomator2Driver@b8f8 (cac15722)]&amp#27;[0m Waited for 5062 ms so far
[debug] &amp#27;[38;5;32m[AndroidUiautomator2Driver@b8f8 (cac15722)]&amp#27;[0m Matched '/elements' to command name 'findElements'
[debug] &amp#27;[38;5;32m[AndroidUiautomator2Driver@b8f8 (cac15722)]&amp#27;[0m Proxying [POST /elements] to [POST http://127.0.0.1:8200/session/3b5e89ea-7139-49c7-84cd-25f77886d8fa/elements] with body: {"strategy":"xpath","selector":"//android.widget.TextView[@text='Autofill with Google']","context":"","multiple":true}
[debug] &amp#27;[38;5;32m[AndroidUiautomator2Driver@b8f8 (cac15722)]&amp#27;[0m Got response with status 200: {"sessionId":"3b5e89ea-7139-49c7-84cd-25f77886d8fa","value":[]}
[debug] &amp#27;[38;5;32m[AndroidUiautomator2Driver@b8f8 (cac15722)]&amp#27;[0m Waited for 5652 ms so far
[debug] &amp#27;[38;5;32m[AndroidUiautomator2Driver@b8f8 (cac15722)]&amp#27;[0m Matched '/elements' to command name 'findElements'
[debug] &amp#27;[38;5;32m[AndroidUiautomator2Driver@b8f8 (cac15722)]&amp#27;[0m Proxying [POST /elements] to [POST http://127.0.0.1:8200/session/3b5e89ea-7139-49c7-84cd-25f77886d8fa/elements] with body: {"strategy":"xpath","selector":"//android.widget.TextView[@text='Autofill with Google']","context":"","multiple":true}
[debug] &amp#27;[38;5;32m[AndroidUiautomator2Driver@b8f8 (cac15722)]&amp#27;[0m Got response with status 200: {"sessionId":"3b5e89ea-7139-49c7-84cd-25f77886d8fa","value":[]}
[debug] &amp#27;[38;5;32m[AndroidUiautomator2Driver@b8f8 (cac15722)]&amp#27;[0m Waited for 6232 ms so far
[debug] &amp#27;[38;5;32m[AndroidUiautomator2Driver@b8f8 (cac15722)]&amp#27;[0m Matched '/elements' to command name 'findElements'
[debug] &amp#27;[38;5;32m[AndroidUiautomator2Driver@b8f8 (cac15722)]&amp#27;[0m Proxying [POST /elements] to [POST http://127.0.0.1:8200/session/3b5e89ea-7139-49c7-84cd-25f77886d8fa/elements] with body: {"strategy":"xpath","selector":"//android.widget.TextView[@text='Autofill with Google']","context":"","multiple":true}
[debug] &amp#27;[38;5;32m[AndroidUiautomator2Driver@b8f8 (cac15722)]&amp#27;[0m Got response with status 200: {"sessionId":"3b5e89ea-7139-49c7-84cd-25f77886d8fa","value":[]}
[debug] &amp#27;[38;5;32m[AndroidUiautomator2Driver@b8f8 (cac15722)]&amp#27;[0m Waited for 6804 ms so far
[debug] &amp#27;[38;5;32m[AndroidUiautomator2Driver@b8f8 (cac15722)]&amp#27;[0m Matched '/elements' to command name 'findElements'
[debug] &amp#27;[38;5;32m[AndroidUiautomator2Driver@b8f8 (cac15722)]&amp#27;[0m Proxying [POST /elements] to [POST http://127.0.0.1:8200/session/3b5e89ea-7139-49c7-84cd-25f77886d8fa/elements] with body: {"strategy":"xpath","selector":"//android.widget.TextView[@text='Autofill with Google']","context":"","multiple":true}
[debug] &amp#27;[38;5;32m[AndroidUiautomator2Driver@b8f8 (cac15722)]&amp#27;[0m Got response with status 200: {"sessionId":"3b5e89ea-7139-49c7-84cd-25f77886d8fa","value":[]}
[debug] &amp#27;[38;5;32m[AndroidUiautomator2Driver@b8f8 (cac15722)]&amp#27;[0m Waited for 7395 ms so far
[debug] &amp#27;[38;5;32m[AndroidUiautomator2Driver@b8f8 (cac15722)]&amp#27;[0m Matched '/elements' to command name 'findElements'
[debug] &amp#27;[38;5;32m[AndroidUiautomator2Driver@b8f8 (cac15722)]&amp#27;[0m Proxying [POST /elements] to [POST http://127.0.0.1:8200/session/3b5e89ea-7139-49c7-84cd-25f77886d8fa/elements] with body: {"strategy":"xpath","selector":"//android.widget.TextView[@text='Autofill with Google']","context":"","multiple":true}
[debug] &amp#27;[38;5;32m[AndroidUiautomator2Driver@b8f8 (cac15722)]&amp#27;[0m Got response with status 200: {"sessionId":"3b5e89ea-7139-49c7-84cd-25f77886d8fa","value":[]}
[debug] &amp#27;[38;5;32m[AndroidUiautomator2Driver@b8f8 (cac15722)]&amp#27;[0m Waited for 7992 ms so far
[debug] &amp#27;[38;5;32m[AndroidUiautomator2Driver@b8f8 (cac15722)]&amp#27;[0m Matched '/elements' to command name 'findElements'
[debug] &amp#27;[38;5;32m[AndroidUiautomator2Driver@b8f8 (cac15722)]&amp#27;[0m Proxying [POST /elements] to [POST http://127.0.0.1:8200/session/3b5e89ea-7139-49c7-84cd-25f77886d8fa/elements] with body: {"strategy":"xpath","selector":"//android.widget.TextView[@text='Autofill with Google']","context":"","multiple":true}
[debug] &amp#27;[38;5;32m[AndroidUiautomator2Driver@b8f8 (cac15722)]&amp#27;[0m Got response with status 200: {"sessionId":"3b5e89ea-7139-49c7-84cd-25f77886d8fa","value":[]}
[debug] &amp#27;[38;5;32m[AndroidUiautomator2Driver@b8f8 (cac15722)]&amp#27;[0m Waited for 8584 ms so far
[debug] &amp#27;[38;5;32m[AndroidUiautomator2Driver@b8f8 (cac15722)]&amp#27;[0m Matched '/elements' to command name 'findElements'
[debug] &amp#27;[38;5;32m[AndroidUiautomator2Driver@b8f8 (cac15722)]&amp#27;[0m Proxying [POST /elements] to [POST http://127.0.0.1:8200/session/3b5e89ea-7139-49c7-84cd-25f77886d8fa/elements] with body: {"strategy":"xpath","selector":"//android.widget.TextView[@text='Autofill with Google']","context":"","multiple":true}
[debug] &amp#27;[38;5;32m[AndroidUiautomator2Driver@b8f8 (cac15722)]&amp#27;[0m Got response with status 200: {"sessionId":"3b5e89ea-7139-49c7-84cd-25f77886d8fa","value":[]}
[debug] &amp#27;[38;5;32m[AndroidUiautomator2Driver@b8f8 (cac15722)]&amp#27;[0m Waited for 9164 ms so far
[debug] &amp#27;[38;5;32m[AndroidUiautomator2Driver@b8f8 (cac15722)]&amp#27;[0m Matched '/elements' to command name 'findElements'
[debug] &amp#27;[38;5;32m[AndroidUiautomator2Driver@b8f8 (cac15722)]&amp#27;[0m Proxying [POST /elements] to [POST http://127.0.0.1:8200/session/3b5e89ea-7139-49c7-84cd-25f77886d8fa/elements] with body: {"strategy":"xpath","selector":"//android.widget.TextView[@text='Autofill with Google']","context":"","multiple":true}
[debug] &amp#27;[38;5;32m[AndroidUiautomator2Driver@b8f8 (cac15722)]&amp#27;[0m Got response with status 200: {"sessionId":"3b5e89ea-7139-49c7-84cd-25f77886d8fa","value":[]}
[debug] &amp#27;[38;5;32m[AndroidUiautomator2Driver@b8f8 (cac15722)]&amp#27;[0m Waited for 9743 ms so far
[debug] &amp#27;[38;5;32m[AndroidUiautomator2Driver@b8f8 (cac15722)]&amp#27;[0m Matched '/elements' to command name 'findElements'
[debug] &amp#27;[38;5;32m[AndroidUiautomator2Driver@b8f8 (cac15722)]&amp#27;[0m Proxying [POST /elements] to [POST http://127.0.0.1:8200/session/3b5e89ea-7139-49c7-84cd-25f77886d8fa/elements] with body: {"strategy":"xpath","selector":"//android.widget.TextView[@text='Autofill with Google']","context":"","multiple":true}
[debug] &amp#27;[38;5;32m[AndroidUiautomator2Driver@b8f8 (cac15722)]&amp#27;[0m Got response with status 200: {"sessionId":"3b5e89ea-7139-49c7-84cd-25f77886d8fa","value":[]}
[debug] &amp#27;[38;5;32m[AndroidUiautomator2Driver@b8f8 (cac15722)]&amp#27;[0m Responding to client with driver.findElements() result: []
&amp#27;[38;5;0m[HTTP]&amp#27;[0m <-- POST /session/cac15722-a47a-4629-8ad0-5034155aaef4/elements 200 10102 ms - 12
&amp#27;[38;5;0m[HTTP]&amp#27;[0m 
&amp#27;[38;5;0m[HTTP]&amp#27;[0m &amp#27;[37m-->&amp#27;[39m &amp#27;[37mPOST&amp#27;[39m &amp#27;[37m/session/cac15722-a47a-4629-8ad0-5034155aaef4/element&amp#27;[39m
&amp#27;[38;5;0m[HTTP]&amp#27;[0m {"using":"id","value":"com.leanscale.dcafood.zoobaegypt.beta:id/buttonSubmit"}
[debug] &amp#27;[38;5;32m[AndroidUiautomator2Driver@b8f8 (cac15722)]&amp#27;[0m Calling AppiumDriver.findElement() with args: ["id","com.leanscale.dcafood.zoobaegypt.beta:id/buttonSubmit","cac15722-a47a-4629-8ad0-5034155aaef4"]
[debug] &amp#27;[38;5;32m[AndroidUiautomator2Driver@b8f8 (cac15722)]&amp#27;[0m Valid locator strategies for this request: xpath, id, class name, accessibility id, css selector, -android uiautomator
[debug] &amp#27;[38;5;32m[AndroidUiautomator2Driver@b8f8 (cac15722)]&amp#27;[0m Waiting up to 10000 ms for condition
[debug] &amp#27;[38;5;32m[AndroidUiautomator2Driver@b8f8 (cac15722)]&amp#27;[0m Matched '/element' to command name 'findElement'
[debug] &amp#27;[38;5;32m[AndroidUiautomator2Driver@b8f8 (cac15722)]&amp#27;[0m Proxying [POST /element] to [POST http://127.0.0.1:8200/session/3b5e89ea-7139-49c7-84cd-25f77886d8fa/element] with body: {"strategy":"id","selector":"com.leanscale.dcafood.zoobaegypt.beta:id/buttonSubmit","context":"","multiple":false}
&amp#27;[38;5;32m[AndroidUiautomator2Driver@b8f8 (cac15722)]&amp#27;[0m Got response with status 404: {"sessionId":"3b5e89ea-7139-49c7-84cd-25f77886d8fa","value":{"error":"no such element","message":"An element could not be located on the page using the given search parameters","stacktrace":"io.appium.uiautomator2.common.exceptions.ElementNotFoundException: An element could not be located on the page using the given search parameters\n\tat io.appium.uiautomator2.handler.FindElement.safeHandle(FindElement.java:63)\n\tat io.appium.uiautomator2.handler.request.SafeRequestHandler.handle(SafeRequestHandler.java:59)\n\tat io.appium.uiautomator2.server.AppiumServlet.handleRequest(AppiumServlet.java:277)\n\tat io.appium.uiautomator2.server.AppiumServlet.handleHttpRequest(AppiumServlet.java:271)\n\tat io.appium.uiautomator2.http.ServerHandler.channelRead(ServerHandler.java:77)\n\tat io.netty.channel.AbstractChannelHandlerContext.invokeChannelRead(AbstractChannelHandlerContext.java:366)\n\tat io.netty.channel.AbstractChannelHandlerContext.invokeChannelRead(AbstractChannelHandlerContext.java:352)\n\tat io.netty.chann...
[debug] &amp#27;[38;5;128m[W3C]&amp#27;[0m Matched W3C error code 'no such element' to NoSuchElementError
[debug] &amp#27;[38;5;32m[AndroidUiautomator2Driver@b8f8 (cac15722)]&amp#27;[0m Waited for 31 ms so far
[debug] &amp#27;[38;5;32m[AndroidUiautomator2Driver@b8f8 (cac15722)]&amp#27;[0m Matched '/element' to command name 'findElement'
[debug] &amp#27;[38;5;32m[AndroidUiautomator2Driver@b8f8 (cac15722)]&amp#27;[0m Proxying [POST /element] to [POST http://127.0.0.1:8200/session/3b5e89ea-7139-49c7-84cd-25f77886d8fa/element] with body: {"strategy":"id","selector":"com.leanscale.dcafood.zoobaegypt.beta:id/buttonSubmit","context":"","multiple":false}
&amp#27;[38;5;32m[AndroidUiautomator2Driver@b8f8 (cac15722)]&amp#27;[0m Got response with status 404: {"sessionId":"3b5e89ea-7139-49c7-84cd-25f77886d8fa","value":{"error":"no such element","message":"An element could not be located on the page using the given search parameters","stacktrace":"io.appium.uiautomator2.common.exceptions.ElementNotFoundException: An element could not be located on the page using the given search parameters\n\tat io.appium.uiautomator2.handler.FindElement.safeHandle(FindElement.java:63)\n\tat io.appium.uiautomator2.handler.request.SafeRequestHandler.handle(SafeRequestHandler.java:59)\n\tat io.appium.uiautomator2.server.AppiumServlet.handleRequest(AppiumServlet.java:277)\n\tat io.appium.uiautomator2.server.AppiumServlet.handleHttpRequest(AppiumServlet.java:271)\n\tat io.appium.uiautomator2.http.ServerHandler.channelRead(ServerHandler.java:77)\n\tat io.netty.channel.AbstractChannelHandlerContext.invokeChannelRead(AbstractChannelHandlerContext.java:366)\n\tat io.netty.channel.AbstractChannelHandlerContext.invokeChannelRead(AbstractChannelHandlerContext.java:352)\n\tat io.netty.chann...
[debug] &amp#27;[38;5;128m[W3C]&amp#27;[0m Matched W3C error code 'no such element' to NoSuchElementError
[debug] &amp#27;[38;5;32m[AndroidUiautomator2Driver@b8f8 (cac15722)]&amp#27;[0m Waited for 584 ms so far
[debug] &amp#27;[38;5;32m[AndroidUiautomator2Driver@b8f8 (cac15722)]&amp#27;[0m Matched '/element' to command name 'findElement'
[debug] &amp#27;[38;5;32m[AndroidUiautomator2Driver@b8f8 (cac15722)]&amp#27;[0m Proxying [POST /element] to [POST http://127.0.0.1:8200/session/3b5e89ea-7139-49c7-84cd-25f77886d8fa/element] with body: {"strategy":"id","selector":"com.leanscale.dcafood.zoobaegypt.beta:id/buttonSubmit","context":"","multiple":false}
&amp#27;[38;5;32m[AndroidUiautomator2Driver@b8f8 (cac15722)]&amp#27;[0m Got response with status 404: {"sessionId":"3b5e89ea-7139-49c7-84cd-25f77886d8fa","value":{"error":"no such element","message":"An element could not be located on the page using the given search parameters","stacktrace":"io.appium.uiautomator2.common.exceptions.ElementNotFoundException: An element could not be located on the page using the given search parameters\n\tat io.appium.uiautomator2.handler.FindElement.safeHandle(FindElement.java:63)\n\tat io.appium.uiautomator2.handler.request.SafeRequestHandler.handle(SafeRequestHandler.java:59)\n\tat io.appium.uiautomator2.server.AppiumServlet.handleRequest(AppiumServlet.java:277)\n\tat io.appium.uiautomator2.server.AppiumServlet.handleHttpRequest(AppiumServlet.java:271)\n\tat io.appium.uiautomator2.http.ServerHandler.channelRead(ServerHandler.java:77)\n\tat io.netty.channel.AbstractChannelHandlerContext.invokeChannelRead(AbstractChannelHandlerContext.java:366)\n\tat io.netty.channel.AbstractChannelHandlerContext.invokeChannelRead(AbstractChannelHandlerContext.java:352)\n\tat io.netty.chann...
[debug] &amp#27;[38;5;128m[W3C]&amp#27;[0m Matched W3C error code 'no such element' to NoSuchElementError
[debug] &amp#27;[38;5;32m[AndroidUiautomator2Driver@b8f8 (cac15722)]&amp#27;[0m Waited for 1144 ms so far
[debug] &amp#27;[38;5;32m[AndroidUiautomator2Driver@b8f8 (cac15722)]&amp#27;[0m Matched '/element' to command name 'findElement'
[debug] &amp#27;[38;5;32m[AndroidUiautomator2Driver@b8f8 (cac15722)]&amp#27;[0m Proxying [POST /element] to [POST http://127.0.0.1:8200/session/3b5e89ea-7139-49c7-84cd-25f77886d8fa/element] with body: {"strategy":"id","selector":"com.leanscale.dcafood.zoobaegypt.beta:id/buttonSubmit","context":"","multiple":false}
&amp#27;[38;5;32m[AndroidUiautomator2Driver@b8f8 (cac15722)]&amp#27;[0m Got response with status 404: {"sessionId":"3b5e89ea-7139-49c7-84cd-25f77886d8fa","value":{"error":"no such element","message":"An element could not be located on the page using the given search parameters","stacktrace":"io.appium.uiautomator2.common.exceptions.ElementNotFoundException: An element could not be located on the page using the given search parameters\n\tat io.appium.uiautomator2.handler.FindElement.safeHandle(FindElement.java:63)\n\tat io.appium.uiautomator2.handler.request.SafeRequestHandler.handle(SafeRequestHandler.java:59)\n\tat io.appium.uiautomator2.server.AppiumServlet.handleRequest(AppiumServlet.java:277)\n\tat io.appium.uiautomator2.server.AppiumServlet.handleHttpRequest(AppiumServlet.java:271)\n\tat io.appium.uiautomator2.http.ServerHandler.channelRead(ServerHandler.java:77)\n\tat io.netty.channel.AbstractChannelHandlerContext.invokeChannelRead(AbstractChannelHandlerContext.java:366)\n\tat io.netty.channel.AbstractChannelHandlerContext.invokeChannelRead(AbstractChannelHandlerContext.java:352)\n\tat io.netty.chann...
[debug] &amp#27;[38;5;128m[W3C]&amp#27;[0m Matched W3C error code 'no such element' to NoSuchElementError
[debug] &amp#27;[38;5;32m[AndroidUiautomator2Driver@b8f8 (cac15722)]&amp#27;[0m Waited for 1711 ms so far
[debug] &amp#27;[38;5;32m[AndroidUiautomator2Driver@b8f8 (cac15722)]&amp#27;[0m Matched '/element' to command name 'findElement'
[debug] &amp#27;[38;5;32m[AndroidUiautomator2Driver@b8f8 (cac15722)]&amp#27;[0m Proxying [POST /element] to [POST http://127.0.0.1:8200/session/3b5e89ea-7139-49c7-84cd-25f77886d8fa/element] with body: {"strategy":"id","selector":"com.leanscale.dcafood.zoobaegypt.beta:id/buttonSubmit","context":"","multiple":false}
&amp#27;[38;5;32m[AndroidUiautomator2Driver@b8f8 (cac15722)]&amp#27;[0m Got response with status 404: {"sessionId":"3b5e89ea-7139-49c7-84cd-25f77886d8fa","value":{"error":"no such element","message":"An element could not be located on the page using the given search parameters","stacktrace":"io.appium.uiautomator2.common.exceptions.ElementNotFoundException: An element could not be located on the page using the given search parameters\n\tat io.appium.uiautomator2.handler.FindElement.safeHandle(FindElement.java:63)\n\tat io.appium.uiautomator2.handler.request.SafeRequestHandler.handle(SafeRequestHandler.java:59)\n\tat io.appium.uiautomator2.server.AppiumServlet.handleRequest(AppiumServlet.java:277)\n\tat io.appium.uiautomator2.server.AppiumServlet.handleHttpRequest(AppiumServlet.java:271)\n\tat io.appium.uiautomator2.http.ServerHandler.channelRead(ServerHandler.java:77)\n\tat io.netty.channel.AbstractChannelHandlerContext.invokeChannelRead(AbstractChannelHandlerContext.java:366)\n\tat io.netty.channel.AbstractChannelHandlerContext.invokeChannelRead(AbstractChannelHandlerContext.java:352)\n\tat io.netty.chann...
[debug] &amp#27;[38;5;128m[W3C]&amp#27;[0m Matched W3C error code 'no such element' to NoSuchElementError
[debug] &amp#27;[38;5;32m[AndroidUiautomator2Driver@b8f8 (cac15722)]&amp#27;[0m Waited for 2276 ms so far
[debug] &amp#27;[38;5;32m[AndroidUiautomator2Driver@b8f8 (cac15722)]&amp#27;[0m Matched '/element' to command name 'findElement'
[debug] &amp#27;[38;5;32m[AndroidUiautomator2Driver@b8f8 (cac15722)]&amp#27;[0m Proxying [POST /element] to [POST http://127.0.0.1:8200/session/3b5e89ea-7139-49c7-84cd-25f77886d8fa/element] with body: {"strategy":"id","selector":"com.leanscale.dcafood.zoobaegypt.beta:id/buttonSubmit","context":"","multiple":false}
&amp#27;[38;5;32m[AndroidUiautomator2Driver@b8f8 (cac15722)]&amp#27;[0m Got response with status 404: {"sessionId":"3b5e89ea-7139-49c7-84cd-25f77886d8fa","value":{"error":"no such element","message":"An element could not be located on the page using the given search parameters","stacktrace":"io.appium.uiautomator2.common.exceptions.ElementNotFoundException: An element could not be located on the page using the given search parameters\n\tat io.appium.uiautomator2.handler.FindElement.safeHandle(FindElement.java:63)\n\tat io.appium.uiautomator2.handler.request.SafeRequestHandler.handle(SafeRequestHandler.java:59)\n\tat io.appium.uiautomator2.server.AppiumServlet.handleRequest(AppiumServlet.java:277)\n\tat io.appium.uiautomator2.server.AppiumServlet.handleHttpRequest(AppiumServlet.java:271)\n\tat io.appium.uiautomator2.http.ServerHandler.channelRead(ServerHandler.java:77)\n\tat io.netty.channel.AbstractChannelHandlerContext.invokeChannelRead(AbstractChannelHandlerContext.java:366)\n\tat io.netty.channel.AbstractChannelHandlerContext.invokeChannelRead(AbstractChannelHandlerContext.java:352)\n\tat io.netty.chann...
[debug] &amp#27;[38;5;128m[W3C]&amp#27;[0m Matched W3C error code 'no such element' to NoSuchElementError
[debug] &amp#27;[38;5;32m[AndroidUiautomator2Driver@b8f8 (cac15722)]&amp#27;[0m Waited for 2835 ms so far
[debug] &amp#27;[38;5;32m[AndroidUiautomator2Driver@b8f8 (cac15722)]&amp#27;[0m Matched '/element' to command name 'findElement'
[debug] &amp#27;[38;5;32m[AndroidUiautomator2Driver@b8f8 (cac15722)]&amp#27;[0m Proxying [POST /element] to [POST http://127.0.0.1:8200/session/3b5e89ea-7139-49c7-84cd-25f77886d8fa/element] with body: {"strategy":"id","selector":"com.leanscale.dcafood.zoobaegypt.beta:id/buttonSubmit","context":"","multiple":false}
&amp#27;[38;5;32m[AndroidUiautomator2Driver@b8f8 (cac15722)]&amp#27;[0m Got response with status 404: {"sessionId":"3b5e89ea-7139-49c7-84cd-25f77886d8fa","value":{"error":"no such element","message":"An element could not be located on the page using the given search parameters","stacktrace":"io.appium.uiautomator2.common.exceptions.ElementNotFoundException: An element could not be located on the page using the given search parameters\n\tat io.appium.uiautomator2.handler.FindElement.safeHandle(FindElement.java:63)\n\tat io.appium.uiautomator2.handler.request.SafeRequestHandler.handle(SafeRequestHandler.java:59)\n\tat io.appium.uiautomator2.server.AppiumServlet.handleRequest(AppiumServlet.java:277)\n\tat io.appium.uiautomator2.server.AppiumServlet.handleHttpRequest(AppiumServlet.java:271)\n\tat io.appium.uiautomator2.http.ServerHandler.channelRead(ServerHandler.java:77)\n\tat io.netty.channel.AbstractChannelHandlerContext.invokeChannelRead(AbstractChannelHandlerContext.java:366)\n\tat io.netty.channel.AbstractChannelHandlerContext.invokeChannelRead(AbstractChannelHandlerContext.java:352)\n\tat io.netty.chann...
[debug] &amp#27;[38;5;128m[W3C]&amp#27;[0m Matched W3C error code 'no such element' to NoSuchElementError
[debug] &amp#27;[38;5;32m[AndroidUiautomator2Driver@b8f8 (cac15722)]&amp#27;[0m Waited for 3391 ms so far
[debug] &amp#27;[38;5;32m[AndroidUiautomator2Driver@b8f8 (cac15722)]&amp#27;[0m Matched '/element' to command name 'findElement'
[debug] &amp#27;[38;5;32m[AndroidUiautomator2Driver@b8f8 (cac15722)]&amp#27;[0m Proxying [POST /element] to [POST http://127.0.0.1:8200/session/3b5e89ea-7139-49c7-84cd-25f77886d8fa/element] with body: {"strategy":"id","selector":"com.leanscale.dcafood.zoobaegypt.beta:id/buttonSubmit","context":"","multiple":false}
&amp#27;[38;5;32m[AndroidUiautomator2Driver@b8f8 (cac15722)]&amp#27;[0m Got response with status 404: {"sessionId":"3b5e89ea-7139-49c7-84cd-25f77886d8fa","value":{"error":"no such element","message":"An element could not be located on the page using the given search parameters","stacktrace":"io.appium.uiautomator2.common.exceptions.ElementNotFoundException: An element could not be located on the page using the given search parameters\n\tat io.appium.uiautomator2.handler.FindElement.safeHandle(FindElement.java:63)\n\tat io.appium.uiautomator2.handler.request.SafeRequestHandler.handle(SafeRequestHandler.java:59)\n\tat io.appium.uiautomator2.server.AppiumServlet.handleRequest(AppiumServlet.java:277)\n\tat io.appium.uiautomator2.server.AppiumServlet.handleHttpRequest(AppiumServlet.java:271)\n\tat io.appium.uiautomator2.http.ServerHandler.channelRead(ServerHandler.java:77)\n\tat io.netty.channel.AbstractChannelHandlerContext.invokeChannelRead(AbstractChannelHandlerContext.java:366)\n\tat io.netty.channel.AbstractChannelHandlerContext.invokeChannelRead(AbstractChannelHandlerContext.java:352)\n\tat io.netty.chann...
[debug] &amp#27;[38;5;128m[W3C]&amp#27;[0m Matched W3C error code 'no such element' to NoSuchElementError
[debug] &amp#27;[38;5;32m[AndroidUiautomator2Driver@b8f8 (cac15722)]&amp#27;[0m Waited for 3958 ms so far
[debug] &amp#27;[38;5;32m[AndroidUiautomator2Driver@b8f8 (cac15722)]&amp#27;[0m Matched '/element' to command name 'findElement'
[debug] &amp#27;[38;5;32m[AndroidUiautomator2Driver@b8f8 (cac15722)]&amp#27;[0m Proxying [POST /element] to [POST http://127.0.0.1:8200/session/3b5e89ea-7139-49c7-84cd-25f77886d8fa/element] with body: {"strategy":"id","selector":"com.leanscale.dcafood.zoobaegypt.beta:id/buttonSubmit","context":"","multiple":false}
&amp#27;[38;5;32m[AndroidUiautomator2Driver@b8f8 (cac15722)]&amp#27;[0m Got response with status 404: {"sessionId":"3b5e89ea-7139-49c7-84cd-25f77886d8fa","value":{"error":"no such element","message":"An element could not be located on the page using the given search parameters","stacktrace":"io.appium.uiautomator2.common.exceptions.ElementNotFoundException: An element could not be located on the page using the given search parameters\n\tat io.appium.uiautomator2.handler.FindElement.safeHandle(FindElement.java:63)\n\tat io.appium.uiautomator2.handler.request.SafeRequestHandler.handle(SafeRequestHandler.java:59)\n\tat io.appium.uiautomator2.server.AppiumServlet.handleRequest(AppiumServlet.java:277)\n\tat io.appium.uiautomator2.server.AppiumServlet.handleHttpRequest(AppiumServlet.java:271)\n\tat io.appium.uiautomator2.http.ServerHandler.channelRead(ServerHandler.java:77)\n\tat io.netty.channel.AbstractChannelHandlerContext.invokeChannelRead(AbstractChannelHandlerContext.java:366)\n\tat io.netty.channel.AbstractChannelHandlerContext.invokeChannelRead(AbstractChannelHandlerContext.java:352)\n\tat io.netty.chann...
[debug] &amp#27;[38;5;128m[W3C]&amp#27;[0m Matched W3C error code 'no such element' to NoSuchElementError
[debug] &amp#27;[38;5;32m[AndroidUiautomator2Driver@b8f8 (cac15722)]&amp#27;[0m Waited for 4503 ms so far
[debug] &amp#27;[38;5;32m[AndroidUiautomator2Driver@b8f8 (cac15722)]&amp#27;[0m Matched '/element' to command name 'findElement'
[debug] &amp#27;[38;5;32m[AndroidUiautomator2Driver@b8f8 (cac15722)]&amp#27;[0m Proxying [POST /element] to [POST http://127.0.0.1:8200/session/3b5e89ea-7139-49c7-84cd-25f77886d8fa/element] with body: {"strategy":"id","selector":"com.leanscale.dcafood.zoobaegypt.beta:id/buttonSubmit","context":"","multiple":false}
&amp#27;[38;5;32m[AndroidUiautomator2Driver@b8f8 (cac15722)]&amp#27;[0m Got response with status 404: {"sessionId":"3b5e89ea-7139-49c7-84cd-25f77886d8fa","value":{"error":"no such element","message":"An element could not be located on the page using the given search parameters","stacktrace":"io.appium.uiautomator2.common.exceptions.ElementNotFoundException: An element could not be located on the page using the given search parameters\n\tat io.appium.uiautomator2.handler.FindElement.safeHandle(FindElement.java:63)\n\tat io.appium.uiautomator2.handler.request.SafeRequestHandler.handle(SafeRequestHandler.java:59)\n\tat io.appium.uiautomator2.server.AppiumServlet.handleRequest(AppiumServlet.java:277)\n\tat io.appium.uiautomator2.server.AppiumServlet.handleHttpRequest(AppiumServlet.java:271)\n\tat io.appium.uiautomator2.http.ServerHandler.channelRead(ServerHandler.java:77)\n\tat io.netty.channel.AbstractChannelHandlerContext.invokeChannelRead(AbstractChannelHandlerContext.java:366)\n\tat io.netty.channel.AbstractChannelHandlerContext.invokeChannelRead(AbstractChannelHandlerContext.java:352)\n\tat io.netty.chann...
[debug] &amp#27;[38;5;128m[W3C]&amp#27;[0m Matched W3C error code 'no such element' to NoSuchElementError
[debug] &amp#27;[38;5;32m[AndroidUiautomator2Driver@b8f8 (cac15722)]&amp#27;[0m Waited for 5059 ms so far
[debug] &amp#27;[38;5;32m[AndroidUiautomator2Driver@b8f8 (cac15722)]&amp#27;[0m Matched '/element' to command name 'findElement'
[debug] &amp#27;[38;5;32m[AndroidUiautomator2Driver@b8f8 (cac15722)]&amp#27;[0m Proxying [POST /element] to [POST http://127.0.0.1:8200/session/3b5e89ea-7139-49c7-84cd-25f77886d8fa/element] with body: {"strategy":"id","selector":"com.leanscale.dcafood.zoobaegypt.beta:id/buttonSubmit","context":"","multiple":false}
&amp#27;[38;5;32m[AndroidUiautomator2Driver@b8f8 (cac15722)]&amp#27;[0m Got response with status 404: {"sessionId":"3b5e89ea-7139-49c7-84cd-25f77886d8fa","value":{"error":"no such element","message":"An element could not be located on the page using the given search parameters","stacktrace":"io.appium.uiautomator2.common.exceptions.ElementNotFoundException: An element could not be located on the page using the given search parameters\n\tat io.appium.uiautomator2.handler.FindElement.safeHandle(FindElement.java:63)\n\tat io.appium.uiautomator2.handler.request.SafeRequestHandler.handle(SafeRequestHandler.java:59)\n\tat io.appium.uiautomator2.server.AppiumServlet.handleRequest(AppiumServlet.java:277)\n\tat io.appium.uiautomator2.server.AppiumServlet.handleHttpRequest(AppiumServlet.java:271)\n\tat io.appium.uiautomator2.http.ServerHandler.channelRead(ServerHandler.java:77)\n\tat io.netty.channel.AbstractChannelHandlerContext.invokeChannelRead(AbstractChannelHandlerContext.java:366)\n\tat io.netty.channel.AbstractChannelHandlerContext.invokeChannelRead(AbstractChannelHandlerContext.java:352)\n\tat io.netty.chann...
[debug] &amp#27;[38;5;128m[W3C]&amp#27;[0m Matched W3C error code 'no such element' to NoSuchElementError
[debug] &amp#27;[38;5;32m[AndroidUiautomator2Driver@b8f8 (cac15722)]&amp#27;[0m Waited for 5619 ms so far
[debug] &amp#27;[38;5;32m[AndroidUiautomator2Driver@b8f8 (cac15722)]&amp#27;[0m Matched '/element' to command name 'findElement'
[debug] &amp#27;[38;5;32m[AndroidUiautomator2Driver@b8f8 (cac15722)]&amp#27;[0m Proxying [POST /element] to [POST http://127.0.0.1:8200/session/3b5e89ea-7139-49c7-84cd-25f77886d8fa/element] with body: {"strategy":"id","selector":"com.leanscale.dcafood.zoobaegypt.beta:id/buttonSubmit","context":"","multiple":false}
&amp#27;[38;5;32m[AndroidUiautomator2Driver@b8f8 (cac15722)]&amp#27;[0m Got response with status 404: {"sessionId":"3b5e89ea-7139-49c7-84cd-25f77886d8fa","value":{"error":"no such element","message":"An element could not be located on the page using the given search parameters","stacktrace":"io.appium.uiautomator2.common.exceptions.ElementNotFoundException: An element could not be located on the page using the given search parameters\n\tat io.appium.uiautomator2.handler.FindElement.safeHandle(FindElement.java:63)\n\tat io.appium.uiautomator2.handler.request.SafeRequestHandler.handle(SafeRequestHandler.java:59)\n\tat io.appium.uiautomator2.server.AppiumServlet.handleRequest(AppiumServlet.java:277)\n\tat io.appium.uiautomator2.server.AppiumServlet.handleHttpRequest(AppiumServlet.java:271)\n\tat io.appium.uiautomator2.http.ServerHandler.channelRead(ServerHandler.java:77)\n\tat io.netty.channel.AbstractChannelHandlerContext.invokeChannelRead(AbstractChannelHandlerContext.java:366)\n\tat io.netty.channel.AbstractChannelHandlerContext.invokeChannelRead(AbstractChannelHandlerContext.java:352)\n\tat io.netty.chann...
[debug] &amp#27;[38;5;128m[W3C]&amp#27;[0m Matched W3C error code 'no such element' to NoSuchElementError
[debug] &amp#27;[38;5;32m[AndroidUiautomator2Driver@b8f8 (cac15722)]&amp#27;[0m Waited for 6176 ms so far
[debug] &amp#27;[38;5;32m[AndroidUiautomator2Driver@b8f8 (cac15722)]&amp#27;[0m Matched '/element' to command name 'findElement'
[debug] &amp#27;[38;5;32m[AndroidUiautomator2Driver@b8f8 (cac15722)]&amp#27;[0m Proxying [POST /element] to [POST http://127.0.0.1:8200/session/3b5e89ea-7139-49c7-84cd-25f77886d8fa/element] with body: {"strategy":"id","selector":"com.leanscale.dcafood.zoobaegypt.beta:id/buttonSubmit","context":"","multiple":false}
&amp#27;[38;5;32m[AndroidUiautomator2Driver@b8f8 (cac15722)]&amp#27;[0m Got response with status 404: {"sessionId":"3b5e89ea-7139-49c7-84cd-25f77886d8fa","value":{"error":"no such element","message":"An element could not be located on the page using the given search parameters","stacktrace":"io.appium.uiautomator2.common.exceptions.ElementNotFoundException: An element could not be located on the page using the given search parameters\n\tat io.appium.uiautomator2.handler.FindElement.safeHandle(FindElement.java:63)\n\tat io.appium.uiautomator2.handler.request.SafeRequestHandler.handle(SafeRequestHandler.java:59)\n\tat io.appium.uiautomator2.server.AppiumServlet.handleRequest(AppiumServlet.java:277)\n\tat io.appium.uiautomator2.server.AppiumServlet.handleHttpRequest(AppiumServlet.java:271)\n\tat io.appium.uiautomator2.http.ServerHandler.channelRead(ServerHandler.java:77)\n\tat io.netty.channel.AbstractChannelHandlerContext.invokeChannelRead(AbstractChannelHandlerContext.java:366)\n\tat io.netty.channel.AbstractChannelHandlerContext.invokeChannelRead(AbstractChannelHandlerContext.java:352)\n\tat io.netty.chann...
[debug] &amp#27;[38;5;128m[W3C]&amp#27;[0m Matched W3C error code 'no such element' to NoSuchElementError
[debug] &amp#27;[38;5;32m[AndroidUiautomator2Driver@b8f8 (cac15722)]&amp#27;[0m Waited for 6728 ms so far
[debug] &amp#27;[38;5;32m[AndroidUiautomator2Driver@b8f8 (cac15722)]&amp#27;[0m Matched '/element' to command name 'findElement'
[debug] &amp#27;[38;5;32m[AndroidUiautomator2Driver@b8f8 (cac15722)]&amp#27;[0m Proxying [POST /element] to [POST http://127.0.0.1:8200/session/3b5e89ea-7139-49c7-84cd-25f77886d8fa/element] with body: {"strategy":"id","selector":"com.leanscale.dcafood.zoobaegypt.beta:id/buttonSubmit","context":"","multiple":false}
&amp#27;[38;5;32m[AndroidUiautomator2Driver@b8f8 (cac15722)]&amp#27;[0m Got response with status 404: {"sessionId":"3b5e89ea-7139-49c7-84cd-25f77886d8fa","value":{"error":"no such element","message":"An element could not be located on the page using the given search parameters","stacktrace":"io.appium.uiautomator2.common.exceptions.ElementNotFoundException: An element could not be located on the page using the given search parameters\n\tat io.appium.uiautomator2.handler.FindElement.safeHandle(FindElement.java:63)\n\tat io.appium.uiautomator2.handler.request.SafeRequestHandler.handle(SafeRequestHandler.java:59)\n\tat io.appium.uiautomator2.server.AppiumServlet.handleRequest(AppiumServlet.java:277)\n\tat io.appium.uiautomator2.server.AppiumServlet.handleHttpRequest(AppiumServlet.java:271)\n\tat io.appium.uiautomator2.http.ServerHandler.channelRead(ServerHandler.java:77)\n\tat io.netty.channel.AbstractChannelHandlerContext.invokeChannelRead(AbstractChannelHandlerContext.java:366)\n\tat io.netty.channel.AbstractChannelHandlerContext.invokeChannelRead(AbstractChannelHandlerContext.java:352)\n\tat io.netty.chann...
[debug] &amp#27;[38;5;128m[W3C]&amp#27;[0m Matched W3C error code 'no such element' to NoSuchElementError
[debug] &amp#27;[38;5;32m[AndroidUiautomator2Driver@b8f8 (cac15722)]&amp#27;[0m Waited for 7281 ms so far
[debug] &amp#27;[38;5;32m[AndroidUiautomator2Driver@b8f8 (cac15722)]&amp#27;[0m Matched '/element' to command name 'findElement'
[debug] &amp#27;[38;5;32m[AndroidUiautomator2Driver@b8f8 (cac15722)]&amp#27;[0m Proxying [POST /element] to [POST http://127.0.0.1:8200/session/3b5e89ea-7139-49c7-84cd-25f77886d8fa/element] with body: {"strategy":"id","selector":"com.leanscale.dcafood.zoobaegypt.beta:id/buttonSubmit","context":"","multiple":false}
&amp#27;[38;5;32m[AndroidUiautomator2Driver@b8f8 (cac15722)]&amp#27;[0m Got response with status 404: {"sessionId":"3b5e89ea-7139-49c7-84cd-25f77886d8fa","value":{"error":"no such element","message":"An element could not be located on the page using the given search parameters","stacktrace":"io.appium.uiautomator2.common.exceptions.ElementNotFoundException: An element could not be located on the page using the given search parameters\n\tat io.appium.uiautomator2.handler.FindElement.safeHandle(FindElement.java:63)\n\tat io.appium.uiautomator2.handler.request.SafeRequestHandler.handle(SafeRequestHandler.java:59)\n\tat io.appium.uiautomator2.server.AppiumServlet.handleRequest(AppiumServlet.java:277)\n\tat io.appium.uiautomator2.server.AppiumServlet.handleHttpRequest(AppiumServlet.java:271)\n\tat io.appium.uiautomator2.http.ServerHandler.channelRead(ServerHandler.java:77)\n\tat io.netty.channel.AbstractChannelHandlerContext.invokeChannelRead(AbstractChannelHandlerContext.java:366)\n\tat io.netty.channel.AbstractChannelHandlerContext.invokeChannelRead(AbstractChannelHandlerContext.java:352)\n\tat io.netty.chann...
[debug] &amp#27;[38;5;128m[W3C]&amp#27;[0m Matched W3C error code 'no such element' to NoSuchElementError
[debug] &amp#27;[38;5;32m[AndroidUiautomator2Driver@b8f8 (cac15722)]&amp#27;[0m Waited for 7831 ms so far
[debug] &amp#27;[38;5;32m[AndroidUiautomator2Driver@b8f8 (cac15722)]&amp#27;[0m Matched '/element' to command name 'findElement'
[debug] &amp#27;[38;5;32m[AndroidUiautomator2Driver@b8f8 (cac15722)]&amp#27;[0m Proxying [POST /element] to [POST http://127.0.0.1:8200/session/3b5e89ea-7139-49c7-84cd-25f77886d8fa/element] with body: {"strategy":"id","selector":"com.leanscale.dcafood.zoobaegypt.beta:id/buttonSubmit","context":"","multiple":false}
&amp#27;[38;5;32m[AndroidUiautomator2Driver@b8f8 (cac15722)]&amp#27;[0m Got response with status 404: {"sessionId":"3b5e89ea-7139-49c7-84cd-25f77886d8fa","value":{"error":"no such element","message":"An element could not be located on the page using the given search parameters","stacktrace":"io.appium.uiautomator2.common.exceptions.ElementNotFoundException: An element could not be located on the page using the given search parameters\n\tat io.appium.uiautomator2.handler.FindElement.safeHandle(FindElement.java:63)\n\tat io.appium.uiautomator2.handler.request.SafeRequestHandler.handle(SafeRequestHandler.java:59)\n\tat io.appium.uiautomator2.server.AppiumServlet.handleRequest(AppiumServlet.java:277)\n\tat io.appium.uiautomator2.server.AppiumServlet.handleHttpRequest(AppiumServlet.java:271)\n\tat io.appium.uiautomator2.http.ServerHandler.channelRead(ServerHandler.java:77)\n\tat io.netty.channel.AbstractChannelHandlerContext.invokeChannelRead(AbstractChannelHandlerContext.java:366)\n\tat io.netty.channel.AbstractChannelHandlerContext.invokeChannelRead(AbstractChannelHandlerContext.java:352)\n\tat io.netty.chann...
[debug] &amp#27;[38;5;128m[W3C]&amp#27;[0m Matched W3C error code 'no such element' to NoSuchElementError
[debug] &amp#27;[38;5;32m[AndroidUiautomator2Driver@b8f8 (cac15722)]&amp#27;[0m Waited for 8384 ms so far
[debug] &amp#27;[38;5;32m[AndroidUiautomator2Driver@b8f8 (cac15722)]&amp#27;[0m Matched '/element' to command name 'findElement'
[debug] &amp#27;[38;5;32m[AndroidUiautomator2Driver@b8f8 (cac15722)]&amp#27;[0m Proxying [POST /element] to [POST http://127.0.0.1:8200/session/3b5e89ea-7139-49c7-84cd-25f77886d8fa/element] with body: {"strategy":"id","selector":"com.leanscale.dcafood.zoobaegypt.beta:id/buttonSubmit","context":"","multiple":false}
&amp#27;[38;5;32m[AndroidUiautomator2Driver@b8f8 (cac15722)]&amp#27;[0m Got response with status 404: {"sessionId":"3b5e89ea-7139-49c7-84cd-25f77886d8fa","value":{"error":"no such element","message":"An element could not be located on the page using the given search parameters","stacktrace":"io.appium.uiautomator2.common.exceptions.ElementNotFoundException: An element could not be located on the page using the given search parameters\n\tat io.appium.uiautomator2.handler.FindElement.safeHandle(FindElement.java:63)\n\tat io.appium.uiautomator2.handler.request.SafeRequestHandler.handle(SafeRequestHandler.java:59)\n\tat io.appium.uiautomator2.server.AppiumServlet.handleRequest(AppiumServlet.java:277)\n\tat io.appium.uiautomator2.server.AppiumServlet.handleHttpRequest(AppiumServlet.java:271)\n\tat io.appium.uiautomator2.http.ServerHandler.channelRead(ServerHandler.java:77)\n\tat io.netty.channel.AbstractChannelHandlerContext.invokeChannelRead(AbstractChannelHandlerContext.java:366)\n\tat io.netty.channel.AbstractChannelHandlerContext.invokeChannelRead(AbstractChannelHandlerContext.java:352)\n\tat io.netty.chann...
[debug] &amp#27;[38;5;128m[W3C]&amp#27;[0m Matched W3C error code 'no such element' to NoSuchElementError
[debug] &amp#27;[38;5;32m[AndroidUiautomator2Driver@b8f8 (cac15722)]&amp#27;[0m Waited for 8916 ms so far
[debug] &amp#27;[38;5;32m[AndroidUiautomator2Driver@b8f8 (cac15722)]&amp#27;[0m Matched '/element' to command name 'findElement'
[debug] &amp#27;[38;5;32m[AndroidUiautomator2Driver@b8f8 (cac15722)]&amp#27;[0m Proxying [POST /element] to [POST http://127.0.0.1:8200/session/3b5e89ea-7139-49c7-84cd-25f77886d8fa/element] with body: {"strategy":"id","selector":"com.leanscale.dcafood.zoobaegypt.beta:id/buttonSubmit","context":"","multiple":false}
&amp#27;[38;5;32m[AndroidUiautomator2Driver@b8f8 (cac15722)]&amp#27;[0m Got response with status 404: {"sessionId":"3b5e89ea-7139-49c7-84cd-25f77886d8fa","value":{"error":"no such element","message":"An element could not be located on the page using the given search parameters","stacktrace":"io.appium.uiautomator2.common.exceptions.ElementNotFoundException: An element could not be located on the page using the given search parameters\n\tat io.appium.uiautomator2.handler.FindElement.safeHandle(FindElement.java:63)\n\tat io.appium.uiautomator2.handler.request.SafeRequestHandler.handle(SafeRequestHandler.java:59)\n\tat io.appium.uiautomator2.server.AppiumServlet.handleRequest(AppiumServlet.java:277)\n\tat io.appium.uiautomator2.server.AppiumServlet.handleHttpRequest(AppiumServlet.java:271)\n\tat io.appium.uiautomator2.http.ServerHandler.channelRead(ServerHandler.java:77)\n\tat io.netty.channel.AbstractChannelHandlerContext.invokeChannelRead(AbstractChannelHandlerContext.java:366)\n\tat io.netty.channel.AbstractChannelHandlerContext.invokeChannelRead(AbstractChannelHandlerContext.java:352)\n\tat io.netty.chann...
[debug] &amp#27;[38;5;128m[W3C]&amp#27;[0m Matched W3C error code 'no such element' to NoSuchElementError
[debug] &amp#27;[38;5;32m[AndroidUiautomator2Driver@b8f8 (cac15722)]&amp#27;[0m Waited for 9457 ms so far
[debug] &amp#27;[38;5;32m[AndroidUiautomator2Driver@b8f8 (cac15722)]&amp#27;[0m Matched '/element' to command name 'findElement'
[debug] &amp#27;[38;5;32m[AndroidUiautomator2Driver@b8f8 (cac15722)]&amp#27;[0m Proxying [POST /element] to [POST http://127.0.0.1:8200/session/3b5e89ea-7139-49c7-84cd-25f77886d8fa/element] with body: {"strategy":"id","selector":"com.leanscale.dcafood.zoobaegypt.beta:id/buttonSubmit","context":"","multiple":false}
&amp#27;[38;5;32m[AndroidUiautomator2Driver@b8f8 (cac15722)]&amp#27;[0m Got response with status 404: {"sessionId":"3b5e89ea-7139-49c7-84cd-25f77886d8fa","value":{"error":"no such element","message":"An element could not be located on the page using the given search parameters","stacktrace":"io.appium.uiautomator2.common.exceptions.ElementNotFoundException: An element could not be located on the page using the given search parameters\n\tat io.appium.uiautomator2.handler.FindElement.safeHandle(FindElement.java:63)\n\tat io.appium.uiautomator2.handler.request.SafeRequestHandler.handle(SafeRequestHandler.java:59)\n\tat io.appium.uiautomator2.server.AppiumServlet.handleRequest(AppiumServlet.java:277)\n\tat io.appium.uiautomator2.server.AppiumServlet.handleHttpRequest(AppiumServlet.java:271)\n\tat io.appium.uiautomator2.http.ServerHandler.channelRead(ServerHandler.java:77)\n\tat io.netty.channel.AbstractChannelHandlerContext.invokeChannelRead(AbstractChannelHandlerContext.java:366)\n\tat io.netty.channel.AbstractChannelHandlerContext.invokeChannelRead(AbstractChannelHandlerContext.java:352)\n\tat io.netty.chann...
[debug] &amp#27;[38;5;128m[W3C]&amp#27;[0m Matched W3C error code 'no such element' to NoSuchElementError
[debug] &amp#27;[38;5;32m[AndroidUiautomator2Driver@b8f8 (cac15722)]&amp#27;[0m Encountered internal error running command: NoSuchElementError: An element could not be located on the page using the given search parameters.
[debug] &amp#27;[38;5;32m[AndroidUiautomator2Driver@b8f8 (cac15722)]&amp#27;[0m     at AndroidUiautomator2Driver.findElOrEls (/Users/dori/.appium/node_modules/appium-uiautomator2-driver/node_modules/appium-android-driver/lib/commands/find.js:75:11)
[debug] &amp#27;[38;5;32m[AndroidUiautomator2Driver@b8f8 (cac15722)]&amp#27;[0m     at processTicksAndRejections (node:internal/process/task_queues:96:5)
[debug] &amp#27;[38;5;32m[AndroidUiautomator2Driver@b8f8 (cac15722)]&amp#27;[0m     at AndroidUiautomator2Driver.findElOrElsWithProcessing (/usr/local/lib/node_modules/appium/node_modules/@appium/base-driver/lib/basedriver/commands/find.ts:60:12)
[debug] &amp#27;[38;5;32m[AndroidUiautomator2Driver@b8f8 (cac15722)]&amp#27;[0m     at AndroidUiautomator2Driver.findElement (/usr/local/lib/node_modules/appium/node_modules/@appium/base-driver/lib/basedriver/commands/find.ts:75:12)
&amp#27;[38;5;0m[HTTP]&amp#27;[0m <-- POST /session/cac15722-a47a-4629-8ad0-5034155aaef4/element 404 10058 ms - 809
&amp#27;[38;5;0m[HTTP]&amp#27;[0m 
]]></system-out>
  </testcase>
  <testcase name="loginWithGoogle" classname="org.RegressionTests.LoginTests" time="10.106">
    <failure message="An element could not be located on the page using the given search parameters.&#10;For documentation on this error, please visit: https://www.selenium.dev/documentation/webdriver/troubleshooting/errors#no-such-element-exception&#10;Build info: version: &apos;4.13.0&apos;, revision: &apos;ba948ece5b*&apos;&#10;System info: os.name: &apos;Mac OS X&apos;, os.arch: &apos;x86_64&apos;, os.version: &apos;13.2.1&apos;, java.version: &apos;11.0.17&apos;&#10;Driver info: io.appium.java_client.android.AndroidDriver&#10;Command: [d1263c7b-1e71-47d6-a04a-a092861b2d11, findElement {using=id, value=com.leanscale.dcafood.zoobaegypt.beta:id/buttonLater}]&#10;Capabilities {appium:app: /Users/dori/Downloads/zooba..., appium:appPackage: com.leanscale.dcafood.zooba..., appium:autoGrantPermissions: true, appium:automationName: UIAutomator2, appium:chromeOptions: {w3c: false}, appium:chromedriverExecutable: /Users/dori/Downloads/zooba..., appium:databaseEnabled: false, appium:desired: {app: /Users/dori/Downloads/zooba..., autoGrantPermissions: true, automationName: UIAutomator2, chromeOptions: {w3c: false}, chromedriverExecutable: /Users/dori/Downloads/zooba..., deviceName: PlayStore, platformName: ANDROID}, appium:deviceApiLevel: 33, appium:deviceManufacturer: Google, appium:deviceModel: sdk_gphone64_arm64, appium:deviceName: emulator-5554, appium:deviceScreenDensity: 440, appium:deviceScreenSize: 1080x2280, appium:deviceUDID: emulator-5554, appium:javascriptEnabled: true, appium:locationContextEnabled: false, appium:networkConnectionEnabled: true, appium:pixelRatio: 2.75, appium:platformVersion: 13, appium:statBarHeight: 66, appium:takesScreenshot: true, appium:viewportRect: {height: 2148, left: 0, top: 66, width: 1080}, appium:warnings: {}, appium:webStorageEnabled: false, platformName: ANDROID}&#10;Session ID: d1263c7b-1e71-47d6-a04a-a092861b2d11" type="org.openqa.selenium.NoSuchElementException">org.openqa.selenium.NoSuchElementException: 
An element could not be located on the page using the given search parameters.
For documentation on this error, please visit: https://www.selenium.dev/documentation/webdriver/troubleshooting/errors#no-such-element-exception
Build info: version: '4.13.0', revision: 'ba948ece5b*'
System info: os.name: 'Mac OS X', os.arch: 'x86_64', os.version: '13.2.1', java.version: '11.0.17'
Driver info: io.appium.java_client.android.AndroidDriver
Command: [d1263c7b-1e71-47d6-a04a-a092861b2d11, findElement {using=id, value=com.leanscale.dcafood.zoobaegypt.beta:id/buttonLater}]
Capabilities {appium:app: /Users/dori/Downloads/zooba..., appium:appPackage: com.leanscale.dcafood.zooba..., appium:autoGrantPermissions: true, appium:automationName: UIAutomator2, appium:chromeOptions: {w3c: false}, appium:chromedriverExecutable: /Users/dori/Downloads/zooba..., appium:databaseEnabled: false, appium:desired: {app: /Users/dori/Downloads/zooba..., autoGrantPermissions: true, automationName: UIAutomator2, chromeOptions: {w3c: false}, chromedriverExecutable: /Users/dori/Downloads/zooba..., deviceName: PlayStore, platformName: ANDROID}, appium:deviceApiLevel: 33, appium:deviceManufacturer: Google, appium:deviceModel: sdk_gphone64_arm64, appium:deviceName: emulator-5554, appium:deviceScreenDensity: 440, appium:deviceScreenSize: 1080x2280, appium:deviceUDID: emulator-5554, appium:javascriptEnabled: true, appium:locationContextEnabled: false, appium:networkConnectionEnabled: true, appium:pixelRatio: 2.75, appium:platformVersion: 13, appium:statBarHeight: 66, appium:takesScreenshot: true, appium:viewportRect: {height: 2148, left: 0, top: 66, width: 1080}, appium:warnings: {}, appium:webStorageEnabled: false, platformName: ANDROID}
Session ID: d1263c7b-1e71-47d6-a04a-a092861b2d11
	at org.RegressionTests.LoginTests.loginWithGoogle(LoginTests.java:37)
</failure>
    <system-out><![CDATA[&amp#27;[38;5;0m[HTTP]&amp#27;[0m &amp#27;[37m-->&amp#27;[39m &amp#27;[37mDELETE&amp#27;[39m &amp#27;[37m/session/cac15722-a47a-4629-8ad0-5034155aaef4&amp#27;[39m
&amp#27;[38;5;0m[HTTP]&amp#27;[0m {}
[debug] &amp#27;[38;5;32m[AndroidUiautomator2Driver@b8f8 (cac15722)]&amp#27;[0m Calling AppiumDriver.deleteSession() with args: ["cac15722-a47a-4629-8ad0-5034155aaef4"]
[debug] &amp#27;[38;5;16m[AppiumDriver@f653]&amp#27;[0m Event 'quitSessionRequested' logged at 1696870962885 (20:02:42 GMT+0300 (GMT+03:00))
&amp#27;[38;5;16m[AppiumDriver@f653]&amp#27;[0m Removing session cac15722-a47a-4629-8ad0-5034155aaef4 from our master session list
[debug] &amp#27;[38;5;32m[AndroidUiautomator2Driver@b8f8 (cac15722)]&amp#27;[0m Deleting UiAutomator2 session
[debug] &amp#27;[38;5;32m[AndroidUiautomator2Driver@b8f8 (cac15722)]&amp#27;[0m Deleting UiAutomator2 server session
[debug] &amp#27;[38;5;32m[AndroidUiautomator2Driver@b8f8 (cac15722)]&amp#27;[0m Matched '/' to command name 'deleteSession'
[debug] &amp#27;[38;5;32m[AndroidUiautomator2Driver@b8f8 (cac15722)]&amp#27;[0m Proxying [DELETE /] to [DELETE http://127.0.0.1:8200/session/3b5e89ea-7139-49c7-84cd-25f77886d8fa] with no body
[debug] &amp#27;[38;5;32m[AndroidUiautomator2Driver@b8f8 (cac15722)]&amp#27;[0m Got response with status 200: {"sessionId":"3b5e89ea-7139-49c7-84cd-25f77886d8fa","value":null}
[debug] &amp#27;[38;5;64m[ADB]&amp#27;[0m Running '/Users/dori/Library/Android/sdk/platform-tools/adb -P 5037 -s emulator-5554 shell dumpsys activity services io.appium.settings/.recorder.RecorderService'
[debug] &amp#27;[38;5;64m[ADB]&amp#27;[0m Running '/Users/dori/Library/Android/sdk/platform-tools/adb -P 5037 -s emulator-5554 shell am force-stop com.leanscale.dcafood.zoobaegypt.beta'
[debug] &amp#27;[38;5;96m[Logcat]&amp#27;[0m Stopping logcat capture
[debug] &amp#27;[38;5;64m[ADB]&amp#27;[0m Removing forwarded port socket connection: 8200 
[debug] &amp#27;[38;5;64m[ADB]&amp#27;[0m Running '/Users/dori/Library/Android/sdk/platform-tools/adb -P 5037 -s emulator-5554 forward --remove tcp:8200'
&amp#27;[38;5;32m[AndroidUiautomator2Driver@b8f8 (cac15722)]&amp#27;[0m Restoring hidden api policy to the device default configuration
[debug] &amp#27;[38;5;64m[ADB]&amp#27;[0m Running '/Users/dori/Library/Android/sdk/platform-tools/adb -P 5037 -s emulator-5554 shell 'settings delete global hidden_api_policy_pre_p_apps;settings delete global hidden_api_policy_p_apps;settings delete global hidden_api_policy''
[debug] &amp#27;[38;5;16m[AppiumDriver@f653]&amp#27;[0m Event 'quitSessionFinished' logged at 1696870963270 (20:02:43 GMT+0300 (GMT+03:00))
[debug] &amp#27;[38;5;16m[AppiumDriver@f653]&amp#27;[0m Received response: null
[debug] &amp#27;[38;5;16m[AppiumDriver@f653]&amp#27;[0m But deleting session, so not returning
[debug] &amp#27;[38;5;16m[AppiumDriver@f653]&amp#27;[0m Responding to client with driver.deleteSession() result: null
&amp#27;[38;5;0m[HTTP]&amp#27;[0m <-- DELETE /session/cac15722-a47a-4629-8ad0-5034155aaef4 200 387 ms - 14
&amp#27;[38;5;0m[HTTP]&amp#27;[0m 
null
&amp#27;[35m[Appium]&amp#27;[39m Welcome to Appium v2.0.1
&amp#27;[35m[Appium]&amp#27;[39m Non-default server args:
&amp#27;[35m[Appium]&amp#27;[39m { port: &amp#27;[33m4724&amp#27;[39m }
&amp#27;[35m[Appium]&amp#27;[39m Attempting to load driver uiautomator2...
[debug] &amp#27;[35m[Appium]&amp#27;[39m Requiring driver at /Users/dori/.appium/node_modules/appium-uiautomator2-driver
[Appium] Appium REST http interface listener started on http://0.0.0.0:4724
[Appium] You can provide the following URLS in your client code to connect to this server:
[Appium] 	http://127.0.0.1:4724/ (only accessible from the same host)
[Appium] 	http://192.168.1.103:4724/
[Appium] Available drivers:
[Appium]   - uiautomator2@2.29.11 (automationName 'UiAutomator2')
[Appium] No plugins have been installed. Use the "appium plugin" command to install the one(s) you want to use.
&amp#27;[38;5;0m[HTTP]&amp#27;[0m &amp#27;[37m-->&amp#27;[39m &amp#27;[37mGET&amp#27;[39m &amp#27;[37m/status&amp#27;[39m
&amp#27;[38;5;0m[HTTP]&amp#27;[0m {}
[debug] &amp#27;[38;5;16m[AppiumDriver@5b2a]&amp#27;[0m Calling AppiumDriver.getStatus() with args: []
[debug] &amp#27;[38;5;16m[AppiumDriver@5b2a]&amp#27;[0m Responding to client with driver.getStatus() result: {"build":{"version":"2.0.1"}}
&amp#27;[38;5;0m[HTTP]&amp#27;[0m <-- GET /status 200 11 ms - 39
&amp#27;[38;5;0m[HTTP]&amp#27;[0m 
[debug] &amp#27;[38;5;0m[HTTP]&amp#27;[0m Request idempotency key: 008a5ade-470b-4a09-a414-613dbf5bb7ad
&amp#27;[38;5;0m[HTTP]&amp#27;[0m &amp#27;[37m-->&amp#27;[39m &amp#27;[37mPOST&amp#27;[39m &amp#27;[37m/session&amp#27;[39m
&amp#27;[38;5;0m[HTTP]&amp#27;[0m {"capabilities":{"firstMatch":[{}],"alwaysMatch":{"appium:app":"/Users/dori/Downloads/zoobaAutomation-master//src//main//java//org//zoobaApp//Resources//zooba.apk","appium:autoGrantPermissions":true,"appium:automationName":"UIAutomator2","appium:chromeOptions":{"w3c":false},"appium:chromedriverExecutable":"/Users/dori/Downloads/zoobaAutomation-master//src//main//java//org//zoobaApp//TestUtils//Drivers//ChromeDriver//chromedriver.exe","appium:deviceName":"PlayStore","platformName":"ANDROID"}}}
[debug] &amp#27;[38;5;16m[AppiumDriver@5b2a]&amp#27;[0m Calling AppiumDriver.createSession() with args: [null,null,{"firstMatch":[{}],"alwaysMatch":{"appium:app":"/Users/dori/Downloads/zoobaAutomation-master//src//main//java//org//zoobaApp//Resources//zooba.apk","appium:autoGrantPermissions":true,"appium:automationName":"UIAutomator2","appium:chromeOptions":{"w3c":false},"appium:chromedriverExecutable":"/Users/dori/Downloads/zoobaAutomation-master//src//main//java//org//zoobaApp//TestUtils//Drivers//ChromeDriver//chromedriver.exe","appium:deviceName":"PlayStore","platformName":"ANDROID"}}]
[debug] &amp#27;[38;5;16m[AppiumDriver@5b2a]&amp#27;[0m Event 'newSessionRequested' logged at 1696870970570 (20:02:50 GMT+0300 (GMT+03:00))
[Appium] Attempting to find matching driver for automationName 'UIAutomator2' and platformName 'ANDROID'
[Appium] The 'uiautomator2' driver was installed and matched caps.
[Appium] Will require it at /Users/dori/.appium/node_modules/appium-uiautomator2-driver
[debug] [Appium] Requiring driver at /Users/dori/.appium/node_modules/appium-uiautomator2-driver
&amp#27;[38;5;16m[AppiumDriver@5b2a]&amp#27;[0m Appium v2.0.1 creating new AndroidUiautomator2Driver (v2.29.11) session
&amp#27;[38;5;16m[AppiumDriver@5b2a]&amp#27;[0m Checking BaseDriver versions for Appium and AndroidUiautomator2Driver
&amp#27;[38;5;16m[AppiumDriver@5b2a]&amp#27;[0m Appium's BaseDriver version is 9.3.16
&amp#27;[38;5;16m[AppiumDriver@5b2a]&amp#27;[0m AndroidUiautomator2Driver's BaseDriver version is 9.3.16
[debug] &amp#27;[38;5;32m[AndroidUiautomator2Driver@7597]&amp#27;[0m Creating session with W3C capabilities: {
[debug] &amp#27;[38;5;32m[AndroidUiautomator2Driver@7597]&amp#27;[0m   "alwaysMatch": {
[debug] &amp#27;[38;5;32m[AndroidUiautomator2Driver@7597]&amp#27;[0m     "platformName": "ANDROID",
[debug] &amp#27;[38;5;32m[AndroidUiautomator2Driver@7597]&amp#27;[0m     "appium:app": "/Users/dori/Downloads/zoobaAutomation-master//src//main//java//org//zoobaApp//Resources//zooba.apk",
[debug] &amp#27;[38;5;32m[AndroidUiautomator2Driver@7597]&amp#27;[0m     "appium:autoGrantPermissions": true,
[debug] &amp#27;[38;5;32m[AndroidUiautomator2Driver@7597]&amp#27;[0m     "appium:automationName": "UIAutomator2",
[debug] &amp#27;[38;5;32m[AndroidUiautomator2Driver@7597]&amp#27;[0m     "appium:chromeOptions": {
[debug] &amp#27;[38;5;32m[AndroidUiautomator2Driver@7597]&amp#27;[0m       "w3c": false
[debug] &amp#27;[38;5;32m[AndroidUiautomator2Driver@7597]&amp#27;[0m     },
[debug] &amp#27;[38;5;32m[AndroidUiautomator2Driver@7597]&amp#27;[0m     "appium:chromedriverExecutable": "/Users/dori/Downloads/zoobaAutomation-master//src//main//java//org//zoobaApp//TestUtils//Drivers//ChromeDriver//chromedriver.exe",
[debug] &amp#27;[38;5;32m[AndroidUiautomator2Driver@7597]&amp#27;[0m     "appium:deviceName": "PlayStore"
[debug] &amp#27;[38;5;32m[AndroidUiautomator2Driver@7597]&amp#27;[0m   },
[debug] &amp#27;[38;5;32m[AndroidUiautomator2Driver@7597]&amp#27;[0m   "firstMatch": [
[debug] &amp#27;[38;5;32m[AndroidUiautomator2Driver@7597]&amp#27;[0m     {}
[debug] &amp#27;[38;5;32m[AndroidUiautomator2Driver@7597]&amp#27;[0m   ]
[debug] &amp#27;[38;5;32m[AndroidUiautomator2Driver@7597]&amp#27;[0m }
&amp#27;[38;5;32m[AndroidUiautomator2Driver@7597]&amp#27;[0m The following capabilities were provided, but are not recognized by Appium:
&amp#27;[38;5;32m[AndroidUiautomator2Driver@7597]&amp#27;[0m   deviceName
&amp#27;[38;5;32m[AndroidUiautomator2Driver@7597 (d1263c7b)]&amp#27;[0m Session created with session id: d1263c7b-1e71-47d6-a04a-a092861b2d11
&amp#27;[38;5;48m[BaseDriver]&amp#27;[0m Using local app '/Users/dori/Downloads/zoobaAutomation-master//src//main//java//org//zoobaApp//Resources//zooba.apk'
[debug] &amp#27;[38;5;32m[AndroidUiautomator2Driver@7597 (d1263c7b)]&amp#27;[0m Checking whether app is actually present
&amp#27;[38;5;64m[ADB]&amp#27;[0m Found 4 'build-tools' folders under '/Users/dori/Library/Android/sdk' (newest first):
&amp#27;[38;5;64m[ADB]&amp#27;[0m     /Users/dori/Library/Android/sdk/build-tools/33.0.1
&amp#27;[38;5;64m[ADB]&amp#27;[0m     /Users/dori/Library/Android/sdk/build-tools/33.0.0
&amp#27;[38;5;64m[ADB]&amp#27;[0m     /Users/dori/Library/Android/sdk/build-tools/30.0.3
&amp#27;[38;5;64m[ADB]&amp#27;[0m     /Users/dori/Library/Android/sdk/build-tools/30.0.2
&amp#27;[38;5;64m[ADB]&amp#27;[0m Using 'adb' from '/Users/dori/Library/Android/sdk/platform-tools/adb'
[debug] &amp#27;[38;5;64m[ADB]&amp#27;[0m Running '/Users/dori/Library/Android/sdk/platform-tools/adb -P 5037 start-server'
&amp#27;[38;5;80m[AndroidDriver]&amp#27;[0m Retrieving device list
[debug] &amp#27;[38;5;64m[ADB]&amp#27;[0m Trying to find connected Android devices
[debug] &amp#27;[38;5;64m[ADB]&amp#27;[0m Getting connected devices
[debug] &amp#27;[38;5;64m[ADB]&amp#27;[0m Connected devices: [{"udid":"emulator-5554","state":"device"}]
&amp#27;[38;5;80m[AndroidDriver]&amp#27;[0m Using device: emulator-5554
&amp#27;[38;5;64m[ADB]&amp#27;[0m Using 'adb' from '/Users/dori/Library/Android/sdk/platform-tools/adb'
[debug] &amp#27;[38;5;64m[ADB]&amp#27;[0m Running '/Users/dori/Library/Android/sdk/platform-tools/adb -P 5037 start-server'
[debug] &amp#27;[38;5;64m[ADB]&amp#27;[0m Setting device id to emulator-5554
[debug] &amp#27;[38;5;64m[ADB]&amp#27;[0m Running '/Users/dori/Library/Android/sdk/platform-tools/adb -P 5037 -s emulator-5554 shell getprop ro.build.version.sdk'
[debug] &amp#27;[38;5;64m[ADB]&amp#27;[0m Current device property 'ro.build.version.sdk': 33
&amp#27;[38;5;64m[ADB]&amp#27;[0m Getting device platform version
[debug] &amp#27;[38;5;64m[ADB]&amp#27;[0m Running '/Users/dori/Library/Android/sdk/platform-tools/adb -P 5037 -s emulator-5554 shell getprop ro.build.version.release'
[debug] &amp#27;[38;5;64m[ADB]&amp#27;[0m Current device property 'ro.build.version.release': 13
[debug] &amp#27;[38;5;64m[ADB]&amp#27;[0m Device API level: 33
&amp#27;[38;5;32m[AndroidUiautomator2Driver@7597 (d1263c7b)]&amp#27;[0m Relaxing hidden api policy
[debug] &amp#27;[38;5;64m[ADB]&amp#27;[0m Running '/Users/dori/Library/Android/sdk/platform-tools/adb -P 5037 -s emulator-5554 shell 'settings put global hidden_api_policy_pre_p_apps 1;settings put global hidden_api_policy_p_apps 1;settings put global hidden_api_policy 1''
[debug] &amp#27;[38;5;80m[AndroidDriver]&amp#27;[0m Parsing package and activity from app manifest
&amp#27;[38;5;64m[ADB]&amp#27;[0m Package name: 'com.leanscale.dcafood.zoobaegypt.beta'
&amp#27;[38;5;64m[ADB]&amp#27;[0m Main activity name: 'com.leanscale.dca.sdk.feature.account.splash.SplashActivity'
[debug] &amp#27;[38;5;80m[AndroidDriver]&amp#27;[0m Parsed package and activity are: com.leanscale.dcafood.zoobaegypt.beta/com.leanscale.dca.sdk.feature.account.splash.SplashActivity
[debug] &amp#27;[38;5;64m[ADB]&amp#27;[0m Running '/Users/dori/Library/Android/sdk/platform-tools/adb -P 5037 -s emulator-5554 wait-for-device'
[debug] &amp#27;[38;5;64m[ADB]&amp#27;[0m Running '/Users/dori/Library/Android/sdk/platform-tools/adb -P 5037 -s emulator-5554 shell echo ping'
[debug] &amp#27;[38;5;80m[AndroidDriver]&amp#27;[0m Pushing settings apk to device...
[debug] &amp#27;[38;5;64m[ADB]&amp#27;[0m Getting package info for 'io.appium.settings'
[debug] &amp#27;[38;5;64m[ADB]&amp#27;[0m Running '/Users/dori/Library/Android/sdk/platform-tools/adb -P 5037 -s emulator-5554 shell dumpsys package io.appium.settings'
[debug] &amp#27;[38;5;64m[ADB]&amp#27;[0m The version name of the installed 'io.appium.settings' is greater or equal to the application version name ('5.1.2' >= '5.1.2')
[debug] &amp#27;[38;5;64m[ADB]&amp#27;[0m There is no need to install/upgrade '/Users/dori/.appium/node_modules/appium-uiautomator2-driver/node_modules/io.appium.settings/apks/settings_apk-debug.apk'
[debug] &amp#27;[38;5;64m[ADB]&amp#27;[0m Getting IDs of all 'io.appium.settings' processes
[debug] &amp#27;[38;5;64m[ADB]&amp#27;[0m Running '/Users/dori/Library/Android/sdk/platform-tools/adb -P 5037 -s emulator-5554 shell 'pgrep --help; echo $?''
[debug] &amp#27;[38;5;64m[ADB]&amp#27;[0m Running '/Users/dori/Library/Android/sdk/platform-tools/adb -P 5037 -s emulator-5554 shell pgrep -f \(\[\[:blank:\]\]\|\^\)io\.appium\.settings\(\[\[:blank:\]\]\|\$\)'
[debug] &amp#27;[38;5;80m[AndroidDriver]&amp#27;[0m io.appium.settings is already running. There is no need to reset its permissions.
[debug] &amp#27;[38;5;96m[Logcat]&amp#27;[0m Starting logs capture with command: /Users/dori/Library/Android/sdk/platform-tools/adb -P 5037 -s emulator-5554 logcat -v threadtime
[debug] &amp#27;[38;5;32m[AndroidUiautomator2Driver@7597 (d1263c7b)]&amp#27;[0m Forwarding UiAutomator2 Server port 6790 to local port 8200
[debug] &amp#27;[38;5;64m[ADB]&amp#27;[0m Forwarding system: 8200 to device: 6790
[debug] &amp#27;[38;5;64m[ADB]&amp#27;[0m Running '/Users/dori/Library/Android/sdk/platform-tools/adb -P 5037 -s emulator-5554 forward tcp:8200 tcp:6790'
[debug] &amp#27;[38;5;64m[ADB]&amp#27;[0m Checking app cert for /Users/dori/.appium/node_modules/appium-uiautomator2-driver/node_modules/appium-uiautomator2-server/apks/appium-uiautomator2-server-v5.12.6.apk
[debug] &amp#27;[38;5;64m[ADB]&amp#27;[0m Checking app cert for /Users/dori/.appium/node_modules/appium-uiautomator2-driver/node_modules/appium-uiautomator2-server/apks/appium-uiautomator2-server-debug-androidTest.apk
&amp#27;[38;5;64m[ADB]&amp#27;[0m Using 'apksigner.jar' from '/Users/dori/Library/Android/sdk/build-tools/33.0.1/lib/apksigner.jar'
[debug] &amp#27;[38;5;64m[ADB]&amp#27;[0m Starting apksigner: /Library/Java/JavaVirtualMachines/jdk-17.0.1.jdk/Contents/Home/bin/java -Xmx1024M -Xss1m -jar /Users/dori/Library/Android/sdk/build-tools/33.0.1/lib/apksigner.jar verify --print-certs /Users/dori/.appium/node_modules/appium-uiautomator2-driver/node_modules/appium-uiautomator2-server/apks/appium-uiautomator2-server-debug-androidTest.apk
[debug] &amp#27;[38;5;64m[ADB]&amp#27;[0m Starting apksigner: /Library/Java/JavaVirtualMachines/jdk-17.0.1.jdk/Contents/Home/bin/java -Xmx1024M -Xss1m -jar /Users/dori/Library/Android/sdk/build-tools/33.0.1/lib/apksigner.jar verify --print-certs /Users/dori/.appium/node_modules/appium-uiautomator2-driver/node_modules/appium-uiautomator2-server/apks/appium-uiautomator2-server-v5.12.6.apk
[debug] &amp#27;[38;5;64m[ADB]&amp#27;[0m apksigner stdout: Signer #1 certificate DN: EMAILADDRESS=android@android.com, CN=Android, OU=Android, O=Android, L=Mountain View, ST=California, C=US
[debug] &amp#27;[38;5;64m[ADB]&amp#27;[0m Signer #1 certificate SHA-256 digest: a40da80a59d170caa950cf15c18c454d47a39b26989d8b640ecd745ba71bf5dc
[debug] &amp#27;[38;5;64m[ADB]&amp#27;[0m Signer #1 certificate SHA-1 digest: 61ed377e85d386a8dfee6b864bd85b0bfaa5af81
[debug] &amp#27;[38;5;64m[ADB]&amp#27;[0m Signer #1 certificate MD5 digest: e89b158e4bcf988ebd09eb83f5378e87
[debug] &amp#27;[38;5;64m[ADB]&amp#27;[0m 
[debug] &amp#27;[38;5;64m[ADB]&amp#27;[0m sha256 hash did match for 'appium-uiautomator2-server-debug-androidTest.apk'
&amp#27;[38;5;64m[ADB]&amp#27;[0m '/Users/dori/.appium/node_modules/appium-uiautomator2-driver/node_modules/appium-uiautomator2-server/apks/appium-uiautomator2-server-debug-androidTest.apk' is signed with the default certificate
[debug] &amp#27;[38;5;64m[ADB]&amp#27;[0m Getting install status for io.appium.uiautomator2.server.test
[debug] &amp#27;[38;5;64m[ADB]&amp#27;[0m Running '/Users/dori/Library/Android/sdk/platform-tools/adb -P 5037 -s emulator-5554 shell pm path io.appium.uiautomator2.server.test'
[debug] &amp#27;[38;5;64m[ADB]&amp#27;[0m 'io.appium.uiautomator2.server.test' is installed
[debug] &amp#27;[38;5;64m[ADB]&amp#27;[0m apksigner stdout: Signer #1 certificate DN: EMAILADDRESS=android@android.com, CN=Android, OU=Android, O=Android, L=Mountain View, ST=California, C=US
[debug] &amp#27;[38;5;64m[ADB]&amp#27;[0m Signer #1 certificate SHA-256 digest: a40da80a59d170caa950cf15c18c454d47a39b26989d8b640ecd745ba71bf5dc
[debug] &amp#27;[38;5;64m[ADB]&amp#27;[0m Signer #1 certificate SHA-1 digest: 61ed377e85d386a8dfee6b864bd85b0bfaa5af81
[debug] &amp#27;[38;5;64m[ADB]&amp#27;[0m Signer #1 certificate MD5 digest: e89b158e4bcf988ebd09eb83f5378e87
[debug] &amp#27;[38;5;64m[ADB]&amp#27;[0m 
[debug] &amp#27;[38;5;64m[ADB]&amp#27;[0m sha256 hash did match for 'appium-uiautomator2-server-v5.12.6.apk'
&amp#27;[38;5;64m[ADB]&amp#27;[0m '/Users/dori/.appium/node_modules/appium-uiautomator2-driver/node_modules/appium-uiautomator2-server/apks/appium-uiautomator2-server-v5.12.6.apk' is signed with the default certificate
[debug] &amp#27;[38;5;64m[ADB]&amp#27;[0m Getting package info for 'io.appium.uiautomator2.server'
[debug] &amp#27;[38;5;64m[ADB]&amp#27;[0m Running '/Users/dori/Library/Android/sdk/platform-tools/adb -P 5037 -s emulator-5554 shell dumpsys package io.appium.uiautomator2.server'
[debug] &amp#27;[38;5;64m[ADB]&amp#27;[0m The version name of the installed 'io.appium.uiautomator2.server' is greater or equal to the application version name ('5.12.6' >= '5.12.6')
[debug] &amp#27;[38;5;32m[AndroidUiautomator2Driver@7597 (d1263c7b)]&amp#27;[0m Server packages status: [{"wasSigned":true,"installState":"sameVersionInstalled","appPath":"/Users/dori/.appium/node_modules/appium-uiautomator2-driver/node_modules/appium-uiautomator2-server/apks/appium-uiautomator2-server-v5.12.6.apk","appId":"io.appium.uiautomator2.server"},{"wasSigned":true,"installState":"sameVersionInstalled","appPath":"/Users/dori/.appium/node_modules/appium-uiautomator2-driver/node_modules/appium-uiautomator2-server/apks/appium-uiautomator2-server-debug-androidTest.apk","appId":"io.appium.uiautomator2.server.test"}]
&amp#27;[38;5;32m[AndroidUiautomator2Driver@7597 (d1263c7b)]&amp#27;[0m Server packages are not going to be (re)installed
[debug] &amp#27;[38;5;32m[AndroidUiautomator2Driver@7597 (d1263c7b)]&amp#27;[0m Waiting up to 30000ms for services to be available
[debug] &amp#27;[38;5;64m[ADB]&amp#27;[0m Running '/Users/dori/Library/Android/sdk/platform-tools/adb -P 5037 -s emulator-5554 shell pm list instrumentation'
[debug] &amp#27;[38;5;32m[AndroidUiautomator2Driver@7597 (d1263c7b)]&amp#27;[0m Instrumentation target 'io.appium.uiautomator2.server.test/androidx.test.runner.AndroidJUnitRunner' is available
&amp#27;[38;5;64m[ADB]&amp#27;[0m Adding packages ["io.appium.settings","io.appium.uiautomator2.server","io.appium.uiautomator2.server.test"] to Doze whitelist
[debug] &amp#27;[38;5;64m[ADB]&amp#27;[0m Got the following command chunks to execute: [["dumpsys","deviceidle","whitelist","+io.appium.settings",";","dumpsys","deviceidle","whitelist","+io.appium.uiautomator2.server",";","dumpsys","deviceidle","whitelist","+io.appium.uiautomator2.server.test",";"]]
[debug] &amp#27;[38;5;64m[ADB]&amp#27;[0m Running '/Users/dori/Library/Android/sdk/platform-tools/adb -P 5037 -s emulator-5554 shell dumpsys deviceidle whitelist +io.appium.settings ; dumpsys deviceidle whitelist +io.appium.uiautomator2.server ; dumpsys deviceidle whitelist +io.appium.uiautomator2.server.test ;'
[debug] &amp#27;[38;5;64m[ADB]&amp#27;[0m Checking app cert for /Users/dori/Downloads/zoobaAutomation-master//src//main//java//org//zoobaApp//Resources//zooba.apk
[debug] &amp#27;[38;5;64m[ADB]&amp#27;[0m Starting apksigner: /Library/Java/JavaVirtualMachines/jdk-17.0.1.jdk/Contents/Home/bin/java -Xmx1024M -Xss1m -jar /Users/dori/Library/Android/sdk/build-tools/33.0.1/lib/apksigner.jar verify --print-certs /Users/dori/Downloads/zoobaAutomation-master//src//main//java//org//zoobaApp//Resources//zooba.apk
[debug] &amp#27;[38;5;64m[ADB]&amp#27;[0m apksigner stdout: Signer #1 certificate DN: CN=LS, OU=Dca, O=Lean Scale, L=Dubai
[debug] &amp#27;[38;5;64m[ADB]&amp#27;[0m Signer #1 certificate SHA-256 digest: af749546a40a56eb0dc542ad066783e965123ba42c1f656ca955f96836e14fe1
[debug] &amp#27;[38;5;64m[ADB]&amp#27;[0m Signer #1 certificate SHA-1 digest: b8a6736986df073159c6ac72afaeac817996a4bb
[debug] &amp#27;[38;5;64m[ADB]&amp#27;[0m Signer #1 certificate MD5 digest: 27f59e7ab839774b20294cff12e07312
[debug] &amp#27;[38;5;64m[ADB]&amp#27;[0m 
&amp#27;[38;5;64m[ADB]&amp#27;[0m '/Users/dori/Downloads/zoobaAutomation-master//src//main//java//org//zoobaApp//Resources//zooba.apk' is signed with a non-default certificate
[debug] &amp#27;[38;5;64m[ADB]&amp#27;[0m Getting package info for 'com.leanscale.dcafood.zoobaegypt.beta'
[debug] &amp#27;[38;5;64m[ADB]&amp#27;[0m Running '/Users/dori/Library/Android/sdk/platform-tools/adb -P 5037 -s emulator-5554 shell dumpsys package com.leanscale.dcafood.zoobaegypt.beta'
[debug] &amp#27;[38;5;64m[ADB]&amp#27;[0m The version name of the installed 'com.leanscale.dcafood.zoobaegypt.beta' is greater or equal to the application version name ('1.2.0' >= '1.2.0')
[debug] &amp#27;[38;5;64m[ADB]&amp#27;[0m There is no need to install/upgrade '/Users/dori/Downloads/zoobaAutomation-master//src//main//java//org//zoobaApp//Resources//zooba.apk'
&amp#27;[38;5;80m[AndroidDriver]&amp#27;[0m Performing fast reset on 'com.leanscale.dcafood.zoobaegypt.beta'
[debug] &amp#27;[38;5;64m[ADB]&amp#27;[0m Getting install status for com.leanscale.dcafood.zoobaegypt.beta
[debug] &amp#27;[38;5;64m[ADB]&amp#27;[0m Running '/Users/dori/Library/Android/sdk/platform-tools/adb -P 5037 -s emulator-5554 shell pm path com.leanscale.dcafood.zoobaegypt.beta'
[debug] &amp#27;[38;5;64m[ADB]&amp#27;[0m 'com.leanscale.dcafood.zoobaegypt.beta' is installed
[debug] &amp#27;[38;5;64m[ADB]&amp#27;[0m Running '/Users/dori/Library/Android/sdk/platform-tools/adb -P 5037 -s emulator-5554 shell am force-stop com.leanscale.dcafood.zoobaegypt.beta'
[debug] &amp#27;[38;5;64m[ADB]&amp#27;[0m Running '/Users/dori/Library/Android/sdk/platform-tools/adb -P 5037 -s emulator-5554 shell pm clear com.leanscale.dcafood.zoobaegypt.beta'
[debug] &amp#27;[38;5;64m[ADB]&amp#27;[0m Running '/Users/dori/Library/Android/sdk/platform-tools/adb -P 5037 -s emulator-5554 shell dumpsys package com.leanscale.dcafood.zoobaegypt.beta'
[debug] &amp#27;[38;5;64m[ADB]&amp#27;[0m Retrieving requested permissions
[debug] &amp#27;[38;5;64m[ADB]&amp#27;[0m Retrieved 14 permissions from requested group
[debug] &amp#27;[38;5;64m[ADB]&amp#27;[0m Retrieving granted permissions
[debug] &amp#27;[38;5;64m[ADB]&amp#27;[0m Retrieved 10 permissions from install,runtime groups
[debug] &amp#27;[38;5;64m[ADB]&amp#27;[0m Granting permissions ["android.permission.POST_NOTIFICATIONS","android.permission.ACCESS_COARSE_LOCATION","android.permission.CAMERA","android.permission.ACCESS_FINE_LOCATION"] to 'com.leanscale.dcafood.zoobaegypt.beta'
[debug] &amp#27;[38;5;64m[ADB]&amp#27;[0m Got the following command chunks to execute: [["pm","grant","com.leanscale.dcafood.zoobaegypt.beta","android.permission.POST_NOTIFICATIONS",";","pm","grant","com.leanscale.dcafood.zoobaegypt.beta","android.permission.ACCESS_COARSE_LOCATION",";","pm","grant","com.leanscale.dcafood.zoobaegypt.beta","android.permission.CAMERA",";","pm","grant","com.leanscale.dcafood.zoobaegypt.beta","android.permission.ACCESS_FINE_LOCATION",";"]]
[debug] &amp#27;[38;5;64m[ADB]&amp#27;[0m Running '/Users/dori/Library/Android/sdk/platform-tools/adb -P 5037 -s emulator-5554 shell pm grant com.leanscale.dcafood.zoobaegypt.beta android.permission.POST_NOTIFICATIONS ; pm grant com.leanscale.dcafood.zoobaegypt.beta android.permission.ACCESS_COARSE_LOCATION ; pm grant com.leanscale.dcafood.zoobaegypt.beta android.permission.CAMERA ; pm grant com.leanscale.dcafood.zoobaegypt.beta android.permission.ACCESS_FINE_LOCATION ;'
[debug] &amp#27;[38;5;80m[AndroidDriver]&amp#27;[0m Performed fast reset on the installed 'com.leanscale.dcafood.zoobaegypt.beta' application (stop and clear)
[debug] &amp#27;[38;5;32m[AndroidUiautomator2Driver@7597 (d1263c7b)]&amp#27;[0m Performing shallow cleanup of automation leftovers
[debug] &amp#27;[38;5;32m[AndroidUiautomator2Driver@7597 (d1263c7b)]&amp#27;[0m No obsolete sessions have been detected (socket hang up)
[debug] &amp#27;[38;5;64m[ADB]&amp#27;[0m Running '/Users/dori/Library/Android/sdk/platform-tools/adb -P 5037 -s emulator-5554 shell am force-stop io.appium.uiautomator2.server.test'
&amp#27;[38;5;32m[AndroidUiautomator2Driver@7597 (d1263c7b)]&amp#27;[0m Starting UIAutomator2 server 5.12.6
&amp#27;[38;5;32m[AndroidUiautomator2Driver@7597 (d1263c7b)]&amp#27;[0m Using UIAutomator2 server from '/Users/dori/.appium/node_modules/appium-uiautomator2-driver/node_modules/appium-uiautomator2-server/apks/appium-uiautomator2-server-v5.12.6.apk' and test from '/Users/dori/.appium/node_modules/appium-uiautomator2-driver/node_modules/appium-uiautomator2-server/apks/appium-uiautomator2-server-debug-androidTest.apk'
&amp#27;[38;5;32m[AndroidUiautomator2Driver@7597 (d1263c7b)]&amp#27;[0m Waiting up to 30000ms for UiAutomator2 to be online...
[debug] &amp#27;[38;5;64m[ADB]&amp#27;[0m Creating ADB subprocess with args: ["-P","5037","-s","emulator-5554","shell","am","instrument","-w","-e","disableAnalytics",true,"io.appium.uiautomator2.server.test/androidx.test.runner.AndroidJUnitRunner"]
[debug] &amp#27;[38;5;32m[AndroidUiautomator2Driver@7597 (d1263c7b)]&amp#27;[0m Matched '/status' to command name 'getStatus'
[debug] &amp#27;[38;5;32m[AndroidUiautomator2Driver@7597 (d1263c7b)]&amp#27;[0m Proxying [GET /status] to [GET http://127.0.0.1:8200/status] with no body
&amp#27;[38;5;32m[AndroidUiautomator2Driver@7597 (d1263c7b)]&amp#27;[0m socket hang up
[debug] &amp#27;[38;5;112m[Instrumentation]&amp#27;[0m io.appium.uiautomator2.server.test.AppiumUiAutomator2Server:
[debug] &amp#27;[38;5;32m[AndroidUiautomator2Driver@7597 (d1263c7b)]&amp#27;[0m Matched '/status' to command name 'getStatus'
[debug] &amp#27;[38;5;32m[AndroidUiautomator2Driver@7597 (d1263c7b)]&amp#27;[0m Proxying [GET /status] to [GET http://127.0.0.1:8200/status] with no body
&amp#27;[38;5;32m[AndroidUiautomator2Driver@7597 (d1263c7b)]&amp#27;[0m socket hang up
[debug] &amp#27;[38;5;32m[AndroidUiautomator2Driver@7597 (d1263c7b)]&amp#27;[0m Matched '/status' to command name 'getStatus'
[debug] &amp#27;[38;5;32m[AndroidUiautomator2Driver@7597 (d1263c7b)]&amp#27;[0m Proxying [GET /status] to [GET http://127.0.0.1:8200/status] with no body
[debug] &amp#27;[38;5;32m[AndroidUiautomator2Driver@7597 (d1263c7b)]&amp#27;[0m Got response with status 200: {"sessionId":"None","value":{"message":"UiAutomator2 Server is ready to accept commands","ready":true}}
[debug] &amp#27;[38;5;32m[AndroidUiautomator2Driver@7597 (d1263c7b)]&amp#27;[0m The initialization of the instrumentation process took 2117ms
[debug] &amp#27;[38;5;32m[AndroidUiautomator2Driver@7597 (d1263c7b)]&amp#27;[0m Matched '/session' to command name 'createSession'
[debug] &amp#27;[38;5;32m[AndroidUiautomator2Driver@7597 (d1263c7b)]&amp#27;[0m Proxying [POST /session] to [POST http://127.0.0.1:8200/session] with body: {"capabilities":{"firstMatch":[{"platform":"LINUX","webStorageEnabled":false,"takesScreenshot":true,"javascriptEnabled":true,"databaseEnabled":false,"networkConnectionEnabled":true,"locationContextEnabled":false,"warnings":{},"desired":{"platformName":"ANDROID","app":"/Users/dori/Downloads/zoobaAutomation-master//src//main//java//org//zoobaApp//Resources//zooba.apk","autoGrantPermissions":true,"automationName":"UIAutomator2","chromeOptions":{"w3c":false},"chromedriverExecutable":"/Users/dori/Downloads/zoobaAutomation-master//src//main//java//org//zoobaApp//TestUtils//Drivers//ChromeDriver//chromedriver.exe","deviceName":"PlayStore"},"platformName":"ANDROID","app":"/Users/dori/Downloads/zoobaAutomation-master//src//main//java//org//zoobaApp//Resources//zooba.apk","autoGrantPermissions":true,"automationName":"UIAutomator2","chromeOptions":{"w3c":false},"chromedriverExecutable":"/Users/dori/Downloads/zoobaAutomation-master//src//main//java//org//zoobaApp//TestUtils//Drivers//ChromeDriver//chromedriver.exe","d...
[debug] &amp#27;[38;5;32m[AndroidUiautomator2Driver@7597 (d1263c7b)]&amp#27;[0m Got response with status 200: {"sessionId":"34d775fd-0767-4cc8-a6e5-aeb7685f0075","value":{"capabilities":{"firstMatch":[{"platform":"LINUX","webStorageEnabled":false,"takesScreenshot":true,"javascriptEnabled":true,"databaseEnabled":false,"networkConnectionEnabled":true,"locationContextEnabled":false,"warnings":{},"desired":{"platformName":"ANDROID","app":"/Users/dori/Downloads/zoobaAutomation-master//src//main//java//org//zoobaApp//Resources//zooba.apk","autoGrantPermissions":true,"automationName":"UIAutomator2","chromeOptions":{"w3c":false},"chromedriverExecutable":"/Users/dori/Downloads/zoobaAutomation-master//src//main//java//org//zoobaApp//TestUtils//Drivers//ChromeDriver//chromedriver.exe","deviceName":"PlayStore"},"platformName":"ANDROID","app":"/Users/dori/Downloads/zoobaAutomation-master//src//main//java//org//zoobaApp//Resources//zooba.apk","autoGrantPermissions":true,"automationName":"UIAutomator2","chromeOptions":{"w3c":false},"chromedriverExecutable":"/Users/dori/Downloads/zoobaAutomation-master//src//main//java//org//zoob...
&amp#27;[38;5;32m[AndroidUiautomator2Driver@7597 (d1263c7b)]&amp#27;[0m Determined the downstream protocol as 'W3C'
[debug] &amp#27;[38;5;32m[AndroidUiautomator2Driver@7597 (d1263c7b)]&amp#27;[0m Proxying [GET /appium/device/info] to [GET http://127.0.0.1:8200/session/34d775fd-0767-4cc8-a6e5-aeb7685f0075/appium/device/info] with no body
[debug] &amp#27;[38;5;32m[AndroidUiautomator2Driver@7597 (d1263c7b)]&amp#27;[0m Got response with status 200: {"sessionId":"34d775fd-0767-4cc8-a6e5-aeb7685f0075","value":{"androidId":"eec1320f1000e146","apiVersion":"33","bluetooth":{"state":"ON"},"brand":"google","carrierName":"T-Mobile","displayDensity":440,"locale":"en_US","manufacturer":"Google","model":"sdk_gphone64_arm64","networks":[{"capabilities":{"SSID":null,"linkDownBandwidthKbps":4300,"linkUpstreamBandwidthKbps":1800,"networkCapabilities":"NET_CAPABILITY_MMS,NET_CAPABILITY_SUPL,NET_CAPABILITY_DUN,NET_CAPABILITY_FOTA,NET_CAPABILITY_IMS,NET_CAPABILITY_CBS,NET_CAPABILITY_INTERNET,NET_CAPABILITY_NOT_RESTRICTED,NET_CAPABILITY_TRUSTED,NET_CAPABILITY_NOT_VPN,NET_CAPABILITY_VALIDATED,NET_CAPABILITY_NOT_ROAMING,NET_CAPABILITY_NOT_CONGESTED,NET_CAPABILITY_NOT_SUSPENDED","signalStrength":-2147483648,"transportTypes":"TRANSPORT_CELLULAR"},"detailedState":"CONNECTED","extraInfo":"epc.tmobile.com","isAvailable":true,"isConnected":true,"isFailover":false,"isRoaming":false,"state":"CONNECTED","subtype":10,"subtypeName":"HSPA","type":0,"typeName":"MOBILE"},{"capabilitie...
[debug] &amp#27;[38;5;64m[ADB]&amp#27;[0m Running '/Users/dori/Library/Android/sdk/platform-tools/adb -P 5037 -s emulator-5554 shell dumpsys window'
&amp#27;[38;5;80m[AndroidDriver]&amp#27;[0m Screen already unlocked, doing nothing
&amp#27;[38;5;32m[AndroidUiautomator2Driver@7597 (d1263c7b)]&amp#27;[0m Starting 'com.leanscale.dcafood.zoobaegypt.beta/com.leanscale.dca.sdk.feature.account.splash.SplashActivity and waiting for 'com.leanscale.dcafood.zoobaegypt.beta/com.leanscale.dca.sdk.feature.account.splash.SplashActivity'
[debug] &amp#27;[38;5;64m[ADB]&amp#27;[0m Running '/Users/dori/Library/Android/sdk/platform-tools/adb -P 5037 -s emulator-5554 shell am start -W -n com.leanscale.dcafood.zoobaegypt.beta/com.leanscale.dca.sdk.feature.account.splash.SplashActivity -S -a android.intent.action.MAIN -c android.intent.category.LAUNCHER -f 0x10200000'
[debug] &amp#27;[38;5;64m[ADB]&amp#27;[0m Waiting up to 20000ms for activity matching pkg: 'com.leanscale.dcafood.zoobaegypt.beta' and activity: 'com.leanscale.dca.sdk.feature.account.splash.SplashActivity' to be focused
[debug] &amp#27;[38;5;64m[ADB]&amp#27;[0m Possible activities, to be checked: 'com.leanscale.dca.sdk.feature.account.splash.SplashActivity', 'com.leanscale.dcafood.zoobaegypt.beta.com.leanscale.dca.sdk.feature.account.splash.SplashActivity'
[debug] &amp#27;[38;5;64m[ADB]&amp#27;[0m Getting focused package and activity
[debug] &amp#27;[38;5;64m[ADB]&amp#27;[0m Running '/Users/dori/Library/Android/sdk/platform-tools/adb -P 5037 -s emulator-5554 shell dumpsys window displays'
[debug] &amp#27;[38;5;64m[ADB]&amp#27;[0m Found package: 'com.leanscale.dcafood.zoobaegypt.beta' and fully qualified activity name : 'com.leanscale.dca.sdk.feature.account.splash.SplashActivity'
[debug] &amp#27;[38;5;32m[AndroidUiautomator2Driver@7597 (d1263c7b)]&amp#27;[0m Proxying [GET /appium/device/pixel_ratio] to [GET http://127.0.0.1:8200/session/34d775fd-0767-4cc8-a6e5-aeb7685f0075/appium/device/pixel_ratio] with no body
[debug] &amp#27;[38;5;32m[AndroidUiautomator2Driver@7597 (d1263c7b)]&amp#27;[0m Got response with status 200: {"sessionId":"34d775fd-0767-4cc8-a6e5-aeb7685f0075","value":2.75}
[debug] &amp#27;[38;5;32m[AndroidUiautomator2Driver@7597 (d1263c7b)]&amp#27;[0m Matched '/appium/device/system_bars' to command name 'getSystemBars'
[debug] &amp#27;[38;5;32m[AndroidUiautomator2Driver@7597 (d1263c7b)]&amp#27;[0m Proxying [GET /appium/device/system_bars] to [GET http://127.0.0.1:8200/session/34d775fd-0767-4cc8-a6e5-aeb7685f0075/appium/device/system_bars] with no body
[debug] &amp#27;[38;5;32m[AndroidUiautomator2Driver@7597 (d1263c7b)]&amp#27;[0m Got response with status 200: {"sessionId":"34d775fd-0767-4cc8-a6e5-aeb7685f0075","value":{"statusBar":66}}
[debug] &amp#27;[38;5;32m[AndroidUiautomator2Driver@7597 (d1263c7b)]&amp#27;[0m Matched '/window/current/size' to command name 'getWindowSize'
[debug] &amp#27;[38;5;32m[AndroidUiautomator2Driver@7597 (d1263c7b)]&amp#27;[0m Proxying [GET /window/current/size] to [GET http://127.0.0.1:8200/session/34d775fd-0767-4cc8-a6e5-aeb7685f0075/window/current/size] with no body
[debug] &amp#27;[38;5;32m[AndroidUiautomator2Driver@7597 (d1263c7b)]&amp#27;[0m Got response with status 200: {"sessionId":"34d775fd-0767-4cc8-a6e5-aeb7685f0075","value":{"height":2214,"width":1080}}
&amp#27;[38;5;16m[AppiumDriver@5b2a]&amp#27;[0m New AndroidUiautomator2Driver session created successfully, session d1263c7b-1e71-47d6-a04a-a092861b2d11 added to master session list
[debug] &amp#27;[38;5;16m[AppiumDriver@5b2a]&amp#27;[0m Event 'newSessionStarted' logged at 1696870976936 (20:02:56 GMT+0300 (GMT+03:00))
[debug] &amp#27;[38;5;32m[AndroidUiautomator2Driver@7597 (d1263c7b)]&amp#27;[0m Cached the protocol value 'W3C' for the new session d1263c7b-1e71-47d6-a04a-a092861b2d11
[debug] &amp#27;[38;5;32m[AndroidUiautomator2Driver@7597 (d1263c7b)]&amp#27;[0m Responding to client with driver.createSession() result: {"capabilities":{"platform":"LINUX","webStorageEnabled":false,"takesScreenshot":true,"javascriptEnabled":true,"databaseEnabled":false,"networkConnectionEnabled":true,"locationContextEnabled":false,"warnings":{},"desired":{"platformName":"ANDROID","app":"/Users/dori/Downloads/zoobaAutomation-master//src//main//java//org//zoobaApp//Resources//zooba.apk","autoGrantPermissions":true,"automationName":"UIAutomator2","chromeOptions":{"w3c":false},"chromedriverExecutable":"/Users/dori/Downloads/zoobaAutomation-master//src//main//java//org//zoobaApp//TestUtils//Drivers//ChromeDriver//chromedriver.exe","deviceName":"PlayStore"},"platformName":"ANDROID","app":"/Users/dori/Downloads/zoobaAutomation-master//src//main//java//org//zoobaApp//Resources//zooba.apk","autoGrantPermissions":true,"automationName":"UIAutomator2","chromeOptions":{"w3c":false},"chromedriverExecutable":"/Users/dori/Downloads/zoobaAutomation-master//src//main//java//org//zoobaApp//TestUtils//Drivers//ChromeDriver//chromedriver.exe","deviceName":"emu...
&amp#27;[38;5;0m[HTTP]&amp#27;[0m <-- POST /session 200 6376 ms - 1441
&amp#27;[38;5;0m[HTTP]&amp#27;[0m 
&amp#27;[38;5;0m[HTTP]&amp#27;[0m &amp#27;[37m-->&amp#27;[39m &amp#27;[37mPOST&amp#27;[39m &amp#27;[37m/session/d1263c7b-1e71-47d6-a04a-a092861b2d11/timeouts&amp#27;[39m
&amp#27;[38;5;0m[HTTP]&amp#27;[0m {"implicit":10000}
[debug] &amp#27;[38;5;32m[AndroidUiautomator2Driver@7597 (d1263c7b)]&amp#27;[0m Calling AppiumDriver.timeouts() with args: [null,null,null,null,10000,"d1263c7b-1e71-47d6-a04a-a092861b2d11"]
[debug] &amp#27;[38;5;32m[AndroidUiautomator2Driver@7597 (d1263c7b)]&amp#27;[0m W3C timeout argument: {"implicit":10000}}
[debug] &amp#27;[38;5;32m[AndroidUiautomator2Driver@7597 (d1263c7b)]&amp#27;[0m Set implicit wait to 10000ms
[debug] &amp#27;[38;5;32m[AndroidUiautomator2Driver@7597 (d1263c7b)]&amp#27;[0m Responding to client with driver.timeouts() result: null
&amp#27;[38;5;0m[HTTP]&amp#27;[0m <-- POST /session/d1263c7b-1e71-47d6-a04a-a092861b2d11/timeouts 200 4 ms - 14
&amp#27;[38;5;0m[HTTP]&amp#27;[0m 
&amp#27;[38;5;0m[HTTP]&amp#27;[0m &amp#27;[37m-->&amp#27;[39m &amp#27;[37mPOST&amp#27;[39m &amp#27;[37m/session/d1263c7b-1e71-47d6-a04a-a092861b2d11/element&amp#27;[39m
&amp#27;[38;5;0m[HTTP]&amp#27;[0m {"using":"id","value":"com.leanscale.dcafood.zoobaegypt.beta:id/buttonLater"}
[debug] &amp#27;[38;5;32m[AndroidUiautomator2Driver@7597 (d1263c7b)]&amp#27;[0m Calling AppiumDriver.findElement() with args: ["id","com.leanscale.dcafood.zoobaegypt.beta:id/buttonLater","d1263c7b-1e71-47d6-a04a-a092861b2d11"]
[debug] &amp#27;[38;5;32m[AndroidUiautomator2Driver@7597 (d1263c7b)]&amp#27;[0m Valid locator strategies for this request: xpath, id, class name, accessibility id, css selector, -android uiautomator
[debug] &amp#27;[38;5;32m[AndroidUiautomator2Driver@7597 (d1263c7b)]&amp#27;[0m Waiting up to 10000 ms for condition
[debug] &amp#27;[38;5;32m[AndroidUiautomator2Driver@7597 (d1263c7b)]&amp#27;[0m Matched '/element' to command name 'findElement'
[debug] &amp#27;[38;5;32m[AndroidUiautomator2Driver@7597 (d1263c7b)]&amp#27;[0m Proxying [POST /element] to [POST http://127.0.0.1:8200/session/34d775fd-0767-4cc8-a6e5-aeb7685f0075/element] with body: {"strategy":"id","selector":"com.leanscale.dcafood.zoobaegypt.beta:id/buttonLater","context":"","multiple":false}
&amp#27;[38;5;32m[AndroidUiautomator2Driver@7597 (d1263c7b)]&amp#27;[0m Got response with status 404: {"sessionId":"34d775fd-0767-4cc8-a6e5-aeb7685f0075","value":{"error":"no such element","message":"An element could not be located on the page using the given search parameters","stacktrace":"io.appium.uiautomator2.common.exceptions.ElementNotFoundException: An element could not be located on the page using the given search parameters\n\tat io.appium.uiautomator2.handler.FindElement.safeHandle(FindElement.java:63)\n\tat io.appium.uiautomator2.handler.request.SafeRequestHandler.handle(SafeRequestHandler.java:59)\n\tat io.appium.uiautomator2.server.AppiumServlet.handleRequest(AppiumServlet.java:277)\n\tat io.appium.uiautomator2.server.AppiumServlet.handleHttpRequest(AppiumServlet.java:271)\n\tat io.appium.uiautomator2.http.ServerHandler.channelRead(ServerHandler.java:77)\n\tat io.netty.channel.AbstractChannelHandlerContext.invokeChannelRead(AbstractChannelHandlerContext.java:366)\n\tat io.netty.channel.AbstractChannelHandlerContext.invokeChannelRead(AbstractChannelHandlerContext.java:352)\n\tat io.netty.chann...
[debug] &amp#27;[38;5;128m[W3C]&amp#27;[0m Matched W3C error code 'no such element' to NoSuchElementError
[debug] &amp#27;[38;5;32m[AndroidUiautomator2Driver@7597 (d1263c7b)]&amp#27;[0m Waited for 819 ms so far
[debug] &amp#27;[38;5;32m[AndroidUiautomator2Driver@7597 (d1263c7b)]&amp#27;[0m Matched '/element' to command name 'findElement'
[debug] &amp#27;[38;5;32m[AndroidUiautomator2Driver@7597 (d1263c7b)]&amp#27;[0m Proxying [POST /element] to [POST http://127.0.0.1:8200/session/34d775fd-0767-4cc8-a6e5-aeb7685f0075/element] with body: {"strategy":"id","selector":"com.leanscale.dcafood.zoobaegypt.beta:id/buttonLater","context":"","multiple":false}
&amp#27;[38;5;32m[AndroidUiautomator2Driver@7597 (d1263c7b)]&amp#27;[0m Got response with status 404: {"sessionId":"34d775fd-0767-4cc8-a6e5-aeb7685f0075","value":{"error":"no such element","message":"An element could not be located on the page using the given search parameters","stacktrace":"io.appium.uiautomator2.common.exceptions.ElementNotFoundException: An element could not be located on the page using the given search parameters\n\tat io.appium.uiautomator2.handler.FindElement.safeHandle(FindElement.java:63)\n\tat io.appium.uiautomator2.handler.request.SafeRequestHandler.handle(SafeRequestHandler.java:59)\n\tat io.appium.uiautomator2.server.AppiumServlet.handleRequest(AppiumServlet.java:277)\n\tat io.appium.uiautomator2.server.AppiumServlet.handleHttpRequest(AppiumServlet.java:271)\n\tat io.appium.uiautomator2.http.ServerHandler.channelRead(ServerHandler.java:77)\n\tat io.netty.channel.AbstractChannelHandlerContext.invokeChannelRead(AbstractChannelHandlerContext.java:366)\n\tat io.netty.channel.AbstractChannelHandlerContext.invokeChannelRead(AbstractChannelHandlerContext.java:352)\n\tat io.netty.chann...
[debug] &amp#27;[38;5;128m[W3C]&amp#27;[0m Matched W3C error code 'no such element' to NoSuchElementError
[debug] &amp#27;[38;5;32m[AndroidUiautomator2Driver@7597 (d1263c7b)]&amp#27;[0m Waited for 1715 ms so far
[debug] &amp#27;[38;5;32m[AndroidUiautomator2Driver@7597 (d1263c7b)]&amp#27;[0m Matched '/element' to command name 'findElement'
[debug] &amp#27;[38;5;32m[AndroidUiautomator2Driver@7597 (d1263c7b)]&amp#27;[0m Proxying [POST /element] to [POST http://127.0.0.1:8200/session/34d775fd-0767-4cc8-a6e5-aeb7685f0075/element] with body: {"strategy":"id","selector":"com.leanscale.dcafood.zoobaegypt.beta:id/buttonLater","context":"","multiple":false}
&amp#27;[38;5;32m[AndroidUiautomator2Driver@7597 (d1263c7b)]&amp#27;[0m Got response with status 404: {"sessionId":"34d775fd-0767-4cc8-a6e5-aeb7685f0075","value":{"error":"no such element","message":"An element could not be located on the page using the given search parameters","stacktrace":"io.appium.uiautomator2.common.exceptions.ElementNotFoundException: An element could not be located on the page using the given search parameters\n\tat io.appium.uiautomator2.handler.FindElement.safeHandle(FindElement.java:63)\n\tat io.appium.uiautomator2.handler.request.SafeRequestHandler.handle(SafeRequestHandler.java:59)\n\tat io.appium.uiautomator2.server.AppiumServlet.handleRequest(AppiumServlet.java:277)\n\tat io.appium.uiautomator2.server.AppiumServlet.handleHttpRequest(AppiumServlet.java:271)\n\tat io.appium.uiautomator2.http.ServerHandler.channelRead(ServerHandler.java:77)\n\tat io.netty.channel.AbstractChannelHandlerContext.invokeChannelRead(AbstractChannelHandlerContext.java:366)\n\tat io.netty.channel.AbstractChannelHandlerContext.invokeChannelRead(AbstractChannelHandlerContext.java:352)\n\tat io.netty.chann...
[debug] &amp#27;[38;5;128m[W3C]&amp#27;[0m Matched W3C error code 'no such element' to NoSuchElementError
[debug] &amp#27;[38;5;32m[AndroidUiautomator2Driver@7597 (d1263c7b)]&amp#27;[0m Waited for 2770 ms so far
[debug] &amp#27;[38;5;32m[AndroidUiautomator2Driver@7597 (d1263c7b)]&amp#27;[0m Matched '/element' to command name 'findElement'
[debug] &amp#27;[38;5;32m[AndroidUiautomator2Driver@7597 (d1263c7b)]&amp#27;[0m Proxying [POST /element] to [POST http://127.0.0.1:8200/session/34d775fd-0767-4cc8-a6e5-aeb7685f0075/element] with body: {"strategy":"id","selector":"com.leanscale.dcafood.zoobaegypt.beta:id/buttonLater","context":"","multiple":false}
&amp#27;[38;5;32m[AndroidUiautomator2Driver@7597 (d1263c7b)]&amp#27;[0m Got response with status 404: {"sessionId":"34d775fd-0767-4cc8-a6e5-aeb7685f0075","value":{"error":"no such element","message":"An element could not be located on the page using the given search parameters","stacktrace":"io.appium.uiautomator2.common.exceptions.ElementNotFoundException: An element could not be located on the page using the given search parameters\n\tat io.appium.uiautomator2.handler.FindElement.safeHandle(FindElement.java:63)\n\tat io.appium.uiautomator2.handler.request.SafeRequestHandler.handle(SafeRequestHandler.java:59)\n\tat io.appium.uiautomator2.server.AppiumServlet.handleRequest(AppiumServlet.java:277)\n\tat io.appium.uiautomator2.server.AppiumServlet.handleHttpRequest(AppiumServlet.java:271)\n\tat io.appium.uiautomator2.http.ServerHandler.channelRead(ServerHandler.java:77)\n\tat io.netty.channel.AbstractChannelHandlerContext.invokeChannelRead(AbstractChannelHandlerContext.java:366)\n\tat io.netty.channel.AbstractChannelHandlerContext.invokeChannelRead(AbstractChannelHandlerContext.java:352)\n\tat io.netty.chann...
[debug] &amp#27;[38;5;128m[W3C]&amp#27;[0m Matched W3C error code 'no such element' to NoSuchElementError
[debug] &amp#27;[38;5;32m[AndroidUiautomator2Driver@7597 (d1263c7b)]&amp#27;[0m Waited for 3919 ms so far
[debug] &amp#27;[38;5;32m[AndroidUiautomator2Driver@7597 (d1263c7b)]&amp#27;[0m Matched '/element' to command name 'findElement'
[debug] &amp#27;[38;5;32m[AndroidUiautomator2Driver@7597 (d1263c7b)]&amp#27;[0m Proxying [POST /element] to [POST http://127.0.0.1:8200/session/34d775fd-0767-4cc8-a6e5-aeb7685f0075/element] with body: {"strategy":"id","selector":"com.leanscale.dcafood.zoobaegypt.beta:id/buttonLater","context":"","multiple":false}
&amp#27;[38;5;32m[AndroidUiautomator2Driver@7597 (d1263c7b)]&amp#27;[0m Got response with status 404: {"sessionId":"34d775fd-0767-4cc8-a6e5-aeb7685f0075","value":{"error":"no such element","message":"An element could not be located on the page using the given search parameters","stacktrace":"io.appium.uiautomator2.common.exceptions.ElementNotFoundException: An element could not be located on the page using the given search parameters\n\tat io.appium.uiautomator2.handler.FindElement.safeHandle(FindElement.java:63)\n\tat io.appium.uiautomator2.handler.request.SafeRequestHandler.handle(SafeRequestHandler.java:59)\n\tat io.appium.uiautomator2.server.AppiumServlet.handleRequest(AppiumServlet.java:277)\n\tat io.appium.uiautomator2.server.AppiumServlet.handleHttpRequest(AppiumServlet.java:271)\n\tat io.appium.uiautomator2.http.ServerHandler.channelRead(ServerHandler.java:77)\n\tat io.netty.channel.AbstractChannelHandlerContext.invokeChannelRead(AbstractChannelHandlerContext.java:366)\n\tat io.netty.channel.AbstractChannelHandlerContext.invokeChannelRead(AbstractChannelHandlerContext.java:352)\n\tat io.netty.chann...
[debug] &amp#27;[38;5;128m[W3C]&amp#27;[0m Matched W3C error code 'no such element' to NoSuchElementError
[debug] &amp#27;[38;5;32m[AndroidUiautomator2Driver@7597 (d1263c7b)]&amp#27;[0m Waited for 4458 ms so far
[debug] &amp#27;[38;5;32m[AndroidUiautomator2Driver@7597 (d1263c7b)]&amp#27;[0m Matched '/element' to command name 'findElement'
[debug] &amp#27;[38;5;32m[AndroidUiautomator2Driver@7597 (d1263c7b)]&amp#27;[0m Proxying [POST /element] to [POST http://127.0.0.1:8200/session/34d775fd-0767-4cc8-a6e5-aeb7685f0075/element] with body: {"strategy":"id","selector":"com.leanscale.dcafood.zoobaegypt.beta:id/buttonLater","context":"","multiple":false}
&amp#27;[38;5;32m[AndroidUiautomator2Driver@7597 (d1263c7b)]&amp#27;[0m Got response with status 404: {"sessionId":"34d775fd-0767-4cc8-a6e5-aeb7685f0075","value":{"error":"no such element","message":"An element could not be located on the page using the given search parameters","stacktrace":"io.appium.uiautomator2.common.exceptions.ElementNotFoundException: An element could not be located on the page using the given search parameters\n\tat io.appium.uiautomator2.handler.FindElement.safeHandle(FindElement.java:63)\n\tat io.appium.uiautomator2.handler.request.SafeRequestHandler.handle(SafeRequestHandler.java:59)\n\tat io.appium.uiautomator2.server.AppiumServlet.handleRequest(AppiumServlet.java:277)\n\tat io.appium.uiautomator2.server.AppiumServlet.handleHttpRequest(AppiumServlet.java:271)\n\tat io.appium.uiautomator2.http.ServerHandler.channelRead(ServerHandler.java:77)\n\tat io.netty.channel.AbstractChannelHandlerContext.invokeChannelRead(AbstractChannelHandlerContext.java:366)\n\tat io.netty.channel.AbstractChannelHandlerContext.invokeChannelRead(AbstractChannelHandlerContext.java:352)\n\tat io.netty.chann...
[debug] &amp#27;[38;5;128m[W3C]&amp#27;[0m Matched W3C error code 'no such element' to NoSuchElementError
[debug] &amp#27;[38;5;32m[AndroidUiautomator2Driver@7597 (d1263c7b)]&amp#27;[0m Waited for 5025 ms so far
[debug] &amp#27;[38;5;32m[AndroidUiautomator2Driver@7597 (d1263c7b)]&amp#27;[0m Matched '/element' to command name 'findElement'
[debug] &amp#27;[38;5;32m[AndroidUiautomator2Driver@7597 (d1263c7b)]&amp#27;[0m Proxying [POST /element] to [POST http://127.0.0.1:8200/session/34d775fd-0767-4cc8-a6e5-aeb7685f0075/element] with body: {"strategy":"id","selector":"com.leanscale.dcafood.zoobaegypt.beta:id/buttonLater","context":"","multiple":false}
&amp#27;[38;5;32m[AndroidUiautomator2Driver@7597 (d1263c7b)]&amp#27;[0m Got response with status 404: {"sessionId":"34d775fd-0767-4cc8-a6e5-aeb7685f0075","value":{"error":"no such element","message":"An element could not be located on the page using the given search parameters","stacktrace":"io.appium.uiautomator2.common.exceptions.ElementNotFoundException: An element could not be located on the page using the given search parameters\n\tat io.appium.uiautomator2.handler.FindElement.safeHandle(FindElement.java:63)\n\tat io.appium.uiautomator2.handler.request.SafeRequestHandler.handle(SafeRequestHandler.java:59)\n\tat io.appium.uiautomator2.server.AppiumServlet.handleRequest(AppiumServlet.java:277)\n\tat io.appium.uiautomator2.server.AppiumServlet.handleHttpRequest(AppiumServlet.java:271)\n\tat io.appium.uiautomator2.http.ServerHandler.channelRead(ServerHandler.java:77)\n\tat io.netty.channel.AbstractChannelHandlerContext.invokeChannelRead(AbstractChannelHandlerContext.java:366)\n\tat io.netty.channel.AbstractChannelHandlerContext.invokeChannelRead(AbstractChannelHandlerContext.java:352)\n\tat io.netty.chann...
[debug] &amp#27;[38;5;128m[W3C]&amp#27;[0m Matched W3C error code 'no such element' to NoSuchElementError
[debug] &amp#27;[38;5;32m[AndroidUiautomator2Driver@7597 (d1263c7b)]&amp#27;[0m Waited for 5597 ms so far
[debug] &amp#27;[38;5;32m[AndroidUiautomator2Driver@7597 (d1263c7b)]&amp#27;[0m Matched '/element' to command name 'findElement'
[debug] &amp#27;[38;5;32m[AndroidUiautomator2Driver@7597 (d1263c7b)]&amp#27;[0m Proxying [POST /element] to [POST http://127.0.0.1:8200/session/34d775fd-0767-4cc8-a6e5-aeb7685f0075/element] with body: {"strategy":"id","selector":"com.leanscale.dcafood.zoobaegypt.beta:id/buttonLater","context":"","multiple":false}
&amp#27;[38;5;32m[AndroidUiautomator2Driver@7597 (d1263c7b)]&amp#27;[0m Got response with status 404: {"sessionId":"34d775fd-0767-4cc8-a6e5-aeb7685f0075","value":{"error":"no such element","message":"An element could not be located on the page using the given search parameters","stacktrace":"io.appium.uiautomator2.common.exceptions.ElementNotFoundException: An element could not be located on the page using the given search parameters\n\tat io.appium.uiautomator2.handler.FindElement.safeHandle(FindElement.java:63)\n\tat io.appium.uiautomator2.handler.request.SafeRequestHandler.handle(SafeRequestHandler.java:59)\n\tat io.appium.uiautomator2.server.AppiumServlet.handleRequest(AppiumServlet.java:277)\n\tat io.appium.uiautomator2.server.AppiumServlet.handleHttpRequest(AppiumServlet.java:271)\n\tat io.appium.uiautomator2.http.ServerHandler.channelRead(ServerHandler.java:77)\n\tat io.netty.channel.AbstractChannelHandlerContext.invokeChannelRead(AbstractChannelHandlerContext.java:366)\n\tat io.netty.channel.AbstractChannelHandlerContext.invokeChannelRead(AbstractChannelHandlerContext.java:352)\n\tat io.netty.chann...
[debug] &amp#27;[38;5;128m[W3C]&amp#27;[0m Matched W3C error code 'no such element' to NoSuchElementError
[debug] &amp#27;[38;5;32m[AndroidUiautomator2Driver@7597 (d1263c7b)]&amp#27;[0m Waited for 6147 ms so far
[debug] &amp#27;[38;5;32m[AndroidUiautomator2Driver@7597 (d1263c7b)]&amp#27;[0m Matched '/element' to command name 'findElement'
[debug] &amp#27;[38;5;32m[AndroidUiautomator2Driver@7597 (d1263c7b)]&amp#27;[0m Proxying [POST /element] to [POST http://127.0.0.1:8200/session/34d775fd-0767-4cc8-a6e5-aeb7685f0075/element] with body: {"strategy":"id","selector":"com.leanscale.dcafood.zoobaegypt.beta:id/buttonLater","context":"","multiple":false}
&amp#27;[38;5;32m[AndroidUiautomator2Driver@7597 (d1263c7b)]&amp#27;[0m Got response with status 404: {"sessionId":"34d775fd-0767-4cc8-a6e5-aeb7685f0075","value":{"error":"no such element","message":"An element could not be located on the page using the given search parameters","stacktrace":"io.appium.uiautomator2.common.exceptions.ElementNotFoundException: An element could not be located on the page using the given search parameters\n\tat io.appium.uiautomator2.handler.FindElement.safeHandle(FindElement.java:63)\n\tat io.appium.uiautomator2.handler.request.SafeRequestHandler.handle(SafeRequestHandler.java:59)\n\tat io.appium.uiautomator2.server.AppiumServlet.handleRequest(AppiumServlet.java:277)\n\tat io.appium.uiautomator2.server.AppiumServlet.handleHttpRequest(AppiumServlet.java:271)\n\tat io.appium.uiautomator2.http.ServerHandler.channelRead(ServerHandler.java:77)\n\tat io.netty.channel.AbstractChannelHandlerContext.invokeChannelRead(AbstractChannelHandlerContext.java:366)\n\tat io.netty.channel.AbstractChannelHandlerContext.invokeChannelRead(AbstractChannelHandlerContext.java:352)\n\tat io.netty.chann...
[debug] &amp#27;[38;5;128m[W3C]&amp#27;[0m Matched W3C error code 'no such element' to NoSuchElementError
[debug] &amp#27;[38;5;32m[AndroidUiautomator2Driver@7597 (d1263c7b)]&amp#27;[0m Waited for 6695 ms so far
[debug] &amp#27;[38;5;32m[AndroidUiautomator2Driver@7597 (d1263c7b)]&amp#27;[0m Matched '/element' to command name 'findElement'
[debug] &amp#27;[38;5;32m[AndroidUiautomator2Driver@7597 (d1263c7b)]&amp#27;[0m Proxying [POST /element] to [POST http://127.0.0.1:8200/session/34d775fd-0767-4cc8-a6e5-aeb7685f0075/element] with body: {"strategy":"id","selector":"com.leanscale.dcafood.zoobaegypt.beta:id/buttonLater","context":"","multiple":false}
&amp#27;[38;5;32m[AndroidUiautomator2Driver@7597 (d1263c7b)]&amp#27;[0m Got response with status 404: {"sessionId":"34d775fd-0767-4cc8-a6e5-aeb7685f0075","value":{"error":"no such element","message":"An element could not be located on the page using the given search parameters","stacktrace":"io.appium.uiautomator2.common.exceptions.ElementNotFoundException: An element could not be located on the page using the given search parameters\n\tat io.appium.uiautomator2.handler.FindElement.safeHandle(FindElement.java:63)\n\tat io.appium.uiautomator2.handler.request.SafeRequestHandler.handle(SafeRequestHandler.java:59)\n\tat io.appium.uiautomator2.server.AppiumServlet.handleRequest(AppiumServlet.java:277)\n\tat io.appium.uiautomator2.server.AppiumServlet.handleHttpRequest(AppiumServlet.java:271)\n\tat io.appium.uiautomator2.http.ServerHandler.channelRead(ServerHandler.java:77)\n\tat io.netty.channel.AbstractChannelHandlerContext.invokeChannelRead(AbstractChannelHandlerContext.java:366)\n\tat io.netty.channel.AbstractChannelHandlerContext.invokeChannelRead(AbstractChannelHandlerContext.java:352)\n\tat io.netty.chann...
[debug] &amp#27;[38;5;128m[W3C]&amp#27;[0m Matched W3C error code 'no such element' to NoSuchElementError
[debug] &amp#27;[38;5;32m[AndroidUiautomator2Driver@7597 (d1263c7b)]&amp#27;[0m Waited for 7238 ms so far
[debug] &amp#27;[38;5;32m[AndroidUiautomator2Driver@7597 (d1263c7b)]&amp#27;[0m Matched '/element' to command name 'findElement'
[debug] &amp#27;[38;5;32m[AndroidUiautomator2Driver@7597 (d1263c7b)]&amp#27;[0m Proxying [POST /element] to [POST http://127.0.0.1:8200/session/34d775fd-0767-4cc8-a6e5-aeb7685f0075/element] with body: {"strategy":"id","selector":"com.leanscale.dcafood.zoobaegypt.beta:id/buttonLater","context":"","multiple":false}
&amp#27;[38;5;32m[AndroidUiautomator2Driver@7597 (d1263c7b)]&amp#27;[0m Got response with status 404: {"sessionId":"34d775fd-0767-4cc8-a6e5-aeb7685f0075","value":{"error":"no such element","message":"An element could not be located on the page using the given search parameters","stacktrace":"io.appium.uiautomator2.common.exceptions.ElementNotFoundException: An element could not be located on the page using the given search parameters\n\tat io.appium.uiautomator2.handler.FindElement.safeHandle(FindElement.java:63)\n\tat io.appium.uiautomator2.handler.request.SafeRequestHandler.handle(SafeRequestHandler.java:59)\n\tat io.appium.uiautomator2.server.AppiumServlet.handleRequest(AppiumServlet.java:277)\n\tat io.appium.uiautomator2.server.AppiumServlet.handleHttpRequest(AppiumServlet.java:271)\n\tat io.appium.uiautomator2.http.ServerHandler.channelRead(ServerHandler.java:77)\n\tat io.netty.channel.AbstractChannelHandlerContext.invokeChannelRead(AbstractChannelHandlerContext.java:366)\n\tat io.netty.channel.AbstractChannelHandlerContext.invokeChannelRead(AbstractChannelHandlerContext.java:352)\n\tat io.netty.chann...
[debug] &amp#27;[38;5;128m[W3C]&amp#27;[0m Matched W3C error code 'no such element' to NoSuchElementError
[debug] &amp#27;[38;5;32m[AndroidUiautomator2Driver@7597 (d1263c7b)]&amp#27;[0m Waited for 7796 ms so far
[debug] &amp#27;[38;5;32m[AndroidUiautomator2Driver@7597 (d1263c7b)]&amp#27;[0m Matched '/element' to command name 'findElement'
[debug] &amp#27;[38;5;32m[AndroidUiautomator2Driver@7597 (d1263c7b)]&amp#27;[0m Proxying [POST /element] to [POST http://127.0.0.1:8200/session/34d775fd-0767-4cc8-a6e5-aeb7685f0075/element] with body: {"strategy":"id","selector":"com.leanscale.dcafood.zoobaegypt.beta:id/buttonLater","context":"","multiple":false}
&amp#27;[38;5;32m[AndroidUiautomator2Driver@7597 (d1263c7b)]&amp#27;[0m Got response with status 404: {"sessionId":"34d775fd-0767-4cc8-a6e5-aeb7685f0075","value":{"error":"no such element","message":"An element could not be located on the page using the given search parameters","stacktrace":"io.appium.uiautomator2.common.exceptions.ElementNotFoundException: An element could not be located on the page using the given search parameters\n\tat io.appium.uiautomator2.handler.FindElement.safeHandle(FindElement.java:63)\n\tat io.appium.uiautomator2.handler.request.SafeRequestHandler.handle(SafeRequestHandler.java:59)\n\tat io.appium.uiautomator2.server.AppiumServlet.handleRequest(AppiumServlet.java:277)\n\tat io.appium.uiautomator2.server.AppiumServlet.handleHttpRequest(AppiumServlet.java:271)\n\tat io.appium.uiautomator2.http.ServerHandler.channelRead(ServerHandler.java:77)\n\tat io.netty.channel.AbstractChannelHandlerContext.invokeChannelRead(AbstractChannelHandlerContext.java:366)\n\tat io.netty.channel.AbstractChannelHandlerContext.invokeChannelRead(AbstractChannelHandlerContext.java:352)\n\tat io.netty.chann...
[debug] &amp#27;[38;5;128m[W3C]&amp#27;[0m Matched W3C error code 'no such element' to NoSuchElementError
[debug] &amp#27;[38;5;32m[AndroidUiautomator2Driver@7597 (d1263c7b)]&amp#27;[0m Waited for 8381 ms so far
[debug] &amp#27;[38;5;32m[AndroidUiautomator2Driver@7597 (d1263c7b)]&amp#27;[0m Matched '/element' to command name 'findElement'
[debug] &amp#27;[38;5;32m[AndroidUiautomator2Driver@7597 (d1263c7b)]&amp#27;[0m Proxying [POST /element] to [POST http://127.0.0.1:8200/session/34d775fd-0767-4cc8-a6e5-aeb7685f0075/element] with body: {"strategy":"id","selector":"com.leanscale.dcafood.zoobaegypt.beta:id/buttonLater","context":"","multiple":false}
&amp#27;[38;5;32m[AndroidUiautomator2Driver@7597 (d1263c7b)]&amp#27;[0m Got response with status 404: {"sessionId":"34d775fd-0767-4cc8-a6e5-aeb7685f0075","value":{"error":"no such element","message":"An element could not be located on the page using the given search parameters","stacktrace":"io.appium.uiautomator2.common.exceptions.ElementNotFoundException: An element could not be located on the page using the given search parameters\n\tat io.appium.uiautomator2.handler.FindElement.safeHandle(FindElement.java:63)\n\tat io.appium.uiautomator2.handler.request.SafeRequestHandler.handle(SafeRequestHandler.java:59)\n\tat io.appium.uiautomator2.server.AppiumServlet.handleRequest(AppiumServlet.java:277)\n\tat io.appium.uiautomator2.server.AppiumServlet.handleHttpRequest(AppiumServlet.java:271)\n\tat io.appium.uiautomator2.http.ServerHandler.channelRead(ServerHandler.java:77)\n\tat io.netty.channel.AbstractChannelHandlerContext.invokeChannelRead(AbstractChannelHandlerContext.java:366)\n\tat io.netty.channel.AbstractChannelHandlerContext.invokeChannelRead(AbstractChannelHandlerContext.java:352)\n\tat io.netty.chann...
[debug] &amp#27;[38;5;128m[W3C]&amp#27;[0m Matched W3C error code 'no such element' to NoSuchElementError
[debug] &amp#27;[38;5;32m[AndroidUiautomator2Driver@7597 (d1263c7b)]&amp#27;[0m Waited for 9402 ms so far
[debug] &amp#27;[38;5;32m[AndroidUiautomator2Driver@7597 (d1263c7b)]&amp#27;[0m Matched '/element' to command name 'findElement'
[debug] &amp#27;[38;5;32m[AndroidUiautomator2Driver@7597 (d1263c7b)]&amp#27;[0m Proxying [POST /element] to [POST http://127.0.0.1:8200/session/34d775fd-0767-4cc8-a6e5-aeb7685f0075/element] with body: {"strategy":"id","selector":"com.leanscale.dcafood.zoobaegypt.beta:id/buttonLater","context":"","multiple":false}
&amp#27;[38;5;32m[AndroidUiautomator2Driver@7597 (d1263c7b)]&amp#27;[0m Got response with status 404: {"sessionId":"34d775fd-0767-4cc8-a6e5-aeb7685f0075","value":{"error":"no such element","message":"An element could not be located on the page using the given search parameters","stacktrace":"io.appium.uiautomator2.common.exceptions.ElementNotFoundException: An element could not be located on the page using the given search parameters\n\tat io.appium.uiautomator2.handler.FindElement.safeHandle(FindElement.java:63)\n\tat io.appium.uiautomator2.handler.request.SafeRequestHandler.handle(SafeRequestHandler.java:59)\n\tat io.appium.uiautomator2.server.AppiumServlet.handleRequest(AppiumServlet.java:277)\n\tat io.appium.uiautomator2.server.AppiumServlet.handleHttpRequest(AppiumServlet.java:271)\n\tat io.appium.uiautomator2.http.ServerHandler.channelRead(ServerHandler.java:77)\n\tat io.netty.channel.AbstractChannelHandlerContext.invokeChannelRead(AbstractChannelHandlerContext.java:366)\n\tat io.netty.channel.AbstractChannelHandlerContext.invokeChannelRead(AbstractChannelHandlerContext.java:352)\n\tat io.netty.chann...
[debug] &amp#27;[38;5;128m[W3C]&amp#27;[0m Matched W3C error code 'no such element' to NoSuchElementError
[debug] &amp#27;[38;5;32m[AndroidUiautomator2Driver@7597 (d1263c7b)]&amp#27;[0m Waited for 9963 ms so far
[debug] &amp#27;[38;5;32m[AndroidUiautomator2Driver@7597 (d1263c7b)]&amp#27;[0m Matched '/element' to command name 'findElement'
[debug] &amp#27;[38;5;32m[AndroidUiautomator2Driver@7597 (d1263c7b)]&amp#27;[0m Proxying [POST /element] to [POST http://127.0.0.1:8200/session/34d775fd-0767-4cc8-a6e5-aeb7685f0075/element] with body: {"strategy":"id","selector":"com.leanscale.dcafood.zoobaegypt.beta:id/buttonLater","context":"","multiple":false}
&amp#27;[38;5;32m[AndroidUiautomator2Driver@7597 (d1263c7b)]&amp#27;[0m Got response with status 404: {"sessionId":"34d775fd-0767-4cc8-a6e5-aeb7685f0075","value":{"error":"no such element","message":"An element could not be located on the page using the given search parameters","stacktrace":"io.appium.uiautomator2.common.exceptions.ElementNotFoundException: An element could not be located on the page using the given search parameters\n\tat io.appium.uiautomator2.handler.FindElement.safeHandle(FindElement.java:63)\n\tat io.appium.uiautomator2.handler.request.SafeRequestHandler.handle(SafeRequestHandler.java:59)\n\tat io.appium.uiautomator2.server.AppiumServlet.handleRequest(AppiumServlet.java:277)\n\tat io.appium.uiautomator2.server.AppiumServlet.handleHttpRequest(AppiumServlet.java:271)\n\tat io.appium.uiautomator2.http.ServerHandler.channelRead(ServerHandler.java:77)\n\tat io.netty.channel.AbstractChannelHandlerContext.invokeChannelRead(AbstractChannelHandlerContext.java:366)\n\tat io.netty.channel.AbstractChannelHandlerContext.invokeChannelRead(AbstractChannelHandlerContext.java:352)\n\tat io.netty.chann...
[debug] &amp#27;[38;5;128m[W3C]&amp#27;[0m Matched W3C error code 'no such element' to NoSuchElementError
[debug] &amp#27;[38;5;32m[AndroidUiautomator2Driver@7597 (d1263c7b)]&amp#27;[0m Encountered internal error running command: NoSuchElementError: An element could not be located on the page using the given search parameters.
[debug] &amp#27;[38;5;32m[AndroidUiautomator2Driver@7597 (d1263c7b)]&amp#27;[0m     at AndroidUiautomator2Driver.findElOrEls (/Users/dori/.appium/node_modules/appium-uiautomator2-driver/node_modules/appium-android-driver/lib/commands/find.js:75:11)
[debug] &amp#27;[38;5;32m[AndroidUiautomator2Driver@7597 (d1263c7b)]&amp#27;[0m     at processTicksAndRejections (node:internal/process/task_queues:96:5)
[debug] &amp#27;[38;5;32m[AndroidUiautomator2Driver@7597 (d1263c7b)]&amp#27;[0m     at AndroidUiautomator2Driver.findElOrElsWithProcessing (/usr/local/lib/node_modules/appium/node_modules/@appium/base-driver/lib/basedriver/commands/find.ts:60:12)
[debug] &amp#27;[38;5;32m[AndroidUiautomator2Driver@7597 (d1263c7b)]&amp#27;[0m     at AndroidUiautomator2Driver.findElement (/usr/local/lib/node_modules/appium/node_modules/@appium/base-driver/lib/basedriver/commands/find.ts:75:12)
&amp#27;[38;5;0m[HTTP]&amp#27;[0m <-- POST /session/d1263c7b-1e71-47d6-a04a-a092861b2d11/element 404 10094 ms - 809
&amp#27;[38;5;0m[HTTP]&amp#27;[0m 
]]></system-out>
  </testcase>
  <testcase name="loginWithMobileNumber" classname="org.RegressionTests.LoginTests" time="32.7"/>
</testsuite>